2025-12-19 10:38:52 - INFO - 类别分布: {0: 200, 1: 50}
2025-12-19 10:38:52 - INFO - 类别权重: tensor([0.6250, 2.5000])
2025-12-19 10:38:52 - INFO - ============================================================
2025-12-19 10:38:52 - INFO - 开始训练 zipper good/bad 分类模型
2025-12-19 10:38:52 - INFO - 设备: cuda
2025-12-19 10:38:52 - INFO - 训练集大小（原图）: 250
2025-12-19 10:38:52 - INFO - 测试集大小: 47
2025-12-19 10:38:52 - INFO - 训练轮数: 60
2025-12-19 10:38:52 - INFO - ============================================================
2025-12-19 10:38:56 - INFO - [Epoch 1] Loss: 0.9699
2025-12-19 10:39:01 - INFO - [Epoch 2] Loss: 0.7457
2025-12-19 10:39:05 - INFO - [Epoch 3] Loss: 0.7193
2025-12-19 10:39:09 - INFO - [Epoch 4] Loss: 0.6692
2025-12-19 10:39:13 - INFO - [Epoch 5] Loss: 0.6398
2025-12-19 10:39:17 - INFO - [Epoch 6] Loss: 0.5293
2025-12-19 10:39:22 - INFO - [Epoch 7] Loss: 0.7167
2025-12-19 10:39:26 - INFO - [Epoch 8] Loss: 0.6092
2025-12-19 10:39:30 - INFO - [Epoch 9] Loss: 0.5368
2025-12-19 10:39:34 - INFO - [Epoch 10] Loss: 0.4666
2025-12-19 10:39:38 - INFO - [Epoch 11] Loss: 0.3969
2025-12-19 10:39:43 - INFO - [Epoch 12] Loss: 0.3460
2025-12-19 10:39:47 - INFO - [Epoch 13] Loss: 0.4238
2025-12-19 10:39:51 - INFO - [Epoch 14] Loss: 0.3691
2025-12-19 10:39:55 - INFO - [Epoch 15] Loss: 0.4195
2025-12-19 10:40:00 - INFO - [Epoch 16] Loss: 0.3593
2025-12-19 10:40:04 - INFO - [Epoch 17] Loss: 0.3199
2025-12-19 10:40:08 - INFO - [Epoch 18] Loss: 0.3442
2025-12-19 10:40:12 - INFO - [Epoch 19] Loss: 0.2687
2025-12-19 10:40:16 - INFO - [Epoch 20] Loss: 0.2298
2025-12-19 10:40:21 - INFO - [Epoch 21] Loss: 0.1898
2025-12-19 10:40:25 - INFO - [Epoch 22] Loss: 0.1553
2025-12-19 10:40:29 - INFO - [Epoch 23] Loss: 0.2256
2025-12-19 10:40:33 - INFO - [Epoch 24] Loss: 0.2587
2025-12-19 10:40:38 - INFO - [Epoch 25] Loss: 0.1423
2025-12-19 10:40:42 - INFO - [Epoch 26] Loss: 0.1336
2025-12-19 10:40:46 - INFO - [Epoch 27] Loss: 0.1118
2025-12-19 10:40:50 - INFO - [Epoch 28] Loss: 0.1332
2025-12-19 10:40:54 - INFO - [Epoch 29] Loss: 0.2432
2025-12-19 10:40:58 - INFO - [Epoch 30] Loss: 0.0859
2025-12-19 10:41:03 - INFO - [Epoch 31] Loss: 0.0894
2025-12-19 10:41:07 - INFO - [Epoch 32] Loss: 0.0570
2025-12-19 10:41:11 - INFO - [Epoch 33] Loss: 0.0587
2025-12-19 10:41:15 - INFO - [Epoch 34] Loss: 0.0803
2025-12-19 10:41:19 - INFO - [Epoch 35] Loss: 0.0551
2025-12-19 10:41:23 - INFO - [Epoch 36] Loss: 0.0249
2025-12-19 10:41:28 - INFO - [Epoch 37] Loss: 0.0160
2025-12-19 10:41:32 - INFO - [Epoch 38] Loss: 0.0170
2025-12-19 10:41:36 - INFO - [Epoch 39] Loss: 0.0152
2025-12-19 10:41:40 - INFO - [Epoch 40] Loss: 0.0070
2025-12-19 10:41:44 - INFO - [Epoch 41] Loss: 0.0342
2025-12-19 10:41:48 - INFO - [Epoch 42] Loss: 0.0894
2025-12-19 10:41:53 - INFO - [Epoch 43] Loss: 0.0590
2025-12-19 10:41:57 - INFO - [Epoch 44] Loss: 0.0301
2025-12-19 10:42:01 - INFO - [Epoch 45] Loss: 0.0414
2025-12-19 10:42:05 - INFO - [Epoch 46] Loss: 0.0332
2025-12-19 10:42:10 - INFO - [Epoch 47] Loss: 0.0488
2025-12-19 10:42:14 - INFO - [Epoch 48] Loss: 0.1163
2025-12-19 10:42:18 - INFO - [Epoch 49] Loss: 0.0729
2025-12-19 10:42:22 - INFO - [Epoch 50] Loss: 0.0665
2025-12-19 10:42:26 - INFO - [Epoch 51] Loss: 0.1009
2025-12-19 10:42:30 - INFO - [Epoch 52] Loss: 0.0501
2025-12-19 10:42:35 - INFO - [Epoch 53] Loss: 0.0387
2025-12-19 10:42:39 - INFO - [Epoch 54] Loss: 0.0598
2025-12-19 10:42:43 - INFO - [Epoch 55] Loss: 0.0500
2025-12-19 10:42:47 - INFO - [Epoch 56] Loss: 0.0297
2025-12-19 10:42:51 - INFO - [Epoch 57] Loss: 0.0754
2025-12-19 10:42:55 - INFO - [Epoch 58] Loss: 0.0458
2025-12-19 10:43:00 - INFO - [Epoch 59] Loss: 0.0619
2025-12-19 10:43:04 - INFO - [Epoch 60] Loss: 0.0413
2025-12-19 10:43:04 - INFO - ============================================================
2025-12-19 10:43:04 - INFO - 训练完成！
2025-12-19 10:43:04 - INFO - ============================================================
2025-12-19 10:43:04 - INFO - 生成特征层 t-SNE 可视化图
2025-12-19 10:43:04 - INFO - ============================================================
2025-12-19 10:43:04 - INFO - 正在提取特征用于t-SNE可视化...
2025-12-19 10:43:05 - INFO - 提取了 47 个样本的特征，特征维度: 512
2025-12-19 10:43:05 - INFO - 开始t-SNE降维...
2025-12-19 10:43:05 - INFO - t-SNE可视化图已保存到: ckpt/20251219_103847_tsne_visualization.png
2025-12-19 10:43:05 - INFO - ============================================================
2025-12-19 10:43:06 - INFO - ============================================================
2025-12-19 10:43:06 - INFO - 测试集评估结果
2025-12-19 10:43:06 - INFO - 准确率: 78.72% (37/47)
2025-12-19 10:43:06 - INFO - 分类: good=0, bad=1
2025-12-19 10:43:06 - INFO - 预测结果已保存到: ckpt/20251219_103847_zipper_pred.csv
2025-12-19 10:43:06 - INFO - ============================================================
