2025-11-24 12:21:06 - INFO - 类别分布: {1: 50, 0: 200}
2025-11-24 12:21:06 - INFO - 类别权重: tensor([0.6250, 2.5000])
2025-11-24 12:21:06 - INFO - ============================================================
2025-11-24 12:21:06 - INFO - 开始训练 zipper good/bad 分类模型
2025-11-24 12:21:06 - INFO - 设备: cuda
2025-11-24 12:21:06 - INFO - 训练集大小（原图）: 250
2025-11-24 12:21:06 - INFO - 测试集大小: 47
2025-11-24 12:21:06 - INFO - 训练轮数: 30
2025-11-24 12:21:06 - INFO - ============================================================
2025-11-24 12:21:09 - INFO - [Epoch 1] Loss: 0.7015
2025-11-24 12:21:13 - INFO - [Epoch 2] Loss: 0.6953
2025-11-24 12:21:16 - INFO - [Epoch 3] Loss: 0.6946
2025-11-24 12:21:20 - INFO - [Epoch 4] Loss: 0.6929
2025-11-24 12:21:23 - INFO - [Epoch 5] Loss: 0.6941
2025-11-24 12:21:27 - INFO - [Epoch 6] Loss: 0.6936
2025-11-24 12:21:30 - INFO - [Epoch 7] Loss: 0.6928
2025-11-24 12:21:34 - INFO - [Epoch 8] Loss: 0.6931
2025-11-24 12:21:37 - INFO - [Epoch 9] Loss: 0.6956
2025-11-24 12:21:41 - INFO - [Epoch 10] Loss: 0.6934
2025-11-24 12:21:44 - INFO - [Epoch 11] Loss: 0.6938
2025-11-24 12:21:47 - INFO - [Epoch 12] Loss: 0.6935
2025-11-24 12:21:51 - INFO - [Epoch 13] Loss: 0.6931
2025-11-24 12:21:54 - INFO - [Epoch 14] Loss: 0.6932
2025-11-24 12:21:57 - INFO - [Epoch 15] Loss: 0.6933
2025-11-24 12:22:01 - INFO - [Epoch 16] Loss: 0.6931
2025-11-24 12:22:04 - INFO - [Epoch 17] Loss: 0.6930
2025-11-24 12:22:08 - INFO - [Epoch 18] Loss: 0.6932
2025-11-24 12:22:11 - INFO - [Epoch 19] Loss: 0.6930
2025-11-24 12:22:15 - INFO - [Epoch 20] Loss: 0.6933
2025-11-24 12:22:19 - INFO - [Epoch 21] Loss: 0.6928
2025-11-24 12:22:22 - INFO - [Epoch 22] Loss: 0.6930
2025-11-24 12:22:26 - INFO - [Epoch 23] Loss: 0.6932
2025-11-24 12:22:29 - INFO - [Epoch 24] Loss: 0.6940
2025-11-24 12:22:32 - INFO - [Epoch 25] Loss: 0.6934
2025-11-24 12:22:36 - INFO - [Epoch 26] Loss: 0.6936
2025-11-24 12:22:39 - INFO - [Epoch 27] Loss: 0.6936
2025-11-24 12:22:42 - INFO - [Epoch 28] Loss: 0.6933
2025-11-24 12:22:46 - INFO - [Epoch 29] Loss: 0.6933
2025-11-24 12:22:49 - INFO - [Epoch 30] Loss: 0.6930
2025-11-24 12:22:49 - INFO - ============================================================
2025-11-24 12:22:49 - INFO - 训练完成！
2025-11-24 12:22:49 - INFO - ============================================================
2025-11-24 12:22:49 - INFO - 生成特征层 t-SNE 可视化图
2025-11-24 12:22:49 - INFO - ============================================================
2025-11-24 12:22:49 - INFO - 正在提取特征用于t-SNE可视化...
2025-11-24 12:22:49 - INFO - 提取了 47 个样本的特征，特征维度: 128
2025-11-24 12:22:49 - INFO - 开始t-SNE降维...
