2025-11-24 14:12:19 - INFO - 类别分布: {0: 200, 1: 50}
2025-11-24 14:12:19 - INFO - 类别权重: tensor([0.6250, 2.5000])
2025-11-24 14:12:19 - INFO - ============================================================
2025-11-24 14:12:19 - INFO - 开始训练 hazelnut good/bad 分类模型
2025-11-24 14:12:19 - INFO - 设备: cuda
2025-11-24 14:12:19 - INFO - 训练集大小（原图）: 250
2025-11-24 14:12:19 - INFO - 测试集大小: 47
2025-11-24 14:12:19 - INFO - 训练轮数: 60
2025-11-24 14:12:19 - INFO - ============================================================
2025-11-24 14:12:23 - INFO - [Epoch 1] Loss: 1.0130
2025-11-24 14:12:27 - INFO - [Epoch 2] Loss: 0.7629
2025-11-24 14:12:31 - INFO - [Epoch 3] Loss: 0.7043
2025-11-24 14:12:35 - INFO - [Epoch 4] Loss: 0.7775
2025-11-24 14:12:39 - INFO - [Epoch 5] Loss: 0.6765
2025-11-24 14:12:43 - INFO - [Epoch 6] Loss: 0.7404
2025-11-24 14:12:46 - INFO - [Epoch 7] Loss: 0.7200
2025-11-24 14:12:50 - INFO - [Epoch 8] Loss: 0.6982
2025-11-24 14:12:54 - INFO - [Epoch 9] Loss: 0.6990
2025-11-24 14:12:58 - INFO - [Epoch 10] Loss: 0.7047
2025-11-24 14:13:02 - INFO - [Epoch 11] Loss: 0.7004
2025-11-24 14:13:06 - INFO - [Epoch 12] Loss: 0.7067
2025-11-24 14:13:10 - INFO - [Epoch 13] Loss: 0.6972
2025-11-24 14:13:14 - INFO - [Epoch 14] Loss: 0.6708
2025-11-24 14:13:18 - INFO - [Epoch 15] Loss: 0.7285
2025-11-24 14:13:22 - INFO - [Epoch 16] Loss: 0.7122
2025-11-24 14:13:25 - INFO - [Epoch 17] Loss: 0.7005
2025-11-24 14:13:29 - INFO - [Epoch 18] Loss: 0.7154
2025-11-24 14:13:33 - INFO - [Epoch 19] Loss: 0.7096
2025-11-24 14:13:37 - INFO - [Epoch 20] Loss: 0.7058
2025-11-24 14:13:41 - INFO - [Epoch 21] Loss: 0.7081
2025-11-24 14:13:45 - INFO - [Epoch 22] Loss: 0.7047
2025-11-24 14:13:49 - INFO - [Epoch 23] Loss: 0.6959
2025-11-24 14:13:53 - INFO - [Epoch 24] Loss: 0.7235
2025-11-24 14:13:57 - INFO - [Epoch 25] Loss: 0.7018
2025-11-24 14:14:00 - INFO - [Epoch 26] Loss: 0.7042
2025-11-24 14:14:04 - INFO - [Epoch 27] Loss: 0.7014
2025-11-24 14:14:08 - INFO - [Epoch 28] Loss: 0.7116
2025-11-24 14:14:12 - INFO - [Epoch 29] Loss: 0.7184
2025-11-24 14:14:16 - INFO - [Epoch 30] Loss: 0.7230
2025-11-24 14:14:20 - INFO - [Epoch 31] Loss: 0.7218
2025-11-24 14:14:23 - INFO - [Epoch 32] Loss: 0.7086
2025-11-24 14:14:27 - INFO - [Epoch 33] Loss: 0.7389
2025-11-24 14:14:31 - INFO - [Epoch 34] Loss: 0.7279
2025-11-24 14:14:35 - INFO - [Epoch 35] Loss: 0.7363
2025-11-24 14:14:39 - INFO - [Epoch 36] Loss: 0.7009
2025-11-24 14:14:43 - INFO - [Epoch 37] Loss: 0.7362
2025-11-24 14:14:47 - INFO - [Epoch 38] Loss: 0.7214
2025-11-24 14:14:50 - INFO - [Epoch 39] Loss: 0.6970
2025-11-24 14:14:54 - INFO - [Epoch 40] Loss: 0.7101
2025-11-24 14:14:58 - INFO - [Epoch 41] Loss: 0.7036
2025-11-24 14:15:02 - INFO - [Epoch 42] Loss: 0.7113
2025-11-24 14:15:07 - INFO - [Epoch 43] Loss: 0.6921
2025-11-24 14:15:11 - INFO - [Epoch 44] Loss: 0.7070
2025-11-24 14:15:15 - INFO - [Epoch 45] Loss: 0.7089
2025-11-24 14:15:19 - INFO - [Epoch 46] Loss: 0.7032
2025-11-24 14:15:22 - INFO - [Epoch 47] Loss: 0.7018
2025-11-24 14:15:26 - INFO - [Epoch 48] Loss: 0.7127
2025-11-24 14:15:30 - INFO - [Epoch 49] Loss: 0.6987
2025-11-24 14:15:34 - INFO - [Epoch 50] Loss: 0.6953
2025-11-24 14:15:38 - INFO - [Epoch 51] Loss: 0.6974
2025-11-24 14:15:42 - INFO - [Epoch 52] Loss: 0.6907
2025-11-24 14:15:46 - INFO - [Epoch 53] Loss: 0.7156
2025-11-24 14:15:49 - INFO - [Epoch 54] Loss: 0.7402
2025-11-24 14:15:53 - INFO - [Epoch 55] Loss: 0.7537
2025-11-24 14:15:57 - INFO - [Epoch 56] Loss: 0.7292
2025-11-24 14:16:01 - INFO - [Epoch 57] Loss: 0.7742
2025-11-24 14:16:05 - INFO - [Epoch 58] Loss: 0.6953
2025-11-24 14:16:09 - INFO - [Epoch 59] Loss: 0.7120
2025-11-24 14:16:13 - INFO - [Epoch 60] Loss: 0.6954
2025-11-24 14:16:13 - INFO - ============================================================
2025-11-24 14:16:13 - INFO - 训练完成！
2025-11-24 14:16:13 - INFO - ============================================================
2025-11-24 14:16:13 - INFO - 生成特征层 t-SNE 可视化图
2025-11-24 14:16:13 - INFO - ============================================================
2025-11-24 14:16:13 - INFO - 正在提取特征用于t-SNE可视化...
2025-11-24 14:16:13 - INFO - 提取了 47 个样本的特征，特征维度: 512
2025-11-24 14:16:13 - INFO - 开始t-SNE降维...
2025-11-24 14:16:14 - INFO - t-SNE可视化图已保存到: ckpt\20251124_141216_tsne_visualization.png
2025-11-24 14:16:14 - INFO - ============================================================
2025-11-24 14:16:15 - INFO - ============================================================
2025-11-24 14:16:15 - INFO - 测试集评估结果
2025-11-24 14:16:15 - INFO - 准确率: 68.09% (32/47)
2025-11-24 14:16:15 - INFO - 分类: good=0, bad=1
2025-11-24 14:16:15 - INFO - 预测结果已保存到: ckpt\20251124_141216_hazelnut_pred.csv
2025-11-24 14:16:15 - INFO - ============================================================
