2025-11-21 00:00:03 - INFO - 类别分布: {0: 200, 1: 50}
2025-11-21 00:00:03 - INFO - 类别权重: tensor([0.6250, 2.5000])
2025-11-21 00:00:03 - INFO - ============================================================
2025-11-21 00:00:03 - INFO - 开始训练 hazelnut good/bad 分类模型
2025-11-21 00:00:03 - INFO - 设备: cuda
2025-11-21 00:00:03 - INFO - 训练集大小: 250
2025-11-21 00:00:03 - INFO - 测试集大小: 55
2025-11-21 00:00:03 - INFO - 训练轮数: 10
2025-11-21 00:00:03 - INFO - ============================================================
2025-11-21 00:00:11 - INFO - Epoch [1/10], Loss: 0.7120
2025-11-21 00:00:19 - INFO - Epoch [2/10], Loss: 0.1341
2025-11-21 00:00:27 - INFO - Epoch [3/10], Loss: 0.1464
2025-11-21 00:00:34 - INFO - Epoch [4/10], Loss: 0.0340
2025-11-21 00:00:44 - INFO - Epoch [5/10], Loss: 0.1671
2025-11-21 00:00:53 - INFO - Epoch [6/10], Loss: 0.0471
2025-11-21 00:01:02 - INFO - Epoch [7/10], Loss: 0.0585
2025-11-21 00:01:10 - INFO - Epoch [8/10], Loss: 0.0339
2025-11-21 00:01:18 - INFO - Epoch [9/10], Loss: 0.0119
2025-11-21 00:01:26 - INFO - Epoch [10/10], Loss: 0.0141
2025-11-21 00:01:26 - INFO - ============================================================
2025-11-21 00:01:26 - INFO - 训练完成！
2025-11-21 00:01:27 - INFO - ============================================================
2025-11-21 00:01:27 - INFO - 测试集评估结果
2025-11-21 00:01:27 - INFO - 准确率: 45.45% (25/55)
2025-11-21 00:01:27 - INFO - 分类: good=0, bad=1
2025-11-21 00:01:27 - INFO - 预测结果已保存到: ckpt\20251120_235956_hazelnut_pred.csv
2025-11-21 00:01:27 - INFO - ============================================================
