2025-11-24 13:56:13 - INFO - 类别分布: {0: 200, 1: 50}
2025-11-24 13:56:13 - INFO - 类别权重: tensor([0.6250, 2.5000])
2025-11-24 13:56:13 - INFO - ============================================================
2025-11-24 13:56:13 - INFO - 开始训练 hazelnut good/bad 分类模型
2025-11-24 13:56:13 - INFO - 设备: cuda
2025-11-24 13:56:13 - INFO - 训练集大小（原图）: 250
2025-11-24 13:56:13 - INFO - 测试集大小: 55
2025-11-24 13:56:13 - INFO - 训练轮数: 60
2025-11-24 13:56:13 - INFO - ============================================================
2025-11-24 13:56:21 - INFO - [Epoch 1] Loss: 1.1696
2025-11-24 13:56:29 - INFO - [Epoch 2] Loss: 0.5453
2025-11-24 13:56:37 - INFO - [Epoch 3] Loss: 0.5350
2025-11-24 13:56:45 - INFO - [Epoch 4] Loss: 0.4302
2025-11-24 13:56:52 - INFO - [Epoch 5] Loss: 0.4707
2025-11-24 13:57:00 - INFO - [Epoch 6] Loss: 0.4059
2025-11-24 13:57:08 - INFO - [Epoch 7] Loss: 0.5044
2025-11-24 13:57:16 - INFO - [Epoch 8] Loss: 0.4246
2025-11-24 13:57:24 - INFO - [Epoch 9] Loss: 0.3165
2025-11-24 13:57:31 - INFO - [Epoch 10] Loss: 0.3094
2025-11-24 13:57:39 - INFO - [Epoch 11] Loss: 0.2169
2025-11-24 13:57:47 - INFO - [Epoch 12] Loss: 0.3114
2025-11-24 13:57:55 - INFO - [Epoch 13] Loss: 0.2935
2025-11-24 13:58:02 - INFO - [Epoch 14] Loss: 0.2064
2025-11-24 13:58:10 - INFO - [Epoch 15] Loss: 0.2819
2025-11-24 13:58:18 - INFO - [Epoch 16] Loss: 0.2403
2025-11-24 13:58:26 - INFO - [Epoch 17] Loss: 0.2292
2025-11-24 13:58:33 - INFO - [Epoch 18] Loss: 0.2255
2025-11-24 13:58:41 - INFO - [Epoch 19] Loss: 0.2851
2025-11-24 13:58:49 - INFO - [Epoch 20] Loss: 0.2587
2025-11-24 13:58:57 - INFO - [Epoch 21] Loss: 0.2410
2025-11-24 13:59:05 - INFO - [Epoch 22] Loss: 0.1960
2025-11-24 13:59:12 - INFO - [Epoch 23] Loss: 0.1585
2025-11-24 13:59:20 - INFO - [Epoch 24] Loss: 0.1816
2025-11-24 13:59:28 - INFO - [Epoch 25] Loss: 0.1637
2025-11-24 13:59:36 - INFO - [Epoch 26] Loss: 0.2638
2025-11-24 13:59:44 - INFO - [Epoch 27] Loss: 0.1907
2025-11-24 13:59:51 - INFO - [Epoch 28] Loss: 0.2030
2025-11-24 13:59:59 - INFO - [Epoch 29] Loss: 0.1063
2025-11-24 14:00:07 - INFO - [Epoch 30] Loss: 0.2510
2025-11-24 14:00:15 - INFO - [Epoch 31] Loss: 0.2873
2025-11-24 14:00:23 - INFO - [Epoch 32] Loss: 0.2249
2025-11-24 14:00:30 - INFO - [Epoch 33] Loss: 0.1964
2025-11-24 14:00:38 - INFO - [Epoch 34] Loss: 0.1823
2025-11-24 14:00:46 - INFO - [Epoch 35] Loss: 0.1030
2025-11-24 14:00:54 - INFO - [Epoch 36] Loss: 0.2174
2025-11-24 14:01:02 - INFO - [Epoch 37] Loss: 0.1412
2025-11-24 14:01:09 - INFO - [Epoch 38] Loss: 0.1698
2025-11-24 14:01:17 - INFO - [Epoch 39] Loss: 0.1562
2025-11-24 14:01:25 - INFO - [Epoch 40] Loss: 0.1491
2025-11-24 14:01:33 - INFO - [Epoch 41] Loss: 0.1813
2025-11-24 14:01:41 - INFO - [Epoch 42] Loss: 0.2408
2025-11-24 14:01:49 - INFO - [Epoch 43] Loss: 0.1489
2025-11-24 14:01:57 - INFO - [Epoch 44] Loss: 0.1766
2025-11-24 14:02:04 - INFO - [Epoch 45] Loss: 0.1505
2025-11-24 14:02:12 - INFO - [Epoch 46] Loss: 0.1273
2025-11-24 14:02:20 - INFO - [Epoch 47] Loss: 0.0999
2025-11-24 14:02:28 - INFO - [Epoch 48] Loss: 0.1629
2025-11-24 14:02:36 - INFO - [Epoch 49] Loss: 0.1814
2025-11-24 14:02:43 - INFO - [Epoch 50] Loss: 0.1444
2025-11-24 14:02:51 - INFO - [Epoch 51] Loss: 0.1133
2025-11-24 14:02:59 - INFO - [Epoch 52] Loss: 0.1573
2025-11-24 14:03:07 - INFO - [Epoch 53] Loss: 0.1494
2025-11-24 14:03:15 - INFO - [Epoch 54] Loss: 0.1394
2025-11-24 14:03:22 - INFO - [Epoch 55] Loss: 0.1543
2025-11-24 14:03:30 - INFO - [Epoch 56] Loss: 0.0770
2025-11-24 14:03:38 - INFO - [Epoch 57] Loss: 0.1732
2025-11-24 14:03:46 - INFO - [Epoch 58] Loss: 0.1172
2025-11-24 14:03:54 - INFO - [Epoch 59] Loss: 0.1636
2025-11-24 14:04:01 - INFO - [Epoch 60] Loss: 0.0864
2025-11-24 14:04:01 - INFO - ============================================================
2025-11-24 14:04:01 - INFO - 训练完成！
2025-11-24 14:04:01 - INFO - ============================================================
2025-11-24 14:04:01 - INFO - 生成特征层 t-SNE 可视化图
2025-11-24 14:04:01 - INFO - ============================================================
2025-11-24 14:04:01 - INFO - 正在提取特征用于t-SNE可视化...
2025-11-24 14:04:03 - INFO - 提取了 55 个样本的特征，特征维度: 512
2025-11-24 14:04:03 - INFO - 开始t-SNE降维...
2025-11-24 14:04:04 - INFO - t-SNE可视化图已保存到: ckpt\20251124_135606_tsne_visualization.png
2025-11-24 14:04:04 - INFO - ============================================================
2025-11-24 14:04:05 - INFO - ============================================================
2025-11-24 14:04:05 - INFO - 测试集评估结果
2025-11-24 14:04:05 - INFO - 准确率: 94.55% (52/55)
2025-11-24 14:04:05 - INFO - 分类: good=0, bad=1
2025-11-24 14:04:05 - INFO - 预测结果已保存到: ckpt\20251124_135606_hazelnut_pred.csv
2025-11-24 14:04:05 - INFO - ============================================================
