2025-11-24 14:42:30 - INFO - 类别分布: {1: 50, 0: 200}
2025-11-24 14:42:30 - INFO - 类别权重: tensor([0.6250, 2.5000])
2025-11-24 14:42:30 - INFO - ============================================================
2025-11-24 14:42:30 - INFO - 开始训练 hazelnut good/bad 分类模型
2025-11-24 14:42:30 - INFO - 设备: cuda
2025-11-24 14:42:30 - INFO - 训练集大小（原图）: 250
2025-11-24 14:42:30 - INFO - 测试集大小: 55
2025-11-24 14:42:30 - INFO - 训练轮数: 10
2025-11-24 14:42:30 - INFO - ============================================================
2025-11-24 14:42:38 - INFO - [Epoch 1] Loss: 0.5441
2025-11-24 14:42:46 - INFO - [Epoch 2] Loss: 0.2508
2025-11-24 14:42:54 - INFO - [Epoch 3] Loss: 0.1393
2025-11-24 14:43:02 - INFO - [Epoch 4] Loss: 0.1061
2025-11-24 14:43:10 - INFO - [Epoch 5] Loss: 0.1116
2025-11-24 14:43:17 - INFO - [Epoch 6] Loss: 0.1535
2025-11-24 14:43:25 - INFO - [Epoch 7] Loss: 0.2016
2025-11-24 14:43:33 - INFO - [Epoch 8] Loss: 0.1701
2025-11-24 14:43:40 - INFO - [Epoch 9] Loss: 0.1161
2025-11-24 14:43:48 - INFO - [Epoch 10] Loss: 0.0952
2025-11-24 14:43:48 - INFO - ============================================================
2025-11-24 14:43:48 - INFO - 训练完成！
2025-11-24 14:43:48 - INFO - ============================================================
2025-11-24 14:43:48 - INFO - 生成特征层 t-SNE 可视化图
2025-11-24 14:43:48 - INFO - ============================================================
2025-11-24 14:43:48 - INFO - 正在提取特征用于t-SNE可视化...
2025-11-24 14:43:50 - INFO - 提取了 55 个样本的特征，特征维度: 512
2025-11-24 14:43:50 - INFO - 开始t-SNE降维...
2025-11-24 14:43:51 - INFO - t-SNE可视化图已保存到: ckpt\20251124_144223_tsne_visualization.png
2025-11-24 14:43:51 - INFO - ============================================================
2025-11-24 14:43:52 - INFO - ============================================================
2025-11-24 14:43:52 - INFO - 测试集评估结果
2025-11-24 14:43:52 - INFO - 准确率: 27.27% (15/55)
2025-11-24 14:43:52 - INFO - 分类: good=0, bad=1
2025-11-24 14:43:52 - INFO - 预测结果已保存到: ckpt\20251124_144223_hazelnut_pred.csv
2025-11-24 14:43:52 - INFO - ============================================================
