2025-11-21 00:36:19 - INFO - 类别分布: {0: 200, 1: 50}
2025-11-21 00:36:19 - INFO - 类别权重: tensor([0.6250, 2.5000])
2025-11-21 00:36:19 - INFO - ============================================================
2025-11-21 00:36:19 - INFO - 开始训练 hazelnut good/bad 分类模型
2025-11-21 00:36:19 - INFO - 设备: cuda
2025-11-21 00:36:19 - INFO - 训练集大小（原图）: 250
2025-11-21 00:36:19 - INFO - 测试集大小: 55
2025-11-21 00:36:19 - INFO - 训练轮数: 20
2025-11-21 00:36:19 - INFO - ============================================================
2025-11-21 00:36:19 - INFO - ⚠ 数据增强已开启：每个 epoch 的样本数量将大于原始数量
2025-11-21 00:36:27 - INFO - [Epoch 1] Loss: 0.8884 | 实际训练样本数(增强后): 250
2025-11-21 00:36:35 - INFO - [Epoch 2] Loss: 0.6976 | 实际训练样本数(增强后): 250
2025-11-21 00:36:43 - INFO - [Epoch 3] Loss: 0.6398 | 实际训练样本数(增强后): 250
2025-11-21 00:36:52 - INFO - [Epoch 4] Loss: 0.5626 | 实际训练样本数(增强后): 250
2025-11-21 00:37:02 - INFO - [Epoch 5] Loss: 0.5460 | 实际训练样本数(增强后): 250
2025-11-21 00:37:12 - INFO - [Epoch 6] Loss: 0.5394 | 实际训练样本数(增强后): 250
2025-11-21 00:37:21 - INFO - [Epoch 7] Loss: 0.4783 | 实际训练样本数(增强后): 250
2025-11-21 00:37:30 - INFO - [Epoch 8] Loss: 0.4809 | 实际训练样本数(增强后): 250
2025-11-21 00:37:39 - INFO - [Epoch 9] Loss: 0.4485 | 实际训练样本数(增强后): 250
2025-11-21 00:37:48 - INFO - [Epoch 10] Loss: 0.5159 | 实际训练样本数(增强后): 250
2025-11-21 00:37:57 - INFO - [Epoch 11] Loss: 0.5023 | 实际训练样本数(增强后): 250
2025-11-21 00:38:07 - INFO - [Epoch 12] Loss: 0.4175 | 实际训练样本数(增强后): 250
2025-11-21 00:38:16 - INFO - [Epoch 13] Loss: 0.3830 | 实际训练样本数(增强后): 250
2025-11-21 00:38:25 - INFO - [Epoch 14] Loss: 0.3402 | 实际训练样本数(增强后): 250
2025-11-21 00:38:35 - INFO - [Epoch 15] Loss: 0.4715 | 实际训练样本数(增强后): 250
2025-11-21 00:38:45 - INFO - [Epoch 16] Loss: 0.3422 | 实际训练样本数(增强后): 250
2025-11-21 00:38:53 - INFO - [Epoch 17] Loss: 0.3771 | 实际训练样本数(增强后): 250
2025-11-21 00:39:01 - INFO - [Epoch 18] Loss: 0.3092 | 实际训练样本数(增强后): 250
2025-11-21 00:39:09 - INFO - [Epoch 19] Loss: 0.2526 | 实际训练样本数(增强后): 250
2025-11-21 00:39:16 - INFO - [Epoch 20] Loss: 0.2974 | 实际训练样本数(增强后): 250
2025-11-21 00:39:16 - INFO - ============================================================
2025-11-21 00:39:16 - INFO - 训练完成！
2025-11-21 00:39:18 - INFO - ============================================================
2025-11-21 00:39:18 - INFO - 测试集评估结果
2025-11-21 00:39:18 - INFO - 准确率: 89.09% (49/55)
2025-11-21 00:39:18 - INFO - 分类: good=0, bad=1
2025-11-21 00:39:18 - INFO - 预测结果已保存到: ckpt\20251121_003611_hazelnut_pred.csv
2025-11-21 00:39:18 - INFO - ============================================================
