2025-11-24 14:27:34 - INFO - 类别分布: {0: 200, 1: 50}
2025-11-24 14:27:34 - INFO - 类别权重: tensor([0.6250, 2.5000])
2025-11-24 14:27:34 - INFO - ============================================================
2025-11-24 14:27:34 - INFO - 开始训练 zipper good/bad 分类模型
2025-11-24 14:27:34 - INFO - 设备: cuda
2025-11-24 14:27:34 - INFO - 训练集大小（原图）: 250
2025-11-24 14:27:34 - INFO - 测试集大小: 47
2025-11-24 14:27:34 - INFO - 训练轮数: 60
2025-11-24 14:27:34 - INFO - ============================================================
2025-11-24 14:27:38 - INFO - [Epoch 1] Loss: 0.8412
2025-11-24 14:27:42 - INFO - [Epoch 2] Loss: 0.7290
2025-11-24 14:27:46 - INFO - [Epoch 3] Loss: 0.6875
2025-11-24 14:27:49 - INFO - [Epoch 4] Loss: 0.6019
2025-11-24 14:27:53 - INFO - [Epoch 5] Loss: 0.5627
2025-11-24 14:27:57 - INFO - [Epoch 6] Loss: 0.5644
2025-11-24 14:28:00 - INFO - [Epoch 7] Loss: 0.5101
2025-11-24 14:28:04 - INFO - [Epoch 8] Loss: 0.4460
2025-11-24 14:28:08 - INFO - [Epoch 9] Loss: 0.3869
2025-11-24 14:28:12 - INFO - [Epoch 10] Loss: 0.3240
2025-11-24 14:28:15 - INFO - [Epoch 11] Loss: 0.2853
2025-11-24 14:28:19 - INFO - [Epoch 12] Loss: 0.3380
2025-11-24 14:28:23 - INFO - [Epoch 13] Loss: 0.2639
2025-11-24 14:28:26 - INFO - [Epoch 14] Loss: 0.1969
2025-11-24 14:28:30 - INFO - [Epoch 15] Loss: 0.2743
2025-11-24 14:28:34 - INFO - [Epoch 16] Loss: 0.2738
2025-11-24 14:28:38 - INFO - [Epoch 17] Loss: 0.2182
2025-11-24 14:28:41 - INFO - [Epoch 18] Loss: 0.2807
2025-11-24 14:28:45 - INFO - [Epoch 19] Loss: 0.2199
2025-11-24 14:28:49 - INFO - [Epoch 20] Loss: 0.2034
2025-11-24 14:28:52 - INFO - [Epoch 21] Loss: 0.3254
2025-11-24 14:28:56 - INFO - [Epoch 22] Loss: 0.2666
2025-11-24 14:29:00 - INFO - [Epoch 23] Loss: 0.2329
2025-11-24 14:29:03 - INFO - [Epoch 24] Loss: 0.1770
2025-11-24 14:29:07 - INFO - [Epoch 25] Loss: 0.1580
2025-11-24 14:29:11 - INFO - [Epoch 26] Loss: 0.1368
2025-11-24 14:29:15 - INFO - [Epoch 27] Loss: 0.1281
2025-11-24 14:29:18 - INFO - [Epoch 28] Loss: 0.0908
2025-11-24 14:29:22 - INFO - [Epoch 29] Loss: 0.1117
2025-11-24 14:29:26 - INFO - [Epoch 30] Loss: 0.1583
2025-11-24 14:29:29 - INFO - [Epoch 31] Loss: 0.0854
2025-11-24 14:29:33 - INFO - [Epoch 32] Loss: 0.0463
2025-11-24 14:29:37 - INFO - [Epoch 33] Loss: 0.0217
2025-11-24 14:29:40 - INFO - [Epoch 34] Loss: 0.0602
2025-11-24 14:29:44 - INFO - [Epoch 35] Loss: 0.0652
2025-11-24 14:29:48 - INFO - [Epoch 36] Loss: 0.0714
2025-11-24 14:29:52 - INFO - [Epoch 37] Loss: 0.0765
2025-11-24 14:29:55 - INFO - [Epoch 38] Loss: 0.0530
2025-11-24 14:29:59 - INFO - [Epoch 39] Loss: 0.0221
2025-11-24 14:30:03 - INFO - [Epoch 40] Loss: 0.0178
2025-11-24 14:30:06 - INFO - [Epoch 41] Loss: 0.0167
2025-11-24 14:30:10 - INFO - [Epoch 42] Loss: 0.0160
2025-11-24 14:30:14 - INFO - [Epoch 43] Loss: 0.0098
2025-11-24 14:30:18 - INFO - [Epoch 44] Loss: 0.0127
2025-11-24 14:30:21 - INFO - [Epoch 45] Loss: 0.0085
2025-11-24 14:30:25 - INFO - [Epoch 46] Loss: 0.0037
2025-11-24 14:30:29 - INFO - [Epoch 47] Loss: 0.0056
2025-11-24 14:30:32 - INFO - [Epoch 48] Loss: 0.0845
2025-11-24 14:30:36 - INFO - [Epoch 49] Loss: 0.0724
2025-11-24 14:30:40 - INFO - [Epoch 50] Loss: 0.0533
2025-11-24 14:30:44 - INFO - [Epoch 51] Loss: 0.0633
2025-11-24 14:30:47 - INFO - [Epoch 52] Loss: 0.0349
2025-11-24 14:30:51 - INFO - [Epoch 53] Loss: 0.0312
2025-11-24 14:30:55 - INFO - [Epoch 54] Loss: 0.0146
2025-11-24 14:30:58 - INFO - [Epoch 55] Loss: 0.0092
2025-11-24 14:31:02 - INFO - [Epoch 56] Loss: 0.0115
2025-11-24 14:31:06 - INFO - [Epoch 57] Loss: 0.0110
2025-11-24 14:31:09 - INFO - [Epoch 58] Loss: 0.0067
2025-11-24 14:31:13 - INFO - [Epoch 59] Loss: 0.0047
2025-11-24 14:31:17 - INFO - [Epoch 60] Loss: 0.0026
2025-11-24 14:31:17 - INFO - ============================================================
2025-11-24 14:31:17 - INFO - 训练完成！
2025-11-24 14:31:17 - INFO - ============================================================
2025-11-24 14:31:17 - INFO - 生成特征层 t-SNE 可视化图
2025-11-24 14:31:17 - INFO - ============================================================
2025-11-24 14:31:17 - INFO - 正在提取特征用于t-SNE可视化...
2025-11-24 14:31:17 - INFO - 提取了 47 个样本的特征，特征维度: 512
2025-11-24 14:31:17 - INFO - 开始t-SNE降维...
2025-11-24 14:31:18 - INFO - t-SNE可视化图已保存到: ckpt\20251124_142731_tsne_visualization.png
2025-11-24 14:31:18 - INFO - ============================================================
2025-11-24 14:31:19 - INFO - ============================================================
2025-11-24 14:31:19 - INFO - 测试集评估结果
2025-11-24 14:31:19 - INFO - 准确率: 85.11% (40/47)
2025-11-24 14:31:19 - INFO - 分类: good=0, bad=1
2025-11-24 14:31:19 - INFO - 预测结果已保存到: ckpt\20251124_142731_zipper_pred.csv
2025-11-24 14:31:19 - INFO - ============================================================
