2025-12-19 10:39:40 - INFO - 类别分布: {0: 200, 1: 50}
2025-12-19 10:39:40 - INFO - 类别权重: tensor([0.6250, 2.5000])
2025-12-19 10:39:40 - INFO - ============================================================
2025-12-19 10:39:40 - INFO - 开始训练 hazelnut good/bad 分类模型
2025-12-19 10:39:40 - INFO - 设备: cuda
2025-12-19 10:39:40 - INFO - 训练集大小（原图）: 250
2025-12-19 10:39:40 - INFO - 测试集大小: 55
2025-12-19 10:39:40 - INFO - 训练轮数: 50
2025-12-19 10:39:40 - INFO - ============================================================
2025-12-19 10:39:51 - INFO - [Epoch 1] Loss: 0.7387
2025-12-19 10:40:01 - INFO - [Epoch 2] Loss: 0.4088
2025-12-19 10:40:12 - INFO - [Epoch 3] Loss: 0.4254
2025-12-19 10:40:22 - INFO - [Epoch 4] Loss: 0.3742
2025-12-19 10:40:32 - INFO - [Epoch 5] Loss: 0.3530
2025-12-19 10:40:42 - INFO - [Epoch 6] Loss: 0.3285
2025-12-19 10:40:52 - INFO - [Epoch 7] Loss: 0.2592
2025-12-19 10:41:02 - INFO - [Epoch 8] Loss: 0.3070
2025-12-19 10:41:13 - INFO - [Epoch 9] Loss: 0.2434
2025-12-19 10:41:23 - INFO - [Epoch 10] Loss: 0.2976
2025-12-19 10:41:33 - INFO - [Epoch 11] Loss: 0.2414
