2025-11-24 12:46:27 - INFO - 类别分布: {0: 200, 1: 50}
2025-11-24 12:46:27 - INFO - 类别权重: tensor([0.6250, 5.0000])
2025-11-24 12:46:27 - INFO - 类别不平衡比例: 4.00:1
2025-11-24 12:46:27 - INFO - ============================================================
2025-11-24 12:46:27 - INFO - 开始训练 zipper good/bad 分类模型
2025-11-24 12:46:27 - INFO - 设备: cuda
2025-11-24 12:46:27 - INFO - 训练集大小（原图）: 250
2025-11-24 12:46:27 - INFO - 测试集大小: 47
2025-11-24 12:46:27 - INFO - 训练轮数: 10
2025-11-24 12:46:27 - INFO - ============================================================
2025-11-24 12:46:32 - INFO - [Epoch 1] Train Loss: 1.1620, Train Acc: 35.60%, Test Acc: 68.09% | Good: 100.0% (32/32), Bad: 0.0% (0/15)
2025-11-24 12:46:37 - INFO - [Epoch 2] Train Loss: 0.7623, Train Acc: 33.60%, Test Acc: 31.91% | Good: 0.0% (0/32), Bad: 100.0% (15/15)
2025-11-24 12:46:41 - INFO - [Epoch 3] Train Loss: 0.6822, Train Acc: 31.60%, Test Acc: 31.91% | Good: 0.0% (0/32), Bad: 100.0% (15/15)
2025-11-24 12:46:46 - INFO - [Epoch 4] Train Loss: 0.7040, Train Acc: 25.60%, Test Acc: 68.09% | Good: 100.0% (32/32), Bad: 0.0% (0/15)
2025-11-24 12:46:50 - INFO - [Epoch 5] Train Loss: 0.7031, Train Acc: 35.60%, Test Acc: 34.04% | Good: 3.1% (1/32), Bad: 100.0% (15/15)
2025-11-24 12:46:55 - INFO - [Epoch 6] Train Loss: 0.6970, Train Acc: 20.40%, Test Acc: 31.91% | Good: 0.0% (0/32), Bad: 100.0% (15/15)
2025-11-24 12:46:59 - INFO - [Epoch 7] Train Loss: 0.6741, Train Acc: 30.00%, Test Acc: 31.91% | Good: 0.0% (0/32), Bad: 100.0% (15/15)
2025-11-24 12:47:04 - INFO - [Epoch 8] Train Loss: 0.6670, Train Acc: 20.40%, Test Acc: 31.91% | Good: 0.0% (0/32), Bad: 100.0% (15/15)
2025-11-24 12:47:08 - INFO - [Epoch 9] Train Loss: 0.6545, Train Acc: 21.60%, Test Acc: 29.79% | Good: 0.0% (0/32), Bad: 93.3% (14/15)
2025-11-24 12:47:13 - INFO - [Epoch 10] Train Loss: 0.6551, Train Acc: 25.20%, Test Acc: 68.09% | Good: 100.0% (32/32), Bad: 0.0% (0/15)
2025-11-24 12:47:13 - INFO - ============================================================
2025-11-24 12:47:13 - INFO - 训练完成！最佳测试准确率: 68.09% (Epoch 1)
2025-11-24 12:47:13 - INFO - ============================================================
2025-11-24 12:47:13 - INFO - 已加载最佳模型 (Epoch 1)
2025-11-24 12:47:13 - INFO - ============================================================
2025-11-24 12:47:13 - INFO - 测试集评估结果
2025-11-24 12:47:13 - INFO - 总体准确率: 68.09% (32/47)
2025-11-24 12:47:13 - INFO - Good类准确率: 100.00% (32/32)
2025-11-24 12:47:13 - INFO - Bad类准确率: 0.00% (0/15)
2025-11-24 12:47:13 - INFO - 分类: good=0, bad=1
2025-11-24 12:47:13 - INFO - 混淆矩阵:
2025-11-24 12:47:13 - INFO -         预测
2025-11-24 12:47:13 - INFO -        Good  Bad
2025-11-24 12:47:13 - INFO - Good     32    0
2025-11-24 12:47:13 - INFO - Bad      15    0
2025-11-24 12:47:13 - INFO - 预测结果已保存到: ckpt\20251124_124624_zipper_pred.csv
2025-11-24 12:47:13 - INFO - ============================================================
2025-11-24 12:47:13 - WARNING - ⚠️ 警告: Bad类准确率很低，模型可能偏向预测Good类！
2025-11-24 12:47:13 - WARNING - 建议: 1) 增加Bad类权重 2) 使用Focal Loss 3) 增加Bad类数据增强 4) 使用过采样
