2025-11-24 12:16:45 - INFO - 类别分布: {0: 200, 1: 50}
2025-11-24 12:16:45 - INFO - 类别权重: tensor([0.6250, 2.5000])
2025-11-24 12:16:45 - INFO - ============================================================
2025-11-24 12:16:45 - INFO - 开始训练 hazelnut good/bad 分类模型
2025-11-24 12:16:45 - INFO - 设备: cuda
2025-11-24 12:16:45 - INFO - 训练集大小（原图）: 250
2025-11-24 12:16:45 - INFO - 测试集大小: 47
2025-11-24 12:16:45 - INFO - 训练轮数: 30
2025-11-24 12:16:45 - INFO - ============================================================
2025-11-24 12:16:49 - INFO - [Epoch 1] Loss: 1.1278
2025-11-24 12:16:53 - INFO - [Epoch 2] Loss: 0.8368
2025-11-24 12:16:57 - INFO - [Epoch 3] Loss: 0.7173
2025-11-24 12:17:01 - INFO - [Epoch 4] Loss: 0.7354
2025-11-24 12:17:05 - INFO - [Epoch 5] Loss: 0.6952
2025-11-24 12:17:09 - INFO - [Epoch 6] Loss: 0.6975
2025-11-24 12:17:12 - INFO - [Epoch 7] Loss: 0.7210
2025-11-24 12:17:16 - INFO - [Epoch 8] Loss: 0.6959
2025-11-24 12:17:20 - INFO - [Epoch 9] Loss: 0.7037
2025-11-24 12:17:24 - INFO - [Epoch 10] Loss: 0.7013
2025-11-24 12:17:28 - INFO - [Epoch 11] Loss: 0.7291
2025-11-24 12:17:32 - INFO - [Epoch 12] Loss: 0.7246
2025-11-24 12:17:36 - INFO - [Epoch 13] Loss: 0.7212
2025-11-24 12:17:40 - INFO - [Epoch 14] Loss: 0.7001
2025-11-24 12:17:44 - INFO - [Epoch 15] Loss: 0.7128
2025-11-24 12:17:48 - INFO - [Epoch 16] Loss: 0.6928
2025-11-24 12:17:52 - INFO - [Epoch 17] Loss: 0.6955
2025-11-24 12:17:55 - INFO - [Epoch 18] Loss: 0.7052
2025-11-24 12:17:59 - INFO - [Epoch 19] Loss: 0.6990
2025-11-24 12:18:03 - INFO - [Epoch 20] Loss: 0.7013
2025-11-24 12:18:07 - INFO - [Epoch 21] Loss: 0.6997
2025-11-24 12:18:11 - INFO - [Epoch 22] Loss: 0.7010
2025-11-24 12:18:15 - INFO - [Epoch 23] Loss: 0.7011
2025-11-24 12:18:19 - INFO - [Epoch 24] Loss: 0.6913
2025-11-24 12:18:22 - INFO - [Epoch 25] Loss: 0.6963
2025-11-24 12:18:26 - INFO - [Epoch 26] Loss: 0.7025
2025-11-24 12:18:30 - INFO - [Epoch 27] Loss: 0.6974
2025-11-24 12:18:34 - INFO - [Epoch 28] Loss: 0.7083
2025-11-24 12:18:37 - INFO - [Epoch 29] Loss: 0.7203
2025-11-24 12:18:41 - INFO - [Epoch 30] Loss: 0.6972
2025-11-24 12:18:41 - INFO - ============================================================
2025-11-24 12:18:41 - INFO - 训练完成！
2025-11-24 12:18:41 - INFO - ============================================================
2025-11-24 12:18:41 - INFO - 生成特征层 t-SNE 可视化图
2025-11-24 12:18:41 - INFO - ============================================================
2025-11-24 12:18:41 - INFO - 正在提取特征用于t-SNE可视化...
2025-11-24 12:18:42 - INFO - 提取了 47 个样本的特征，特征维度: 512
2025-11-24 12:18:42 - INFO - 开始t-SNE降维...
2025-11-24 12:18:42 - INFO - t-SNE可视化图已保存到: ckpt\20251124_121642_tsne_visualization.png
2025-11-24 12:18:42 - INFO - ============================================================
2025-11-24 12:18:43 - INFO - ============================================================
2025-11-24 12:18:43 - INFO - 测试集评估结果
2025-11-24 12:18:43 - INFO - 准确率: 68.09% (32/47)
2025-11-24 12:18:43 - INFO - 分类: good=0, bad=1
2025-11-24 12:18:43 - INFO - 预测结果已保存到: ckpt\20251124_121642_hazelnut_pred.csv
2025-11-24 12:18:43 - INFO - ============================================================
