2025-11-21 10:33:26 - INFO - 类别分布: {0: 200, 1: 50}
2025-11-21 10:33:26 - INFO - 类别权重: tensor([0.6250, 2.5000])
2025-11-21 10:33:26 - INFO - ============================================================
2025-11-21 10:33:26 - INFO - 开始训练 hazelnut good/bad 分类模型
2025-11-21 10:33:26 - INFO - 设备: cuda
2025-11-21 10:33:26 - INFO - 训练集大小（原图）: 250
2025-11-21 10:33:26 - INFO - 测试集大小: 55
2025-11-21 10:33:26 - INFO - 训练轮数: 50
2025-11-21 10:33:26 - INFO - ============================================================
2025-11-21 10:33:26 - INFO - ⚠ 数据增强已开启：每个 epoch 的样本数量将大于原始数量
2025-11-21 10:33:34 - INFO - [Epoch 1] Loss: 0.6989 | 实际训练样本数(增强后): 250
2025-11-21 10:33:41 - INFO - [Epoch 2] Loss: 0.6985 | 实际训练样本数(增强后): 250
2025-11-21 10:33:48 - INFO - [Epoch 3] Loss: 0.6954 | 实际训练样本数(增强后): 250
2025-11-21 10:33:55 - INFO - [Epoch 4] Loss: 0.6945 | 实际训练样本数(增强后): 250
2025-11-21 10:34:03 - INFO - [Epoch 5] Loss: 0.6970 | 实际训练样本数(增强后): 250
2025-11-21 10:34:10 - INFO - [Epoch 6] Loss: 0.6907 | 实际训练样本数(增强后): 250
2025-11-21 10:34:17 - INFO - [Epoch 7] Loss: 0.6849 | 实际训练样本数(增强后): 250
2025-11-21 10:34:24 - INFO - [Epoch 8] Loss: 0.6903 | 实际训练样本数(增强后): 250
2025-11-21 10:34:32 - INFO - [Epoch 9] Loss: 0.6941 | 实际训练样本数(增强后): 250
2025-11-21 10:34:39 - INFO - [Epoch 10] Loss: 0.6857 | 实际训练样本数(增强后): 250
2025-11-21 10:34:46 - INFO - [Epoch 11] Loss: 0.6725 | 实际训练样本数(增强后): 250
2025-11-21 10:34:53 - INFO - [Epoch 12] Loss: 0.6270 | 实际训练样本数(增强后): 250
2025-11-21 10:35:00 - INFO - [Epoch 13] Loss: 0.6324 | 实际训练样本数(增强后): 250
2025-11-21 10:35:07 - INFO - [Epoch 14] Loss: 0.6390 | 实际训练样本数(增强后): 250
2025-11-21 10:35:15 - INFO - [Epoch 15] Loss: 0.6452 | 实际训练样本数(增强后): 250
2025-11-21 10:35:22 - INFO - [Epoch 16] Loss: 0.6132 | 实际训练样本数(增强后): 250
2025-11-21 10:35:29 - INFO - [Epoch 17] Loss: 0.5907 | 实际训练样本数(增强后): 250
2025-11-21 10:35:36 - INFO - [Epoch 18] Loss: 0.5603 | 实际训练样本数(增强后): 250
2025-11-21 10:35:43 - INFO - [Epoch 19] Loss: 0.6122 | 实际训练样本数(增强后): 250
2025-11-21 10:35:51 - INFO - [Epoch 20] Loss: 0.5648 | 实际训练样本数(增强后): 250
2025-11-21 10:35:58 - INFO - [Epoch 21] Loss: 0.5697 | 实际训练样本数(增强后): 250
2025-11-21 10:36:05 - INFO - [Epoch 22] Loss: 0.5089 | 实际训练样本数(增强后): 250
2025-11-21 10:36:12 - INFO - [Epoch 23] Loss: 0.5667 | 实际训练样本数(增强后): 250
2025-11-21 10:36:20 - INFO - [Epoch 24] Loss: 0.5215 | 实际训练样本数(增强后): 250
2025-11-21 10:36:27 - INFO - [Epoch 25] Loss: 0.5032 | 实际训练样本数(增强后): 250
2025-11-21 10:36:34 - INFO - [Epoch 26] Loss: 0.4768 | 实际训练样本数(增强后): 250
2025-11-21 10:36:41 - INFO - [Epoch 27] Loss: 0.4887 | 实际训练样本数(增强后): 250
2025-11-21 10:36:48 - INFO - [Epoch 28] Loss: 0.5116 | 实际训练样本数(增强后): 250
2025-11-21 10:36:56 - INFO - [Epoch 29] Loss: 0.4612 | 实际训练样本数(增强后): 250
2025-11-21 10:37:03 - INFO - [Epoch 30] Loss: 0.5273 | 实际训练样本数(增强后): 250
2025-11-21 10:37:10 - INFO - [Epoch 31] Loss: 0.4919 | 实际训练样本数(增强后): 250
2025-11-21 10:37:17 - INFO - [Epoch 32] Loss: 0.4658 | 实际训练样本数(增强后): 250
2025-11-21 10:37:25 - INFO - [Epoch 33] Loss: 0.4577 | 实际训练样本数(增强后): 250
2025-11-21 10:37:32 - INFO - [Epoch 34] Loss: 0.3809 | 实际训练样本数(增强后): 250
2025-11-21 10:37:39 - INFO - [Epoch 35] Loss: 0.3716 | 实际训练样本数(增强后): 250
2025-11-21 10:37:47 - INFO - [Epoch 36] Loss: 0.3762 | 实际训练样本数(增强后): 250
2025-11-21 10:37:55 - INFO - [Epoch 37] Loss: 0.3542 | 实际训练样本数(增强后): 250
2025-11-21 10:38:04 - INFO - [Epoch 38] Loss: 0.2953 | 实际训练样本数(增强后): 250
2025-11-21 10:38:11 - INFO - [Epoch 39] Loss: 0.3792 | 实际训练样本数(增强后): 250
2025-11-21 10:38:19 - INFO - [Epoch 40] Loss: 0.3422 | 实际训练样本数(增强后): 250
2025-11-21 10:38:26 - INFO - [Epoch 41] Loss: 0.3542 | 实际训练样本数(增强后): 250
2025-11-21 10:38:33 - INFO - [Epoch 42] Loss: 0.3432 | 实际训练样本数(增强后): 250
2025-11-21 10:38:41 - INFO - [Epoch 43] Loss: 0.3808 | 实际训练样本数(增强后): 250
2025-11-21 10:38:48 - INFO - [Epoch 44] Loss: 0.3162 | 实际训练样本数(增强后): 250
2025-11-21 10:38:56 - INFO - [Epoch 45] Loss: 0.3249 | 实际训练样本数(增强后): 250
2025-11-21 10:39:03 - INFO - [Epoch 46] Loss: 0.3300 | 实际训练样本数(增强后): 250
2025-11-21 10:39:11 - INFO - [Epoch 47] Loss: 0.3162 | 实际训练样本数(增强后): 250
2025-11-21 10:39:18 - INFO - [Epoch 48] Loss: 0.2858 | 实际训练样本数(增强后): 250
2025-11-21 10:39:26 - INFO - [Epoch 49] Loss: 0.2910 | 实际训练样本数(增强后): 250
2025-11-21 10:39:33 - INFO - [Epoch 50] Loss: 0.2738 | 实际训练样本数(增强后): 250
2025-11-21 10:39:33 - INFO - ============================================================
2025-11-21 10:39:33 - INFO - 训练完成！
2025-11-21 10:39:35 - INFO - ============================================================
2025-11-21 10:39:35 - INFO - 测试集评估结果
2025-11-21 10:39:35 - INFO - 准确率: 89.09% (49/55) CNN
2025-11-21 10:39:35 - INFO - 分类: good=0, bad=1
2025-11-21 10:39:35 - INFO - 预测结果已保存到: ckpt\20251121_103320_hazelnut_pred.csv
2025-11-21 10:39:35 - INFO - ============================================================
