2025-11-21 10:47:34 - INFO - 类别分布: {0: 200, 1: 50}
2025-11-21 10:47:34 - INFO - 类别权重: tensor([0.6250, 2.5000])
2025-11-21 10:47:34 - INFO - ============================================================
2025-11-21 10:47:34 - INFO - 开始训练 hazelnut good/bad 分类模型
2025-11-21 10:47:34 - INFO - 设备: cuda
2025-11-21 10:47:34 - INFO - 训练集大小（原图）: 250
2025-11-21 10:47:34 - INFO - 测试集大小: 55
2025-11-21 10:47:34 - INFO - 训练轮数: 50
2025-11-21 10:47:34 - INFO - ============================================================
2025-11-21 10:47:34 - INFO - ⚠ 数据增强已开启：每个 epoch 的样本数量将大于原始数量
2025-11-21 10:47:42 - INFO - [Epoch 1] Loss: 0.7040 | 实际训练样本数(增强后): 250
2025-11-21 10:47:50 - INFO - [Epoch 2] Loss: 0.6975 | 实际训练样本数(增强后): 250
2025-11-21 10:47:58 - INFO - [Epoch 3] Loss: 0.7263 | 实际训练样本数(增强后): 250
2025-11-21 10:48:05 - INFO - [Epoch 4] Loss: 0.6940 | 实际训练样本数(增强后): 250
2025-11-21 10:48:13 - INFO - [Epoch 5] Loss: 0.6960 | 实际训练样本数(增强后): 250
2025-11-21 10:48:21 - INFO - [Epoch 6] Loss: 0.6953 | 实际训练样本数(增强后): 250
2025-11-21 10:48:29 - INFO - [Epoch 7] Loss: 0.6933 | 实际训练样本数(增强后): 250
2025-11-21 10:48:37 - INFO - [Epoch 8] Loss: 0.6929 | 实际训练样本数(增强后): 250
2025-11-21 10:48:44 - INFO - [Epoch 9] Loss: 0.6956 | 实际训练样本数(增强后): 250
2025-11-21 10:48:52 - INFO - [Epoch 10] Loss: 0.6958 | 实际训练样本数(增强后): 250
2025-11-21 10:48:59 - INFO - [Epoch 11] Loss: 0.6926 | 实际训练样本数(增强后): 250
2025-11-21 10:49:07 - INFO - [Epoch 12] Loss: 0.6949 | 实际训练样本数(增强后): 250
2025-11-21 10:49:15 - INFO - [Epoch 13] Loss: 0.6938 | 实际训练样本数(增强后): 250
2025-11-21 10:49:23 - INFO - [Epoch 14] Loss: 0.6918 | 实际训练样本数(增强后): 250
2025-11-21 10:49:31 - INFO - [Epoch 15] Loss: 0.6992 | 实际训练样本数(增强后): 250
2025-11-21 10:49:39 - INFO - [Epoch 16] Loss: 0.6939 | 实际训练样本数(增强后): 250
2025-11-21 10:49:46 - INFO - [Epoch 17] Loss: 0.6930 | 实际训练样本数(增强后): 250
2025-11-21 10:49:54 - INFO - [Epoch 18] Loss: 0.6931 | 实际训练样本数(增强后): 250
2025-11-21 10:50:02 - INFO - [Epoch 19] Loss: 0.6927 | 实际训练样本数(增强后): 250
2025-11-21 10:50:09 - INFO - [Epoch 20] Loss: 0.6923 | 实际训练样本数(增强后): 250
2025-11-21 10:50:17 - INFO - [Epoch 21] Loss: 0.6920 | 实际训练样本数(增强后): 250
2025-11-21 10:50:25 - INFO - [Epoch 22] Loss: 0.6922 | 实际训练样本数(增强后): 250
2025-11-21 10:50:33 - INFO - [Epoch 23] Loss: 0.6984 | 实际训练样本数(增强后): 250
2025-11-21 10:50:41 - INFO - [Epoch 24] Loss: 0.6919 | 实际训练样本数(增强后): 250
2025-11-21 10:50:48 - INFO - [Epoch 25] Loss: 0.6931 | 实际训练样本数(增强后): 250
2025-11-21 10:50:56 - INFO - [Epoch 26] Loss: 0.6921 | 实际训练样本数(增强后): 250
2025-11-21 10:51:04 - INFO - [Epoch 27] Loss: 0.6934 | 实际训练样本数(增强后): 250
2025-11-21 10:51:11 - INFO - [Epoch 28] Loss: 0.6927 | 实际训练样本数(增强后): 250
2025-11-21 10:51:19 - INFO - [Epoch 29] Loss: 0.6932 | 实际训练样本数(增强后): 250
2025-11-21 10:51:26 - INFO - [Epoch 30] Loss: 0.6925 | 实际训练样本数(增强后): 250
2025-11-21 10:51:34 - INFO - [Epoch 31] Loss: 0.6912 | 实际训练样本数(增强后): 250
2025-11-21 10:51:41 - INFO - [Epoch 32] Loss: 0.6914 | 实际训练样本数(增强后): 250
2025-11-21 10:51:49 - INFO - [Epoch 33] Loss: 0.6923 | 实际训练样本数(增强后): 250
2025-11-21 10:51:56 - INFO - [Epoch 34] Loss: 0.6924 | 实际训练样本数(增强后): 250
2025-11-21 10:52:04 - INFO - [Epoch 35] Loss: 0.6944 | 实际训练样本数(增强后): 250
2025-11-21 10:52:11 - INFO - [Epoch 36] Loss: 0.6922 | 实际训练样本数(增强后): 250
2025-11-21 10:52:19 - INFO - [Epoch 37] Loss: 0.6901 | 实际训练样本数(增强后): 250
2025-11-21 10:52:27 - INFO - [Epoch 38] Loss: 0.6939 | 实际训练样本数(增强后): 250
2025-11-21 10:52:38 - INFO - [Epoch 39] Loss: 0.6857 | 实际训练样本数(增强后): 250
2025-11-21 10:52:47 - INFO - [Epoch 40] Loss: 0.6842 | 实际训练样本数(增强后): 250
2025-11-21 10:52:55 - INFO - [Epoch 41] Loss: 0.7033 | 实际训练样本数(增强后): 250
2025-11-21 10:53:03 - INFO - [Epoch 42] Loss: 0.6975 | 实际训练样本数(增强后): 250
2025-11-21 10:53:11 - INFO - [Epoch 43] Loss: 0.6887 | 实际训练样本数(增强后): 250
2025-11-21 10:53:18 - INFO - [Epoch 44] Loss: 0.6872 | 实际训练样本数(增强后): 250
2025-11-21 10:53:26 - INFO - [Epoch 45] Loss: 0.6779 | 实际训练样本数(增强后): 250
2025-11-21 10:53:33 - INFO - [Epoch 46] Loss: 0.6793 | 实际训练样本数(增强后): 250
2025-11-21 10:53:41 - INFO - [Epoch 47] Loss: 0.6858 | 实际训练样本数(增强后): 250
2025-11-21 10:53:48 - INFO - [Epoch 48] Loss: 0.6882 | 实际训练样本数(增强后): 250
2025-11-21 10:53:56 - INFO - [Epoch 49] Loss: 0.6873 | 实际训练样本数(增强后): 250
2025-11-21 10:54:04 - INFO - [Epoch 50] Loss: 0.6897 | 实际训练样本数(增强后): 250
2025-11-21 10:54:04 - INFO - ============================================================
2025-11-21 10:54:04 - INFO - 训练完成！
2025-11-21 10:54:05 - INFO - ============================================================
2025-11-21 10:54:05 - INFO - 测试集评估结果
2025-11-21 10:54:05 - INFO - 准确率: 72.73% (40/55) MLP
2025-11-21 10:54:05 - INFO - 分类: good=0, bad=1
2025-11-21 10:54:05 - INFO - 预测结果已保存到: ckpt\20251121_104727_hazelnut_pred.csv
2025-11-21 10:54:05 - INFO - ============================================================
