2025-11-24 14:33:53 - INFO - 类别分布: {0: 200, 1: 50}
2025-11-24 14:33:53 - INFO - 类别权重: tensor([0.6250, 2.5000])
2025-11-24 14:33:53 - INFO - ============================================================
2025-11-24 14:33:53 - INFO - 开始训练 hazelnut good/bad 分类模型
2025-11-24 14:33:53 - INFO - 设备: cuda
2025-11-24 14:33:53 - INFO - 训练集大小（原图）: 250
2025-11-24 14:33:53 - INFO - 测试集大小: 55
2025-11-24 14:33:53 - INFO - 训练轮数: 60
2025-11-24 14:33:53 - INFO - ============================================================
2025-11-24 14:34:01 - INFO - [Epoch 1] Loss: 0.8683
2025-11-24 14:34:08 - INFO - [Epoch 2] Loss: 0.2752
2025-11-24 14:34:16 - INFO - [Epoch 3] Loss: 0.2025
2025-11-24 14:34:24 - INFO - [Epoch 4] Loss: 0.1609
2025-11-24 14:34:32 - INFO - [Epoch 5] Loss: 0.0982
2025-11-24 14:34:39 - INFO - [Epoch 6] Loss: 0.0785
2025-11-24 14:34:47 - INFO - [Epoch 7] Loss: 0.0847
2025-11-24 14:34:54 - INFO - [Epoch 8] Loss: 0.0700
2025-11-24 14:35:02 - INFO - [Epoch 9] Loss: 0.0964
2025-11-24 14:35:10 - INFO - [Epoch 10] Loss: 0.0432
2025-11-24 14:35:18 - INFO - [Epoch 11] Loss: 0.0668
2025-11-24 14:35:26 - INFO - [Epoch 12] Loss: 0.0742
2025-11-24 14:35:33 - INFO - [Epoch 13] Loss: 0.0852
2025-11-24 14:35:41 - INFO - [Epoch 14] Loss: 0.0556
2025-11-24 14:35:49 - INFO - [Epoch 15] Loss: 0.0397
2025-11-24 14:35:57 - INFO - [Epoch 16] Loss: 0.0647
2025-11-24 14:36:04 - INFO - [Epoch 17] Loss: 0.1255
2025-11-24 14:36:12 - INFO - [Epoch 18] Loss: 0.1007
2025-11-24 14:36:20 - INFO - [Epoch 19] Loss: 0.0671
2025-11-24 14:36:28 - INFO - [Epoch 20] Loss: 0.0294
2025-11-24 14:36:35 - INFO - [Epoch 21] Loss: 0.0714
2025-11-24 14:36:43 - INFO - [Epoch 22] Loss: 0.0248
2025-11-24 14:36:51 - INFO - [Epoch 23] Loss: 0.0127
2025-11-24 14:36:59 - INFO - [Epoch 24] Loss: 0.0049
2025-11-24 14:37:07 - INFO - [Epoch 25] Loss: 0.0027
2025-11-24 14:37:14 - INFO - [Epoch 26] Loss: 0.0027
2025-11-24 14:37:22 - INFO - [Epoch 27] Loss: 0.0020
2025-11-24 14:37:30 - INFO - [Epoch 28] Loss: 0.0021
2025-11-24 14:37:38 - INFO - [Epoch 29] Loss: 0.0005
2025-11-24 14:37:46 - INFO - [Epoch 30] Loss: 0.0021
2025-11-24 14:37:53 - INFO - [Epoch 31] Loss: 0.0006
2025-11-24 14:38:01 - INFO - [Epoch 32] Loss: 0.0008
2025-11-24 14:38:09 - INFO - [Epoch 33] Loss: 0.0005
2025-11-24 14:38:17 - INFO - [Epoch 34] Loss: 0.0004
2025-11-24 14:38:25 - INFO - [Epoch 35] Loss: 0.0004
2025-11-24 14:38:32 - INFO - [Epoch 36] Loss: 0.0010
2025-11-24 14:38:40 - INFO - [Epoch 37] Loss: 0.0005
2025-11-24 14:38:48 - INFO - [Epoch 38] Loss: 0.0016
2025-11-24 14:38:55 - INFO - [Epoch 39] Loss: 0.0006
2025-11-24 14:39:03 - INFO - [Epoch 40] Loss: 0.0005
2025-11-24 14:39:11 - INFO - [Epoch 41] Loss: 0.0003
2025-11-24 14:39:18 - INFO - [Epoch 42] Loss: 0.0003
2025-11-24 14:39:26 - INFO - [Epoch 43] Loss: 0.0002
2025-11-24 14:39:34 - INFO - [Epoch 44] Loss: 0.0009
2025-11-24 14:39:42 - INFO - [Epoch 45] Loss: 0.0002
2025-11-24 14:39:49 - INFO - [Epoch 46] Loss: 0.0008
2025-11-24 14:39:57 - INFO - [Epoch 47] Loss: 0.0003
2025-11-24 14:40:05 - INFO - [Epoch 48] Loss: 0.0003
2025-11-24 14:40:13 - INFO - [Epoch 49] Loss: 0.0003
2025-11-24 14:40:20 - INFO - [Epoch 50] Loss: 0.0002
2025-11-24 14:40:28 - INFO - [Epoch 51] Loss: 0.0008
2025-11-24 14:40:36 - INFO - [Epoch 52] Loss: 0.0001
2025-11-24 14:40:44 - INFO - [Epoch 53] Loss: 0.0005
2025-11-24 14:40:52 - INFO - [Epoch 54] Loss: 0.0001
2025-11-24 14:40:59 - INFO - [Epoch 55] Loss: 0.0004
2025-11-24 14:41:07 - INFO - [Epoch 56] Loss: 0.0024
2025-11-24 14:41:15 - INFO - [Epoch 57] Loss: 0.0016
2025-11-24 14:41:23 - INFO - [Epoch 58] Loss: 0.0139
2025-11-24 14:41:31 - INFO - [Epoch 59] Loss: 0.0921
2025-11-24 14:41:38 - INFO - [Epoch 60] Loss: 0.0670
2025-11-24 14:41:38 - INFO - ============================================================
2025-11-24 14:41:38 - INFO - 训练完成！
2025-11-24 14:41:38 - INFO - ============================================================
2025-11-24 14:41:38 - INFO - 生成特征层 t-SNE 可视化图
2025-11-24 14:41:38 - INFO - ============================================================
2025-11-24 14:41:38 - INFO - 正在提取特征用于t-SNE可视化...
2025-11-24 14:41:40 - INFO - 提取了 55 个样本的特征，特征维度: 512
2025-11-24 14:41:40 - INFO - 开始t-SNE降维...
2025-11-24 14:41:41 - INFO - t-SNE可视化图已保存到: ckpt\20251124_143346_tsne_visualization.png
2025-11-24 14:41:41 - INFO - ============================================================
2025-11-24 14:41:42 - INFO - ============================================================
2025-11-24 14:41:42 - INFO - 测试集评估结果
2025-11-24 14:41:42 - INFO - 准确率: 27.27% (15/55)
2025-11-24 14:41:42 - INFO - 分类: good=0, bad=1
2025-11-24 14:41:43 - INFO - 预测结果已保存到: ckpt\20251124_143346_hazelnut_pred.csv
2025-11-24 14:41:43 - INFO - ============================================================
