2025-11-21 00:27:41 - INFO - 类别分布: {0: 200, 1: 50}
2025-11-21 00:27:41 - INFO - 类别权重: tensor([0.6250, 2.5000])
2025-11-21 00:27:41 - INFO - ============================================================
2025-11-21 00:27:41 - INFO - 开始训练 hazelnut good/bad 分类模型
2025-11-21 00:27:41 - INFO - 设备: cuda
2025-11-21 00:27:41 - INFO - 训练集大小（原图）: 250
2025-11-21 00:27:41 - INFO - 测试集大小: 55
2025-11-21 00:27:41 - INFO - 训练轮数: 20
2025-11-21 00:27:41 - INFO - ============================================================
2025-11-21 00:27:41 - INFO - ⚠ 数据增强已开启：每个 epoch 的样本数量将大于原始数量
2025-11-21 00:27:48 - INFO - [Epoch 1] Loss: 0.9085 | 实际训练样本数(增强后): 250
2025-11-21 00:27:56 - INFO - [Epoch 2] Loss: 0.7337 | 实际训练样本数(增强后): 250
2025-11-21 00:28:05 - INFO - [Epoch 3] Loss: 0.6629 | 实际训练样本数(增强后): 250
2025-11-21 00:28:15 - INFO - [Epoch 4] Loss: 0.6270 | 实际训练样本数(增强后): 250
2025-11-21 00:28:25 - INFO - [Epoch 5] Loss: 0.5761 | 实际训练样本数(增强后): 250
2025-11-21 00:28:33 - INFO - [Epoch 6] Loss: 0.5957 | 实际训练样本数(增强后): 250
2025-11-21 00:28:42 - INFO - [Epoch 7] Loss: 0.5967 | 实际训练样本数(增强后): 250
2025-11-21 00:28:51 - INFO - [Epoch 8] Loss: 0.5444 | 实际训练样本数(增强后): 250
2025-11-21 00:28:59 - INFO - [Epoch 9] Loss: 0.5250 | 实际训练样本数(增强后): 250
2025-11-21 00:29:08 - INFO - [Epoch 10] Loss: 0.5302 | 实际训练样本数(增强后): 250
2025-11-21 00:29:18 - INFO - [Epoch 11] Loss: 0.5371 | 实际训练样本数(增强后): 250
2025-11-21 00:29:28 - INFO - [Epoch 12] Loss: 0.4910 | 实际训练样本数(增强后): 250
2025-11-21 00:29:36 - INFO - [Epoch 13] Loss: 0.5148 | 实际训练样本数(增强后): 250
2025-11-21 00:29:43 - INFO - [Epoch 14] Loss: 0.4980 | 实际训练样本数(增强后): 250
2025-11-21 00:29:51 - INFO - [Epoch 15] Loss: 0.5093 | 实际训练样本数(增强后): 250
2025-11-21 00:29:59 - INFO - [Epoch 16] Loss: 0.4960 | 实际训练样本数(增强后): 250
2025-11-21 00:30:09 - INFO - [Epoch 17] Loss: 0.4740 | 实际训练样本数(增强后): 250
2025-11-21 00:30:19 - INFO - [Epoch 18] Loss: 0.4532 | 实际训练样本数(增强后): 250
2025-11-21 00:30:28 - INFO - [Epoch 19] Loss: 0.4707 | 实际训练样本数(增强后): 250
2025-11-21 00:30:38 - INFO - [Epoch 20] Loss: 0.4994 | 实际训练样本数(增强后): 250
2025-11-21 00:30:38 - INFO - ============================================================
2025-11-21 00:30:38 - INFO - 训练完成！
2025-11-21 00:30:40 - INFO - ============================================================
2025-11-21 00:30:40 - INFO - 测试集评估结果
2025-11-21 00:30:40 - INFO - 准确率: 72.73% (40/55)
2025-11-21 00:30:40 - INFO - 分类: good=0, bad=1
2025-11-21 00:30:40 - INFO - 预测结果已保存到: ckpt\20251121_002733_hazelnut_pred.csv
2025-11-21 00:30:40 - INFO - ============================================================
