2025-11-24 14:58:28 - INFO - 类别分布: {0: 200, 1: 50}
2025-11-24 14:58:28 - INFO - 类别权重: tensor([0.6250, 2.5000])
2025-11-24 14:58:28 - INFO - ============================================================
2025-11-24 14:58:28 - INFO - 开始训练 hazelnut good/bad 分类模型
2025-11-24 14:58:28 - INFO - 设备: cuda
2025-11-24 14:58:28 - INFO - 训练集大小（原图）: 250
2025-11-24 14:58:28 - INFO - 测试集大小: 55
2025-11-24 14:58:28 - INFO - 训练轮数: 50
2025-11-24 14:58:28 - INFO - ============================================================
2025-11-24 14:58:36 - INFO - [Epoch 1] Loss: 0.6218
2025-11-24 14:58:45 - INFO - [Epoch 2] Loss: 0.4029
2025-11-24 14:58:53 - INFO - [Epoch 3] Loss: 0.3887
2025-11-24 14:59:01 - INFO - [Epoch 4] Loss: 0.3980
2025-11-24 14:59:09 - INFO - [Epoch 5] Loss: 0.3549
2025-11-24 14:59:17 - INFO - [Epoch 6] Loss: 0.3115
2025-11-24 14:59:25 - INFO - [Epoch 7] Loss: 0.3169
2025-11-24 14:59:33 - INFO - [Epoch 8] Loss: 0.2641
2025-11-24 14:59:41 - INFO - [Epoch 9] Loss: 0.2283
2025-11-24 14:59:50 - INFO - [Epoch 10] Loss: 0.2426
2025-11-24 14:59:58 - INFO - [Epoch 11] Loss: 0.2385
2025-11-24 15:00:06 - INFO - [Epoch 12] Loss: 0.2534
2025-11-24 15:00:14 - INFO - [Epoch 13] Loss: 0.1827
2025-11-24 15:00:22 - INFO - [Epoch 14] Loss: 0.1746
2025-11-24 15:00:30 - INFO - [Epoch 15] Loss: 0.2623
2025-11-24 15:00:39 - INFO - [Epoch 16] Loss: 0.2143
2025-11-24 15:00:48 - INFO - [Epoch 17] Loss: 0.1989
2025-11-24 15:00:58 - INFO - [Epoch 18] Loss: 0.1587
2025-11-24 15:01:07 - INFO - [Epoch 19] Loss: 0.1575
2025-11-24 15:01:17 - INFO - [Epoch 20] Loss: 0.2178
2025-11-24 15:01:26 - INFO - [Epoch 21] Loss: 0.1968
2025-11-24 15:01:36 - INFO - [Epoch 22] Loss: 0.1518
2025-11-24 15:01:46 - INFO - [Epoch 23] Loss: 0.1478
2025-11-24 15:01:56 - INFO - [Epoch 24] Loss: 0.1622
2025-11-24 15:02:05 - INFO - [Epoch 25] Loss: 0.1930
2025-11-24 15:02:15 - INFO - [Epoch 26] Loss: 0.1334
2025-11-24 15:02:24 - INFO - [Epoch 27] Loss: 0.1880
2025-11-24 15:02:34 - INFO - [Epoch 28] Loss: 0.1529
2025-11-24 15:02:43 - INFO - [Epoch 29] Loss: 0.1160
2025-11-24 15:02:53 - INFO - [Epoch 30] Loss: 0.1300
2025-11-24 15:03:01 - INFO - [Epoch 31] Loss: 0.1615
2025-11-24 15:03:09 - INFO - [Epoch 32] Loss: 0.0998
2025-11-24 15:03:18 - INFO - [Epoch 33] Loss: 0.1756
2025-11-24 15:03:27 - INFO - [Epoch 34] Loss: 0.2483
2025-11-24 15:03:36 - INFO - [Epoch 35] Loss: 0.1469
2025-11-24 15:03:46 - INFO - [Epoch 36] Loss: 0.1101
2025-11-24 15:03:55 - INFO - [Epoch 37] Loss: 0.0807
2025-11-24 15:04:05 - INFO - [Epoch 38] Loss: 0.1067
2025-11-24 15:04:14 - INFO - [Epoch 39] Loss: 0.1182
2025-11-24 15:04:23 - INFO - [Epoch 40] Loss: 0.1210
2025-11-24 15:04:32 - INFO - [Epoch 41] Loss: 0.1692
2025-11-24 15:04:42 - INFO - [Epoch 42] Loss: 0.1300
2025-11-24 15:04:51 - INFO - [Epoch 43] Loss: 0.1296
2025-11-24 15:05:00 - INFO - [Epoch 44] Loss: 0.1212
2025-11-24 15:05:10 - INFO - [Epoch 45] Loss: 0.1279
2025-11-24 15:05:20 - INFO - [Epoch 46] Loss: 0.1430
2025-11-24 15:05:29 - INFO - [Epoch 47] Loss: 0.1245
2025-11-24 15:05:39 - INFO - [Epoch 48] Loss: 0.0778
2025-11-24 15:05:49 - INFO - [Epoch 49] Loss: 0.0826
2025-11-24 15:05:59 - INFO - [Epoch 50] Loss: 0.0999
2025-11-24 15:05:59 - INFO - ============================================================
2025-11-24 15:05:59 - INFO - 训练完成！
2025-11-24 15:05:59 - INFO - ============================================================
2025-11-24 15:05:59 - INFO - 生成特征层 t-SNE 可视化图
2025-11-24 15:05:59 - INFO - ============================================================
2025-11-24 15:05:59 - INFO - 正在提取特征用于t-SNE可视化...
2025-11-24 15:06:01 - INFO - 提取了 55 个样本的特征，特征维度: 512
2025-11-24 15:06:01 - INFO - 开始t-SNE降维...
2025-11-24 15:06:02 - INFO - t-SNE可视化图已保存到: ckpt\20251124_145820_tsne_visualization.png
2025-11-24 15:06:02 - INFO - ============================================================
2025-11-24 15:06:04 - INFO - ============================================================
2025-11-24 15:06:04 - INFO - 测试集评估结果
2025-11-24 15:06:04 - INFO - 准确率: 94.55% (52/55)
2025-11-24 15:06:04 - INFO - 分类: good=0, bad=1
2025-11-24 15:06:04 - INFO - 预测结果已保存到: ckpt\20251124_145820_hazelnut_pred.csv
2025-11-24 15:06:04 - INFO - ============================================================


不进行加权但进行图像增强