2025-11-21 00:16:45 - INFO - 类别分布: {0: 200, 1: 50}
2025-11-21 00:16:45 - INFO - 类别权重: tensor([0.6250, 2.5000])
2025-11-21 00:16:45 - INFO - ============================================================
2025-11-21 00:16:45 - INFO - 开始训练 hazelnut good/bad 分类模型
2025-11-21 00:16:45 - INFO - 设备: cuda
2025-11-21 00:16:45 - INFO - 训练集大小（原图）: 250
2025-11-21 00:16:45 - INFO - 测试集大小: 55
2025-11-21 00:16:45 - INFO - 训练轮数: 20
2025-11-21 00:16:45 - INFO - ============================================================
2025-11-21 00:16:45 - INFO - ⚠ 数据增强已开启：每个 epoch 的样本数量将大于原始数量
2025-11-21 00:16:53 - INFO - [Epoch 1] Loss: 0.7340 | 实际训练样本数(增强后): 250
2025-11-21 00:17:01 - INFO - [Epoch 2] Loss: 0.6582 | 实际训练样本数(增强后): 250
2025-11-21 00:17:09 - INFO - [Epoch 3] Loss: 0.6451 | 实际训练样本数(增强后): 250
2025-11-21 00:17:17 - INFO - [Epoch 4] Loss: 0.5936 | 实际训练样本数(增强后): 250
2025-11-21 00:17:25 - INFO - [Epoch 5] Loss: 0.5813 | 实际训练样本数(增强后): 250
2025-11-21 00:17:33 - INFO - [Epoch 6] Loss: 0.5969 | 实际训练样本数(增强后): 250
2025-11-21 00:17:41 - INFO - [Epoch 7] Loss: 0.5477 | 实际训练样本数(增强后): 250
2025-11-21 00:17:49 - INFO - [Epoch 8] Loss: 0.5410 | 实际训练样本数(增强后): 250
2025-11-21 00:17:57 - INFO - [Epoch 9] Loss: 0.5462 | 实际训练样本数(增强后): 250
2025-11-21 00:18:05 - INFO - [Epoch 10] Loss: 0.4738 | 实际训练样本数(增强后): 250
2025-11-21 00:18:13 - INFO - [Epoch 11] Loss: 0.4864 | 实际训练样本数(增强后): 250
2025-11-21 00:18:21 - INFO - [Epoch 12] Loss: 0.4799 | 实际训练样本数(增强后): 250
2025-11-21 00:18:29 - INFO - [Epoch 13] Loss: 0.5176 | 实际训练样本数(增强后): 250
2025-11-21 00:18:37 - INFO - [Epoch 14] Loss: 0.4911 | 实际训练样本数(增强后): 250
2025-11-21 00:18:45 - INFO - [Epoch 15] Loss: 0.4772 | 实际训练样本数(增强后): 250
2025-11-21 00:18:53 - INFO - [Epoch 16] Loss: 0.4639 | 实际训练样本数(增强后): 250
2025-11-21 00:19:01 - INFO - [Epoch 17] Loss: 0.4696 | 实际训练样本数(增强后): 250
2025-11-21 00:19:09 - INFO - [Epoch 18] Loss: 0.4340 | 实际训练样本数(增强后): 250
2025-11-21 00:19:17 - INFO - [Epoch 19] Loss: 0.4625 | 实际训练样本数(增强后): 250
2025-11-21 00:19:25 - INFO - [Epoch 20] Loss: 0.4732 | 实际训练样本数(增强后): 250
2025-11-21 00:19:25 - INFO - ============================================================
2025-11-21 00:19:25 - INFO - 训练完成！
2025-11-21 00:19:26 - INFO - ============================================================
2025-11-21 00:19:26 - INFO - 测试集评估结果
2025-11-21 00:19:26 - INFO - 准确率: 78.18% (43/55)
2025-11-21 00:19:26 - INFO - 分类: good=0, bad=1
2025-11-21 00:19:26 - INFO - 预测结果已保存到: ckpt\20251121_001638_hazelnut_pred.csv
2025-11-21 00:19:26 - INFO - ============================================================
