2025-11-21 00:34:09 - INFO - 类别分布: {0: 200, 1: 50}
2025-11-21 00:34:09 - INFO - 类别权重: tensor([0.6250, 2.5000])
2025-11-21 00:34:09 - INFO - ============================================================
2025-11-21 00:34:09 - INFO - 开始训练 hazelnut good/bad 分类模型
2025-11-21 00:34:09 - INFO - 设备: cuda
2025-11-21 00:34:09 - INFO - 训练集大小（原图）: 250
2025-11-21 00:34:09 - INFO - 测试集大小: 55
2025-11-21 00:34:09 - INFO - 训练轮数: 10
2025-11-21 00:34:09 - INFO - ============================================================
2025-11-21 00:34:09 - INFO - ⚠ 数据增强已开启：每个 epoch 的样本数量将大于原始数量
2025-11-21 00:34:17 - INFO - [Epoch 1] Loss: 0.6639 | 实际训练样本数(增强后): 250
2025-11-21 00:34:25 - INFO - [Epoch 2] Loss: 0.6197 | 实际训练样本数(增强后): 250
2025-11-21 00:34:32 - INFO - [Epoch 3] Loss: 0.6468 | 实际训练样本数(增强后): 250
2025-11-21 00:34:40 - INFO - [Epoch 4] Loss: 0.6402 | 实际训练样本数(增强后): 250
2025-11-21 00:34:48 - INFO - [Epoch 5] Loss: 0.5616 | 实际训练样本数(增强后): 250
2025-11-21 00:34:56 - INFO - [Epoch 6] Loss: 0.5502 | 实际训练样本数(增强后): 250
2025-11-21 00:35:03 - INFO - [Epoch 7] Loss: 0.5583 | 实际训练样本数(增强后): 250
2025-11-21 00:35:11 - INFO - [Epoch 8] Loss: 0.5205 | 实际训练样本数(增强后): 250
2025-11-21 00:35:19 - INFO - [Epoch 9] Loss: 0.5697 | 实际训练样本数(增强后): 250
2025-11-21 00:35:26 - INFO - [Epoch 10] Loss: 0.5229 | 实际训练样本数(增强后): 250
2025-11-21 00:35:26 - INFO - ============================================================
2025-11-21 00:35:26 - INFO - 训练完成！
2025-11-21 00:35:28 - INFO - ============================================================
2025-11-21 00:35:28 - INFO - 测试集评估结果
2025-11-21 00:35:28 - INFO - 准确率: 70.91% (39/55)
2025-11-21 00:35:28 - INFO - 分类: good=0, bad=1
2025-11-21 00:35:28 - INFO - 预测结果已保存到: ckpt\20251121_003402_hazelnut_pred.csv
2025-11-21 00:35:28 - INFO - ============================================================
