2025-11-21 13:14:09 - INFO - 类别分布: {0: 200, 1: 50}
2025-11-21 13:14:09 - INFO - 类别权重: tensor([0.6250, 2.5000])
2025-11-21 13:14:09 - INFO - ============================================================
2025-11-21 13:14:09 - INFO - 开始训练 hazelnut good/bad 分类模型
2025-11-21 13:14:09 - INFO - 设备: cuda
2025-11-21 13:14:09 - INFO - 训练集大小（原图）: 250
2025-11-21 13:14:09 - INFO - 测试集大小: 55
2025-11-21 13:14:09 - INFO - 训练轮数: 10
2025-11-21 13:14:09 - INFO - ============================================================
2025-11-21 13:14:20 - INFO - [Epoch 1] Loss: 1.3191
2025-11-21 13:14:30 - INFO - [Epoch 2] Loss: 0.5948
2025-11-21 13:14:40 - INFO - [Epoch 3] Loss: 0.5662
2025-11-21 13:14:50 - INFO - [Epoch 4] Loss: 0.4873
2025-11-21 13:15:00 - INFO - [Epoch 5] Loss: 0.4431
2025-11-21 13:15:08 - INFO - [Epoch 6] Loss: 0.4543
2025-11-21 13:15:17 - INFO - [Epoch 7] Loss: 0.5661
2025-11-21 13:15:27 - INFO - [Epoch 8] Loss: 0.4435
2025-11-21 13:15:37 - INFO - [Epoch 9] Loss: 0.4482
2025-11-21 13:15:48 - INFO - [Epoch 10] Loss: 0.3686
2025-11-21 13:15:48 - INFO - ============================================================
2025-11-21 13:15:48 - INFO - 训练完成！
2025-11-21 13:15:48 - INFO - ============================================================
2025-11-21 13:15:48 - INFO - 生成特征层 t-SNE 可视化图
2025-11-21 13:15:48 - INFO - ============================================================
2025-11-21 13:15:48 - INFO - 正在提取特征用于t-SNE可视化...
2025-11-21 13:15:50 - INFO - 提取了 55 个样本的特征，特征维度: 512
2025-11-21 13:15:50 - INFO - 开始t-SNE降维...
2025-11-21 13:15:51 - INFO - t-SNE可视化图已保存到: ckpt\20251121_131401_tsne_visualization.png
2025-11-21 13:15:51 - INFO - ============================================================
2025-11-21 13:15:53 - INFO - ============================================================
2025-11-21 13:15:53 - INFO - 测试集评估结果
2025-11-21 13:15:53 - INFO - 准确率: 85.45% (47/55)
2025-11-21 13:15:53 - INFO - 分类: good=0, bad=1
2025-11-21 13:15:53 - INFO - 预测结果已保存到: ckpt\20251121_131401_hazelnut_pred.csv
2025-11-21 13:15:53 - INFO - ============================================================
