2025-11-24 12:38:25 - INFO - 类别分布: {0: 200, 1: 50}
2025-11-24 12:38:25 - INFO - 类别权重: tensor([0.6250, 2.5000])
2025-11-24 12:38:25 - INFO - ============================================================
2025-11-24 12:38:25 - INFO - 开始训练 zipper good/bad 分类模型
2025-11-24 12:38:25 - INFO - 设备: cuda
2025-11-24 12:38:25 - INFO - 训练集大小（原图）: 250
2025-11-24 12:38:25 - INFO - 测试集大小: 47
2025-11-24 12:38:25 - INFO - 训练轮数: 30
2025-11-24 12:38:25 - INFO - ============================================================
2025-11-24 12:38:29 - INFO - [Epoch 1] Loss: 1.7842
2025-11-24 12:38:33 - INFO - [Epoch 2] Loss: 0.8293
2025-11-24 12:38:37 - INFO - [Epoch 3] Loss: 0.7880
2025-11-24 12:38:41 - INFO - [Epoch 4] Loss: 0.9646
2025-11-24 12:38:45 - INFO - [Epoch 5] Loss: 1.0360
2025-11-24 12:38:48 - INFO - [Epoch 6] Loss: 0.7303
2025-11-24 12:38:52 - INFO - [Epoch 7] Loss: 0.7102
2025-11-24 12:38:56 - INFO - [Epoch 8] Loss: 0.7215
2025-11-24 12:39:00 - INFO - [Epoch 9] Loss: 0.7244
2025-11-24 12:39:03 - INFO - [Epoch 10] Loss: 0.7069
2025-11-24 12:39:07 - INFO - [Epoch 11] Loss: 0.7044
2025-11-24 12:39:11 - INFO - [Epoch 12] Loss: 0.7087
2025-11-24 12:39:15 - INFO - [Epoch 13] Loss: 0.7014
2025-11-24 12:39:18 - INFO - [Epoch 14] Loss: 0.7091
2025-11-24 12:39:22 - INFO - [Epoch 15] Loss: 0.7408
2025-11-24 12:39:26 - INFO - [Epoch 16] Loss: 0.7660
2025-11-24 12:39:30 - INFO - [Epoch 17] Loss: 0.7153
2025-11-24 12:39:33 - INFO - [Epoch 18] Loss: 0.7028
2025-11-24 12:39:37 - INFO - [Epoch 19] Loss: 0.7155
2025-11-24 12:39:41 - INFO - [Epoch 20] Loss: 0.7006
2025-11-24 12:39:45 - INFO - [Epoch 21] Loss: 0.7020
2025-11-24 12:39:48 - INFO - [Epoch 22] Loss: 0.7033
2025-11-24 12:39:52 - INFO - [Epoch 23] Loss: 0.7037
2025-11-24 12:39:56 - INFO - [Epoch 24] Loss: 0.7308
2025-11-24 12:40:00 - INFO - [Epoch 25] Loss: 0.7610
2025-11-24 12:40:03 - INFO - [Epoch 26] Loss: 0.6973
2025-11-24 12:40:07 - INFO - [Epoch 27] Loss: 0.6912
2025-11-24 12:40:11 - INFO - [Epoch 28] Loss: 0.7508
2025-11-24 12:40:15 - INFO - [Epoch 29] Loss: 0.7433
2025-11-24 12:40:18 - INFO - [Epoch 30] Loss: 0.7105
2025-11-24 12:40:18 - INFO - ============================================================
2025-11-24 12:40:18 - INFO - 训练完成！
2025-11-24 12:40:19 - INFO - ============================================================
2025-11-24 12:40:19 - INFO - 测试集评估结果
2025-11-24 12:40:19 - INFO - 准确率: 68.09% (32/47)
2025-11-24 12:40:19 - INFO - 分类: good=0, bad=1
2025-11-24 12:40:19 - INFO - 预测结果已保存到: ckpt\20251124_123822_zipper_pred.csv
2025-11-24 12:40:19 - INFO - ============================================================
