2025-11-21 00:32:33 - INFO - 类别分布: {0: 200, 1: 50}
2025-11-21 00:32:33 - INFO - 类别权重: tensor([0.6250, 2.5000])
2025-11-21 00:32:33 - INFO - ============================================================
2025-11-21 00:32:33 - INFO - 开始训练 hazelnut good/bad 分类模型
2025-11-21 00:32:33 - INFO - 设备: cuda
2025-11-21 00:32:33 - INFO - 训练集大小（原图）: 250
2025-11-21 00:32:33 - INFO - 测试集大小: 55
2025-11-21 00:32:33 - INFO - 训练轮数: 5
2025-11-21 00:32:33 - INFO - ============================================================
2025-11-21 00:32:33 - INFO - ⚠ 数据增强已开启：每个 epoch 的样本数量将大于原始数量
2025-11-21 00:32:41 - INFO - [Epoch 1] Loss: 0.8111 | 实际训练样本数(增强后): 250
2025-11-21 00:32:48 - INFO - [Epoch 2] Loss: 0.7046 | 实际训练样本数(增强后): 250
2025-11-21 00:32:56 - INFO - [Epoch 3] Loss: 0.6365 | 实际训练样本数(增强后): 250
2025-11-21 00:33:04 - INFO - [Epoch 4] Loss: 0.6033 | 实际训练样本数(增强后): 250
2025-11-21 00:33:11 - INFO - [Epoch 5] Loss: 0.5618 | 实际训练样本数(增强后): 250
2025-11-21 00:33:11 - INFO - ============================================================
2025-11-21 00:33:11 - INFO - 训练完成！
2025-11-21 00:33:13 - INFO - ============================================================
2025-11-21 00:33:13 - INFO - 测试集评估结果
2025-11-21 00:33:13 - INFO - 准确率: 34.55% (19/55)
2025-11-21 00:33:13 - INFO - 分类: good=0, bad=1
2025-11-21 00:33:13 - INFO - 预测结果已保存到: ckpt\20251121_003226_hazelnut_pred.csv
2025-11-21 00:33:13 - INFO - ============================================================
