2025-11-24 12:41:16 - INFO - 类别分布: {0: 200, 1: 50}
2025-11-24 12:41:16 - INFO - 类别权重: tensor([0.6250, 2.5000])
2025-11-24 12:41:16 - INFO - ============================================================
2025-11-24 12:41:16 - INFO - 开始训练 hazelnut good/bad 分类模型
2025-11-24 12:41:16 - INFO - 设备: cuda
2025-11-24 12:41:16 - INFO - 训练集大小（原图）: 250
2025-11-24 12:41:16 - INFO - 测试集大小: 55
2025-11-24 12:41:16 - INFO - 训练轮数: 30
2025-11-24 12:41:16 - INFO - ============================================================
2025-11-24 12:41:24 - INFO - [Epoch 1] Loss: 1.0386
2025-11-24 12:41:32 - INFO - [Epoch 2] Loss: 0.5818
2025-11-24 12:41:40 - INFO - [Epoch 3] Loss: 0.5239
2025-11-24 12:41:48 - INFO - [Epoch 4] Loss: 0.4721
2025-11-24 12:41:56 - INFO - [Epoch 5] Loss: 0.5133
2025-11-24 12:42:03 - INFO - [Epoch 6] Loss: 0.4563
2025-11-24 12:42:11 - INFO - [Epoch 7] Loss: 0.5128
2025-11-24 12:42:19 - INFO - [Epoch 8] Loss: 0.4148
2025-11-24 12:42:27 - INFO - [Epoch 9] Loss: 0.3826
2025-11-24 12:42:34 - INFO - [Epoch 10] Loss: 0.4414
2025-11-24 12:42:42 - INFO - [Epoch 11] Loss: 0.3536
2025-11-24 12:42:50 - INFO - [Epoch 12] Loss: 0.2789
2025-11-24 12:42:58 - INFO - [Epoch 13] Loss: 0.2549
2025-11-24 12:43:06 - INFO - [Epoch 14] Loss: 0.3702
2025-11-24 12:43:14 - INFO - [Epoch 15] Loss: 0.3734
2025-11-24 12:43:22 - INFO - [Epoch 16] Loss: 0.3022
2025-11-24 12:43:30 - INFO - [Epoch 17] Loss: 0.2288
2025-11-24 12:43:38 - INFO - [Epoch 18] Loss: 0.2062
2025-11-24 12:43:46 - INFO - [Epoch 19] Loss: 0.2870
2025-11-24 12:43:54 - INFO - [Epoch 20] Loss: 0.2289
2025-11-24 12:44:02 - INFO - [Epoch 21] Loss: 0.1892
2025-11-24 12:44:10 - INFO - [Epoch 22] Loss: 0.2562
2025-11-24 12:44:17 - INFO - [Epoch 23] Loss: 0.1975
2025-11-24 12:44:26 - INFO - [Epoch 24] Loss: 0.2796
2025-11-24 12:44:34 - INFO - [Epoch 25] Loss: 0.2164
2025-11-24 12:44:42 - INFO - [Epoch 26] Loss: 0.3130
2025-11-24 12:44:50 - INFO - [Epoch 27] Loss: 0.1759
2025-11-24 12:44:59 - INFO - [Epoch 28] Loss: 0.2408
2025-11-24 12:45:07 - INFO - [Epoch 29] Loss: 0.2161
2025-11-24 12:45:15 - INFO - [Epoch 30] Loss: 0.2302
2025-11-24 12:45:15 - INFO - ============================================================
2025-11-24 12:45:15 - INFO - 训练完成！
2025-11-24 12:45:15 - INFO - ============================================================
2025-11-24 12:45:15 - INFO - 生成特征层 t-SNE 可视化图
2025-11-24 12:45:15 - INFO - ============================================================
2025-11-24 12:45:15 - INFO - 正在提取特征用于t-SNE可视化...
2025-11-24 12:45:17 - INFO - 提取了 55 个样本的特征，特征维度: 512
2025-11-24 12:45:17 - INFO - 开始t-SNE降维...
2025-11-24 12:45:17 - INFO - t-SNE可视化图已保存到: ckpt\20251124_124109_tsne_visualization.png
2025-11-24 12:45:17 - INFO - ============================================================
2025-11-24 12:45:19 - INFO - ============================================================
2025-11-24 12:45:19 - INFO - 测试集评估结果
2025-11-24 12:45:19 - INFO - 准确率: 90.91% (50/55)
2025-11-24 12:45:19 - INFO - 分类: good=0, bad=1
2025-11-24 12:45:19 - INFO - 预测结果已保存到: ckpt\20251124_124109_hazelnut_pred.csv
2025-11-24 12:45:19 - INFO - ============================================================
