2025-11-21 10:55:28 - INFO - 类别分布: {0: 200, 1: 50}
2025-11-21 10:55:28 - INFO - 类别权重: tensor([0.6250, 2.5000])
2025-11-21 10:55:28 - INFO - ============================================================
2025-11-21 10:55:28 - INFO - 开始训练 hazelnut good/bad 分类模型
2025-11-21 10:55:28 - INFO - 设备: cuda
2025-11-21 10:55:28 - INFO - 训练集大小（原图）: 250
2025-11-21 10:55:28 - INFO - 测试集大小: 55
2025-11-21 10:55:28 - INFO - 训练轮数: 50
2025-11-21 10:55:28 - INFO - ============================================================
2025-11-21 10:55:36 - INFO - [Epoch 1] Loss: 1.6905
2025-11-21 10:55:44 - INFO - [Epoch 2] Loss: 0.7374
2025-11-21 10:55:52 - INFO - [Epoch 3] Loss: 0.6471
2025-11-21 10:56:00 - INFO - [Epoch 4] Loss: 0.5740
2025-11-21 10:56:09 - INFO - [Epoch 5] Loss: 0.5765
2025-11-21 10:56:16 - INFO - [Epoch 6] Loss: 0.5084
2025-11-21 10:56:25 - INFO - [Epoch 7] Loss: 0.5074
2025-11-21 10:56:35 - INFO - [Epoch 8] Loss: 0.4993
2025-11-21 10:56:44 - INFO - [Epoch 9] Loss: 0.5427
2025-11-21 10:56:54 - INFO - [Epoch 10] Loss: 0.5837
2025-11-21 10:57:03 - INFO - [Epoch 11] Loss: 0.4828
2025-11-21 10:57:11 - INFO - [Epoch 12] Loss: 0.4527
2025-11-21 10:57:20 - INFO - [Epoch 13] Loss: 0.4328
2025-11-21 10:57:29 - INFO - [Epoch 14] Loss: 0.3951
2025-11-21 10:57:37 - INFO - [Epoch 15] Loss: 0.4647
2025-11-21 10:57:45 - INFO - [Epoch 16] Loss: 0.4050
2025-11-21 10:57:54 - INFO - [Epoch 17] Loss: 0.3198
2025-11-21 10:58:02 - INFO - [Epoch 18] Loss: 0.2895
2025-11-21 10:58:09 - INFO - [Epoch 19] Loss: 0.3114
2025-11-21 10:58:17 - INFO - [Epoch 20] Loss: 0.3223
2025-11-21 10:58:25 - INFO - [Epoch 21] Loss: 0.3432
2025-11-21 10:58:33 - INFO - [Epoch 22] Loss: 0.2380
2025-11-21 10:58:41 - INFO - [Epoch 23] Loss: 0.3576
2025-11-21 10:58:49 - INFO - [Epoch 24] Loss: 0.3791
2025-11-21 10:58:58 - INFO - [Epoch 25] Loss: 0.3145
2025-11-21 10:59:07 - INFO - [Epoch 26] Loss: 0.3021
2025-11-21 10:59:15 - INFO - [Epoch 27] Loss: 0.2115
2025-11-21 10:59:23 - INFO - [Epoch 28] Loss: 0.2749
2025-11-21 10:59:32 - INFO - [Epoch 29] Loss: 0.3348
2025-11-21 10:59:42 - INFO - [Epoch 30] Loss: 0.3128
2025-11-21 10:59:52 - INFO - [Epoch 31] Loss: 0.2530
2025-11-21 11:00:01 - INFO - [Epoch 32] Loss: 0.2163
2025-11-21 11:00:09 - INFO - [Epoch 33] Loss: 0.2309
2025-11-21 11:00:17 - INFO - [Epoch 34] Loss: 0.2311
2025-11-21 11:00:25 - INFO - [Epoch 35] Loss: 0.1574
2025-11-21 11:00:33 - INFO - [Epoch 36] Loss: 0.2779
2025-11-21 11:00:41 - INFO - [Epoch 37] Loss: 0.1780
2025-11-21 11:00:51 - INFO - [Epoch 38] Loss: 0.2665
2025-11-21 11:00:59 - INFO - [Epoch 39] Loss: 0.2023
2025-11-21 11:01:08 - INFO - [Epoch 40] Loss: 0.2298
2025-11-21 11:01:16 - INFO - [Epoch 41] Loss: 0.1959
2025-11-21 11:01:24 - INFO - [Epoch 42] Loss: 0.2423
2025-11-21 11:01:32 - INFO - [Epoch 43] Loss: 0.2382
2025-11-21 11:01:39 - INFO - [Epoch 44] Loss: 0.1827
2025-11-21 11:01:47 - INFO - [Epoch 45] Loss: 0.1569
2025-11-21 11:01:56 - INFO - [Epoch 46] Loss: 0.2575
2025-11-21 11:02:04 - INFO - [Epoch 47] Loss: 0.1218
2025-11-21 11:02:12 - INFO - [Epoch 48] Loss: 0.1138
2025-11-21 11:02:21 - INFO - [Epoch 49] Loss: 0.1258
2025-11-21 11:02:30 - INFO - [Epoch 50] Loss: 0.1088
2025-11-21 11:02:30 - INFO - ============================================================
2025-11-21 11:02:30 - INFO - 训练完成！
2025-11-21 11:02:31 - INFO - ============================================================
2025-11-21 11:02:31 - INFO - 测试集评估结果
2025-11-21 11:02:31 - INFO - 准确率: 94.55% (52/55)  ResNet18
2025-11-21 11:02:31 - INFO - 分类: good=0, bad=1
2025-11-21 11:02:31 - INFO - 预测结果已保存到: ckpt\20251121_105519_hazelnut_pred.csv
2025-11-21 11:02:31 - INFO - ============================================================
