2025-11-24 14:49:41 - INFO - 类别分布: {0: 200, 1: 50}
2025-11-24 14:49:41 - INFO - 类别权重: tensor([0.6250, 2.5000])
2025-11-24 14:49:41 - INFO - ============================================================
2025-11-24 14:49:41 - INFO - 开始训练 hazelnut good/bad 分类模型
2025-11-24 14:49:41 - INFO - 设备: cuda
2025-11-24 14:49:41 - INFO - 训练集大小（原图）: 250
2025-11-24 14:49:41 - INFO - 测试集大小: 55
2025-11-24 14:49:41 - INFO - 训练轮数: 50
2025-11-24 14:49:41 - INFO - ============================================================
2025-11-24 14:49:51 - INFO - [Epoch 1] Loss: 0.4156
2025-11-24 14:50:01 - INFO - [Epoch 2] Loss: 0.2379
2025-11-24 14:50:11 - INFO - [Epoch 3] Loss: 0.1652
2025-11-24 14:50:21 - INFO - [Epoch 4] Loss: 0.1287
2025-11-24 14:50:30 - INFO - [Epoch 5] Loss: 0.0814
2025-11-24 14:50:38 - INFO - [Epoch 6] Loss: 0.1174
2025-11-24 14:50:46 - INFO - [Epoch 7] Loss: 0.1037
2025-11-24 14:50:53 - INFO - [Epoch 8] Loss: 0.0541
2025-11-24 14:51:02 - INFO - [Epoch 9] Loss: 0.0245
2025-11-24 14:51:11 - INFO - [Epoch 10] Loss: 0.0424
2025-11-24 14:51:19 - INFO - [Epoch 11] Loss: 0.0377
2025-11-24 14:51:27 - INFO - [Epoch 12] Loss: 0.0624
2025-11-24 14:51:35 - INFO - [Epoch 13] Loss: 0.0407
2025-11-24 14:51:44 - INFO - [Epoch 14] Loss: 0.0287
2025-11-24 14:51:52 - INFO - [Epoch 15] Loss: 0.0122
2025-11-24 14:52:00 - INFO - [Epoch 16] Loss: 0.0137
2025-11-24 14:52:08 - INFO - [Epoch 17] Loss: 0.0333
2025-11-24 14:52:16 - INFO - [Epoch 18] Loss: 0.0995
2025-11-24 14:52:24 - INFO - [Epoch 19] Loss: 0.0876
2025-11-24 14:52:32 - INFO - [Epoch 20] Loss: 0.0442
2025-11-24 14:52:39 - INFO - [Epoch 21] Loss: 0.0196
2025-11-24 14:52:47 - INFO - [Epoch 22] Loss: 0.0069
2025-11-24 14:52:55 - INFO - [Epoch 23] Loss: 0.0062
2025-11-24 14:53:03 - INFO - [Epoch 24] Loss: 0.0061
2025-11-24 14:53:11 - INFO - [Epoch 25] Loss: 0.0335
2025-11-24 14:53:18 - INFO - [Epoch 26] Loss: 0.0723
2025-11-24 14:53:26 - INFO - [Epoch 27] Loss: 0.0243
2025-11-24 14:53:34 - INFO - [Epoch 28] Loss: 0.1054
2025-11-24 14:53:42 - INFO - [Epoch 29] Loss: 0.0562
2025-11-24 14:53:49 - INFO - [Epoch 30] Loss: 0.0366
2025-11-24 14:53:57 - INFO - [Epoch 31] Loss: 0.0290
2025-11-24 14:54:05 - INFO - [Epoch 32] Loss: 0.0150
2025-11-24 14:54:13 - INFO - [Epoch 33] Loss: 0.0471
2025-11-24 14:54:21 - INFO - [Epoch 34] Loss: 0.0251
2025-11-24 14:54:28 - INFO - [Epoch 35] Loss: 0.0133
2025-11-24 14:54:36 - INFO - [Epoch 36] Loss: 0.0088
2025-11-24 14:54:44 - INFO - [Epoch 37] Loss: 0.0111
2025-11-24 14:54:52 - INFO - [Epoch 38] Loss: 0.0076
2025-11-24 14:55:00 - INFO - [Epoch 39] Loss: 0.0050
2025-11-24 14:55:08 - INFO - [Epoch 40] Loss: 0.0147
2025-11-24 14:55:15 - INFO - [Epoch 41] Loss: 0.0120
2025-11-24 14:55:23 - INFO - [Epoch 42] Loss: 0.0029
2025-11-24 14:55:31 - INFO - [Epoch 43] Loss: 0.0028
2025-11-24 14:55:39 - INFO - [Epoch 44] Loss: 0.0009
2025-11-24 14:55:47 - INFO - [Epoch 45] Loss: 0.0008
2025-11-24 14:55:55 - INFO - [Epoch 46] Loss: 0.0017
2025-11-24 14:56:03 - INFO - [Epoch 47] Loss: 0.0014
2025-11-24 14:56:11 - INFO - [Epoch 48] Loss: 0.0003
2025-11-24 14:56:19 - INFO - [Epoch 49] Loss: 0.0004
2025-11-24 14:56:27 - INFO - [Epoch 50] Loss: 0.0003
2025-11-24 14:56:27 - INFO - ============================================================
2025-11-24 14:56:27 - INFO - 训练完成！
2025-11-24 14:56:27 - INFO - ============================================================
2025-11-24 14:56:27 - INFO - 生成特征层 t-SNE 可视化图
2025-11-24 14:56:27 - INFO - ============================================================
2025-11-24 14:56:27 - INFO - 正在提取特征用于t-SNE可视化...
2025-11-24 14:56:29 - INFO - 提取了 55 个样本的特征，特征维度: 512
2025-11-24 14:56:29 - INFO - 开始t-SNE降维...
2025-11-24 14:56:29 - INFO - t-SNE可视化图已保存到: ckpt\20251124_144934_tsne_visualization.png
2025-11-24 14:56:29 - INFO - ============================================================
2025-11-24 14:56:31 - INFO - ============================================================
2025-11-24 14:56:31 - INFO - 测试集评估结果
2025-11-24 14:56:31 - INFO - 准确率: 83.64% (46/55)
2025-11-24 14:56:31 - INFO - 分类: good=0, bad=1
2025-11-24 14:56:31 - INFO - 预测结果已保存到: ckpt\20251124_144934_hazelnut_pred.csv
2025-11-24 14:56:31 - INFO - ============================================================


不加权重并且不进行图像增强的模型