2025-11-24 12:15:33 - INFO - 类别分布: {0: 200, 1: 50}
2025-11-24 12:15:33 - INFO - 类别权重: tensor([0.6250, 2.5000])
2025-11-24 12:15:33 - INFO - ============================================================
2025-11-24 12:15:33 - INFO - 开始训练 hazelnut good/bad 分类模型
2025-11-24 12:15:33 - INFO - 设备: cuda
2025-11-24 12:15:33 - INFO - 训练集大小（原图）: 250
2025-11-24 12:15:33 - INFO - 测试集大小: 47
2025-11-24 12:15:33 - INFO - 训练轮数: 10
2025-11-24 12:15:33 - INFO - ============================================================
2025-11-24 12:15:38 - INFO - [Epoch 1] Loss: 1.0339
2025-11-24 12:15:42 - INFO - [Epoch 2] Loss: 0.7036
2025-11-24 12:15:46 - INFO - [Epoch 3] Loss: 0.7482
2025-11-24 12:15:49 - INFO - [Epoch 4] Loss: 0.7108
2025-11-24 12:15:53 - INFO - [Epoch 5] Loss: 0.6993
2025-11-24 12:15:57 - INFO - [Epoch 6] Loss: 0.7152
2025-11-24 12:16:01 - INFO - [Epoch 7] Loss: 0.6915
2025-11-24 12:16:04 - INFO - [Epoch 8] Loss: 0.7081
2025-11-24 12:16:08 - INFO - [Epoch 9] Loss: 0.7183
2025-11-24 12:16:12 - INFO - [Epoch 10] Loss: 0.7309
2025-11-24 12:16:12 - INFO - ============================================================
2025-11-24 12:16:12 - INFO - 训练完成！
2025-11-24 12:16:12 - INFO - ============================================================
2025-11-24 12:16:12 - INFO - 生成特征层 t-SNE 可视化图
2025-11-24 12:16:12 - INFO - ============================================================
2025-11-24 12:16:12 - INFO - 正在提取特征用于t-SNE可视化...
2025-11-24 12:16:13 - INFO - 提取了 47 个样本的特征，特征维度: 512
2025-11-24 12:16:13 - INFO - 开始t-SNE降维...
2025-11-24 12:16:14 - INFO - t-SNE可视化图已保存到: ckpt\20251124_121528_tsne_visualization.png
2025-11-24 12:16:14 - INFO - ============================================================
2025-11-24 12:16:15 - INFO - ============================================================
2025-11-24 12:16:15 - INFO - 测试集评估结果
2025-11-24 12:16:15 - INFO - 准确率: 68.09% (32/47)
2025-11-24 12:16:15 - INFO - 分类: good=0, bad=1
2025-11-24 12:16:15 - INFO - 预测结果已保存到: ckpt\20251124_121528_hazelnut_pred.csv
2025-11-24 12:16:15 - INFO - ============================================================
