2025-12-19 10:48:08 - INFO - 类别分布: {0: 200, 1: 50}
2025-12-19 10:48:08 - INFO - 类别权重: tensor([0.6250, 2.5000])
2025-12-19 10:48:08 - INFO - ============================================================
2025-12-19 10:48:08 - INFO - 开始训练 zipper good/bad 分类模型
2025-12-19 10:48:08 - INFO - 设备: cuda
2025-12-19 10:48:08 - INFO - 训练集大小（原图）: 250
2025-12-19 10:48:08 - INFO - 测试集大小: 47
2025-12-19 10:48:08 - INFO - 训练轮数: 60
2025-12-19 10:48:08 - INFO - ============================================================
2025-12-19 10:48:12 - INFO - [Epoch 1] Loss: 0.9843
2025-12-19 10:48:17 - INFO - [Epoch 2] Loss: 0.7110
2025-12-19 10:48:21 - INFO - [Epoch 3] Loss: 0.5833
2025-12-19 10:48:25 - INFO - [Epoch 4] Loss: 0.5185
2025-12-19 10:48:29 - INFO - [Epoch 5] Loss: 0.4387
2025-12-19 10:48:33 - INFO - [Epoch 6] Loss: 0.4624
2025-12-19 10:48:37 - INFO - [Epoch 7] Loss: 0.4732
2025-12-19 10:48:42 - INFO - [Epoch 8] Loss: 0.3365
2025-12-19 10:48:46 - INFO - [Epoch 9] Loss: 0.2799
2025-12-19 10:48:50 - INFO - [Epoch 10] Loss: 0.2819
2025-12-19 10:48:54 - INFO - [Epoch 11] Loss: 0.2235
2025-12-19 10:48:58 - INFO - [Epoch 12] Loss: 0.2592
2025-12-19 10:49:03 - INFO - [Epoch 13] Loss: 0.2079
2025-12-19 10:49:07 - INFO - [Epoch 14] Loss: 0.1810
2025-12-19 10:49:11 - INFO - [Epoch 15] Loss: 0.1872
2025-12-19 10:49:15 - INFO - [Epoch 16] Loss: 0.1548
2025-12-19 10:49:20 - INFO - [Epoch 17] Loss: 0.1732
2025-12-19 10:49:24 - INFO - [Epoch 18] Loss: 0.1293
2025-12-19 10:49:28 - INFO - [Epoch 19] Loss: 0.1715
2025-12-19 10:49:32 - INFO - [Epoch 20] Loss: 0.1436
2025-12-19 10:49:36 - INFO - [Epoch 21] Loss: 0.0717
2025-12-19 10:49:41 - INFO - [Epoch 22] Loss: 0.0495
2025-12-19 10:49:45 - INFO - [Epoch 23] Loss: 0.0285
2025-12-19 10:49:49 - INFO - [Epoch 24] Loss: 0.0416
2025-12-19 10:49:53 - INFO - [Epoch 25] Loss: 0.0493
2025-12-19 10:49:57 - INFO - [Epoch 26] Loss: 0.0687
2025-12-19 10:50:02 - INFO - [Epoch 27] Loss: 0.1372
2025-12-19 10:50:06 - INFO - [Epoch 28] Loss: 0.1659
2025-12-19 10:50:10 - INFO - [Epoch 29] Loss: 0.1015
2025-12-19 10:50:14 - INFO - [Epoch 30] Loss: 0.0544
2025-12-19 10:50:18 - INFO - [Epoch 31] Loss: 0.0589
2025-12-19 10:50:23 - INFO - [Epoch 32] Loss: 0.0602
2025-12-19 10:50:27 - INFO - [Epoch 33] Loss: 0.0371
2025-12-19 10:50:31 - INFO - [Epoch 34] Loss: 0.1155
2025-12-19 10:50:35 - INFO - [Epoch 35] Loss: 0.0576
2025-12-19 10:50:39 - INFO - [Epoch 36] Loss: 0.0360
2025-12-19 10:50:44 - INFO - [Epoch 37] Loss: 0.0249
2025-12-19 10:50:48 - INFO - [Epoch 38] Loss: 0.0403
2025-12-19 10:50:52 - INFO - [Epoch 39] Loss: 0.0604
2025-12-19 10:50:56 - INFO - [Epoch 40] Loss: 0.0625
2025-12-19 10:51:00 - INFO - [Epoch 41] Loss: 0.0608
2025-12-19 10:51:04 - INFO - [Epoch 42] Loss: 0.0226
2025-12-19 10:51:08 - INFO - [Epoch 43] Loss: 0.0140
2025-12-19 10:51:13 - INFO - [Epoch 44] Loss: 0.0143
2025-12-19 10:51:17 - INFO - [Epoch 45] Loss: 0.0063
2025-12-19 10:51:21 - INFO - [Epoch 46] Loss: 0.0040
2025-12-19 10:51:25 - INFO - [Epoch 47] Loss: 0.0040
2025-12-19 10:51:29 - INFO - [Epoch 48] Loss: 0.0014
2025-12-19 10:51:34 - INFO - [Epoch 49] Loss: 0.0041
2025-12-19 10:51:38 - INFO - [Epoch 50] Loss: 0.0008
2025-12-19 10:51:42 - INFO - [Epoch 51] Loss: 0.0008
2025-12-19 10:51:46 - INFO - [Epoch 52] Loss: 0.0026
2025-12-19 10:51:50 - INFO - [Epoch 53] Loss: 0.0013
2025-12-19 10:51:55 - INFO - [Epoch 54] Loss: 0.0036
2025-12-19 10:51:59 - INFO - [Epoch 55] Loss: 0.0007
2025-12-19 10:52:03 - INFO - [Epoch 56] Loss: 0.0005
2025-12-19 10:52:07 - INFO - [Epoch 57] Loss: 0.0004
2025-12-19 10:52:12 - INFO - [Epoch 58] Loss: 0.0012
2025-12-19 10:52:16 - INFO - [Epoch 59] Loss: 0.0010
2025-12-19 10:52:20 - INFO - [Epoch 60] Loss: 0.0002
2025-12-19 10:52:20 - INFO - ============================================================
2025-12-19 10:52:20 - INFO - 训练完成！
2025-12-19 10:52:20 - INFO - ============================================================
2025-12-19 10:52:20 - INFO - 生成特征层 t-SNE 可视化图
2025-12-19 10:52:20 - INFO - ============================================================
2025-12-19 10:52:20 - INFO - 正在提取特征用于t-SNE可视化...
2025-12-19 10:52:21 - INFO - 提取了 47 个样本的特征，特征维度: 512
2025-12-19 10:52:21 - INFO - 开始t-SNE降维...
2025-12-19 10:52:21 - INFO - t-SNE可视化图已保存到: ckpt/20251219_104804_tsne_visualization.png
2025-12-19 10:52:21 - INFO - ============================================================
2025-12-19 10:52:22 - INFO - ============================================================
2025-12-19 10:52:22 - INFO - 测试集评估结果
2025-12-19 10:52:22 - INFO - 准确率: 85.11% (40/47)
2025-12-19 10:52:22 - INFO - 分类: good=0, bad=1
2025-12-19 10:52:22 - INFO - 预测结果已保存到: ckpt/20251219_104804_zipper_pred.csv
2025-12-19 10:52:22 - INFO - ============================================================
