2025-11-20 23:44:11 - INFO - 类别分布: {0: 200, 1: 50}
2025-11-20 23:44:11 - INFO - 类别权重: tensor([0.6250, 2.5000])
2025-11-20 23:44:11 - INFO - ============================================================
2025-11-20 23:44:11 - INFO - 开始训练 hazelnut good/bad 分类模型
2025-11-20 23:44:11 - INFO - 设备: cuda
2025-11-20 23:44:11 - INFO - 训练集大小: 250
2025-11-20 23:44:11 - INFO - 测试集大小: 55
2025-11-20 23:44:11 - INFO - 训练轮数: 10
2025-11-20 23:44:11 - INFO - ============================================================
2025-11-20 23:44:18 - INFO - Epoch [1/10], Loss: 0.6947
2025-11-20 23:44:25 - INFO - Epoch [2/10], Loss: 0.6933
2025-11-20 23:44:31 - INFO - Epoch [3/10], Loss: 0.6936
2025-11-20 23:44:38 - INFO - Epoch [4/10], Loss: 0.6932
2025-11-20 23:44:45 - INFO - Epoch [5/10], Loss: 0.6938
2025-11-20 23:44:52 - INFO - Epoch [6/10], Loss: 0.6932
2025-11-20 23:44:58 - INFO - Epoch [7/10], Loss: 0.6930
2025-11-20 23:45:05 - INFO - Epoch [8/10], Loss: 0.6927
2025-11-20 23:45:12 - INFO - Epoch [9/10], Loss: 0.6923
2025-11-20 23:45:19 - INFO - Epoch [10/10], Loss: 0.6929
2025-11-20 23:45:19 - INFO - ============================================================
2025-11-20 23:45:19 - INFO - 训练完成！
2025-11-20 23:45:20 - INFO - ============================================================
2025-11-20 23:45:20 - INFO - 测试集评估结果
2025-11-20 23:45:20 - INFO - 准确率: 72.73% (40/55)
2025-11-20 23:45:20 - INFO - 分类: good=0, bad=1
2025-11-20 23:45:20 - INFO - 预测结果已保存到: ckpt\20251120_234404_hazelnut_pred.csv
2025-11-20 23:45:20 - INFO - ============================================================
