2025-12-18 23:23:00 - INFO - 类别分布: {1: 50, 0: 200}
2025-12-18 23:23:00 - INFO - 类别权重: tensor([0.6250, 2.5000])
2025-12-18 23:23:00 - INFO - ============================================================
2025-12-18 23:23:00 - INFO - 开始训练 hazelnut good/bad 分类模型
2025-12-18 23:23:00 - INFO - 设备: cuda
2025-12-18 23:23:00 - INFO - 训练集大小（原图）: 250
2025-12-18 23:23:00 - INFO - 测试集大小: 55
2025-12-18 23:23:00 - INFO - 训练轮数: 50
2025-12-18 23:23:00 - INFO - ============================================================
2025-12-18 23:23:09 - INFO - [Epoch 1] Loss: 0.7364
2025-12-18 23:23:18 - INFO - [Epoch 2] Loss: 0.4651
2025-12-18 23:23:26 - INFO - [Epoch 3] Loss: 0.4690
2025-12-18 23:23:35 - INFO - [Epoch 4] Loss: 0.3967
2025-12-18 23:23:44 - INFO - [Epoch 5] Loss: 0.3654
2025-12-18 23:23:53 - INFO - [Epoch 6] Loss: 0.3876
2025-12-18 23:24:02 - INFO - [Epoch 7] Loss: 0.2933
2025-12-18 23:24:11 - INFO - [Epoch 8] Loss: 0.3257
2025-12-18 23:24:20 - INFO - [Epoch 9] Loss: 0.3359
2025-12-18 23:24:28 - INFO - [Epoch 10] Loss: 0.2738
2025-12-18 23:24:38 - INFO - [Epoch 11] Loss: 0.2217
2025-12-18 23:24:46 - INFO - [Epoch 12] Loss: 0.2293
2025-12-18 23:24:55 - INFO - [Epoch 13] Loss: 0.2774
2025-12-18 23:25:04 - INFO - [Epoch 14] Loss: 0.2583
2025-12-18 23:25:12 - INFO - [Epoch 15] Loss: 0.1931
2025-12-18 23:25:21 - INFO - [Epoch 16] Loss: 0.1815
2025-12-18 23:25:30 - INFO - [Epoch 17] Loss: 0.2045
2025-12-18 23:25:41 - INFO - [Epoch 18] Loss: 0.2345
2025-12-18 23:25:51 - INFO - [Epoch 19] Loss: 0.2242
2025-12-18 23:26:01 - INFO - [Epoch 20] Loss: 0.1678
2025-12-18 23:26:11 - INFO - [Epoch 21] Loss: 0.1524
2025-12-18 23:26:21 - INFO - [Epoch 22] Loss: 0.1378
2025-12-18 23:26:31 - INFO - [Epoch 23] Loss: 0.1671
2025-12-18 23:26:40 - INFO - [Epoch 24] Loss: 0.1362
2025-12-18 23:26:49 - INFO - [Epoch 25] Loss: 0.1537
2025-12-18 23:26:58 - INFO - [Epoch 26] Loss: 0.2533
2025-12-18 23:27:07 - INFO - [Epoch 27] Loss: 0.1977
2025-12-18 23:27:16 - INFO - [Epoch 28] Loss: 0.1766
2025-12-18 23:27:25 - INFO - [Epoch 29] Loss: 0.1597
2025-12-18 23:27:35 - INFO - [Epoch 30] Loss: 0.1478
2025-12-18 23:27:45 - INFO - [Epoch 31] Loss: 0.1118
2025-12-18 23:27:56 - INFO - [Epoch 32] Loss: 0.1283
2025-12-18 23:28:06 - INFO - [Epoch 33] Loss: 0.1973
2025-12-18 23:28:16 - INFO - [Epoch 34] Loss: 0.1155
2025-12-18 23:28:25 - INFO - [Epoch 35] Loss: 0.1139
2025-12-18 23:28:34 - INFO - [Epoch 36] Loss: 0.1128
2025-12-18 23:28:43 - INFO - [Epoch 37] Loss: 0.1357
2025-12-18 23:28:52 - INFO - [Epoch 38] Loss: 0.0994
2025-12-18 23:29:01 - INFO - [Epoch 39] Loss: 0.1540
2025-12-18 23:29:10 - INFO - [Epoch 40] Loss: 0.1131
2025-12-18 23:29:19 - INFO - [Epoch 41] Loss: 0.1000
2025-12-18 23:29:28 - INFO - [Epoch 42] Loss: 0.1454
2025-12-18 23:29:36 - INFO - [Epoch 43] Loss: 0.1105
2025-12-18 23:29:45 - INFO - [Epoch 44] Loss: 0.1302
2025-12-18 23:29:53 - INFO - [Epoch 45] Loss: 0.0549
2025-12-18 23:30:03 - INFO - [Epoch 46] Loss: 0.1028
2025-12-18 23:30:12 - INFO - [Epoch 47] Loss: 0.1318
2025-12-18 23:30:20 - INFO - [Epoch 48] Loss: 0.1466
2025-12-18 23:30:29 - INFO - [Epoch 49] Loss: 0.0872
2025-12-18 23:30:38 - INFO - [Epoch 50] Loss: 0.0982
2025-12-18 23:30:38 - INFO - ============================================================
2025-12-18 23:30:38 - INFO - 训练完成！
2025-12-18 23:30:38 - INFO - ============================================================
2025-12-18 23:30:38 - INFO - 生成特征层 t-SNE 可视化图
2025-12-18 23:30:38 - INFO - ============================================================
2025-12-18 23:30:38 - INFO - 正在提取特征用于t-SNE可视化...
2025-12-18 23:30:40 - INFO - 提取了 55 个样本的特征，特征维度: 512
2025-12-18 23:30:40 - INFO - 开始t-SNE降维...
2025-12-18 23:30:41 - INFO - t-SNE可视化图已保存到: ckpt\20251218_232252_tsne_visualization.png
2025-12-18 23:30:41 - INFO - ============================================================
2025-12-18 23:30:44 - INFO - ============================================================
2025-12-18 23:30:44 - INFO - 测试集评估结果
2025-12-18 23:30:44 - INFO - 准确率: 90.91% (50/55)
2025-12-18 23:30:44 - INFO - 分类: good=0, bad=1
2025-12-18 23:30:44 - INFO - 预测结果已保存到: ckpt\20251218_232252_hazelnut_pred.csv
2025-12-18 23:30:44 - INFO - ============================================================
