2025-11-24 12:22:34 - INFO - 类别分布: {0: 200, 1: 50}
2025-11-24 12:22:34 - INFO - 类别权重: tensor([0.6250, 2.5000])
2025-11-24 12:22:34 - INFO - ============================================================
2025-11-24 12:22:34 - INFO - 开始训练 hazelnut good/bad 分类模型
2025-11-24 12:22:34 - INFO - 设备: cuda
2025-11-24 12:22:34 - INFO - 训练集大小（原图）: 250
2025-11-24 12:22:34 - INFO - 测试集大小: 55
2025-11-24 12:22:34 - INFO - 训练轮数: 10
2025-11-24 12:22:34 - INFO - ============================================================
2025-11-24 12:22:42 - INFO - [Epoch 1] Loss: 1.1385
2025-11-24 12:22:50 - INFO - [Epoch 2] Loss: 0.6305
2025-11-24 12:22:58 - INFO - [Epoch 3] Loss: 0.5255
2025-11-24 12:23:06 - INFO - [Epoch 4] Loss: 0.5335
2025-11-24 12:23:14 - INFO - [Epoch 5] Loss: 0.4627
2025-11-24 12:23:22 - INFO - [Epoch 6] Loss: 0.5338
2025-11-24 12:23:30 - INFO - [Epoch 7] Loss: 0.4846
2025-11-24 12:23:37 - INFO - [Epoch 8] Loss: 0.4908
2025-11-24 12:23:45 - INFO - [Epoch 9] Loss: 0.4019
2025-11-24 12:23:53 - INFO - [Epoch 10] Loss: 0.4017
2025-11-24 12:23:53 - INFO - ============================================================
2025-11-24 12:23:53 - INFO - 训练完成！
2025-11-24 12:23:53 - INFO - ============================================================
2025-11-24 12:23:53 - INFO - 生成特征层 t-SNE 可视化图
2025-11-24 12:23:53 - INFO - ============================================================
2025-11-24 12:23:53 - INFO - 正在提取特征用于t-SNE可视化...
2025-11-24 12:23:55 - INFO - 提取了 55 个样本的特征，特征维度: 512
2025-11-24 12:23:55 - INFO - 开始t-SNE降维...
2025-11-24 12:23:56 - INFO - t-SNE可视化图已保存到: ckpt\20251124_122224_tsne_visualization.png
2025-11-24 12:23:56 - INFO - ============================================================
2025-11-24 12:23:57 - INFO - ============================================================
2025-11-24 12:23:57 - INFO - 测试集评估结果
2025-11-24 12:23:57 - INFO - 准确率: 74.55% (41/55)
2025-11-24 12:23:57 - INFO - 分类: good=0, bad=1
2025-11-24 12:23:57 - INFO - 预测结果已保存到: ckpt\20251124_122224_hazelnut_pred.csv
2025-11-24 12:23:57 - INFO - ============================================================
