2025-12-19 11:23:31 - INFO - 类别分布: {0: 200, 1: 50}
2025-12-19 11:23:31 - INFO - 类别权重: tensor([0.6250, 2.5000])
2025-12-19 11:23:31 - INFO - ============================================================
2025-12-19 11:23:31 - INFO - 开始训练 hazelnut good/bad 分类模型
2025-12-19 11:23:31 - INFO - 设备: cuda
2025-12-19 11:23:31 - INFO - 训练集大小（原图）: 250
2025-12-19 11:23:31 - INFO - 测试集大小: 55
2025-12-19 11:23:31 - INFO - 训练轮数: 60
2025-12-19 11:23:31 - INFO - ============================================================
2025-12-19 11:23:41 - INFO - [Epoch 1] Loss: 0.5681
2025-12-19 11:23:51 - INFO - [Epoch 2] Loss: 0.2851
2025-12-19 11:24:01 - INFO - [Epoch 3] Loss: 0.1587
2025-12-19 11:24:11 - INFO - [Epoch 4] Loss: 0.0776
2025-12-19 11:24:21 - INFO - [Epoch 5] Loss: 0.2080
2025-12-19 11:24:31 - INFO - [Epoch 6] Loss: 0.1124
2025-12-19 11:24:42 - INFO - [Epoch 7] Loss: 0.0762
2025-12-19 11:24:52 - INFO - [Epoch 8] Loss: 0.0675
2025-12-19 11:25:02 - INFO - [Epoch 9] Loss: 0.0931
2025-12-19 11:25:12 - INFO - [Epoch 10] Loss: 0.0576
2025-12-19 11:25:22 - INFO - [Epoch 11] Loss: 0.0407
2025-12-19 11:25:32 - INFO - [Epoch 12] Loss: 0.0279
2025-12-19 11:25:42 - INFO - [Epoch 13] Loss: 0.1267
2025-12-19 11:25:52 - INFO - [Epoch 14] Loss: 0.0540
2025-12-19 11:26:02 - INFO - [Epoch 15] Loss: 0.0343
2025-12-19 11:26:12 - INFO - [Epoch 16] Loss: 0.0195
2025-12-19 11:26:22 - INFO - [Epoch 17] Loss: 0.0138
2025-12-19 11:26:32 - INFO - [Epoch 18] Loss: 0.0273
2025-12-19 11:26:42 - INFO - [Epoch 19] Loss: 0.0495
2025-12-19 11:26:52 - INFO - [Epoch 20] Loss: 0.0738
2025-12-19 11:27:02 - INFO - [Epoch 21] Loss: 0.0644
2025-12-19 11:27:13 - INFO - [Epoch 22] Loss: 0.0821
2025-12-19 11:27:22 - INFO - [Epoch 23] Loss: 0.0363
2025-12-19 11:27:32 - INFO - [Epoch 24] Loss: 0.0126
2025-12-19 11:27:42 - INFO - [Epoch 25] Loss: 0.0057
2025-12-19 11:27:52 - INFO - [Epoch 26] Loss: 0.0064
2025-12-19 11:28:02 - INFO - [Epoch 27] Loss: 0.0045
2025-12-19 11:28:13 - INFO - [Epoch 28] Loss: 0.0098
2025-12-19 11:28:23 - INFO - [Epoch 29] Loss: 0.0103
2025-12-19 11:28:33 - INFO - [Epoch 30] Loss: 0.0158
2025-12-19 11:28:43 - INFO - [Epoch 31] Loss: 0.0105
2025-12-19 11:28:53 - INFO - [Epoch 32] Loss: 0.0161
2025-12-19 11:29:03 - INFO - [Epoch 33] Loss: 0.0027
2025-12-19 11:29:13 - INFO - [Epoch 34] Loss: 0.0893
2025-12-19 11:29:23 - INFO - [Epoch 35] Loss: 0.0236
2025-12-19 11:29:33 - INFO - [Epoch 36] Loss: 0.0449
2025-12-19 11:29:43 - INFO - [Epoch 37] Loss: 0.0887
2025-12-19 11:29:53 - INFO - [Epoch 38] Loss: 0.0642
2025-12-19 11:30:04 - INFO - [Epoch 39] Loss: 0.0792
2025-12-19 11:30:14 - INFO - [Epoch 40] Loss: 0.0601
2025-12-19 11:30:24 - INFO - [Epoch 41] Loss: 0.0329
2025-12-19 11:30:34 - INFO - [Epoch 42] Loss: 0.0117
2025-12-19 11:30:44 - INFO - [Epoch 43] Loss: 0.0157
2025-12-19 11:30:54 - INFO - [Epoch 44] Loss: 0.0170
2025-12-19 11:31:04 - INFO - [Epoch 45] Loss: 0.0113
2025-12-19 11:31:14 - INFO - [Epoch 46] Loss: 0.0196
2025-12-19 11:31:24 - INFO - [Epoch 47] Loss: 0.0163
2025-12-19 11:31:35 - INFO - [Epoch 48] Loss: 0.0125
2025-12-19 11:31:45 - INFO - [Epoch 49] Loss: 0.0085
2025-12-19 11:31:55 - INFO - [Epoch 50] Loss: 0.0020
2025-12-19 11:32:05 - INFO - [Epoch 51] Loss: 0.0006
2025-12-19 11:32:15 - INFO - [Epoch 52] Loss: 0.0019
2025-12-19 11:32:24 - INFO - [Epoch 53] Loss: 0.0013
2025-12-19 11:32:35 - INFO - [Epoch 54] Loss: 0.0052
2025-12-19 11:32:45 - INFO - [Epoch 55] Loss: 0.0034
2025-12-19 11:32:55 - INFO - [Epoch 56] Loss: 0.0025
2025-12-19 11:33:05 - INFO - [Epoch 57] Loss: 0.0005
2025-12-19 11:33:15 - INFO - [Epoch 58] Loss: 0.0012
2025-12-19 11:33:25 - INFO - [Epoch 59] Loss: 0.0022
2025-12-19 11:33:35 - INFO - [Epoch 60] Loss: 0.0020
2025-12-19 11:33:35 - INFO - ============================================================
2025-12-19 11:33:35 - INFO - 训练完成！
2025-12-19 11:33:35 - INFO - ============================================================
2025-12-19 11:33:35 - INFO - 生成特征层 t-SNE 可视化图
2025-12-19 11:33:35 - INFO - ============================================================
2025-12-19 11:33:35 - INFO - 正在提取特征用于t-SNE可视化...
2025-12-19 11:33:37 - INFO - 提取了 55 个样本的特征，特征维度: 512
2025-12-19 11:33:37 - INFO - 开始t-SNE降维...
2025-12-19 11:33:38 - INFO - t-SNE可视化图已保存到: ckpt/20251219_112321_tsne_visualization.png
2025-12-19 11:33:38 - INFO - ============================================================
2025-12-19 11:33:40 - INFO - ============================================================
2025-12-19 11:33:40 - INFO - 测试集评估结果
2025-12-19 11:33:40 - INFO - 准确率: 100.00% (55/55)
2025-12-19 11:33:40 - INFO - 分类: good=0, bad=1
2025-12-19 11:33:40 - INFO - 预测结果已保存到: ckpt/20251219_112321_hazelnut_pred.csv
2025-12-19 11:33:40 - INFO - ============================================================
