2025-11-21 00:02:39 - INFO - 类别分布: {0: 200, 1: 50}
2025-11-21 00:02:39 - INFO - 类别权重: tensor([0.6250, 2.5000])
2025-11-21 00:02:39 - INFO - ============================================================
2025-11-21 00:02:39 - INFO - 开始训练 hazelnut good/bad 分类模型
2025-11-21 00:02:39 - INFO - 设备: cuda
2025-11-21 00:02:39 - INFO - 训练集大小: 250
2025-11-21 00:02:39 - INFO - 测试集大小: 55
2025-11-21 00:02:39 - INFO - 训练轮数: 10
2025-11-21 00:02:39 - INFO - ============================================================
2025-11-21 00:02:49 - INFO - Epoch [1/10], Loss: 0.4202
2025-11-21 00:02:58 - INFO - Epoch [2/10], Loss: 0.2817
2025-11-21 00:03:08 - INFO - Epoch [3/10], Loss: 0.0946
2025-11-21 00:03:16 - INFO - Epoch [4/10], Loss: 0.1018
2025-11-21 00:03:24 - INFO - Epoch [5/10], Loss: 0.0780
2025-11-21 00:03:34 - INFO - Epoch [6/10], Loss: 0.1517
2025-11-21 00:03:44 - INFO - Epoch [7/10], Loss: 0.1219
2025-11-21 00:03:54 - INFO - Epoch [8/10], Loss: 0.0741
2025-11-21 00:04:03 - INFO - Epoch [9/10], Loss: 0.0205
2025-11-21 00:04:13 - INFO - Epoch [10/10], Loss: 0.0201
2025-11-21 00:04:13 - INFO - ============================================================
2025-11-21 00:04:13 - INFO - 训练完成！
2025-11-21 00:04:15 - INFO - ============================================================
2025-11-21 00:04:15 - INFO - 测试集评估结果
2025-11-21 00:04:15 - INFO - 准确率: 40.00% (22/55)
2025-11-21 00:04:15 - INFO - 分类: good=0, bad=1
2025-11-21 00:04:15 - INFO - 预测结果已保存到: ckpt\20251121_000230_hazelnut_pred.csv
2025-11-21 00:04:15 - INFO - ============================================================
