2025-12-19 10:55:04 - INFO - 类别分布: {0: 200, 1: 50}
2025-12-19 10:55:04 - INFO - 类别权重: tensor([0.6250, 2.5000])
2025-12-19 10:55:04 - INFO - ============================================================
2025-12-19 10:55:04 - INFO - 开始训练 hazelnut good/bad 分类模型
2025-12-19 10:55:04 - INFO - 设备: cuda
2025-12-19 10:55:04 - INFO - 训练集大小（原图）: 250
2025-12-19 10:55:04 - INFO - 测试集大小: 55
2025-12-19 10:55:04 - INFO - 训练轮数: 60
2025-12-19 10:55:04 - INFO - ============================================================
2025-12-19 10:55:15 - INFO - [Epoch 1] Loss: 0.6989
2025-12-19 10:55:26 - INFO - [Epoch 2] Loss: 0.3518
2025-12-19 10:55:36 - INFO - [Epoch 3] Loss: 0.3260
2025-12-19 10:55:46 - INFO - [Epoch 4] Loss: 0.2969
2025-12-19 10:55:56 - INFO - [Epoch 5] Loss: 0.2414
2025-12-19 10:56:06 - INFO - [Epoch 6] Loss: 0.3498
2025-12-19 10:56:17 - INFO - [Epoch 7] Loss: 0.2599
2025-12-19 10:56:27 - INFO - [Epoch 8] Loss: 0.2626
2025-12-19 10:56:37 - INFO - [Epoch 9] Loss: 0.2053
2025-12-19 10:56:48 - INFO - [Epoch 10] Loss: 0.2045
2025-12-19 10:56:58 - INFO - [Epoch 11] Loss: 0.2314
2025-12-19 10:57:08 - INFO - [Epoch 12] Loss: 0.1760
2025-12-19 10:57:18 - INFO - [Epoch 13] Loss: 0.1580
2025-12-19 10:57:29 - INFO - [Epoch 14] Loss: 0.2140
2025-12-19 10:57:39 - INFO - [Epoch 15] Loss: 0.1608
2025-12-19 10:57:49 - INFO - [Epoch 16] Loss: 0.1364
2025-12-19 10:57:59 - INFO - [Epoch 17] Loss: 0.2080
2025-12-19 10:58:10 - INFO - [Epoch 18] Loss: 0.1908
2025-12-19 10:58:20 - INFO - [Epoch 19] Loss: 0.1258
2025-12-19 10:58:30 - INFO - [Epoch 20] Loss: 0.1627
2025-12-19 10:58:40 - INFO - [Epoch 21] Loss: 0.1502
2025-12-19 10:58:51 - INFO - [Epoch 22] Loss: 0.1513
2025-12-19 10:59:01 - INFO - [Epoch 23] Loss: 0.0989
2025-12-19 10:59:11 - INFO - [Epoch 24] Loss: 0.1165
2025-12-19 10:59:21 - INFO - [Epoch 25] Loss: 0.1644
2025-12-19 10:59:32 - INFO - [Epoch 26] Loss: 0.0757
2025-12-19 10:59:42 - INFO - [Epoch 27] Loss: 0.2080
2025-12-19 10:59:52 - INFO - [Epoch 28] Loss: 0.1094
2025-12-19 11:00:02 - INFO - [Epoch 29] Loss: 0.1270
2025-12-19 11:00:12 - INFO - [Epoch 30] Loss: 0.1422
2025-12-19 11:00:22 - INFO - [Epoch 31] Loss: 0.0668
2025-12-19 11:00:33 - INFO - [Epoch 32] Loss: 0.1206
2025-12-19 11:00:43 - INFO - [Epoch 33] Loss: 0.1267
2025-12-19 11:00:53 - INFO - [Epoch 34] Loss: 0.0998
2025-12-19 11:01:03 - INFO - [Epoch 35] Loss: 0.1162
2025-12-19 11:01:13 - INFO - [Epoch 36] Loss: 0.0843
2025-12-19 11:01:24 - INFO - [Epoch 37] Loss: 0.1284
2025-12-19 11:01:34 - INFO - [Epoch 38] Loss: 0.0905
2025-12-19 11:01:44 - INFO - [Epoch 39] Loss: 0.0894
2025-12-19 11:01:54 - INFO - [Epoch 40] Loss: 0.1039
2025-12-19 11:02:05 - INFO - [Epoch 41] Loss: 0.1480
2025-12-19 11:02:15 - INFO - [Epoch 42] Loss: 0.1433
2025-12-19 11:02:25 - INFO - [Epoch 43] Loss: 0.1309
2025-12-19 11:02:35 - INFO - [Epoch 44] Loss: 0.1312
2025-12-19 11:02:46 - INFO - [Epoch 45] Loss: 0.0859
2025-12-19 11:02:56 - INFO - [Epoch 46] Loss: 0.0837
2025-12-19 11:03:06 - INFO - [Epoch 47] Loss: 0.0454
2025-12-19 11:03:16 - INFO - [Epoch 48] Loss: 0.1144
2025-12-19 11:03:27 - INFO - [Epoch 49] Loss: 0.1094
2025-12-19 11:03:37 - INFO - [Epoch 50] Loss: 0.0904
2025-12-19 11:03:47 - INFO - [Epoch 51] Loss: 0.0706
2025-12-19 11:03:57 - INFO - [Epoch 52] Loss: 0.1405
2025-12-19 11:04:08 - INFO - [Epoch 53] Loss: 0.0855
2025-12-19 11:04:18 - INFO - [Epoch 54] Loss: 0.0900
2025-12-19 11:04:28 - INFO - [Epoch 55] Loss: 0.0778
2025-12-19 11:04:38 - INFO - [Epoch 56] Loss: 0.1273
2025-12-19 11:04:48 - INFO - [Epoch 57] Loss: 0.1408
2025-12-19 11:04:59 - INFO - [Epoch 58] Loss: 0.0951
2025-12-19 11:05:09 - INFO - [Epoch 59] Loss: 0.0623
2025-12-19 11:05:19 - INFO - [Epoch 60] Loss: 0.1014
2025-12-19 11:05:19 - INFO - ============================================================
2025-12-19 11:05:19 - INFO - 训练完成！
2025-12-19 11:05:19 - INFO - ============================================================
2025-12-19 11:05:19 - INFO - 生成特征层 t-SNE 可视化图
2025-12-19 11:05:19 - INFO - ============================================================
2025-12-19 11:05:19 - INFO - 正在提取特征用于t-SNE可视化...
2025-12-19 11:05:21 - INFO - 提取了 55 个样本的特征，特征维度: 512
2025-12-19 11:05:21 - INFO - 开始t-SNE降维...
2025-12-19 11:05:22 - INFO - t-SNE可视化图已保存到: ckpt/20251219_105454_tsne_visualization.png
2025-12-19 11:05:22 - INFO - ============================================================
2025-12-19 11:05:24 - INFO - ============================================================
2025-12-19 11:05:24 - INFO - 测试集评估结果
2025-12-19 11:05:24 - INFO - 准确率: 90.91% (50/55)
2025-12-19 11:05:24 - INFO - 分类: good=0, bad=1
2025-12-19 11:05:24 - INFO - 预测结果已保存到: ckpt/20251219_105454_hazelnut_pred.csv
2025-12-19 11:05:24 - INFO - ============================================================
