2025-11-24 14:46:44 - INFO - 类别分布: {0: 200, 1: 50}
2025-11-24 14:46:44 - INFO - 类别权重: tensor([0.6250, 2.5000])
2025-11-24 14:46:44 - INFO - ============================================================
2025-11-24 14:46:44 - INFO - 开始训练 hazelnut good/bad 分类模型
2025-11-24 14:46:44 - INFO - 设备: cuda
2025-11-24 14:46:44 - INFO - 训练集大小（原图）: 250
2025-11-24 14:46:44 - INFO - 测试集大小: 55
2025-11-24 14:46:44 - INFO - 训练轮数: 10
2025-11-24 14:46:44 - INFO - ============================================================
2025-11-24 14:46:52 - INFO - [Epoch 1] Loss: 0.5107
2025-11-24 14:47:01 - INFO - [Epoch 2] Loss: 0.2375
2025-11-24 14:47:09 - INFO - [Epoch 3] Loss: 0.1314
2025-11-24 14:47:19 - INFO - [Epoch 4] Loss: 0.2603
2025-11-24 14:47:28 - INFO - [Epoch 5] Loss: 0.1443
2025-11-24 14:47:37 - INFO - [Epoch 6] Loss: 0.1282
2025-11-24 14:47:46 - INFO - [Epoch 7] Loss: 0.1572
2025-11-24 14:47:56 - INFO - [Epoch 8] Loss: 0.1290
2025-11-24 14:48:05 - INFO - [Epoch 9] Loss: 0.0848
2025-11-24 14:48:14 - INFO - [Epoch 10] Loss: 0.0682
2025-11-24 14:48:14 - INFO - ============================================================
2025-11-24 14:48:14 - INFO - 训练完成！
2025-11-24 14:48:14 - INFO - ============================================================
2025-11-24 14:48:14 - INFO - 生成特征层 t-SNE 可视化图
2025-11-24 14:48:14 - INFO - ============================================================
2025-11-24 14:48:14 - INFO - 正在提取特征用于t-SNE可视化...
2025-11-24 14:48:16 - INFO - 提取了 55 个样本的特征，特征维度: 512
2025-11-24 14:48:16 - INFO - 开始t-SNE降维...
2025-11-24 14:48:17 - INFO - t-SNE可视化图已保存到: ckpt\20251124_144637_tsne_visualization.png
2025-11-24 14:48:17 - INFO - ============================================================
2025-11-24 14:48:19 - INFO - ============================================================
2025-11-24 14:48:19 - INFO - 测试集评估结果
2025-11-24 14:48:19 - INFO - 准确率: 83.64% (46/55)
2025-11-24 14:48:19 - INFO - 分类: good=0, bad=1
2025-11-24 14:48:19 - INFO - 预测结果已保存到: ckpt\20251124_144637_hazelnut_pred.csv
2025-11-24 14:48:19 - INFO - ============================================================
