2025-11-21 10:31:30 - INFO - 类别分布: {1: 50, 0: 200}
2025-11-21 10:31:30 - INFO - 类别权重: tensor([0.6250, 2.5000])
2025-11-21 10:31:30 - INFO - ============================================================
2025-11-21 10:31:30 - INFO - 开始训练 hazelnut good/bad 分类模型
2025-11-21 10:31:30 - INFO - 设备: cuda
2025-11-21 10:31:30 - INFO - 训练集大小（原图）: 250
2025-11-21 10:31:30 - INFO - 测试集大小: 55
2025-11-21 10:31:30 - INFO - 训练轮数: 10
2025-11-21 10:31:30 - INFO - ============================================================
2025-11-21 10:31:30 - INFO - ⚠ 数据增强已开启：每个 epoch 的样本数量将大于原始数量
2025-11-21 10:31:38 - INFO - [Epoch 1] Loss: 0.6982 | 实际训练样本数(增强后): 250
2025-11-21 10:31:46 - INFO - [Epoch 2] Loss: 0.6941 | 实际训练样本数(增强后): 250
2025-11-21 10:31:53 - INFO - [Epoch 3] Loss: 0.6939 | 实际训练样本数(增强后): 250
2025-11-21 10:32:00 - INFO - [Epoch 4] Loss: 0.6827 | 实际训练样本数(增强后): 250
2025-11-21 10:32:07 - INFO - [Epoch 5] Loss: 0.6676 | 实际训练样本数(增强后): 250
2025-11-21 10:32:15 - INFO - [Epoch 6] Loss: 0.6581 | 实际训练样本数(增强后): 250
2025-11-21 10:32:25 - INFO - [Epoch 7] Loss: 0.6066 | 实际训练样本数(增强后): 250
2025-11-21 10:32:34 - INFO - [Epoch 8] Loss: 0.5841 | 实际训练样本数(增强后): 250
2025-11-21 10:32:44 - INFO - [Epoch 9] Loss: 0.5307 | 实际训练样本数(增强后): 250
2025-11-21 10:32:54 - INFO - [Epoch 10] Loss: 0.6051 | 实际训练样本数(增强后): 250
2025-11-21 10:32:54 - INFO - ============================================================
2025-11-21 10:32:54 - INFO - 训练完成！
2025-11-21 10:32:57 - INFO - ============================================================
2025-11-21 10:32:57 - INFO - 测试集评估结果
2025-11-21 10:32:57 - INFO - 准确率: 80.00% (44/55)
2025-11-21 10:32:57 - INFO - 分类: good=0, bad=1
2025-11-21 10:32:57 - INFO - 预测结果已保存到: ckpt\20251121_103121_hazelnut_pred.csv
2025-11-21 10:32:57 - INFO - ============================================================
