2025-11-21 11:27:09 - INFO - ============================================================
2025-11-21 11:27:09 - INFO -    Supervised Contrastive Learning → Linear Classifier
2025-11-21 11:27:09 - INFO - ============================================================
2025-11-21 11:27:09 - INFO - 使用设备: cuda
2025-11-21 11:27:09 - INFO - 训练集: 250  测试集: 55
2025-11-21 11:27:09 - INFO - ============================================================
2025-11-21 11:27:09 - INFO - 阶段 1: 对比学习训练 encoder
2025-11-21 11:27:09 - INFO - ============================================================
2025-11-21 11:27:17 - INFO - [Contrastive Epoch 1] Loss=3.4071
2025-11-21 11:27:25 - INFO - [Contrastive Epoch 2] Loss=3.4071
2025-11-21 11:27:32 - INFO - [Contrastive Epoch 3] Loss=3.4071
2025-11-21 11:27:39 - INFO - [Contrastive Epoch 4] Loss=3.4071
2025-11-21 11:27:47 - INFO - [Contrastive Epoch 5] Loss=3.3936
2025-11-21 11:27:54 - INFO - [Contrastive Epoch 6] Loss=3.4070
2025-11-21 11:28:02 - INFO - [Contrastive Epoch 7] Loss=3.4071
2025-11-21 11:28:09 - INFO - [Contrastive Epoch 8] Loss=3.4060
2025-11-21 11:28:16 - INFO - [Contrastive Epoch 9] Loss=3.4031
2025-11-21 11:28:24 - INFO - [Contrastive Epoch 10] Loss=3.4057
2025-11-21 11:28:24 - INFO - 对比学习阶段完成！
2025-11-21 11:28:24 - INFO - ============================================================
2025-11-21 11:28:24 - INFO - 生成t-SNE特征可视化图
2025-11-21 11:28:24 - INFO - ============================================================
2025-11-21 11:28:24 - INFO - 正在提取特征用于t-SNE可视化...
2025-11-21 11:28:25 - INFO - 提取了 55 个样本的特征，开始t-SNE降维...
2025-11-21 11:28:26 - INFO - t-SNE可视化图已保存到: ckpt\20251121_112709_tsne_visualization.png
2025-11-21 11:28:26 - INFO - ============================================================
2025-11-21 11:28:26 - INFO - 阶段 2: 线性分类器训练（冻结 encoder）
2025-11-21 11:28:26 - INFO - ============================================================
2025-11-21 11:28:33 - INFO - [Classifier Epoch 1] CE Loss=0.6399
2025-11-21 11:28:40 - INFO - [Classifier Epoch 2] CE Loss=0.5075
2025-11-21 11:28:47 - INFO - [Classifier Epoch 3] CE Loss=0.4996
2025-11-21 11:28:54 - INFO - [Classifier Epoch 4] CE Loss=0.5199
2025-11-21 11:29:01 - INFO - [Classifier Epoch 5] CE Loss=0.5035
2025-11-21 11:29:01 - INFO - 分类器训练完成！
2025-11-21 11:29:03 - INFO - ============================================================
2025-11-21 11:29:03 - INFO - 测试集评估结果
2025-11-21 11:29:03 - INFO - 测试集准确率: 72.73% (40/55)
2025-11-21 11:29:03 - INFO - 分类: good=0, bad=1
2025-11-21 11:29:03 - INFO - 预测结果已保存到: ckpt\20251121_112709_hazelnut_pred.csv
2025-11-21 11:29:03 - INFO - ============================================================
2025-11-21 11:29:03 - INFO - ============================================================
2025-11-21 11:29:03 - INFO - 全部流程完成！
2025-11-21 11:29:03 - INFO - ============================================================
2025-11-21 11:29:03 - INFO - 
所有日志、预测结果和t-SNE可视化图已保存到 ckpt/ 目录
2025-11-21 11:29:03 - INFO - t-SNE可视化图: ckpt\20251121_112709_tsne_visualization.png
