2025-12-19 10:42:35 - INFO - 类别分布: {0: 200, 1: 50}
2025-12-19 10:42:35 - INFO - 类别权重: tensor([0.6250, 2.5000])
2025-12-19 10:42:35 - INFO - ============================================================
2025-12-19 10:42:35 - INFO - 开始训练 hazelnut good/bad 分类模型
2025-12-19 10:42:35 - INFO - 设备: cuda
2025-12-19 10:42:35 - INFO - 训练集大小（原图）: 250
2025-12-19 10:42:35 - INFO - 测试集大小: 55
2025-12-19 10:42:35 - INFO - 训练轮数: 60
2025-12-19 10:42:35 - INFO - ============================================================
2025-12-19 10:42:45 - INFO - [Epoch 1] Loss: 0.7505
2025-12-19 10:42:55 - INFO - [Epoch 2] Loss: 0.4796
2025-12-19 10:43:06 - INFO - [Epoch 3] Loss: 0.3817
2025-12-19 10:43:16 - INFO - [Epoch 4] Loss: 0.3511
2025-12-19 10:43:26 - INFO - [Epoch 5] Loss: 0.3633
2025-12-19 10:43:36 - INFO - [Epoch 6] Loss: 0.3274
2025-12-19 10:43:47 - INFO - [Epoch 7] Loss: 0.2833
2025-12-19 10:43:57 - INFO - [Epoch 8] Loss: 0.2802
2025-12-19 10:44:07 - INFO - [Epoch 9] Loss: 0.2836
2025-12-19 10:44:17 - INFO - [Epoch 10] Loss: 0.2577
2025-12-19 10:44:28 - INFO - [Epoch 11] Loss: 0.2137
2025-12-19 10:44:38 - INFO - [Epoch 12] Loss: 0.2309
2025-12-19 10:44:48 - INFO - [Epoch 13] Loss: 0.1609
2025-12-19 10:44:58 - INFO - [Epoch 14] Loss: 0.1577
2025-12-19 10:45:09 - INFO - [Epoch 15] Loss: 0.2398
2025-12-19 10:45:19 - INFO - [Epoch 16] Loss: 0.2022
2025-12-19 10:45:29 - INFO - [Epoch 17] Loss: 0.1557
2025-12-19 10:45:39 - INFO - [Epoch 18] Loss: 0.1888
2025-12-19 10:45:49 - INFO - [Epoch 19] Loss: 0.2279
2025-12-19 10:46:00 - INFO - [Epoch 20] Loss: 0.1403
2025-12-19 10:46:10 - INFO - [Epoch 21] Loss: 0.1367
2025-12-19 10:46:20 - INFO - [Epoch 22] Loss: 0.1175
2025-12-19 10:46:30 - INFO - [Epoch 23] Loss: 0.1699
2025-12-19 10:46:41 - INFO - [Epoch 24] Loss: 0.1231
2025-12-19 10:46:51 - INFO - [Epoch 25] Loss: 0.1631
2025-12-19 10:47:01 - INFO - [Epoch 26] Loss: 0.1132
2025-12-19 10:47:11 - INFO - [Epoch 27] Loss: 0.1026
2025-12-19 10:47:21 - INFO - [Epoch 28] Loss: 0.1306
2025-12-19 10:47:32 - INFO - [Epoch 29] Loss: 0.1572
2025-12-19 10:47:42 - INFO - [Epoch 30] Loss: 0.1404
2025-12-19 10:47:52 - INFO - [Epoch 31] Loss: 0.1328
2025-12-19 10:48:02 - INFO - [Epoch 32] Loss: 0.1242
2025-12-19 10:48:12 - INFO - [Epoch 33] Loss: 0.1606
2025-12-19 10:48:23 - INFO - [Epoch 34] Loss: 0.1059
2025-12-19 10:48:33 - INFO - [Epoch 35] Loss: 0.1197
2025-12-19 10:48:43 - INFO - [Epoch 36] Loss: 0.0945
2025-12-19 10:48:54 - INFO - [Epoch 37] Loss: 0.0706
2025-12-19 10:49:04 - INFO - [Epoch 38] Loss: 0.1031
2025-12-19 10:49:14 - INFO - [Epoch 39] Loss: 0.0790
2025-12-19 10:49:24 - INFO - [Epoch 40] Loss: 0.0957
2025-12-19 10:49:35 - INFO - [Epoch 41] Loss: 0.0810
2025-12-19 10:49:45 - INFO - [Epoch 42] Loss: 0.0725
2025-12-19 10:49:55 - INFO - [Epoch 43] Loss: 0.0880
2025-12-19 10:50:06 - INFO - [Epoch 44] Loss: 0.0702
2025-12-19 10:50:16 - INFO - [Epoch 45] Loss: 0.1030
2025-12-19 10:50:26 - INFO - [Epoch 46] Loss: 0.1295
2025-12-19 10:50:36 - INFO - [Epoch 47] Loss: 0.1035
2025-12-19 10:50:47 - INFO - [Epoch 48] Loss: 0.1371
2025-12-19 10:50:57 - INFO - [Epoch 49] Loss: 0.1302
2025-12-19 10:51:07 - INFO - [Epoch 50] Loss: 0.0991
2025-12-19 10:51:17 - INFO - [Epoch 51] Loss: 0.1476
2025-12-19 10:51:27 - INFO - [Epoch 52] Loss: 0.1055
2025-12-19 10:51:38 - INFO - [Epoch 53] Loss: 0.0983
2025-12-19 10:51:48 - INFO - [Epoch 54] Loss: 0.1355
2025-12-19 10:51:58 - INFO - [Epoch 55] Loss: 0.0902
2025-12-19 10:52:09 - INFO - [Epoch 56] Loss: 0.0918
2025-12-19 10:52:19 - INFO - [Epoch 57] Loss: 0.0517
2025-12-19 10:52:29 - INFO - [Epoch 58] Loss: 0.0766
2025-12-19 10:52:39 - INFO - [Epoch 59] Loss: 0.0586
2025-12-19 10:52:50 - INFO - [Epoch 60] Loss: 0.0688
2025-12-19 10:52:50 - INFO - ============================================================
2025-12-19 10:52:50 - INFO - 训练完成！
2025-12-19 10:52:50 - INFO - ============================================================
2025-12-19 10:52:50 - INFO - 生成特征层 t-SNE 可视化图
2025-12-19 10:52:50 - INFO - ============================================================
2025-12-19 10:52:50 - INFO - 正在提取特征用于t-SNE可视化...
2025-12-19 10:52:52 - INFO - 提取了 55 个样本的特征，特征维度: 512
2025-12-19 10:52:52 - INFO - 开始t-SNE降维...
2025-12-19 10:52:53 - INFO - t-SNE可视化图已保存到: ckpt/20251219_104224_tsne_visualization.png
2025-12-19 10:52:53 - INFO - ============================================================
2025-12-19 10:52:55 - INFO - ============================================================
2025-12-19 10:52:55 - INFO - 测试集评估结果
2025-12-19 10:52:55 - INFO - 准确率: 96.36% (53/55)
2025-12-19 10:52:55 - INFO - 分类: good=0, bad=1
2025-12-19 10:52:55 - INFO - 预测结果已保存到: ckpt/20251219_104224_hazelnut_pred.csv
2025-12-19 10:52:55 - INFO - ============================================================
