2025-11-21 12:14:49 - INFO - ============================================================
2025-11-21 12:14:49 - INFO -    Supervised Contrastive Learning → Linear Classifier
2025-11-21 12:14:49 - INFO - ============================================================
2025-11-21 12:14:49 - INFO - 使用设备: cuda
2025-11-21 12:14:49 - INFO - 训练集: 250  测试集: 55
2025-11-21 12:14:49 - INFO - ============================================================
2025-11-21 12:14:49 - INFO - 阶段 1: 对比学习训练 encoder
2025-11-21 12:14:49 - INFO - ============================================================
2025-11-21 12:14:58 - INFO - [Contrastive Epoch 1] Loss=4.8189
2025-11-21 12:15:07 - INFO - [Contrastive Epoch 2] Loss=4.8172
2025-11-21 12:15:15 - INFO - [Contrastive Epoch 3] Loss=4.8170
2025-11-21 12:15:23 - INFO - [Contrastive Epoch 4] Loss=4.8114
2025-11-21 12:15:30 - INFO - [Contrastive Epoch 5] Loss=4.8025
2025-11-21 12:15:38 - INFO - [Contrastive Epoch 6] Loss=4.8028
2025-11-21 12:15:45 - INFO - [Contrastive Epoch 7] Loss=4.8064
2025-11-21 12:15:53 - INFO - [Contrastive Epoch 8] Loss=4.7938
2025-11-21 12:16:01 - INFO - [Contrastive Epoch 9] Loss=4.8039
2025-11-21 12:16:08 - INFO - [Contrastive Epoch 10] Loss=4.8082
2025-11-21 12:16:16 - INFO - [Contrastive Epoch 11] Loss=4.7852
2025-11-21 12:16:23 - INFO - [Contrastive Epoch 12] Loss=4.7833
2025-11-21 12:16:31 - INFO - [Contrastive Epoch 13] Loss=4.8230
2025-11-21 12:16:39 - INFO - [Contrastive Epoch 14] Loss=4.8188
2025-11-21 12:16:47 - INFO - [Contrastive Epoch 15] Loss=4.8189
2025-11-21 12:16:54 - INFO - [Contrastive Epoch 16] Loss=4.8192
2025-11-21 12:17:02 - INFO - [Contrastive Epoch 17] Loss=4.8188
2025-11-21 12:17:09 - INFO - [Contrastive Epoch 18] Loss=4.8173
2025-11-21 12:17:17 - INFO - [Contrastive Epoch 19] Loss=4.8178
2025-11-21 12:17:25 - INFO - [Contrastive Epoch 20] Loss=4.8099
2025-11-21 12:17:32 - INFO - [Contrastive Epoch 21] Loss=4.8028
2025-11-21 12:17:40 - INFO - [Contrastive Epoch 22] Loss=4.8008
2025-11-21 12:17:48 - INFO - [Contrastive Epoch 23] Loss=4.8039
2025-11-21 12:17:55 - INFO - [Contrastive Epoch 24] Loss=4.7975
2025-11-21 12:18:03 - INFO - [Contrastive Epoch 25] Loss=4.7936
2025-11-21 12:18:10 - INFO - [Contrastive Epoch 26] Loss=4.8105
2025-11-21 12:18:18 - INFO - [Contrastive Epoch 27] Loss=4.8046
2025-11-21 12:18:26 - INFO - [Contrastive Epoch 28] Loss=4.7865
2025-11-21 12:18:33 - INFO - [Contrastive Epoch 29] Loss=4.7795
2025-11-21 12:18:41 - INFO - [Contrastive Epoch 30] Loss=4.7743
2025-11-21 12:18:48 - INFO - [Contrastive Epoch 31] Loss=4.7466
2025-11-21 12:18:56 - INFO - [Contrastive Epoch 32] Loss=4.8143
2025-11-21 12:19:04 - INFO - [Contrastive Epoch 33] Loss=4.8186
2025-11-21 12:19:11 - INFO - [Contrastive Epoch 34] Loss=4.8185
2025-11-21 12:19:19 - INFO - [Contrastive Epoch 35] Loss=4.8166
2025-11-21 12:19:26 - INFO - [Contrastive Epoch 36] Loss=4.8160
2025-11-21 12:19:34 - INFO - [Contrastive Epoch 37] Loss=4.8060
2025-11-21 12:19:41 - INFO - [Contrastive Epoch 38] Loss=4.7974
2025-11-21 12:19:49 - INFO - [Contrastive Epoch 39] Loss=4.7856
2025-11-21 12:19:56 - INFO - [Contrastive Epoch 40] Loss=4.8051
2025-11-21 12:20:04 - INFO - [Contrastive Epoch 41] Loss=4.7975
2025-11-21 12:20:11 - INFO - [Contrastive Epoch 42] Loss=4.7880
2025-11-21 12:20:19 - INFO - [Contrastive Epoch 43] Loss=4.7810
2025-11-21 12:20:27 - INFO - [Contrastive Epoch 44] Loss=4.7794
2025-11-21 12:20:34 - INFO - [Contrastive Epoch 45] Loss=4.7973
2025-11-21 12:20:42 - INFO - [Contrastive Epoch 46] Loss=4.8104
2025-11-21 12:20:50 - INFO - [Contrastive Epoch 47] Loss=4.8051
2025-11-21 12:20:58 - INFO - [Contrastive Epoch 48] Loss=4.7878
2025-11-21 12:21:05 - INFO - [Contrastive Epoch 49] Loss=4.7714
2025-11-21 12:21:13 - INFO - [Contrastive Epoch 50] Loss=4.7771
2025-11-21 12:21:13 - INFO - 对比学习阶段完成！
2025-11-21 12:21:13 - INFO - ============================================================
2025-11-21 12:21:13 - INFO - 生成t-SNE特征可视化图
2025-11-21 12:21:13 - INFO - ============================================================
2025-11-21 12:21:13 - INFO - 正在提取特征用于t-SNE可视化...
2025-11-21 12:21:14 - INFO - 提取了 55 个样本的特征，开始t-SNE降维...
2025-11-21 12:21:15 - INFO - t-SNE可视化图已保存到: ckpt\20251121_121449_tsne_visualization.png
2025-11-21 12:21:15 - INFO - ============================================================
2025-11-21 12:21:15 - INFO - 阶段 2: 线性分类器训练（冻结 encoder）
2025-11-21 12:21:15 - INFO - ============================================================
2025-11-21 12:21:22 - INFO - 类别分布: {0: 200, 1: 50}
2025-11-21 12:21:22 - INFO - 类别权重: tensor([0.6250, 2.5000])
2025-11-21 12:21:29 - INFO - [Classifier Epoch 1] CE Loss=0.6891
2025-11-21 12:21:36 - INFO - [Classifier Epoch 2] CE Loss=0.6849
2025-11-21 12:21:43 - INFO - [Classifier Epoch 3] CE Loss=0.6806
2025-11-21 12:21:50 - INFO - [Classifier Epoch 4] CE Loss=0.6762
2025-11-21 12:21:58 - INFO - [Classifier Epoch 5] CE Loss=0.6724
2025-11-21 12:22:05 - INFO - [Classifier Epoch 6] CE Loss=0.6696
2025-11-21 12:22:12 - INFO - [Classifier Epoch 7] CE Loss=0.6622
2025-11-21 12:22:19 - INFO - [Classifier Epoch 8] CE Loss=0.6550
2025-11-21 12:22:26 - INFO - [Classifier Epoch 9] CE Loss=0.6489
2025-11-21 12:22:34 - INFO - [Classifier Epoch 10] CE Loss=0.6431
2025-11-21 12:22:41 - INFO - [Classifier Epoch 11] CE Loss=0.6375
2025-11-21 12:22:48 - INFO - [Classifier Epoch 12] CE Loss=0.6255
2025-11-21 12:22:56 - INFO - [Classifier Epoch 13] CE Loss=0.6149
2025-11-21 12:23:03 - INFO - [Classifier Epoch 14] CE Loss=0.6145
2025-11-21 12:23:10 - INFO - [Classifier Epoch 15] CE Loss=0.6038
2025-11-21 12:23:17 - INFO - [Classifier Epoch 16] CE Loss=0.5928
2025-11-21 12:23:24 - INFO - [Classifier Epoch 17] CE Loss=0.5818
2025-11-21 12:23:31 - INFO - [Classifier Epoch 18] CE Loss=0.5775
2025-11-21 12:23:38 - INFO - [Classifier Epoch 19] CE Loss=0.5691
2025-11-21 12:23:46 - INFO - [Classifier Epoch 20] CE Loss=0.5517
2025-11-21 12:23:46 - INFO - 分类器训练完成！
2025-11-21 12:23:47 - INFO - ============================================================
2025-11-21 12:23:47 - INFO - 测试集评估结果
2025-11-21 12:23:47 - INFO - 测试集准确率: 83.64% (46/55)
2025-11-21 12:23:47 - INFO - 分类: good=0, bad=1
2025-11-21 12:23:47 - INFO - 预测结果已保存到: ckpt\20251121_121449_hazelnut_pred.csv
2025-11-21 12:23:47 - INFO - ============================================================
2025-11-21 12:23:47 - INFO - ============================================================
2025-11-21 12:23:47 - INFO - 全部流程完成！
2025-11-21 12:23:47 - INFO - ============================================================
2025-11-21 12:23:47 - INFO - 
所有日志、预测结果和t-SNE可视化图已保存到 ckpt/ 目录
2025-11-21 12:23:47 - INFO - t-SNE可视化图: ckpt\20251121_121449_tsne_visualization.png
