2025-11-20 23:53:19 - INFO - 类别分布: {0: 200, 1: 50}
2025-11-20 23:53:19 - INFO - 类别权重: tensor([0.6250, 2.5000])
2025-11-20 23:53:19 - INFO - ============================================================
2025-11-20 23:53:19 - INFO - 开始训练 hazelnut good/bad 分类模型
2025-11-20 23:53:19 - INFO - 设备: cuda
2025-11-20 23:53:19 - INFO - 训练集大小: 250
2025-11-20 23:53:19 - INFO - 测试集大小: 55
2025-11-20 23:53:19 - INFO - 训练轮数: 10
2025-11-20 23:53:19 - INFO - ============================================================
2025-11-20 23:53:27 - INFO - Epoch [1/10], Loss: 0.6976
2025-11-20 23:53:35 - INFO - Epoch [2/10], Loss: 0.7025
2025-11-20 23:53:43 - INFO - Epoch [3/10], Loss: 0.6943
2025-11-20 23:53:50 - INFO - Epoch [4/10], Loss: 0.6949
2025-11-20 23:53:58 - INFO - Epoch [5/10], Loss: 0.6930
2025-11-20 23:54:06 - INFO - Epoch [6/10], Loss: 0.6921
2025-11-20 23:54:14 - INFO - Epoch [7/10], Loss: 0.6929
2025-11-20 23:54:21 - INFO - Epoch [8/10], Loss: 0.6926
2025-11-20 23:54:29 - INFO - Epoch [9/10], Loss: 0.6923
2025-11-20 23:54:37 - INFO - Epoch [10/10], Loss: 0.6933
2025-11-20 23:54:37 - INFO - ============================================================
2025-11-20 23:54:37 - INFO - 训练完成！
2025-11-20 23:54:39 - INFO - ============================================================
2025-11-20 23:54:39 - INFO - 测试集评估结果
2025-11-20 23:54:39 - INFO - 准确率: 27.27% (15/55)
2025-11-20 23:54:39 - INFO - 分类: good=0, bad=1
2025-11-20 23:54:39 - INFO - 预测结果已保存到: ckpt\20251120_235312_hazelnut_pred.csv
2025-11-20 23:54:39 - INFO - ============================================================
