2025-11-21 00:08:17 - INFO - 类别分布: {0: 200, 1: 50}
2025-11-21 00:08:17 - INFO - 类别权重: tensor([0.6250, 2.5000])
2025-11-21 00:08:17 - INFO - ============================================================
2025-11-21 00:08:17 - INFO - 开始训练 hazelnut good/bad 分类模型
2025-11-21 00:08:17 - INFO - 设备: cuda
2025-11-21 00:08:17 - INFO - 训练集大小: 250
2025-11-21 00:08:17 - INFO - 测试集大小: 55
2025-11-21 00:08:17 - INFO - 训练轮数: 10
2025-11-21 00:08:17 - INFO - ============================================================
2025-11-21 00:08:25 - INFO - Epoch [1/10], Loss: 0.6930
2025-11-21 00:08:33 - INFO - Epoch [2/10], Loss: 0.6170
2025-11-21 00:08:41 - INFO - Epoch [3/10], Loss: 0.5861
2025-11-21 00:08:48 - INFO - Epoch [4/10], Loss: 0.5150
2025-11-21 00:08:56 - INFO - Epoch [5/10], Loss: 0.5043
2025-11-21 00:09:04 - INFO - Epoch [6/10], Loss: 0.5341
2025-11-21 00:09:12 - INFO - Epoch [7/10], Loss: 0.5222
2025-11-21 00:09:20 - INFO - Epoch [8/10], Loss: 0.4775
2025-11-21 00:09:28 - INFO - Epoch [9/10], Loss: 0.5006
2025-11-21 00:09:35 - INFO - Epoch [10/10], Loss: 0.4554
2025-11-21 00:09:35 - INFO - ============================================================
2025-11-21 00:09:35 - INFO - 训练完成！
2025-11-21 00:09:37 - INFO - ============================================================
2025-11-21 00:09:37 - INFO - 测试集评估结果
2025-11-21 00:09:37 - INFO - 准确率: 87.27% (48/55)
2025-11-21 00:09:37 - INFO - 分类: good=0, bad=1
2025-11-21 00:09:37 - INFO - 预测结果已保存到: ckpt\20251121_000810_hazelnut_pred.csv
2025-11-21 00:09:37 - INFO - ============================================================
