2025-11-20 23:37:02 - INFO - ============================================================
2025-11-20 23:37:02 - INFO - 开始训练 hazelnut good/bad 分类模型
2025-11-20 23:37:02 - INFO - 设备: cuda
2025-11-20 23:37:02 - INFO - 训练集大小: 250
2025-11-20 23:37:02 - INFO - 测试集大小: 55
2025-11-20 23:37:02 - INFO - 训练轮数: 10
2025-11-20 23:37:02 - INFO - ============================================================
2025-11-20 23:37:09 - INFO - Epoch [1/10], Loss: 0.6373
2025-11-20 23:37:15 - INFO - Epoch [2/10], Loss: 0.5179
2025-11-20 23:37:22 - INFO - Epoch [3/10], Loss: 0.5207
2025-11-20 23:37:29 - INFO - Epoch [4/10], Loss: 0.5220
2025-11-20 23:37:35 - INFO - Epoch [5/10], Loss: 0.5237
2025-11-20 23:37:42 - INFO - Epoch [6/10], Loss: 0.5298
2025-11-20 23:37:49 - INFO - Epoch [7/10], Loss: 0.5090
2025-11-20 23:37:55 - INFO - Epoch [8/10], Loss: 0.5275
2025-11-20 23:38:02 - INFO - Epoch [9/10], Loss: 0.5080
2025-11-20 23:38:08 - INFO - Epoch [10/10], Loss: 0.5308
2025-11-20 23:38:08 - INFO - ============================================================
2025-11-20 23:38:08 - INFO - 训练完成！
2025-11-20 23:38:10 - INFO - ============================================================
2025-11-20 23:38:10 - INFO - 测试集评估结果
2025-11-20 23:38:10 - INFO - 准确率: 72.73% (40/55)
2025-11-20 23:38:10 - INFO - 分类: good=0, bad=1
2025-11-20 23:38:10 - INFO - 预测结果已保存到: ckpt\20251120_233702_hazelnut_pred.csv
2025-11-20 23:38:10 - INFO - ============================================================
