2025-12-19 00:23:06,216 - INFO - 日志文件已创建: ckpt\oneclass_svm_training_p95_20251219_002306.log
2025-12-19 00:23:06,216 - INFO - 随机种子已设置为: 42
2025-12-19 00:23:06,217 - INFO - 开始加载数据集...
2025-12-19 00:23:06,226 - INFO - 训练集形状: (1839, 6)
2025-12-19 00:23:06,226 - INFO - 测试集形状: (1933, 6)
2025-12-19 00:23:06,226 - INFO - 测试集标签分布: 正常=1839, 异常=94
2025-12-19 00:23:06,226 - INFO - 对特征进行标准化...
2025-12-19 00:23:06,227 - INFO - 特征标准化完成
2025-12-19 00:23:06,228 - INFO - 
============================================================
2025-12-19 00:23:06,228 - INFO - 开始网格搜索
2025-12-19 00:23:06,228 - INFO - 阈值分位数: 95
2025-12-19 00:23:06,228 - INFO - nu值: [0.01, 0.05, 0.1, 0.15, 0.2, 0.25, 0.3]
2025-12-19 00:23:06,228 - INFO - kernel: ['rbf', 'linear', 'poly', 'sigmoid']
2025-12-19 00:23:06,228 - INFO - gamma: ['scale', 'auto', 0.001, 0.01, 0.1, 1.0]
2025-12-19 00:23:06,228 - INFO - ============================================================

2025-12-19 00:23:06,229 - INFO - 
============================================================
2025-12-19 00:23:06,229 - INFO - 网格搜索进度: [1/63]
2025-12-19 00:23:06,229 - INFO - 参数组合: nu=0.010, kernel=rbf, gamma=scale
2025-12-19 00:23:06,229 - INFO - ============================================================
2025-12-19 00:23:06,229 - INFO - 训练One-Class SVM: nu=0.01, kernel=rbf, gamma=scale
2025-12-19 00:23:06,234 - INFO - One-Class SVM训练完成
2025-12-19 00:23:06,235 - INFO - 在训练集上计算异常分数以确定阈值...
2025-12-19 00:23:06,253 - INFO - 训练集95分位数阈值: -0.000491
2025-12-19 00:23:06,254 - INFO - 训练集分数统计: min=-0.239564, max=0.000482, mean=-0.130085, std=0.054007
2025-12-19 00:23:06,254 - INFO - 在测试集上计算异常分数并评估...
2025-12-19 00:23:06,274 - INFO - ==== Evaluation Result ====
2025-12-19 00:23:06,274 - INFO - One-Class SVM参数: nu=0.010, kernel=rbf, gamma=scale
2025-12-19 00:23:06,274 - INFO - Threshold (Train 95th percentile): -0.000491
2025-12-19 00:23:06,275 - INFO - AUC: 0.9748
2025-12-19 00:23:06,275 - INFO - F1 Score: 0.6048
2025-12-19 00:23:06,275 - INFO - Accuracy: 0.9405
2025-12-19 00:23:06,279 - INFO - 预测结果已保存到: ckpt\oneclass_svm_predictions_p95_nu0.010_kernelrbf_gammascale_20251219_002306.csv
2025-12-19 00:23:06,279 - INFO - 
============================================================
2025-12-19 00:23:06,279 - INFO - 网格搜索进度: [2/63]
2025-12-19 00:23:06,279 - INFO - 参数组合: nu=0.010, kernel=rbf, gamma=auto
2025-12-19 00:23:06,280 - INFO - ============================================================
2025-12-19 00:23:06,280 - INFO - 训练One-Class SVM: nu=0.01, kernel=rbf, gamma=auto
2025-12-19 00:23:06,284 - INFO - One-Class SVM训练完成
2025-12-19 00:23:06,285 - INFO - 在训练集上计算异常分数以确定阈值...
2025-12-19 00:23:06,301 - INFO - 训练集95分位数阈值: -0.000491
2025-12-19 00:23:06,302 - INFO - 训练集分数统计: min=-0.239564, max=0.000482, mean=-0.130085, std=0.054007
2025-12-19 00:23:06,302 - INFO - 在测试集上计算异常分数并评估...
2025-12-19 00:23:06,322 - INFO - ==== Evaluation Result ====
2025-12-19 00:23:06,322 - INFO - One-Class SVM参数: nu=0.010, kernel=rbf, gamma=auto
2025-12-19 00:23:06,323 - INFO - Threshold (Train 95th percentile): -0.000491
2025-12-19 00:23:06,323 - INFO - AUC: 0.9748
2025-12-19 00:23:06,323 - INFO - F1 Score: 0.6048
2025-12-19 00:23:06,323 - INFO - Accuracy: 0.9405
2025-12-19 00:23:06,327 - INFO - 预测结果已保存到: ckpt\oneclass_svm_predictions_p95_nu0.010_kernelrbf_gammaauto_20251219_002306.csv
2025-12-19 00:23:06,327 - INFO - 
============================================================
2025-12-19 00:23:06,327 - INFO - 网格搜索进度: [3/63]
2025-12-19 00:23:06,327 - INFO - 参数组合: nu=0.010, kernel=rbf, gamma=0.001
2025-12-19 00:23:06,327 - INFO - ============================================================
2025-12-19 00:23:06,328 - INFO - 训练One-Class SVM: nu=0.01, kernel=rbf, gamma=0.001
2025-12-19 00:23:06,329 - INFO - One-Class SVM训练完成
2025-12-19 00:23:06,329 - INFO - 在训练集上计算异常分数以确定阈值...
2025-12-19 00:23:06,333 - INFO - 训练集95分位数阈值: -0.231391
2025-12-19 00:23:06,333 - INFO - 训练集分数统计: min=-0.634085, max=3.045185, mean=-0.418451, std=0.163870
2025-12-19 00:23:06,334 - INFO - 在测试集上计算异常分数并评估...
2025-12-19 00:23:06,340 - INFO - ==== Evaluation Result ====
2025-12-19 00:23:06,340 - INFO - One-Class SVM参数: nu=0.010, kernel=rbf, gamma=0.001
2025-12-19 00:23:06,340 - INFO - Threshold (Train 95th percentile): -0.231391
2025-12-19 00:23:06,340 - INFO - AUC: 0.9765
2025-12-19 00:23:06,340 - INFO - F1 Score: 0.5918
2025-12-19 00:23:06,340 - INFO - Accuracy: 0.9379
2025-12-19 00:23:06,344 - INFO - 预测结果已保存到: ckpt\oneclass_svm_predictions_p95_nu0.010_kernelrbf_gamma0.001_20251219_002306.csv
2025-12-19 00:23:06,345 - INFO - 
============================================================
2025-12-19 00:23:06,345 - INFO - 网格搜索进度: [4/63]
2025-12-19 00:23:06,345 - INFO - 参数组合: nu=0.010, kernel=rbf, gamma=0.01
2025-12-19 00:23:06,345 - INFO - ============================================================
2025-12-19 00:23:06,346 - INFO - 训练One-Class SVM: nu=0.01, kernel=rbf, gamma=0.01
2025-12-19 00:23:06,348 - INFO - One-Class SVM训练完成
2025-12-19 00:23:06,348 - INFO - 在训练集上计算异常分数以确定阈值...
2025-12-19 00:23:06,354 - INFO - 训练集95分位数阈值: -0.553584
2025-12-19 00:23:06,354 - INFO - 训练集分数统计: min=-1.665078, max=3.715620, mean=-1.101394, std=0.358246
2025-12-19 00:23:06,354 - INFO - 在测试集上计算异常分数并评估...
2025-12-19 00:23:06,361 - INFO - ==== Evaluation Result ====
2025-12-19 00:23:06,361 - INFO - One-Class SVM参数: nu=0.010, kernel=rbf, gamma=0.01
2025-12-19 00:23:06,361 - INFO - Threshold (Train 95th percentile): -0.553584
2025-12-19 00:23:06,361 - INFO - AUC: 0.9642
2025-12-19 00:23:06,361 - INFO - F1 Score: 0.5907
2025-12-19 00:23:06,362 - INFO - Accuracy: 0.9405
2025-12-19 00:23:06,365 - INFO - 预测结果已保存到: ckpt\oneclass_svm_predictions_p95_nu0.010_kernelrbf_gamma0.01_20251219_002306.csv
2025-12-19 00:23:06,366 - INFO - 
============================================================
2025-12-19 00:23:06,366 - INFO - 网格搜索进度: [5/63]
2025-12-19 00:23:06,366 - INFO - 参数组合: nu=0.010, kernel=rbf, gamma=0.1
2025-12-19 00:23:06,366 - INFO - ============================================================
2025-12-19 00:23:06,366 - INFO - 训练One-Class SVM: nu=0.01, kernel=rbf, gamma=0.1
2025-12-19 00:23:06,370 - INFO - One-Class SVM训练完成
2025-12-19 00:23:06,370 - INFO - 在训练集上计算异常分数以确定阈值...
2025-12-19 00:23:06,381 - INFO - 训练集95分位数阈值: -0.046814
2025-12-19 00:23:06,382 - INFO - 训练集分数统计: min=-0.392650, max=0.000482, mean=-0.239503, std=0.087058
2025-12-19 00:23:06,382 - INFO - 在测试集上计算异常分数并评估...
2025-12-19 00:23:06,395 - INFO - ==== Evaluation Result ====
2025-12-19 00:23:06,396 - INFO - One-Class SVM参数: nu=0.010, kernel=rbf, gamma=0.1
2025-12-19 00:23:06,396 - INFO - Threshold (Train 95th percentile): -0.046814
2025-12-19 00:23:06,396 - INFO - AUC: 0.9696
2025-12-19 00:23:06,396 - INFO - F1 Score: 0.5986
2025-12-19 00:23:06,396 - INFO - Accuracy: 0.9410
2025-12-19 00:23:06,400 - INFO - 预测结果已保存到: ckpt\oneclass_svm_predictions_p95_nu0.010_kernelrbf_gamma0.1_20251219_002306.csv
2025-12-19 00:23:06,400 - INFO - 
============================================================
2025-12-19 00:23:06,400 - INFO - 网格搜索进度: [6/63]
2025-12-19 00:23:06,400 - INFO - 参数组合: nu=0.010, kernel=rbf, gamma=1.0
2025-12-19 00:23:06,400 - INFO - ============================================================
2025-12-19 00:23:06,400 - INFO - 训练One-Class SVM: nu=0.01, kernel=rbf, gamma=1.0
2025-12-19 00:23:06,419 - INFO - One-Class SVM训练完成
2025-12-19 00:23:06,419 - INFO - 在训练集上计算异常分数以确定阈值...
2025-12-19 00:23:06,502 - INFO - 训练集95分位数阈值: 0.000208
2025-12-19 00:23:06,503 - INFO - 训练集分数统计: min=-0.029137, max=0.000473, mean=-0.007182, std=0.006140
2025-12-19 00:23:06,503 - INFO - 在测试集上计算异常分数并评估...
2025-12-19 00:23:06,593 - INFO - ==== Evaluation Result ====
2025-12-19 00:23:06,593 - INFO - One-Class SVM参数: nu=0.010, kernel=rbf, gamma=1.0
2025-12-19 00:23:06,593 - INFO - Threshold (Train 95th percentile): 0.000208
2025-12-19 00:23:06,593 - INFO - AUC: 0.9801
2025-12-19 00:23:06,594 - INFO - F1 Score: 0.2631
2025-12-19 00:23:06,594 - INFO - Accuracy: 0.7305
2025-12-19 00:23:06,596 - INFO - 预测结果已保存到: ckpt\oneclass_svm_predictions_p95_nu0.010_kernelrbf_gamma1.0_20251219_002306.csv
2025-12-19 00:23:06,597 - INFO - 
============================================================
2025-12-19 00:23:06,597 - INFO - 网格搜索进度: [7/63]
2025-12-19 00:23:06,597 - INFO - 参数组合: nu=0.010, kernel=linear, gamma=scale
2025-12-19 00:23:06,597 - INFO - ============================================================
2025-12-19 00:23:06,597 - INFO - 训练One-Class SVM: nu=0.01, kernel=linear, gamma=scale
2025-12-19 00:23:06,599 - INFO - One-Class SVM训练完成
2025-12-19 00:23:06,599 - INFO - 在训练集上计算异常分数以确定阈值...
2025-12-19 00:23:06,601 - INFO - 训练集95分位数阈值: -0.000014
2025-12-19 00:23:06,601 - INFO - 训练集分数统计: min=-0.003313, max=0.000581, mean=-0.000134, std=0.000123
2025-12-19 00:23:06,601 - INFO - 在测试集上计算异常分数并评估...
2025-12-19 00:23:06,605 - INFO - ==== Evaluation Result ====
2025-12-19 00:23:06,606 - INFO - One-Class SVM参数: nu=0.010, kernel=linear, gamma=scale
2025-12-19 00:23:06,606 - INFO - Threshold (Train 95th percentile): -0.000014
2025-12-19 00:23:06,606 - INFO - AUC: 0.6873
2025-12-19 00:23:06,606 - INFO - F1 Score: 0.3009
2025-12-19 00:23:06,606 - INFO - Accuracy: 0.9183
2025-12-19 00:23:06,611 - INFO - 预测结果已保存到: ckpt\oneclass_svm_predictions_p95_nu0.010_kernellinear_gammascale_20251219_002306.csv
2025-12-19 00:23:06,611 - INFO - 
============================================================
2025-12-19 00:23:06,611 - INFO - 网格搜索进度: [8/63]
2025-12-19 00:23:06,611 - INFO - 参数组合: nu=0.010, kernel=poly, gamma=scale
2025-12-19 00:23:06,611 - INFO - ============================================================
2025-12-19 00:23:06,611 - INFO - 训练One-Class SVM: nu=0.01, kernel=poly, gamma=scale
2025-12-19 00:23:06,687 - INFO - One-Class SVM训练完成
2025-12-19 00:23:06,687 - INFO - 在训练集上计算异常分数以确定阈值...
2025-12-19 00:23:06,694 - INFO - 训练集95分位数阈值: 0.000119
2025-12-19 00:23:06,694 - INFO - 训练集分数统计: min=-2.849715, max=0.000258, mean=-0.005540, std=0.092278
2025-12-19 00:23:06,694 - INFO - 在测试集上计算异常分数并评估...
2025-12-19 00:23:06,705 - INFO - ==== Evaluation Result ====
2025-12-19 00:23:06,705 - INFO - One-Class SVM参数: nu=0.010, kernel=poly, gamma=scale
2025-12-19 00:23:06,706 - INFO - Threshold (Train 95th percentile): 0.000119
2025-12-19 00:23:06,706 - INFO - AUC: 0.0291
2025-12-19 00:23:06,706 - INFO - F1 Score: 0.0092
2025-12-19 00:23:06,706 - INFO - Accuracy: 0.8888
2025-12-19 00:23:06,710 - INFO - 预测结果已保存到: ckpt\oneclass_svm_predictions_p95_nu0.010_kernelpoly_gammascale_20251219_002306.csv
2025-12-19 00:23:06,710 - INFO - 
============================================================
2025-12-19 00:23:06,710 - INFO - 网格搜索进度: [9/63]
2025-12-19 00:23:06,710 - INFO - 参数组合: nu=0.010, kernel=sigmoid, gamma=scale
2025-12-19 00:23:06,710 - INFO - ============================================================
2025-12-19 00:23:06,710 - INFO - 训练One-Class SVM: nu=0.01, kernel=sigmoid, gamma=scale
2025-12-19 00:23:06,713 - INFO - One-Class SVM训练完成
2025-12-19 00:23:06,714 - INFO - 在训练集上计算异常分数以确定阈值...
2025-12-19 00:23:06,716 - INFO - 训练集95分位数阈值: -0.501684
2025-12-19 00:23:06,716 - INFO - 训练集分数统计: min=-12.020610, max=3.843481, mean=-4.301706, std=2.395731
2025-12-19 00:23:06,717 - INFO - 在测试集上计算异常分数并评估...
2025-12-19 00:23:06,722 - INFO - ==== Evaluation Result ====
2025-12-19 00:23:06,723 - INFO - One-Class SVM参数: nu=0.010, kernel=sigmoid, gamma=scale
2025-12-19 00:23:06,723 - INFO - Threshold (Train 95th percentile): -0.501684
2025-12-19 00:23:06,723 - INFO - AUC: 0.7911
2025-12-19 00:23:06,723 - INFO - F1 Score: 0.4900
2025-12-19 00:23:06,723 - INFO - Accuracy: 0.9472
2025-12-19 00:23:06,726 - INFO - 预测结果已保存到: ckpt\oneclass_svm_predictions_p95_nu0.010_kernelsigmoid_gammascale_20251219_002306.csv
2025-12-19 00:23:06,727 - INFO - 
============================================================
2025-12-19 00:23:06,727 - INFO - 网格搜索进度: [10/63]
2025-12-19 00:23:06,727 - INFO - 参数组合: nu=0.050, kernel=rbf, gamma=scale
2025-12-19 00:23:06,727 - INFO - ============================================================
2025-12-19 00:23:06,727 - INFO - 训练One-Class SVM: nu=0.05, kernel=rbf, gamma=scale
2025-12-19 00:23:06,735 - INFO - One-Class SVM训练完成
2025-12-19 00:23:06,735 - INFO - 在训练集上计算异常分数以确定阈值...
2025-12-19 00:23:06,756 - INFO - 训练集95分位数阈值: -0.000007
2025-12-19 00:23:06,757 - INFO - 训练集分数统计: min=-1.834390, max=3.038695, mean=-0.944995, std=0.559655
2025-12-19 00:23:06,757 - INFO - 在测试集上计算异常分数并评估...
2025-12-19 00:23:06,784 - INFO - ==== Evaluation Result ====
2025-12-19 00:23:06,784 - INFO - One-Class SVM参数: nu=0.050, kernel=rbf, gamma=scale
2025-12-19 00:23:06,784 - INFO - Threshold (Train 95th percentile): -0.000007
2025-12-19 00:23:06,784 - INFO - AUC: 0.9753
2025-12-19 00:23:06,784 - INFO - F1 Score: 0.5659
2025-12-19 00:23:06,784 - INFO - Accuracy: 0.9302
2025-12-19 00:23:06,788 - INFO - 预测结果已保存到: ckpt\oneclass_svm_predictions_p95_nu0.050_kernelrbf_gammascale_20251219_002306.csv
2025-12-19 00:23:06,788 - INFO - 
============================================================
2025-12-19 00:23:06,789 - INFO - 网格搜索进度: [11/63]
2025-12-19 00:23:06,789 - INFO - 参数组合: nu=0.050, kernel=rbf, gamma=auto
2025-12-19 00:23:06,789 - INFO - ============================================================
2025-12-19 00:23:06,789 - INFO - 训练One-Class SVM: nu=0.05, kernel=rbf, gamma=auto
2025-12-19 00:23:06,796 - INFO - One-Class SVM训练完成
2025-12-19 00:23:06,796 - INFO - 在训练集上计算异常分数以确定阈值...
2025-12-19 00:23:06,818 - INFO - 训练集95分位数阈值: -0.000007
2025-12-19 00:23:06,818 - INFO - 训练集分数统计: min=-1.834390, max=3.038695, mean=-0.944995, std=0.559655
2025-12-19 00:23:06,819 - INFO - 在测试集上计算异常分数并评估...
2025-12-19 00:23:06,843 - INFO - ==== Evaluation Result ====
2025-12-19 00:23:06,844 - INFO - One-Class SVM参数: nu=0.050, kernel=rbf, gamma=auto
2025-12-19 00:23:06,844 - INFO - Threshold (Train 95th percentile): -0.000007
2025-12-19 00:23:06,844 - INFO - AUC: 0.9753
2025-12-19 00:23:06,844 - INFO - F1 Score: 0.5659
2025-12-19 00:23:06,844 - INFO - Accuracy: 0.9302
2025-12-19 00:23:06,848 - INFO - 预测结果已保存到: ckpt\oneclass_svm_predictions_p95_nu0.050_kernelrbf_gammaauto_20251219_002306.csv
2025-12-19 00:23:06,848 - INFO - 
============================================================
2025-12-19 00:23:06,848 - INFO - 网格搜索进度: [12/63]
2025-12-19 00:23:06,848 - INFO - 参数组合: nu=0.050, kernel=rbf, gamma=0.001
2025-12-19 00:23:06,848 - INFO - ============================================================
2025-12-19 00:23:06,848 - INFO - 训练One-Class SVM: nu=0.05, kernel=rbf, gamma=0.001
2025-12-19 00:23:06,855 - INFO - One-Class SVM训练完成
2025-12-19 00:23:06,855 - INFO - 在训练集上计算异常分数以确定阈值...
2025-12-19 00:23:06,871 - INFO - 训练集95分位数阈值: -0.000232
2025-12-19 00:23:06,871 - INFO - 训练集分数统计: min=-1.569313, max=21.687493, mean=-0.833420, std=1.056351
2025-12-19 00:23:06,872 - INFO - 在测试集上计算异常分数并评估...
2025-12-19 00:23:06,891 - INFO - ==== Evaluation Result ====
2025-12-19 00:23:06,892 - INFO - One-Class SVM参数: nu=0.050, kernel=rbf, gamma=0.001
2025-12-19 00:23:06,892 - INFO - Threshold (Train 95th percentile): -0.000232
2025-12-19 00:23:06,892 - INFO - AUC: 0.9791
2025-12-19 00:23:06,892 - INFO - F1 Score: 0.5993
2025-12-19 00:23:06,892 - INFO - Accuracy: 0.9405
2025-12-19 00:23:06,896 - INFO - 预测结果已保存到: ckpt\oneclass_svm_predictions_p95_nu0.050_kernelrbf_gamma0.001_20251219_002306.csv
2025-12-19 00:23:06,896 - INFO - 
============================================================
2025-12-19 00:23:06,897 - INFO - 网格搜索进度: [13/63]
2025-12-19 00:23:06,897 - INFO - 参数组合: nu=0.050, kernel=rbf, gamma=0.01
2025-12-19 00:23:06,897 - INFO - ============================================================
2025-12-19 00:23:06,897 - INFO - 训练One-Class SVM: nu=0.05, kernel=rbf, gamma=0.01
2025-12-19 00:23:06,904 - INFO - One-Class SVM训练完成
2025-12-19 00:23:06,904 - INFO - 在训练集上计算异常分数以确定阈值...
2025-12-19 00:23:06,921 - INFO - 训练集95分位数阈值: -0.000169
2025-12-19 00:23:06,922 - INFO - 训练集分数统计: min=-8.413345, max=48.980836, mean=-4.657242, std=3.984270
2025-12-19 00:23:06,922 - INFO - 在测试集上计算异常分数并评估...
2025-12-19 00:23:06,943 - INFO - ==== Evaluation Result ====
2025-12-19 00:23:06,943 - INFO - One-Class SVM参数: nu=0.050, kernel=rbf, gamma=0.01
2025-12-19 00:23:06,943 - INFO - Threshold (Train 95th percentile): -0.000169
2025-12-19 00:23:06,943 - INFO - AUC: 0.9774
2025-12-19 00:23:06,943 - INFO - F1 Score: 0.5903
2025-12-19 00:23:06,943 - INFO - Accuracy: 0.9390
2025-12-19 00:23:06,947 - INFO - 预测结果已保存到: ckpt\oneclass_svm_predictions_p95_nu0.050_kernelrbf_gamma0.01_20251219_002306.csv
2025-12-19 00:23:06,947 - INFO - 
============================================================
2025-12-19 00:23:06,947 - INFO - 网格搜索进度: [14/63]
2025-12-19 00:23:06,947 - INFO - 参数组合: nu=0.050, kernel=rbf, gamma=0.1
2025-12-19 00:23:06,947 - INFO - ============================================================
2025-12-19 00:23:06,947 - INFO - 训练One-Class SVM: nu=0.05, kernel=rbf, gamma=0.1
2025-12-19 00:23:06,954 - INFO - One-Class SVM训练完成
2025-12-19 00:23:06,954 - INFO - 在训练集上计算异常分数以确定阈值...
2025-12-19 00:23:06,974 - INFO - 训练集95分位数阈值: -0.000002
2025-12-19 00:23:06,975 - INFO - 训练集分数统计: min=-3.836843, max=6.934432, mean=-2.199563, std=1.256893
2025-12-19 00:23:06,975 - INFO - 在测试集上计算异常分数并评估...
2025-12-19 00:23:06,997 - INFO - ==== Evaluation Result ====
2025-12-19 00:23:06,997 - INFO - One-Class SVM参数: nu=0.050, kernel=rbf, gamma=0.1
2025-12-19 00:23:06,997 - INFO - Threshold (Train 95th percentile): -0.000002
2025-12-19 00:23:06,997 - INFO - AUC: 0.9739
2025-12-19 00:23:06,997 - INFO - F1 Score: 0.5847
2025-12-19 00:23:06,997 - INFO - Accuracy: 0.9353
2025-12-19 00:23:07,000 - INFO - 预测结果已保存到: ckpt\oneclass_svm_predictions_p95_nu0.050_kernelrbf_gamma0.1_20251219_002306.csv
2025-12-19 00:23:07,001 - INFO - 
============================================================
2025-12-19 00:23:07,001 - INFO - 网格搜索进度: [15/63]
2025-12-19 00:23:07,001 - INFO - 参数组合: nu=0.050, kernel=rbf, gamma=1.0
2025-12-19 00:23:07,001 - INFO - ============================================================
2025-12-19 00:23:07,001 - INFO - 训练One-Class SVM: nu=0.05, kernel=rbf, gamma=1.0
2025-12-19 00:23:07,025 - INFO - One-Class SVM训练完成
2025-12-19 00:23:07,025 - INFO - 在训练集上计算异常分数以确定阈值...
2025-12-19 00:23:07,107 - INFO - 训练集95分位数阈值: 0.000232
2025-12-19 00:23:07,107 - INFO - 训练集分数统计: min=-0.145547, max=0.000490, mean=-0.035660, std=0.030605
2025-12-19 00:23:07,108 - INFO - 在测试集上计算异常分数并评估...
2025-12-19 00:23:07,198 - INFO - ==== Evaluation Result ====
2025-12-19 00:23:07,198 - INFO - One-Class SVM参数: nu=0.050, kernel=rbf, gamma=1.0
2025-12-19 00:23:07,198 - INFO - Threshold (Train 95th percentile): 0.000232
2025-12-19 00:23:07,198 - INFO - AUC: 0.9801
2025-12-19 00:23:07,198 - INFO - F1 Score: 0.2605
2025-12-19 00:23:07,198 - INFO - Accuracy: 0.7268
2025-12-19 00:23:07,202 - INFO - 预测结果已保存到: ckpt\oneclass_svm_predictions_p95_nu0.050_kernelrbf_gamma1.0_20251219_002307.csv
2025-12-19 00:23:07,202 - INFO - 
============================================================
2025-12-19 00:23:07,202 - INFO - 网格搜索进度: [16/63]
2025-12-19 00:23:07,202 - INFO - 参数组合: nu=0.050, kernel=linear, gamma=scale
2025-12-19 00:23:07,202 - INFO - ============================================================
2025-12-19 00:23:07,203 - INFO - 训练One-Class SVM: nu=0.05, kernel=linear, gamma=scale
2025-12-19 00:23:07,206 - INFO - One-Class SVM训练完成
2025-12-19 00:23:07,207 - INFO - 在训练集上计算异常分数以确定阈值...
2025-12-19 00:23:07,212 - INFO - 训练集95分位数阈值: 0.000206
2025-12-19 00:23:07,213 - INFO - 训练集分数统计: min=-0.001432, max=0.000432, mean=0.000081, std=0.000105
2025-12-19 00:23:07,213 - INFO - 在测试集上计算异常分数并评估...
2025-12-19 00:23:07,221 - INFO - ==== Evaluation Result ====
2025-12-19 00:23:07,222 - INFO - One-Class SVM参数: nu=0.050, kernel=linear, gamma=scale
2025-12-19 00:23:07,222 - INFO - Threshold (Train 95th percentile): 0.000206
2025-12-19 00:23:07,222 - INFO - AUC: 0.2618
2025-12-19 00:23:07,222 - INFO - F1 Score: 0.1058
2025-12-19 00:23:07,222 - INFO - Accuracy: 0.9038
2025-12-19 00:23:07,226 - INFO - 预测结果已保存到: ckpt\oneclass_svm_predictions_p95_nu0.050_kernellinear_gammascale_20251219_002307.csv
2025-12-19 00:23:07,226 - INFO - 
============================================================
2025-12-19 00:23:07,226 - INFO - 网格搜索进度: [17/63]
2025-12-19 00:23:07,227 - INFO - 参数组合: nu=0.050, kernel=poly, gamma=scale
2025-12-19 00:23:07,227 - INFO - ============================================================
2025-12-19 00:23:07,227 - INFO - 训练One-Class SVM: nu=0.05, kernel=poly, gamma=scale
2025-12-19 00:23:07,545 - INFO - One-Class SVM训练完成
2025-12-19 00:23:07,545 - INFO - 在训练集上计算异常分数以确定阈值...
2025-12-19 00:23:07,555 - INFO - 训练集95分位数阈值: 0.000096
2025-12-19 00:23:07,556 - INFO - 训练集分数统计: min=-4.943131, max=0.000490, mean=-0.006207, std=0.129363
2025-12-19 00:23:07,556 - INFO - 在测试集上计算异常分数并评估...
2025-12-19 00:23:07,569 - INFO - ==== Evaluation Result ====
2025-12-19 00:23:07,569 - INFO - One-Class SVM参数: nu=0.050, kernel=poly, gamma=scale
2025-12-19 00:23:07,569 - INFO - Threshold (Train 95th percentile): 0.000096
2025-12-19 00:23:07,570 - INFO - AUC: 0.0286
2025-12-19 00:23:07,570 - INFO - F1 Score: 0.0096
2025-12-19 00:23:07,570 - INFO - Accuracy: 0.8934
2025-12-19 00:23:07,574 - INFO - 预测结果已保存到: ckpt\oneclass_svm_predictions_p95_nu0.050_kernelpoly_gammascale_20251219_002307.csv
2025-12-19 00:23:07,574 - INFO - 
============================================================
2025-12-19 00:23:07,574 - INFO - 网格搜索进度: [18/63]
2025-12-19 00:23:07,574 - INFO - 参数组合: nu=0.050, kernel=sigmoid, gamma=scale
2025-12-19 00:23:07,574 - INFO - ============================================================
2025-12-19 00:23:07,574 - INFO - 训练One-Class SVM: nu=0.05, kernel=sigmoid, gamma=scale
2025-12-19 00:23:07,584 - INFO - One-Class SVM训练完成
2025-12-19 00:23:07,584 - INFO - 在训练集上计算异常分数以确定阈值...
2025-12-19 00:23:07,592 - INFO - 训练集95分位数阈值: 0.000002
2025-12-19 00:23:07,593 - INFO - 训练集分数统计: min=-32.929928, max=34.927430, mean=-10.380367, std=6.963911
2025-12-19 00:23:07,593 - INFO - 在测试集上计算异常分数并评估...
2025-12-19 00:23:07,604 - INFO - ==== Evaluation Result ====
2025-12-19 00:23:07,604 - INFO - One-Class SVM参数: nu=0.050, kernel=sigmoid, gamma=scale
2025-12-19 00:23:07,604 - INFO - Threshold (Train 95th percentile): 0.000002
2025-12-19 00:23:07,604 - INFO - AUC: 0.8123
2025-12-19 00:23:07,604 - INFO - F1 Score: 0.5259
2025-12-19 00:23:07,605 - INFO - Accuracy: 0.9431
2025-12-19 00:23:07,608 - INFO - 预测结果已保存到: ckpt\oneclass_svm_predictions_p95_nu0.050_kernelsigmoid_gammascale_20251219_002307.csv
2025-12-19 00:23:07,608 - INFO - 
============================================================
2025-12-19 00:23:07,608 - INFO - 网格搜索进度: [19/63]
2025-12-19 00:23:07,609 - INFO - 参数组合: nu=0.100, kernel=rbf, gamma=scale
2025-12-19 00:23:07,609 - INFO - ============================================================
2025-12-19 00:23:07,609 - INFO - 训练One-Class SVM: nu=0.1, kernel=rbf, gamma=scale
2025-12-19 00:23:07,620 - INFO - One-Class SVM训练完成
2025-12-19 00:23:07,621 - INFO - 在训练集上计算异常分数以确定阈值...
2025-12-19 00:23:07,656 - INFO - 训练集95分位数阈值: 1.943162
2025-12-19 00:23:07,657 - INFO - 训练集分数统计: min=-5.793745, max=11.977359, mean=-2.618617, std=2.518801
2025-12-19 00:23:07,657 - INFO - 在测试集上计算异常分数并评估...
2025-12-19 00:23:07,695 - INFO - ==== Evaluation Result ====
2025-12-19 00:23:07,696 - INFO - One-Class SVM参数: nu=0.100, kernel=rbf, gamma=scale
2025-12-19 00:23:07,696 - INFO - Threshold (Train 95th percentile): 1.943162
2025-12-19 00:23:07,696 - INFO - AUC: 0.9752
2025-12-19 00:23:07,696 - INFO - F1 Score: 0.5886
2025-12-19 00:23:07,696 - INFO - Accuracy: 0.9364
2025-12-19 00:23:07,700 - INFO - 预测结果已保存到: ckpt\oneclass_svm_predictions_p95_nu0.100_kernelrbf_gammascale_20251219_002307.csv
2025-12-19 00:23:07,700 - INFO - 
============================================================
2025-12-19 00:23:07,700 - INFO - 网格搜索进度: [20/63]
2025-12-19 00:23:07,700 - INFO - 参数组合: nu=0.100, kernel=rbf, gamma=auto
2025-12-19 00:23:07,700 - INFO - ============================================================
2025-12-19 00:23:07,700 - INFO - 训练One-Class SVM: nu=0.1, kernel=rbf, gamma=auto
2025-12-19 00:23:07,712 - INFO - One-Class SVM训练完成
2025-12-19 00:23:07,712 - INFO - 在训练集上计算异常分数以确定阈值...
2025-12-19 00:23:07,749 - INFO - 训练集95分位数阈值: 1.943162
2025-12-19 00:23:07,749 - INFO - 训练集分数统计: min=-5.793745, max=11.977359, mean=-2.618617, std=2.518801
2025-12-19 00:23:07,749 - INFO - 在测试集上计算异常分数并评估...
2025-12-19 00:23:07,790 - INFO - ==== Evaluation Result ====
2025-12-19 00:23:07,790 - INFO - One-Class SVM参数: nu=0.100, kernel=rbf, gamma=auto
2025-12-19 00:23:07,791 - INFO - Threshold (Train 95th percentile): 1.943162
2025-12-19 00:23:07,791 - INFO - AUC: 0.9752
2025-12-19 00:23:07,791 - INFO - F1 Score: 0.5886
2025-12-19 00:23:07,791 - INFO - Accuracy: 0.9364
2025-12-19 00:23:07,795 - INFO - 预测结果已保存到: ckpt\oneclass_svm_predictions_p95_nu0.100_kernelrbf_gammaauto_20251219_002307.csv
2025-12-19 00:23:07,795 - INFO - 
============================================================
2025-12-19 00:23:07,795 - INFO - 网格搜索进度: [21/63]
2025-12-19 00:23:07,795 - INFO - 参数组合: nu=0.100, kernel=rbf, gamma=0.001
2025-12-19 00:23:07,795 - INFO - ============================================================
2025-12-19 00:23:07,795 - INFO - 训练One-Class SVM: nu=0.1, kernel=rbf, gamma=0.001
2025-12-19 00:23:07,806 - INFO - One-Class SVM训练完成
2025-12-19 00:23:07,807 - INFO - 在训练集上计算异常分数以确定阈值...
2025-12-19 00:23:07,839 - INFO - 训练集95分位数阈值: 0.969106
2025-12-19 00:23:07,839 - INFO - 训练集分数统计: min=-2.136756, max=47.166820, mean=-0.866964, std=2.268139
2025-12-19 00:23:07,839 - INFO - 在测试集上计算异常分数并评估...
2025-12-19 00:23:07,878 - INFO - ==== Evaluation Result ====
2025-12-19 00:23:07,878 - INFO - One-Class SVM参数: nu=0.100, kernel=rbf, gamma=0.001
2025-12-19 00:23:07,878 - INFO - Threshold (Train 95th percentile): 0.969106
2025-12-19 00:23:07,878 - INFO - AUC: 0.9792
2025-12-19 00:23:07,878 - INFO - F1 Score: 0.6071
2025-12-19 00:23:07,878 - INFO - Accuracy: 0.9431
2025-12-19 00:23:07,882 - INFO - 预测结果已保存到: ckpt\oneclass_svm_predictions_p95_nu0.100_kernelrbf_gamma0.001_20251219_002307.csv
2025-12-19 00:23:07,882 - INFO - 
============================================================
2025-12-19 00:23:07,882 - INFO - 网格搜索进度: [22/63]
2025-12-19 00:23:07,882 - INFO - 参数组合: nu=0.100, kernel=rbf, gamma=0.01
2025-12-19 00:23:07,882 - INFO - ============================================================
2025-12-19 00:23:07,882 - INFO - 训练One-Class SVM: nu=0.1, kernel=rbf, gamma=0.01
2025-12-19 00:23:07,893 - INFO - One-Class SVM训练完成
2025-12-19 00:23:07,893 - INFO - 在训练集上计算异常分数以确定阈值...
2025-12-19 00:23:07,925 - INFO - 训练集95分位数阈值: 6.074684
2025-12-19 00:23:07,926 - INFO - 训练集分数统计: min=-13.828238, max=119.579812, mean=-6.213602, std=9.758543
2025-12-19 00:23:07,926 - INFO - 在测试集上计算异常分数并评估...
2025-12-19 00:23:07,962 - INFO - ==== Evaluation Result ====
2025-12-19 00:23:07,962 - INFO - One-Class SVM参数: nu=0.100, kernel=rbf, gamma=0.01
2025-12-19 00:23:07,962 - INFO - Threshold (Train 95th percentile): 6.074684
2025-12-19 00:23:07,962 - INFO - AUC: 0.9786
2025-12-19 00:23:07,963 - INFO - F1 Score: 0.6099
2025-12-19 00:23:07,963 - INFO - Accuracy: 0.9431
2025-12-19 00:23:07,966 - INFO - 预测结果已保存到: ckpt\oneclass_svm_predictions_p95_nu0.100_kernelrbf_gamma0.01_20251219_002307.csv
2025-12-19 00:23:07,967 - INFO - 
============================================================
2025-12-19 00:23:07,967 - INFO - 网格搜索进度: [23/63]
2025-12-19 00:23:07,967 - INFO - 参数组合: nu=0.100, kernel=rbf, gamma=0.1
2025-12-19 00:23:07,967 - INFO - ============================================================
2025-12-19 00:23:07,967 - INFO - 训练One-Class SVM: nu=0.1, kernel=rbf, gamma=0.1
2025-12-19 00:23:07,979 - INFO - One-Class SVM训练完成
2025-12-19 00:23:07,979 - INFO - 在训练集上计算异常分数以确定阈值...
2025-12-19 00:23:08,015 - INFO - 训练集95分位数阈值: 3.774895
2025-12-19 00:23:08,015 - INFO - 训练集分数统计: min=-10.543291, max=23.910375, mean=-4.845699, std=4.757018
2025-12-19 00:23:08,015 - INFO - 在测试集上计算异常分数并评估...
2025-12-19 00:23:08,052 - INFO - ==== Evaluation Result ====
2025-12-19 00:23:08,052 - INFO - One-Class SVM参数: nu=0.100, kernel=rbf, gamma=0.1
2025-12-19 00:23:08,052 - INFO - Threshold (Train 95th percentile): 3.774895
2025-12-19 00:23:08,052 - INFO - AUC: 0.9750
2025-12-19 00:23:08,053 - INFO - F1 Score: 0.6154
2025-12-19 00:23:08,053 - INFO - Accuracy: 0.9431
2025-12-19 00:23:08,056 - INFO - 预测结果已保存到: ckpt\oneclass_svm_predictions_p95_nu0.100_kernelrbf_gamma0.1_20251219_002308.csv
2025-12-19 00:23:08,056 - INFO - 
============================================================
2025-12-19 00:23:08,056 - INFO - 网格搜索进度: [24/63]
2025-12-19 00:23:08,056 - INFO - 参数组合: nu=0.100, kernel=rbf, gamma=1.0
2025-12-19 00:23:08,057 - INFO - ============================================================
2025-12-19 00:23:08,057 - INFO - 训练One-Class SVM: nu=0.1, kernel=rbf, gamma=1.0
2025-12-19 00:23:08,081 - INFO - One-Class SVM训练完成
2025-12-19 00:23:08,081 - INFO - 在训练集上计算异常分数以确定阈值...
2025-12-19 00:23:08,163 - INFO - 训练集95分位数阈值: 0.000273
2025-12-19 00:23:08,164 - INFO - 训练集分数统计: min=-0.291914, max=0.030082, mean=-0.071177, std=0.061722
2025-12-19 00:23:08,164 - INFO - 在测试集上计算异常分数并评估...
2025-12-19 00:23:08,256 - INFO - ==== Evaluation Result ====
2025-12-19 00:23:08,256 - INFO - One-Class SVM参数: nu=0.100, kernel=rbf, gamma=1.0
2025-12-19 00:23:08,256 - INFO - Threshold (Train 95th percentile): 0.000273
2025-12-19 00:23:08,257 - INFO - AUC: 0.9801
2025-12-19 00:23:08,257 - INFO - F1 Score: 0.2609
2025-12-19 00:23:08,257 - INFO - Accuracy: 0.7274
2025-12-19 00:23:08,261 - INFO - 预测结果已保存到: ckpt\oneclass_svm_predictions_p95_nu0.100_kernelrbf_gamma1.0_20251219_002308.csv
2025-12-19 00:23:08,261 - INFO - 
============================================================
2025-12-19 00:23:08,261 - INFO - 网格搜索进度: [25/63]
2025-12-19 00:23:08,261 - INFO - 参数组合: nu=0.100, kernel=linear, gamma=scale
2025-12-19 00:23:08,261 - INFO - ============================================================
2025-12-19 00:23:08,261 - INFO - 训练One-Class SVM: nu=0.1, kernel=linear, gamma=scale
2025-12-19 00:23:08,267 - INFO - One-Class SVM训练完成
2025-12-19 00:23:08,267 - INFO - 在训练集上计算异常分数以确定阈值...
2025-12-19 00:23:08,276 - INFO - 训练集95分位数阈值: 0.000171
2025-12-19 00:23:08,277 - INFO - 训练集分数统计: min=-0.000534, max=0.000398, mean=0.000053, std=0.000079
2025-12-19 00:23:08,277 - INFO - 在测试集上计算异常分数并评估...
2025-12-19 00:23:08,289 - INFO - ==== Evaluation Result ====
2025-12-19 00:23:08,289 - INFO - One-Class SVM参数: nu=0.100, kernel=linear, gamma=scale
2025-12-19 00:23:08,289 - INFO - Threshold (Train 95th percentile): 0.000171
2025-12-19 00:23:08,290 - INFO - AUC: 0.6130
2025-12-19 00:23:08,290 - INFO - F1 Score: 0.0708
2025-12-19 00:23:08,290 - INFO - Accuracy: 0.8914
2025-12-19 00:23:08,293 - INFO - 预测结果已保存到: ckpt\oneclass_svm_predictions_p95_nu0.100_kernellinear_gammascale_20251219_002308.csv
2025-12-19 00:23:08,293 - INFO - 
============================================================
2025-12-19 00:23:08,293 - INFO - 网格搜索进度: [26/63]
2025-12-19 00:23:08,295 - INFO - 参数组合: nu=0.100, kernel=poly, gamma=scale
2025-12-19 00:23:08,295 - INFO - ============================================================
2025-12-19 00:23:08,295 - INFO - 训练One-Class SVM: nu=0.1, kernel=poly, gamma=scale
2025-12-19 00:23:08,799 - INFO - One-Class SVM训练完成
2025-12-19 00:23:08,800 - INFO - 在训练集上计算异常分数以确定阈值...
2025-12-19 00:23:08,814 - INFO - 训练集95分位数阈值: 0.000095
2025-12-19 00:23:08,814 - INFO - 训练集分数统计: min=-6.076740, max=0.000655, mean=-0.007706, std=0.158736
2025-12-19 00:23:08,815 - INFO - 在测试集上计算异常分数并评估...
2025-12-19 00:23:08,832 - INFO - ==== Evaluation Result ====
2025-12-19 00:23:08,832 - INFO - One-Class SVM参数: nu=0.100, kernel=poly, gamma=scale
2025-12-19 00:23:08,832 - INFO - Threshold (Train 95th percentile): 0.000095
2025-12-19 00:23:08,833 - INFO - AUC: 0.0272
2025-12-19 00:23:08,833 - INFO - F1 Score: 0.0100
2025-12-19 00:23:08,833 - INFO - Accuracy: 0.8976
2025-12-19 00:23:08,836 - INFO - 预测结果已保存到: ckpt\oneclass_svm_predictions_p95_nu0.100_kernelpoly_gammascale_20251219_002308.csv
2025-12-19 00:23:08,837 - INFO - 
============================================================
2025-12-19 00:23:08,837 - INFO - 网格搜索进度: [27/63]
2025-12-19 00:23:08,837 - INFO - 参数组合: nu=0.100, kernel=sigmoid, gamma=scale
2025-12-19 00:23:08,837 - INFO - ============================================================
2025-12-19 00:23:08,837 - INFO - 训练One-Class SVM: nu=0.1, kernel=sigmoid, gamma=scale
2025-12-19 00:23:08,855 - INFO - One-Class SVM训练完成
2025-12-19 00:23:08,855 - INFO - 在训练集上计算异常分数以确定阈值...
2025-12-19 00:23:08,872 - INFO - 训练集95分位数阈值: 2.862897
2025-12-19 00:23:08,872 - INFO - 训练集分数统计: min=-40.909490, max=85.051987, mean=-12.017113, std=10.987251
2025-12-19 00:23:08,873 - INFO - 在测试集上计算异常分数并评估...
2025-12-19 00:23:08,898 - INFO - ==== Evaluation Result ====
2025-12-19 00:23:08,899 - INFO - One-Class SVM参数: nu=0.100, kernel=sigmoid, gamma=scale
2025-12-19 00:23:08,899 - INFO - Threshold (Train 95th percentile): 2.862897
2025-12-19 00:23:08,899 - INFO - AUC: 0.8296
2025-12-19 00:23:08,899 - INFO - F1 Score: 0.5726
2025-12-19 00:23:08,899 - INFO - Accuracy: 0.9483
2025-12-19 00:23:08,903 - INFO - 预测结果已保存到: ckpt\oneclass_svm_predictions_p95_nu0.100_kernelsigmoid_gammascale_20251219_002308.csv
2025-12-19 00:23:08,903 - INFO - 
============================================================
2025-12-19 00:23:08,903 - INFO - 网格搜索进度: [28/63]
2025-12-19 00:23:08,903 - INFO - 参数组合: nu=0.150, kernel=rbf, gamma=scale
2025-12-19 00:23:08,903 - INFO - ============================================================
2025-12-19 00:23:08,903 - INFO - 训练One-Class SVM: nu=0.15, kernel=rbf, gamma=scale
2025-12-19 00:23:08,920 - INFO - One-Class SVM训练完成
2025-12-19 00:23:08,920 - INFO - 在训练集上计算异常分数以确定阈值...
2025-12-19 00:23:08,993 - INFO - 训练集95分位数阈值: 8.774101
2025-12-19 00:23:08,993 - INFO - 训练集分数统计: min=-12.549946, max=26.011935, mean=-4.557852, std=6.371561
2025-12-19 00:23:08,993 - INFO - 在测试集上计算异常分数并评估...
2025-12-19 00:23:09,073 - INFO - ==== Evaluation Result ====
2025-12-19 00:23:09,073 - INFO - One-Class SVM参数: nu=0.150, kernel=rbf, gamma=scale
2025-12-19 00:23:09,073 - INFO - Threshold (Train 95th percentile): 8.774101
2025-12-19 00:23:09,073 - INFO - AUC: 0.9754
2025-12-19 00:23:09,073 - INFO - F1 Score: 0.6246
2025-12-19 00:23:09,073 - INFO - Accuracy: 0.9446
2025-12-19 00:23:09,077 - INFO - 预测结果已保存到: ckpt\oneclass_svm_predictions_p95_nu0.150_kernelrbf_gammascale_20251219_002309.csv
2025-12-19 00:23:09,077 - INFO - 
============================================================
2025-12-19 00:23:09,077 - INFO - 网格搜索进度: [29/63]
2025-12-19 00:23:09,077 - INFO - 参数组合: nu=0.150, kernel=rbf, gamma=auto
2025-12-19 00:23:09,077 - INFO - ============================================================
2025-12-19 00:23:09,077 - INFO - 训练One-Class SVM: nu=0.15, kernel=rbf, gamma=auto
2025-12-19 00:23:09,095 - INFO - One-Class SVM训练完成
2025-12-19 00:23:09,095 - INFO - 在训练集上计算异常分数以确定阈值...
2025-12-19 00:23:09,149 - INFO - 训练集95分位数阈值: 8.774101
2025-12-19 00:23:09,149 - INFO - 训练集分数统计: min=-12.549946, max=26.011936, mean=-4.557852, std=6.371561
2025-12-19 00:23:09,149 - INFO - 在测试集上计算异常分数并评估...
2025-12-19 00:23:09,209 - INFO - ==== Evaluation Result ====
2025-12-19 00:23:09,209 - INFO - One-Class SVM参数: nu=0.150, kernel=rbf, gamma=auto
2025-12-19 00:23:09,209 - INFO - Threshold (Train 95th percentile): 8.774101
2025-12-19 00:23:09,209 - INFO - AUC: 0.9754
2025-12-19 00:23:09,209 - INFO - F1 Score: 0.6246
2025-12-19 00:23:09,209 - INFO - Accuracy: 0.9446
2025-12-19 00:23:09,213 - INFO - 预测结果已保存到: ckpt\oneclass_svm_predictions_p95_nu0.150_kernelrbf_gammaauto_20251219_002309.csv
2025-12-19 00:23:09,214 - INFO - 
============================================================
2025-12-19 00:23:09,214 - INFO - 网格搜索进度: [30/63]
2025-12-19 00:23:09,214 - INFO - 参数组合: nu=0.150, kernel=rbf, gamma=0.001
2025-12-19 00:23:09,214 - INFO - ============================================================
2025-12-19 00:23:09,214 - INFO - 训练One-Class SVM: nu=0.15, kernel=rbf, gamma=0.001
2025-12-19 00:23:09,234 - INFO - One-Class SVM训练完成
2025-12-19 00:23:09,234 - INFO - 在训练集上计算异常分数以确定阈值...
2025-12-19 00:23:09,285 - INFO - 训练集95分位数阈值: 2.381405
2025-12-19 00:23:09,285 - INFO - 训练集分数统计: min=-2.310696, max=73.769258, mean=-0.606362, std=3.552907
2025-12-19 00:23:09,286 - INFO - 在测试集上计算异常分数并评估...
2025-12-19 00:23:09,339 - INFO - ==== Evaluation Result ====
2025-12-19 00:23:09,340 - INFO - One-Class SVM参数: nu=0.150, kernel=rbf, gamma=0.001
2025-12-19 00:23:09,340 - INFO - Threshold (Train 95th percentile): 2.381405
2025-12-19 00:23:09,340 - INFO - AUC: 0.9783
2025-12-19 00:23:09,340 - INFO - F1 Score: 0.6159
2025-12-19 00:23:09,340 - INFO - Accuracy: 0.9452
2025-12-19 00:23:09,343 - INFO - 预测结果已保存到: ckpt\oneclass_svm_predictions_p95_nu0.150_kernelrbf_gamma0.001_20251219_002309.csv
2025-12-19 00:23:09,344 - INFO - 
============================================================
2025-12-19 00:23:09,344 - INFO - 网格搜索进度: [31/63]
2025-12-19 00:23:09,344 - INFO - 参数组合: nu=0.150, kernel=rbf, gamma=0.01
2025-12-19 00:23:09,344 - INFO - ============================================================
2025-12-19 00:23:09,344 - INFO - 训练One-Class SVM: nu=0.15, kernel=rbf, gamma=0.01
2025-12-19 00:23:09,360 - INFO - One-Class SVM训练完成
2025-12-19 00:23:09,361 - INFO - 在训练集上计算异常分数以确定阈值...
2025-12-19 00:23:09,407 - INFO - 训练集95分位数阈值: 16.663746
2025-12-19 00:23:09,408 - INFO - 训练集分数统计: min=-16.386894, max=197.533716, mean=-5.069926, std=16.293841
2025-12-19 00:23:09,408 - INFO - 在测试集上计算异常分数并评估...
2025-12-19 00:23:09,466 - INFO - ==== Evaluation Result ====
2025-12-19 00:23:09,466 - INFO - One-Class SVM参数: nu=0.150, kernel=rbf, gamma=0.01
2025-12-19 00:23:09,466 - INFO - Threshold (Train 95th percentile): 16.663746
2025-12-19 00:23:09,466 - INFO - AUC: 0.9778
2025-12-19 00:23:09,466 - INFO - F1 Score: 0.6232
2025-12-19 00:23:09,466 - INFO - Accuracy: 0.9462
2025-12-19 00:23:09,470 - INFO - 预测结果已保存到: ckpt\oneclass_svm_predictions_p95_nu0.150_kernelrbf_gamma0.01_20251219_002309.csv
2025-12-19 00:23:09,470 - INFO - 
============================================================
2025-12-19 00:23:09,470 - INFO - 网格搜索进度: [32/63]
2025-12-19 00:23:09,471 - INFO - 参数组合: nu=0.150, kernel=rbf, gamma=0.1
2025-12-19 00:23:09,471 - INFO - ============================================================
2025-12-19 00:23:09,471 - INFO - 训练One-Class SVM: nu=0.15, kernel=rbf, gamma=0.1
2025-12-19 00:23:09,488 - INFO - One-Class SVM训练完成
2025-12-19 00:23:09,489 - INFO - 在训练集上计算异常分数以确定阈值...
2025-12-19 00:23:09,542 - INFO - 训练集95分位数阈值: 14.375062
2025-12-19 00:23:09,542 - INFO - 训练集分数统计: min=-20.485824, max=49.240932, mean=-7.684416, std=11.056024
2025-12-19 00:23:09,543 - INFO - 在测试集上计算异常分数并评估...
2025-12-19 00:23:09,601 - INFO - ==== Evaluation Result ====
2025-12-19 00:23:09,602 - INFO - One-Class SVM参数: nu=0.150, kernel=rbf, gamma=0.1
2025-12-19 00:23:09,602 - INFO - Threshold (Train 95th percentile): 14.375062
2025-12-19 00:23:09,602 - INFO - AUC: 0.9763
2025-12-19 00:23:09,602 - INFO - F1 Score: 0.6335
2025-12-19 00:23:09,602 - INFO - Accuracy: 0.9467
2025-12-19 00:23:09,606 - INFO - 预测结果已保存到: ckpt\oneclass_svm_predictions_p95_nu0.150_kernelrbf_gamma0.1_20251219_002309.csv
2025-12-19 00:23:09,606 - INFO - 
============================================================
2025-12-19 00:23:09,606 - INFO - 网格搜索进度: [33/63]
2025-12-19 00:23:09,607 - INFO - 参数组合: nu=0.150, kernel=rbf, gamma=1.0
2025-12-19 00:23:09,607 - INFO - ============================================================
2025-12-19 00:23:09,607 - INFO - 训练One-Class SVM: nu=0.15, kernel=rbf, gamma=1.0
2025-12-19 00:23:09,637 - INFO - One-Class SVM训练完成
2025-12-19 00:23:09,637 - INFO - 在训练集上计算异常分数以确定阈值...
2025-12-19 00:23:09,730 - INFO - 训练集95分位数阈值: 0.211639
2025-12-19 00:23:09,731 - INFO - 训练集分数统计: min=-0.517953, max=0.808691, mean=-0.098146, std=0.191023
2025-12-19 00:23:09,731 - INFO - 在测试集上计算异常分数并评估...
2025-12-19 00:23:09,822 - INFO - ==== Evaluation Result ====
2025-12-19 00:23:09,822 - INFO - One-Class SVM参数: nu=0.150, kernel=rbf, gamma=1.0
2025-12-19 00:23:09,822 - INFO - Threshold (Train 95th percentile): 0.211639
2025-12-19 00:23:09,822 - INFO - AUC: 0.9803
2025-12-19 00:23:09,822 - INFO - F1 Score: 0.3523
2025-12-19 00:23:09,822 - INFO - Accuracy: 0.8231
2025-12-19 00:23:09,826 - INFO - 预测结果已保存到: ckpt\oneclass_svm_predictions_p95_nu0.150_kernelrbf_gamma1.0_20251219_002309.csv
2025-12-19 00:23:09,826 - INFO - 
============================================================
2025-12-19 00:23:09,826 - INFO - 网格搜索进度: [34/63]
2025-12-19 00:23:09,826 - INFO - 参数组合: nu=0.150, kernel=linear, gamma=scale
2025-12-19 00:23:09,827 - INFO - ============================================================
2025-12-19 00:23:09,827 - INFO - 训练One-Class SVM: nu=0.15, kernel=linear, gamma=scale
2025-12-19 00:23:09,834 - INFO - One-Class SVM训练完成
2025-12-19 00:23:09,835 - INFO - 在训练集上计算异常分数以确定阈值...
2025-12-19 00:23:09,849 - INFO - 训练集95分位数阈值: 0.000018
2025-12-19 00:23:09,849 - INFO - 训练集分数统计: min=-0.000112, max=0.000321, mean=-0.000012, std=0.000025
2025-12-19 00:23:09,849 - INFO - 在测试集上计算异常分数并评估...
2025-12-19 00:23:09,867 - INFO - ==== Evaluation Result ====
2025-12-19 00:23:09,867 - INFO - One-Class SVM参数: nu=0.150, kernel=linear, gamma=scale
2025-12-19 00:23:09,868 - INFO - Threshold (Train 95th percentile): 0.000018
2025-12-19 00:23:09,868 - INFO - AUC: 0.7157
2025-12-19 00:23:09,868 - INFO - F1 Score: 0.2772
2025-12-19 00:23:09,868 - INFO - Accuracy: 0.9245
2025-12-19 00:23:09,871 - INFO - 预测结果已保存到: ckpt\oneclass_svm_predictions_p95_nu0.150_kernellinear_gammascale_20251219_002309.csv
2025-12-19 00:23:09,872 - INFO - 
============================================================
2025-12-19 00:23:09,872 - INFO - 网格搜索进度: [35/63]
2025-12-19 00:23:09,872 - INFO - 参数组合: nu=0.150, kernel=poly, gamma=scale
2025-12-19 00:23:09,872 - INFO - ============================================================
2025-12-19 00:23:09,872 - INFO - 训练One-Class SVM: nu=0.15, kernel=poly, gamma=scale
2025-12-19 00:23:10,499 - INFO - One-Class SVM训练完成
2025-12-19 00:23:10,499 - INFO - 在训练集上计算异常分数以确定阈值...
2025-12-19 00:23:10,517 - INFO - 训练集95分位数阈值: 0.000114
2025-12-19 00:23:10,518 - INFO - 训练集分数统计: min=-6.556205, max=0.000804, mean=-0.008267, std=0.170499
2025-12-19 00:23:10,518 - INFO - 在测试集上计算异常分数并评估...
2025-12-19 00:23:10,540 - INFO - ==== Evaluation Result ====
2025-12-19 00:23:10,540 - INFO - One-Class SVM参数: nu=0.150, kernel=poly, gamma=scale
2025-12-19 00:23:10,541 - INFO - Threshold (Train 95th percentile): 0.000114
2025-12-19 00:23:10,541 - INFO - AUC: 0.0282
2025-12-19 00:23:10,541 - INFO - F1 Score: 0.0087
2025-12-19 00:23:10,541 - INFO - Accuracy: 0.8826
2025-12-19 00:23:10,544 - INFO - 预测结果已保存到: ckpt\oneclass_svm_predictions_p95_nu0.150_kernelpoly_gammascale_20251219_002310.csv
2025-12-19 00:23:10,545 - INFO - 
============================================================
2025-12-19 00:23:10,545 - INFO - 网格搜索进度: [36/63]
2025-12-19 00:23:10,545 - INFO - 参数组合: nu=0.150, kernel=sigmoid, gamma=scale
2025-12-19 00:23:10,545 - INFO - ============================================================
2025-12-19 00:23:10,545 - INFO - 训练One-Class SVM: nu=0.15, kernel=sigmoid, gamma=scale
2025-12-19 00:23:10,569 - INFO - One-Class SVM训练完成
2025-12-19 00:23:10,569 - INFO - 在训练集上计算异常分数以确定阈值...
2025-12-19 00:23:10,595 - INFO - 训练集95分位数阈值: 6.938246
2025-12-19 00:23:10,595 - INFO - 训练集分数统计: min=-48.977847, max=130.664426, mean=-10.300098, std=14.127621
2025-12-19 00:23:10,595 - INFO - 在测试集上计算异常分数并评估...
2025-12-19 00:23:10,624 - INFO - ==== Evaluation Result ====
2025-12-19 00:23:10,624 - INFO - One-Class SVM参数: nu=0.150, kernel=sigmoid, gamma=scale
2025-12-19 00:23:10,624 - INFO - Threshold (Train 95th percentile): 6.938246
2025-12-19 00:23:10,624 - INFO - AUC: 0.8415
2025-12-19 00:23:10,625 - INFO - F1 Score: 0.5565
2025-12-19 00:23:10,625 - INFO - Accuracy: 0.9431
2025-12-19 00:23:10,628 - INFO - 预测结果已保存到: ckpt\oneclass_svm_predictions_p95_nu0.150_kernelsigmoid_gammascale_20251219_002310.csv
2025-12-19 00:23:10,628 - INFO - 
============================================================
2025-12-19 00:23:10,628 - INFO - 网格搜索进度: [37/63]
2025-12-19 00:23:10,628 - INFO - 参数组合: nu=0.200, kernel=rbf, gamma=scale
2025-12-19 00:23:10,629 - INFO - ============================================================
2025-12-19 00:23:10,629 - INFO - 训练One-Class SVM: nu=0.2, kernel=rbf, gamma=scale
2025-12-19 00:23:10,650 - INFO - One-Class SVM训练完成
2025-12-19 00:23:10,650 - INFO - 在训练集上计算异常分数以确定阈值...
2025-12-19 00:23:10,715 - INFO - 训练集95分位数阈值: 21.560123
2025-12-19 00:23:10,715 - INFO - 训练集分数统计: min=-20.008371, max=45.590616, mean=-5.609960, std=12.118216
2025-12-19 00:23:10,715 - INFO - 在测试集上计算异常分数并评估...
2025-12-19 00:23:10,785 - INFO - ==== Evaluation Result ====
2025-12-19 00:23:10,785 - INFO - One-Class SVM参数: nu=0.200, kernel=rbf, gamma=scale
2025-12-19 00:23:10,786 - INFO - Threshold (Train 95th percentile): 21.560123
2025-12-19 00:23:10,786 - INFO - AUC: 0.9759
2025-12-19 00:23:10,786 - INFO - F1 Score: 0.6290
2025-12-19 00:23:10,786 - INFO - Accuracy: 0.9457
2025-12-19 00:23:10,791 - INFO - 预测结果已保存到: ckpt\oneclass_svm_predictions_p95_nu0.200_kernelrbf_gammascale_20251219_002310.csv
2025-12-19 00:23:10,791 - INFO - 
============================================================
2025-12-19 00:23:10,791 - INFO - 网格搜索进度: [38/63]
2025-12-19 00:23:10,791 - INFO - 参数组合: nu=0.200, kernel=rbf, gamma=auto
2025-12-19 00:23:10,792 - INFO - ============================================================
2025-12-19 00:23:10,792 - INFO - 训练One-Class SVM: nu=0.2, kernel=rbf, gamma=auto
2025-12-19 00:23:10,814 - INFO - One-Class SVM训练完成
2025-12-19 00:23:10,815 - INFO - 在训练集上计算异常分数以确定阈值...
2025-12-19 00:23:10,880 - INFO - 训练集95分位数阈值: 21.560123
2025-12-19 00:23:10,881 - INFO - 训练集分数统计: min=-20.008371, max=45.590616, mean=-5.609960, std=12.118216
2025-12-19 00:23:10,881 - INFO - 在测试集上计算异常分数并评估...
2025-12-19 00:23:10,952 - INFO - ==== Evaluation Result ====
2025-12-19 00:23:10,952 - INFO - One-Class SVM参数: nu=0.200, kernel=rbf, gamma=auto
2025-12-19 00:23:10,953 - INFO - Threshold (Train 95th percentile): 21.560123
2025-12-19 00:23:10,953 - INFO - AUC: 0.9759
2025-12-19 00:23:10,953 - INFO - F1 Score: 0.6290
2025-12-19 00:23:10,953 - INFO - Accuracy: 0.9457
2025-12-19 00:23:10,957 - INFO - 预测结果已保存到: ckpt\oneclass_svm_predictions_p95_nu0.200_kernelrbf_gammaauto_20251219_002310.csv
2025-12-19 00:23:10,957 - INFO - 
============================================================
2025-12-19 00:23:10,957 - INFO - 网格搜索进度: [39/63]
2025-12-19 00:23:10,957 - INFO - 参数组合: nu=0.200, kernel=rbf, gamma=0.001
2025-12-19 00:23:10,957 - INFO - ============================================================
2025-12-19 00:23:10,957 - INFO - 训练One-Class SVM: nu=0.2, kernel=rbf, gamma=0.001
2025-12-19 00:23:10,980 - INFO - One-Class SVM训练完成
2025-12-19 00:23:10,980 - INFO - 在训练集上计算异常分数以确定阈值...
2025-12-19 00:23:11,044 - INFO - 训练集95分位数阈值: 4.036886
2025-12-19 00:23:11,044 - INFO - 训练集分数统计: min=-2.427971, max=101.057830, mean=-0.239162, std=4.863503
2025-12-19 00:23:11,044 - INFO - 在测试集上计算异常分数并评估...
2025-12-19 00:23:11,114 - INFO - ==== Evaluation Result ====
2025-12-19 00:23:11,114 - INFO - One-Class SVM参数: nu=0.200, kernel=rbf, gamma=0.001
2025-12-19 00:23:11,114 - INFO - Threshold (Train 95th percentile): 4.036886
2025-12-19 00:23:11,114 - INFO - AUC: 0.9780
2025-12-19 00:23:11,115 - INFO - F1 Score: 0.6204
2025-12-19 00:23:11,115 - INFO - Accuracy: 0.9462
2025-12-19 00:23:11,118 - INFO - 预测结果已保存到: ckpt\oneclass_svm_predictions_p95_nu0.200_kernelrbf_gamma0.001_20251219_002311.csv
2025-12-19 00:23:11,118 - INFO - 
============================================================
2025-12-19 00:23:11,118 - INFO - 网格搜索进度: [40/63]
2025-12-19 00:23:11,118 - INFO - 参数组合: nu=0.200, kernel=rbf, gamma=0.01
2025-12-19 00:23:11,119 - INFO - ============================================================
2025-12-19 00:23:11,119 - INFO - 训练One-Class SVM: nu=0.2, kernel=rbf, gamma=0.01
2025-12-19 00:23:11,140 - INFO - One-Class SVM训练完成
2025-12-19 00:23:11,140 - INFO - 在训练集上计算异常分数以确定阈值...
2025-12-19 00:23:11,220 - INFO - 训练集95分位数阈值: 29.303603
2025-12-19 00:23:11,221 - INFO - 训练集分数统计: min=-18.532022, max=278.079884, mean=-3.275662, std=23.111241
2025-12-19 00:23:11,221 - INFO - 在测试集上计算异常分数并评估...
2025-12-19 00:23:11,303 - INFO - ==== Evaluation Result ====
2025-12-19 00:23:11,303 - INFO - One-Class SVM参数: nu=0.200, kernel=rbf, gamma=0.01
2025-12-19 00:23:11,304 - INFO - Threshold (Train 95th percentile): 29.303603
2025-12-19 00:23:11,304 - INFO - AUC: 0.9776
2025-12-19 00:23:11,304 - INFO - F1 Score: 0.6277
2025-12-19 00:23:11,304 - INFO - Accuracy: 0.9472
2025-12-19 00:23:11,308 - INFO - 预测结果已保存到: ckpt\oneclass_svm_predictions_p95_nu0.200_kernelrbf_gamma0.01_20251219_002311.csv
2025-12-19 00:23:11,309 - INFO - 
============================================================
2025-12-19 00:23:11,309 - INFO - 网格搜索进度: [41/63]
2025-12-19 00:23:11,309 - INFO - 参数组合: nu=0.200, kernel=rbf, gamma=0.1
2025-12-19 00:23:11,309 - INFO - ============================================================
2025-12-19 00:23:11,309 - INFO - 训练One-Class SVM: nu=0.2, kernel=rbf, gamma=0.1
2025-12-19 00:23:11,339 - INFO - One-Class SVM训练完成
2025-12-19 00:23:11,339 - INFO - 在训练集上计算异常分数以确定阈值...
2025-12-19 00:23:11,411 - INFO - 训练集95分位数阈值: 34.701992
2025-12-19 00:23:11,412 - INFO - 训练集分数统计: min=-32.107585, max=82.234837, mean=-9.042125, std=19.758948
2025-12-19 00:23:11,412 - INFO - 在测试集上计算异常分数并评估...
2025-12-19 00:23:11,486 - INFO - ==== Evaluation Result ====
2025-12-19 00:23:11,486 - INFO - One-Class SVM参数: nu=0.200, kernel=rbf, gamma=0.1
2025-12-19 00:23:11,486 - INFO - Threshold (Train 95th percentile): 34.701992
2025-12-19 00:23:11,486 - INFO - AUC: 0.9763
2025-12-19 00:23:11,486 - INFO - F1 Score: 0.6473
2025-12-19 00:23:11,486 - INFO - Accuracy: 0.9498
2025-12-19 00:23:11,491 - INFO - 预测结果已保存到: ckpt\oneclass_svm_predictions_p95_nu0.200_kernelrbf_gamma0.1_20251219_002311.csv
2025-12-19 00:23:11,491 - INFO - 
============================================================
2025-12-19 00:23:11,491 - INFO - 网格搜索进度: [42/63]
2025-12-19 00:23:11,491 - INFO - 参数组合: nu=0.200, kernel=rbf, gamma=1.0
2025-12-19 00:23:11,491 - INFO - ============================================================
2025-12-19 00:23:11,491 - INFO - 训练One-Class SVM: nu=0.2, kernel=rbf, gamma=1.0
2025-12-19 00:23:11,518 - INFO - One-Class SVM训练完成
2025-12-19 00:23:11,518 - INFO - 在训练集上计算异常分数以确定阈值...
2025-12-19 00:23:11,603 - INFO - 训练集95分位数阈值: 1.120668
2025-12-19 00:23:11,603 - INFO - 训练集分数统计: min=-0.865378, max=2.000248, mean=-0.092922, std=0.490143
2025-12-19 00:23:11,603 - INFO - 在测试集上计算异常分数并评估...
2025-12-19 00:23:11,697 - INFO - ==== Evaluation Result ====
2025-12-19 00:23:11,697 - INFO - One-Class SVM参数: nu=0.200, kernel=rbf, gamma=1.0
2025-12-19 00:23:11,698 - INFO - Threshold (Train 95th percentile): 1.120668
2025-12-19 00:23:11,698 - INFO - AUC: 0.9804
2025-12-19 00:23:11,698 - INFO - F1 Score: 0.4792
2025-12-19 00:23:11,698 - INFO - Accuracy: 0.8965
2025-12-19 00:23:11,702 - INFO - 预测结果已保存到: ckpt\oneclass_svm_predictions_p95_nu0.200_kernelrbf_gamma1.0_20251219_002311.csv
2025-12-19 00:23:11,702 - INFO - 
============================================================
2025-12-19 00:23:11,702 - INFO - 网格搜索进度: [43/63]
2025-12-19 00:23:11,702 - INFO - 参数组合: nu=0.200, kernel=linear, gamma=scale
2025-12-19 00:23:11,702 - INFO - ============================================================
2025-12-19 00:23:11,702 - INFO - 训练One-Class SVM: nu=0.2, kernel=linear, gamma=scale
2025-12-19 00:23:11,712 - INFO - One-Class SVM训练完成
2025-12-19 00:23:11,712 - INFO - 在训练集上计算异常分数以确定阈值...
2025-12-19 00:23:11,730 - INFO - 训练集95分位数阈值: 0.000076
2025-12-19 00:23:11,730 - INFO - 训练集分数统计: min=-0.000602, max=0.000350, mean=0.000032, std=0.000035
2025-12-19 00:23:11,730 - INFO - 在测试集上计算异常分数并评估...
2025-12-19 00:23:11,751 - INFO - ==== Evaluation Result ====
2025-12-19 00:23:11,751 - INFO - One-Class SVM参数: nu=0.200, kernel=linear, gamma=scale
2025-12-19 00:23:11,751 - INFO - Threshold (Train 95th percentile): 0.000076
2025-12-19 00:23:11,751 - INFO - AUC: 0.9775
2025-12-19 00:23:11,751 - INFO - F1 Score: 0.5623
2025-12-19 00:23:11,751 - INFO - Accuracy: 0.9291
2025-12-19 00:23:11,755 - INFO - 预测结果已保存到: ckpt\oneclass_svm_predictions_p95_nu0.200_kernellinear_gammascale_20251219_002311.csv
2025-12-19 00:23:11,755 - INFO - 
============================================================
2025-12-19 00:23:11,756 - INFO - 网格搜索进度: [44/63]
2025-12-19 00:23:11,756 - INFO - 参数组合: nu=0.200, kernel=poly, gamma=scale
2025-12-19 00:23:11,756 - INFO - ============================================================
2025-12-19 00:23:11,756 - INFO - 训练One-Class SVM: nu=0.2, kernel=poly, gamma=scale
2025-12-19 00:23:12,357 - INFO - One-Class SVM训练完成
2025-12-19 00:23:12,358 - INFO - 在训练集上计算异常分数以确定阈值...
2025-12-19 00:23:12,379 - INFO - 训练集95分位数阈值: 0.000167
2025-12-19 00:23:12,379 - INFO - 训练集分数统计: min=-7.435377, max=0.000926, mean=-0.009655, std=0.195455
2025-12-19 00:23:12,379 - INFO - 在测试集上计算异常分数并评估...
2025-12-19 00:23:12,402 - INFO - ==== Evaluation Result ====
2025-12-19 00:23:12,402 - INFO - One-Class SVM参数: nu=0.200, kernel=poly, gamma=scale
2025-12-19 00:23:12,402 - INFO - Threshold (Train 95th percentile): 0.000167
2025-12-19 00:23:12,402 - INFO - AUC: 0.0288
2025-12-19 00:23:12,403 - INFO - F1 Score: 0.0085
2025-12-19 00:23:12,403 - INFO - Accuracy: 0.8800
2025-12-19 00:23:12,407 - INFO - 预测结果已保存到: ckpt\oneclass_svm_predictions_p95_nu0.200_kernelpoly_gammascale_20251219_002312.csv
2025-12-19 00:23:12,407 - INFO - 
============================================================
2025-12-19 00:23:12,407 - INFO - 网格搜索进度: [45/63]
2025-12-19 00:23:12,407 - INFO - 参数组合: nu=0.200, kernel=sigmoid, gamma=scale
2025-12-19 00:23:12,407 - INFO - ============================================================
2025-12-19 00:23:12,407 - INFO - 训练One-Class SVM: nu=0.2, kernel=sigmoid, gamma=scale
2025-12-19 00:23:12,440 - INFO - One-Class SVM训练完成
2025-12-19 00:23:12,440 - INFO - 在训练集上计算异常分数以确定阈值...
2025-12-19 00:23:12,474 - INFO - 训练集95分位数阈值: 15.745961
2025-12-19 00:23:12,474 - INFO - 训练集分数统计: min=-59.857907, max=165.281348, mean=-8.176945, std=16.755413
2025-12-19 00:23:12,474 - INFO - 在测试集上计算异常分数并评估...
2025-12-19 00:23:12,510 - INFO - ==== Evaluation Result ====
2025-12-19 00:23:12,510 - INFO - One-Class SVM参数: nu=0.200, kernel=sigmoid, gamma=scale
2025-12-19 00:23:12,510 - INFO - Threshold (Train 95th percentile): 15.745961
2025-12-19 00:23:12,510 - INFO - AUC: 0.8326
2025-12-19 00:23:12,510 - INFO - F1 Score: 0.5528
2025-12-19 00:23:12,510 - INFO - Accuracy: 0.9431
2025-12-19 00:23:12,514 - INFO - 预测结果已保存到: ckpt\oneclass_svm_predictions_p95_nu0.200_kernelsigmoid_gammascale_20251219_002312.csv
2025-12-19 00:23:12,514 - INFO - 
============================================================
2025-12-19 00:23:12,514 - INFO - 网格搜索进度: [46/63]
2025-12-19 00:23:12,514 - INFO - 参数组合: nu=0.250, kernel=rbf, gamma=scale
2025-12-19 00:23:12,514 - INFO - ============================================================
2025-12-19 00:23:12,514 - INFO - 训练One-Class SVM: nu=0.25, kernel=rbf, gamma=scale
2025-12-19 00:23:12,539 - INFO - One-Class SVM训练完成
2025-12-19 00:23:12,539 - INFO - 在训练集上计算异常分数以确定阈值...
2025-12-19 00:23:12,622 - INFO - 训练集95分位数阈值: 40.147386
2025-12-19 00:23:12,623 - INFO - 训练集分数统计: min=-29.506764, max=69.818661, mean=-5.667268, std=19.549508
2025-12-19 00:23:12,623 - INFO - 在测试集上计算异常分数并评估...
2025-12-19 00:23:12,712 - INFO - ==== Evaluation Result ====
2025-12-19 00:23:12,712 - INFO - One-Class SVM参数: nu=0.250, kernel=rbf, gamma=scale
2025-12-19 00:23:12,712 - INFO - Threshold (Train 95th percentile): 40.147386
2025-12-19 00:23:12,712 - INFO - AUC: 0.9759
2025-12-19 00:23:12,712 - INFO - F1 Score: 0.6449
2025-12-19 00:23:12,712 - INFO - Accuracy: 0.9493
2025-12-19 00:23:12,716 - INFO - 预测结果已保存到: ckpt\oneclass_svm_predictions_p95_nu0.250_kernelrbf_gammascale_20251219_002312.csv
2025-12-19 00:23:12,716 - INFO - 
============================================================
2025-12-19 00:23:12,716 - INFO - 网格搜索进度: [47/63]
2025-12-19 00:23:12,717 - INFO - 参数组合: nu=0.250, kernel=rbf, gamma=auto
2025-12-19 00:23:12,717 - INFO - ============================================================
2025-12-19 00:23:12,717 - INFO - 训练One-Class SVM: nu=0.25, kernel=rbf, gamma=auto
2025-12-19 00:23:12,742 - INFO - One-Class SVM训练完成
2025-12-19 00:23:12,743 - INFO - 在训练集上计算异常分数以确定阈值...
2025-12-19 00:23:12,825 - INFO - 训练集95分位数阈值: 40.147386
2025-12-19 00:23:12,825 - INFO - 训练集分数统计: min=-29.506764, max=69.818662, mean=-5.667268, std=19.549508
2025-12-19 00:23:12,826 - INFO - 在测试集上计算异常分数并评估...
2025-12-19 00:23:12,913 - INFO - ==== Evaluation Result ====
2025-12-19 00:23:12,913 - INFO - One-Class SVM参数: nu=0.250, kernel=rbf, gamma=auto
2025-12-19 00:23:12,913 - INFO - Threshold (Train 95th percentile): 40.147386
2025-12-19 00:23:12,913 - INFO - AUC: 0.9759
2025-12-19 00:23:12,913 - INFO - F1 Score: 0.6449
2025-12-19 00:23:12,914 - INFO - Accuracy: 0.9493
2025-12-19 00:23:12,917 - INFO - 预测结果已保存到: ckpt\oneclass_svm_predictions_p95_nu0.250_kernelrbf_gammaauto_20251219_002312.csv
2025-12-19 00:23:12,917 - INFO - 
============================================================
2025-12-19 00:23:12,918 - INFO - 网格搜索进度: [48/63]
2025-12-19 00:23:12,918 - INFO - 参数组合: nu=0.250, kernel=rbf, gamma=0.001
2025-12-19 00:23:12,918 - INFO - ============================================================
2025-12-19 00:23:12,918 - INFO - 训练One-Class SVM: nu=0.25, kernel=rbf, gamma=0.001
2025-12-19 00:23:12,944 - INFO - One-Class SVM训练完成
2025-12-19 00:23:12,944 - INFO - 在训练集上计算异常分数以确定阈值...
2025-12-19 00:23:13,023 - INFO - 训练集95分位数阈值: 5.585208
2025-12-19 00:23:13,023 - INFO - 训练集分数统计: min=-2.548587, max=128.189482, mean=0.130878, std=6.179495
2025-12-19 00:23:13,023 - INFO - 在测试集上计算异常分数并评估...
2025-12-19 00:23:13,111 - INFO - ==== Evaluation Result ====
2025-12-19 00:23:13,111 - INFO - One-Class SVM参数: nu=0.250, kernel=rbf, gamma=0.001
2025-12-19 00:23:13,112 - INFO - Threshold (Train 95th percentile): 5.585208
2025-12-19 00:23:13,112 - INFO - AUC: 0.9776
2025-12-19 00:23:13,112 - INFO - F1 Score: 0.6159
2025-12-19 00:23:13,112 - INFO - Accuracy: 0.9452
2025-12-19 00:23:13,115 - INFO - 预测结果已保存到: ckpt\oneclass_svm_predictions_p95_nu0.250_kernelrbf_gamma0.001_20251219_002313.csv
2025-12-19 00:23:13,115 - INFO - 
============================================================
2025-12-19 00:23:13,116 - INFO - 网格搜索进度: [49/63]
2025-12-19 00:23:13,116 - INFO - 参数组合: nu=0.250, kernel=rbf, gamma=0.01
2025-12-19 00:23:13,116 - INFO - ============================================================
2025-12-19 00:23:13,116 - INFO - 训练One-Class SVM: nu=0.25, kernel=rbf, gamma=0.01
2025-12-19 00:23:13,143 - INFO - One-Class SVM训练完成
2025-12-19 00:23:13,143 - INFO - 在训练集上计算异常分数以确定阈值...
2025-12-19 00:23:13,226 - INFO - 训练集95分位数阈值: 41.628320
2025-12-19 00:23:13,226 - INFO - 训练集分数统计: min=-20.081430, max=360.490012, mean=-0.720390, std=30.238597
2025-12-19 00:23:13,226 - INFO - 在测试集上计算异常分数并评估...
2025-12-19 00:23:13,309 - INFO - ==== Evaluation Result ====
2025-12-19 00:23:13,309 - INFO - One-Class SVM参数: nu=0.250, kernel=rbf, gamma=0.01
2025-12-19 00:23:13,310 - INFO - Threshold (Train 95th percentile): 41.628320
2025-12-19 00:23:13,310 - INFO - AUC: 0.9770
2025-12-19 00:23:13,310 - INFO - F1 Score: 0.6187
2025-12-19 00:23:13,310 - INFO - Accuracy: 0.9452
2025-12-19 00:23:13,315 - INFO - 预测结果已保存到: ckpt\oneclass_svm_predictions_p95_nu0.250_kernelrbf_gamma0.01_20251219_002313.csv
2025-12-19 00:23:13,315 - INFO - 
============================================================
2025-12-19 00:23:13,315 - INFO - 网格搜索进度: [50/63]
2025-12-19 00:23:13,315 - INFO - 参数组合: nu=0.250, kernel=rbf, gamma=0.1
2025-12-19 00:23:13,316 - INFO - ============================================================
2025-12-19 00:23:13,316 - INFO - 训练One-Class SVM: nu=0.25, kernel=rbf, gamma=0.1
2025-12-19 00:23:13,341 - INFO - One-Class SVM训练完成
2025-12-19 00:23:13,342 - INFO - 在训练集上计算异常分数以确定阈值...
2025-12-19 00:23:13,421 - INFO - 训练集95分位数阈值: 61.155064
2025-12-19 00:23:13,421 - INFO - 训练集分数统计: min=-42.820298, max=121.584912, mean=-7.771623, std=29.978835
2025-12-19 00:23:13,421 - INFO - 在测试集上计算异常分数并评估...
2025-12-19 00:23:13,503 - INFO - ==== Evaluation Result ====
2025-12-19 00:23:13,503 - INFO - One-Class SVM参数: nu=0.250, kernel=rbf, gamma=0.1
2025-12-19 00:23:13,503 - INFO - Threshold (Train 95th percentile): 61.155064
2025-12-19 00:23:13,503 - INFO - AUC: 0.9764
2025-12-19 00:23:13,503 - INFO - F1 Score: 0.6423
2025-12-19 00:23:13,503 - INFO - Accuracy: 0.9493
2025-12-19 00:23:13,507 - INFO - 预测结果已保存到: ckpt\oneclass_svm_predictions_p95_nu0.250_kernelrbf_gamma0.1_20251219_002313.csv
2025-12-19 00:23:13,507 - INFO - 
============================================================
2025-12-19 00:23:13,507 - INFO - 网格搜索进度: [51/63]
2025-12-19 00:23:13,507 - INFO - 参数组合: nu=0.250, kernel=rbf, gamma=1.0
2025-12-19 00:23:13,507 - INFO - ============================================================
2025-12-19 00:23:13,508 - INFO - 训练One-Class SVM: nu=0.25, kernel=rbf, gamma=1.0
2025-12-19 00:23:13,537 - INFO - One-Class SVM训练完成
2025-12-19 00:23:13,538 - INFO - 在训练集上计算异常分数以确定阈值...
2025-12-19 00:23:13,636 - INFO - 训练集95分位数阈值: 2.699587
2025-12-19 00:23:13,636 - INFO - 训练集分数统计: min=-1.188409, max=3.744264, mean=0.002024, std=1.006097
2025-12-19 00:23:13,636 - INFO - 在测试集上计算异常分数并评估...
2025-12-19 00:23:13,743 - INFO - ==== Evaluation Result ====
2025-12-19 00:23:13,743 - INFO - One-Class SVM参数: nu=0.250, kernel=rbf, gamma=1.0
2025-12-19 00:23:13,743 - INFO - Threshold (Train 95th percentile): 2.699587
2025-12-19 00:23:13,743 - INFO - AUC: 0.9801
2025-12-19 00:23:13,743 - INFO - F1 Score: 0.5198
2025-12-19 00:23:13,744 - INFO - Accuracy: 0.9121
2025-12-19 00:23:13,747 - INFO - 预测结果已保存到: ckpt\oneclass_svm_predictions_p95_nu0.250_kernelrbf_gamma1.0_20251219_002313.csv
2025-12-19 00:23:13,748 - INFO - 
============================================================
2025-12-19 00:23:13,748 - INFO - 网格搜索进度: [52/63]
2025-12-19 00:23:13,748 - INFO - 参数组合: nu=0.250, kernel=linear, gamma=scale
2025-12-19 00:23:13,748 - INFO - ============================================================
2025-12-19 00:23:13,748 - INFO - 训练One-Class SVM: nu=0.25, kernel=linear, gamma=scale
2025-12-19 00:23:13,760 - INFO - One-Class SVM训练完成
2025-12-19 00:23:13,760 - INFO - 在训练集上计算异常分数以确定阈值...
2025-12-19 00:23:13,783 - INFO - 训练集95分位数阈值: 0.000095
2025-12-19 00:23:13,783 - INFO - 训练集分数统计: min=-0.000678, max=0.000360, mean=-0.000000, std=0.000070
2025-12-19 00:23:13,783 - INFO - 在测试集上计算异常分数并评估...
2025-12-19 00:23:13,807 - INFO - ==== Evaluation Result ====
2025-12-19 00:23:13,808 - INFO - One-Class SVM参数: nu=0.250, kernel=linear, gamma=scale
2025-12-19 00:23:13,808 - INFO - Threshold (Train 95th percentile): 0.000095
2025-12-19 00:23:13,808 - INFO - AUC: 0.9773
2025-12-19 00:23:13,808 - INFO - F1 Score: 0.5567
2025-12-19 00:23:13,808 - INFO - Accuracy: 0.9333
2025-12-19 00:23:13,812 - INFO - 预测结果已保存到: ckpt\oneclass_svm_predictions_p95_nu0.250_kernellinear_gammascale_20251219_002313.csv
2025-12-19 00:23:13,813 - INFO - 
============================================================
2025-12-19 00:23:13,813 - INFO - 网格搜索进度: [53/63]
2025-12-19 00:23:13,813 - INFO - 参数组合: nu=0.250, kernel=poly, gamma=scale
2025-12-19 00:23:13,813 - INFO - ============================================================
2025-12-19 00:23:13,813 - INFO - 训练One-Class SVM: nu=0.25, kernel=poly, gamma=scale
2025-12-19 00:23:14,396 - INFO - One-Class SVM训练完成
2025-12-19 00:23:14,397 - INFO - 在训练集上计算异常分数以确定阈值...
2025-12-19 00:23:14,422 - INFO - 训练集95分位数阈值: 0.000182
2025-12-19 00:23:14,423 - INFO - 训练集分数统计: min=-7.648642, max=0.001037, mean=-0.010152, std=0.201852
2025-12-19 00:23:14,423 - INFO - 在测试集上计算异常分数并评估...
2025-12-19 00:23:14,451 - INFO - ==== Evaluation Result ====
2025-12-19 00:23:14,451 - INFO - One-Class SVM参数: nu=0.250, kernel=poly, gamma=scale
2025-12-19 00:23:14,451 - INFO - Threshold (Train 95th percentile): 0.000182
2025-12-19 00:23:14,451 - INFO - AUC: 0.0291
2025-12-19 00:23:14,452 - INFO - F1 Score: 0.0079
2025-12-19 00:23:14,452 - INFO - Accuracy: 0.8707
2025-12-19 00:23:14,455 - INFO - 预测结果已保存到: ckpt\oneclass_svm_predictions_p95_nu0.250_kernelpoly_gammascale_20251219_002314.csv
2025-12-19 00:23:14,456 - INFO - 
============================================================
2025-12-19 00:23:14,456 - INFO - 网格搜索进度: [54/63]
2025-12-19 00:23:14,456 - INFO - 参数组合: nu=0.250, kernel=sigmoid, gamma=scale
2025-12-19 00:23:14,456 - INFO - ============================================================
2025-12-19 00:23:14,456 - INFO - 训练One-Class SVM: nu=0.25, kernel=sigmoid, gamma=scale
2025-12-19 00:23:14,494 - INFO - One-Class SVM训练完成
2025-12-19 00:23:14,494 - INFO - 在训练集上计算异常分数以确定阈值...
2025-12-19 00:23:14,533 - INFO - 训练集95分位数阈值: 26.602844
2025-12-19 00:23:14,534 - INFO - 训练集分数统计: min=-72.046921, max=203.443384, mean=-5.133161, std=19.553008
2025-12-19 00:23:14,534 - INFO - 在测试集上计算异常分数并评估...
2025-12-19 00:23:14,583 - INFO - ==== Evaluation Result ====
2025-12-19 00:23:14,583 - INFO - One-Class SVM参数: nu=0.250, kernel=sigmoid, gamma=scale
2025-12-19 00:23:14,584 - INFO - Threshold (Train 95th percentile): 26.602844
2025-12-19 00:23:14,584 - INFO - AUC: 0.8346
2025-12-19 00:23:14,584 - INFO - F1 Score: 0.5492
2025-12-19 00:23:14,584 - INFO - Accuracy: 0.9431
2025-12-19 00:23:14,588 - INFO - 预测结果已保存到: ckpt\oneclass_svm_predictions_p95_nu0.250_kernelsigmoid_gammascale_20251219_002314.csv
2025-12-19 00:23:14,588 - INFO - 
============================================================
2025-12-19 00:23:14,588 - INFO - 网格搜索进度: [55/63]
2025-12-19 00:23:14,588 - INFO - 参数组合: nu=0.300, kernel=rbf, gamma=scale
2025-12-19 00:23:14,588 - INFO - ============================================================
2025-12-19 00:23:14,588 - INFO - 训练One-Class SVM: nu=0.3, kernel=rbf, gamma=scale
2025-12-19 00:23:14,623 - INFO - One-Class SVM训练完成
2025-12-19 00:23:14,623 - INFO - 在训练集上计算异常分数以确定阈值...
2025-12-19 00:23:14,722 - INFO - 训练集95分位数阈值: 64.690575
2025-12-19 00:23:14,723 - INFO - 训练集分数统计: min=-40.041619, max=99.636765, mean=-4.020702, std=29.020941
2025-12-19 00:23:14,723 - INFO - 在测试集上计算异常分数并评估...
2025-12-19 00:23:14,831 - INFO - ==== Evaluation Result ====
2025-12-19 00:23:14,831 - INFO - One-Class SVM参数: nu=0.300, kernel=rbf, gamma=scale
2025-12-19 00:23:14,832 - INFO - Threshold (Train 95th percentile): 64.690575
2025-12-19 00:23:14,832 - INFO - AUC: 0.9756
2025-12-19 00:23:14,832 - INFO - F1 Score: 0.6449
2025-12-19 00:23:14,832 - INFO - Accuracy: 0.9493
2025-12-19 00:23:14,835 - INFO - 预测结果已保存到: ckpt\oneclass_svm_predictions_p95_nu0.300_kernelrbf_gammascale_20251219_002314.csv
2025-12-19 00:23:14,835 - INFO - 
============================================================
2025-12-19 00:23:14,836 - INFO - 网格搜索进度: [56/63]
2025-12-19 00:23:14,836 - INFO - 参数组合: nu=0.300, kernel=rbf, gamma=auto
2025-12-19 00:23:14,836 - INFO - ============================================================
2025-12-19 00:23:14,836 - INFO - 训练One-Class SVM: nu=0.3, kernel=rbf, gamma=auto
2025-12-19 00:23:14,866 - INFO - One-Class SVM训练完成
2025-12-19 00:23:14,866 - INFO - 在训练集上计算异常分数以确定阈值...
2025-12-19 00:23:14,960 - INFO - 训练集95分位数阈值: 64.690575
2025-12-19 00:23:14,960 - INFO - 训练集分数统计: min=-40.041619, max=99.636765, mean=-4.020702, std=29.020941
2025-12-19 00:23:14,961 - INFO - 在测试集上计算异常分数并评估...
2025-12-19 00:23:15,058 - INFO - ==== Evaluation Result ====
2025-12-19 00:23:15,058 - INFO - One-Class SVM参数: nu=0.300, kernel=rbf, gamma=auto
2025-12-19 00:23:15,059 - INFO - Threshold (Train 95th percentile): 64.690575
2025-12-19 00:23:15,059 - INFO - AUC: 0.9756
2025-12-19 00:23:15,059 - INFO - F1 Score: 0.6449
2025-12-19 00:23:15,059 - INFO - Accuracy: 0.9493
2025-12-19 00:23:15,062 - INFO - 预测结果已保存到: ckpt\oneclass_svm_predictions_p95_nu0.300_kernelrbf_gammaauto_20251219_002315.csv
2025-12-19 00:23:15,062 - INFO - 
============================================================
2025-12-19 00:23:15,063 - INFO - 网格搜索进度: [57/63]
2025-12-19 00:23:15,063 - INFO - 参数组合: nu=0.300, kernel=rbf, gamma=0.001
2025-12-19 00:23:15,063 - INFO - ============================================================
2025-12-19 00:23:15,063 - INFO - 训练One-Class SVM: nu=0.3, kernel=rbf, gamma=0.001
2025-12-19 00:23:15,097 - INFO - One-Class SVM训练完成
2025-12-19 00:23:15,097 - INFO - 在训练集上计算异常分数以确定阈值...
2025-12-19 00:23:15,200 - INFO - 训练集95分位数阈值: 7.078899
2025-12-19 00:23:15,201 - INFO - 训练集分数统计: min=-2.633639, max=155.338770, mean=0.555171, std=7.517585
2025-12-19 00:23:15,201 - INFO - 在测试集上计算异常分数并评估...
2025-12-19 00:23:15,304 - INFO - ==== Evaluation Result ====
2025-12-19 00:23:15,304 - INFO - One-Class SVM参数: nu=0.300, kernel=rbf, gamma=0.001
2025-12-19 00:23:15,304 - INFO - Threshold (Train 95th percentile): 7.078899
2025-12-19 00:23:15,304 - INFO - AUC: 0.9770
2025-12-19 00:23:15,304 - INFO - F1 Score: 0.6165
2025-12-19 00:23:15,304 - INFO - Accuracy: 0.9446
2025-12-19 00:23:15,308 - INFO - 预测结果已保存到: ckpt\oneclass_svm_predictions_p95_nu0.300_kernelrbf_gamma0.001_20251219_002315.csv
2025-12-19 00:23:15,308 - INFO - 
============================================================
2025-12-19 00:23:15,308 - INFO - 网格搜索进度: [58/63]
2025-12-19 00:23:15,308 - INFO - 参数组合: nu=0.300, kernel=rbf, gamma=0.01
2025-12-19 00:23:15,308 - INFO - ============================================================
2025-12-19 00:23:15,309 - INFO - 训练One-Class SVM: nu=0.3, kernel=rbf, gamma=0.01
2025-12-19 00:23:15,338 - INFO - One-Class SVM训练完成
2025-12-19 00:23:15,338 - INFO - 在训练集上计算异常分数以确定阈值...
2025-12-19 00:23:15,427 - INFO - 训练集95分位数阈值: 55.330894
2025-12-19 00:23:15,428 - INFO - 训练集分数统计: min=-21.043262, max=444.213595, mean=2.470415, std=37.440290
2025-12-19 00:23:15,428 - INFO - 在测试集上计算异常分数并评估...
2025-12-19 00:23:15,526 - INFO - ==== Evaluation Result ====
2025-12-19 00:23:15,526 - INFO - One-Class SVM参数: nu=0.300, kernel=rbf, gamma=0.01
2025-12-19 00:23:15,526 - INFO - Threshold (Train 95th percentile): 55.330894
2025-12-19 00:23:15,526 - INFO - AUC: 0.9766
2025-12-19 00:23:15,526 - INFO - F1 Score: 0.6187
2025-12-19 00:23:15,526 - INFO - Accuracy: 0.9452
2025-12-19 00:23:15,530 - INFO - 预测结果已保存到: ckpt\oneclass_svm_predictions_p95_nu0.300_kernelrbf_gamma0.01_20251219_002315.csv
2025-12-19 00:23:15,530 - INFO - 
============================================================
2025-12-19 00:23:15,530 - INFO - 网格搜索进度: [59/63]
2025-12-19 00:23:15,530 - INFO - 参数组合: nu=0.300, kernel=rbf, gamma=0.1
2025-12-19 00:23:15,530 - INFO - ============================================================
2025-12-19 00:23:15,530 - INFO - 训练One-Class SVM: nu=0.3, kernel=rbf, gamma=0.1
2025-12-19 00:23:15,558 - INFO - One-Class SVM训练完成
2025-12-19 00:23:15,558 - INFO - 在训练集上计算异常分数以确定阈值...
2025-12-19 00:23:15,654 - INFO - 训练集95分位数阈值: 92.203881
2025-12-19 00:23:15,654 - INFO - 训练集分数统计: min=-54.129048, max=166.812116, mean=-4.784580, std=42.151759
2025-12-19 00:23:15,654 - INFO - 在测试集上计算异常分数并评估...
2025-12-19 00:23:15,757 - INFO - ==== Evaluation Result ====
2025-12-19 00:23:15,757 - INFO - One-Class SVM参数: nu=0.300, kernel=rbf, gamma=0.1
2025-12-19 00:23:15,757 - INFO - Threshold (Train 95th percentile): 92.203881
2025-12-19 00:23:15,758 - INFO - AUC: 0.9759
2025-12-19 00:23:15,758 - INFO - F1 Score: 0.6377
2025-12-19 00:23:15,758 - INFO - Accuracy: 0.9483
2025-12-19 00:23:15,761 - INFO - 预测结果已保存到: ckpt\oneclass_svm_predictions_p95_nu0.300_kernelrbf_gamma0.1_20251219_002315.csv
2025-12-19 00:23:15,761 - INFO - 
============================================================
2025-12-19 00:23:15,761 - INFO - 网格搜索进度: [60/63]
2025-12-19 00:23:15,762 - INFO - 参数组合: nu=0.300, kernel=rbf, gamma=1.0
2025-12-19 00:23:15,762 - INFO - ============================================================
2025-12-19 00:23:15,762 - INFO - 训练One-Class SVM: nu=0.3, kernel=rbf, gamma=1.0
2025-12-19 00:23:15,795 - INFO - One-Class SVM训练完成
2025-12-19 00:23:15,795 - INFO - 在训练集上计算异常分数以确定阈值...
2025-12-19 00:23:15,906 - INFO - 训练集95分位数阈值: 4.941679
2025-12-19 00:23:15,906 - INFO - 训练集分数统计: min=-1.848790, max=6.051905, mean=0.178872, std=1.783037
2025-12-19 00:23:15,906 - INFO - 在测试集上计算异常分数并评估...
2025-12-19 00:23:16,024 - INFO - ==== Evaluation Result ====
2025-12-19 00:23:16,024 - INFO - One-Class SVM参数: nu=0.300, kernel=rbf, gamma=1.0
2025-12-19 00:23:16,025 - INFO - Threshold (Train 95th percentile): 4.941679
2025-12-19 00:23:16,025 - INFO - AUC: 0.9797
2025-12-19 00:23:16,025 - INFO - F1 Score: 0.5385
2025-12-19 00:23:16,025 - INFO - Accuracy: 0.9193
2025-12-19 00:23:16,028 - INFO - 预测结果已保存到: ckpt\oneclass_svm_predictions_p95_nu0.300_kernelrbf_gamma1.0_20251219_002316.csv
2025-12-19 00:23:16,029 - INFO - 
============================================================
2025-12-19 00:23:16,029 - INFO - 网格搜索进度: [61/63]
2025-12-19 00:23:16,029 - INFO - 参数组合: nu=0.300, kernel=linear, gamma=scale
2025-12-19 00:23:16,029 - INFO - ============================================================
2025-12-19 00:23:16,029 - INFO - 训练One-Class SVM: nu=0.3, kernel=linear, gamma=scale
2025-12-19 00:23:16,045 - INFO - One-Class SVM训练完成
2025-12-19 00:23:16,045 - INFO - 在训练集上计算异常分数以确定阈值...
2025-12-19 00:23:16,071 - INFO - 训练集95分位数阈值: 0.000184
2025-12-19 00:23:16,071 - INFO - 训练集分数统计: min=-0.000580, max=0.000430, mean=0.000092, std=0.000065
2025-12-19 00:23:16,071 - INFO - 在测试集上计算异常分数并评估...
2025-12-19 00:23:16,102 - INFO - ==== Evaluation Result ====
2025-12-19 00:23:16,102 - INFO - One-Class SVM参数: nu=0.300, kernel=linear, gamma=scale
2025-12-19 00:23:16,102 - INFO - Threshold (Train 95th percentile): 0.000184
2025-12-19 00:23:16,102 - INFO - AUC: 0.9561
2025-12-19 00:23:16,102 - INFO - F1 Score: 0.5296
2025-12-19 00:23:16,102 - INFO - Accuracy: 0.9302
2025-12-19 00:23:16,106 - INFO - 预测结果已保存到: ckpt\oneclass_svm_predictions_p95_nu0.300_kernellinear_gammascale_20251219_002316.csv
2025-12-19 00:23:16,106 - INFO - 
============================================================
2025-12-19 00:23:16,106 - INFO - 网格搜索进度: [62/63]
2025-12-19 00:23:16,107 - INFO - 参数组合: nu=0.300, kernel=poly, gamma=scale
2025-12-19 00:23:16,107 - INFO - ============================================================
2025-12-19 00:23:16,107 - INFO - 训练One-Class SVM: nu=0.3, kernel=poly, gamma=scale
2025-12-19 00:23:16,746 - INFO - One-Class SVM训练完成
2025-12-19 00:23:16,747 - INFO - 在训练集上计算异常分数以确定阈值...
2025-12-19 00:23:16,778 - INFO - 训练集95分位数阈值: 0.000226
2025-12-19 00:23:16,778 - INFO - 训练集分数统计: min=-8.806153, max=0.001265, mean=-0.012328, std=0.236376
2025-12-19 00:23:16,778 - INFO - 在测试集上计算异常分数并评估...
2025-12-19 00:23:16,811 - INFO - ==== Evaluation Result ====
2025-12-19 00:23:16,811 - INFO - One-Class SVM参数: nu=0.300, kernel=poly, gamma=scale
2025-12-19 00:23:16,811 - INFO - Threshold (Train 95th percentile): 0.000226
2025-12-19 00:23:16,811 - INFO - AUC: 0.0286
2025-12-19 00:23:16,812 - INFO - F1 Score: 0.0083
2025-12-19 00:23:16,812 - INFO - Accuracy: 0.8769
2025-12-19 00:23:16,816 - INFO - 预测结果已保存到: ckpt\oneclass_svm_predictions_p95_nu0.300_kernelpoly_gammascale_20251219_002316.csv
2025-12-19 00:23:16,816 - INFO - 
============================================================
2025-12-19 00:23:16,816 - INFO - 网格搜索进度: [63/63]
2025-12-19 00:23:16,816 - INFO - 参数组合: nu=0.300, kernel=sigmoid, gamma=scale
2025-12-19 00:23:16,816 - INFO - ============================================================
2025-12-19 00:23:16,816 - INFO - 训练One-Class SVM: nu=0.3, kernel=sigmoid, gamma=scale
2025-12-19 00:23:16,859 - INFO - One-Class SVM训练完成
2025-12-19 00:23:16,859 - INFO - 在训练集上计算异常分数以确定阈值...
2025-12-19 00:23:16,906 - INFO - 训练集95分位数阈值: 36.513359
2025-12-19 00:23:16,906 - INFO - 训练集分数统计: min=-78.134671, max=235.428533, mean=-2.677427, std=22.228219
2025-12-19 00:23:16,907 - INFO - 在测试集上计算异常分数并评估...
2025-12-19 00:23:16,957 - INFO - ==== Evaluation Result ====
2025-12-19 00:23:16,958 - INFO - One-Class SVM参数: nu=0.300, kernel=sigmoid, gamma=scale
2025-12-19 00:23:16,958 - INFO - Threshold (Train 95th percentile): 36.513359
2025-12-19 00:23:16,958 - INFO - AUC: 0.8332
2025-12-19 00:23:16,958 - INFO - F1 Score: 0.5477
2025-12-19 00:23:16,958 - INFO - Accuracy: 0.9436
2025-12-19 00:23:16,962 - INFO - 预测结果已保存到: ckpt\oneclass_svm_predictions_p95_nu0.300_kernelsigmoid_gammascale_20251219_002316.csv
2025-12-19 00:23:16,962 - INFO - 
============================================================
2025-12-19 00:23:16,962 - INFO - 网格搜索完成，汇总结果:
2025-12-19 00:23:16,962 - INFO - ============================================================
2025-12-19 00:23:16,964 - INFO - 网格搜索结果汇总已保存到: ckpt\oneclass_svm_grid_search_summary_p95_20251219_002316.csv
2025-12-19 00:23:16,964 - INFO - 
最佳结果:
2025-12-19 00:23:16,965 - INFO -   nu: 0.200
2025-12-19 00:23:16,965 - INFO -   kernel: rbf
2025-12-19 00:23:16,965 - INFO -   gamma: 0.1
2025-12-19 00:23:16,965 - INFO -   Percentile: 95
2025-12-19 00:23:16,965 - INFO -   Threshold: 34.701992
2025-12-19 00:23:16,965 - INFO -   AUC: 0.9763
2025-12-19 00:23:16,965 - INFO -   F1 Score: 0.6473
2025-12-19 00:23:16,965 - INFO -   Accuracy: 0.9498
2025-12-19 00:23:16,966 - INFO -   预测结果文件: ckpt\oneclass_svm_predictions_p95_nu0.200_kernelrbf_gamma0.1_20251219_002311.csv
2025-12-19 00:23:16,966 - INFO - 
============================================================
2025-12-19 00:23:16,966 - INFO - 清理临时文件...
2025-12-19 00:23:16,999 - INFO - 已删除 62 个临时预测结果文件
2025-12-19 00:23:16,999 - INFO - 保留最佳结果文件: ckpt\oneclass_svm_predictions_p95_nu0.200_kernelrbf_gamma0.1_20251219_002311.csv
2025-12-19 00:23:16,999 - INFO - ============================================================
