2025-12-19 00:20:43,186 - INFO - 日志文件已创建: ckpt\oneclass_svm_training_p98_20251219_002043.log
2025-12-19 00:20:43,186 - INFO - 随机种子已设置为: 42
2025-12-19 00:20:43,186 - INFO - 开始加载数据集...
2025-12-19 00:20:43,200 - INFO - 训练集形状: (1839, 6)
2025-12-19 00:20:43,200 - INFO - 测试集形状: (1933, 6)
2025-12-19 00:20:43,200 - INFO - 测试集标签分布: 正常=1839, 异常=94
2025-12-19 00:20:43,200 - INFO - 对特征进行标准化...
2025-12-19 00:20:43,201 - INFO - 特征标准化完成
2025-12-19 00:20:43,201 - INFO - 
============================================================
2025-12-19 00:20:43,201 - INFO - 开始网格搜索
2025-12-19 00:20:43,201 - INFO - 阈值分位数: 98
2025-12-19 00:20:43,202 - INFO - nu值: [0.01, 0.05, 0.1, 0.15, 0.2, 0.25, 0.3]
2025-12-19 00:20:43,202 - INFO - kernel: ['rbf', 'linear', 'poly', 'sigmoid']
2025-12-19 00:20:43,202 - INFO - gamma: ['scale', 'auto', 0.001, 0.01, 0.1, 1.0]
2025-12-19 00:20:43,202 - INFO - ============================================================

2025-12-19 00:20:43,202 - INFO - 
============================================================
2025-12-19 00:20:43,202 - INFO - 网格搜索进度: [1/63]
2025-12-19 00:20:43,202 - INFO - 参数组合: nu=0.010, kernel=rbf, gamma=scale
2025-12-19 00:20:43,202 - INFO - ============================================================
2025-12-19 00:20:43,202 - INFO - 训练One-Class SVM: nu=0.01, kernel=rbf, gamma=scale
2025-12-19 00:20:43,207 - INFO - One-Class SVM训练完成
2025-12-19 00:20:43,207 - INFO - 在训练集上计算异常分数以确定阈值...
2025-12-19 00:20:43,225 - INFO - 训练集98分位数阈值: 0.000081
2025-12-19 00:20:43,225 - INFO - 训练集分数统计: min=-0.239564, max=0.000482, mean=-0.130085, std=0.054007
2025-12-19 00:20:43,225 - INFO - 在测试集上计算异常分数并评估...
2025-12-19 00:20:43,245 - INFO - ==== Evaluation Result ====
2025-12-19 00:20:43,246 - INFO - One-Class SVM参数: nu=0.010, kernel=rbf, gamma=scale
2025-12-19 00:20:43,246 - INFO - Threshold (Train 98th percentile): 0.000081
2025-12-19 00:20:43,246 - INFO - AUC: 0.9748
2025-12-19 00:20:43,246 - INFO - F1 Score: 0.6069
2025-12-19 00:20:43,246 - INFO - Accuracy: 0.9410
2025-12-19 00:20:43,251 - INFO - 预测结果已保存到: ckpt\oneclass_svm_predictions_p98_nu0.010_kernelrbf_gammascale_20251219_002043.csv
2025-12-19 00:20:43,251 - INFO - 
============================================================
2025-12-19 00:20:43,251 - INFO - 网格搜索进度: [2/63]
2025-12-19 00:20:43,251 - INFO - 参数组合: nu=0.010, kernel=rbf, gamma=auto
2025-12-19 00:20:43,251 - INFO - ============================================================
2025-12-19 00:20:43,251 - INFO - 训练One-Class SVM: nu=0.01, kernel=rbf, gamma=auto
2025-12-19 00:20:43,256 - INFO - One-Class SVM训练完成
2025-12-19 00:20:43,256 - INFO - 在训练集上计算异常分数以确定阈值...
2025-12-19 00:20:43,273 - INFO - 训练集98分位数阈值: 0.000081
2025-12-19 00:20:43,274 - INFO - 训练集分数统计: min=-0.239564, max=0.000482, mean=-0.130085, std=0.054007
2025-12-19 00:20:43,274 - INFO - 在测试集上计算异常分数并评估...
2025-12-19 00:20:43,295 - INFO - ==== Evaluation Result ====
2025-12-19 00:20:43,295 - INFO - One-Class SVM参数: nu=0.010, kernel=rbf, gamma=auto
2025-12-19 00:20:43,295 - INFO - Threshold (Train 98th percentile): 0.000081
2025-12-19 00:20:43,295 - INFO - AUC: 0.9748
2025-12-19 00:20:43,295 - INFO - F1 Score: 0.6069
2025-12-19 00:20:43,295 - INFO - Accuracy: 0.9410
2025-12-19 00:20:43,299 - INFO - 预测结果已保存到: ckpt\oneclass_svm_predictions_p98_nu0.010_kernelrbf_gammaauto_20251219_002043.csv
2025-12-19 00:20:43,299 - INFO - 
============================================================
2025-12-19 00:20:43,299 - INFO - 网格搜索进度: [3/63]
2025-12-19 00:20:43,300 - INFO - 参数组合: nu=0.010, kernel=rbf, gamma=0.001
2025-12-19 00:20:43,300 - INFO - ============================================================
2025-12-19 00:20:43,300 - INFO - 训练One-Class SVM: nu=0.01, kernel=rbf, gamma=0.001
2025-12-19 00:20:43,302 - INFO - One-Class SVM训练完成
2025-12-19 00:20:43,302 - INFO - 在训练集上计算异常分数以确定阈值...
2025-12-19 00:20:43,305 - INFO - 训练集98分位数阈值: -0.116784
2025-12-19 00:20:43,306 - INFO - 训练集分数统计: min=-0.634085, max=3.045185, mean=-0.418451, std=0.163870
2025-12-19 00:20:43,306 - INFO - 在测试集上计算异常分数并评估...
2025-12-19 00:20:43,312 - INFO - ==== Evaluation Result ====
2025-12-19 00:20:43,312 - INFO - One-Class SVM参数: nu=0.010, kernel=rbf, gamma=0.001
2025-12-19 00:20:43,312 - INFO - Threshold (Train 98th percentile): -0.116784
2025-12-19 00:20:43,312 - INFO - AUC: 0.9765
2025-12-19 00:20:43,312 - INFO - F1 Score: 0.7143
2025-12-19 00:20:43,313 - INFO - Accuracy: 0.9669
2025-12-19 00:20:43,316 - INFO - 预测结果已保存到: ckpt\oneclass_svm_predictions_p98_nu0.010_kernelrbf_gamma0.001_20251219_002043.csv
2025-12-19 00:20:43,316 - INFO - 
============================================================
2025-12-19 00:20:43,317 - INFO - 网格搜索进度: [4/63]
2025-12-19 00:20:43,317 - INFO - 参数组合: nu=0.010, kernel=rbf, gamma=0.01
2025-12-19 00:20:43,317 - INFO - ============================================================
2025-12-19 00:20:43,317 - INFO - 训练One-Class SVM: nu=0.01, kernel=rbf, gamma=0.01
2025-12-19 00:20:43,319 - INFO - One-Class SVM训练完成
2025-12-19 00:20:43,319 - INFO - 在训练集上计算异常分数以确定阈值...
2025-12-19 00:20:43,323 - INFO - 训练集98分位数阈值: -0.252557
2025-12-19 00:20:43,323 - INFO - 训练集分数统计: min=-1.665078, max=3.715620, mean=-1.101394, std=0.358246
2025-12-19 00:20:43,323 - INFO - 在测试集上计算异常分数并评估...
2025-12-19 00:20:43,330 - INFO - ==== Evaluation Result ====
2025-12-19 00:20:43,330 - INFO - One-Class SVM参数: nu=0.010, kernel=rbf, gamma=0.01
2025-12-19 00:20:43,330 - INFO - Threshold (Train 98th percentile): -0.252557
2025-12-19 00:20:43,330 - INFO - AUC: 0.9642
2025-12-19 00:20:43,330 - INFO - F1 Score: 0.7022
2025-12-19 00:20:43,331 - INFO - Accuracy: 0.9653
2025-12-19 00:20:43,335 - INFO - 预测结果已保存到: ckpt\oneclass_svm_predictions_p98_nu0.010_kernelrbf_gamma0.01_20251219_002043.csv
2025-12-19 00:20:43,335 - INFO - 
============================================================
2025-12-19 00:20:43,335 - INFO - 网格搜索进度: [5/63]
2025-12-19 00:20:43,335 - INFO - 参数组合: nu=0.010, kernel=rbf, gamma=0.1
2025-12-19 00:20:43,335 - INFO - ============================================================
2025-12-19 00:20:43,335 - INFO - 训练One-Class SVM: nu=0.01, kernel=rbf, gamma=0.1
2025-12-19 00:20:43,339 - INFO - One-Class SVM训练完成
2025-12-19 00:20:43,339 - INFO - 在训练集上计算异常分数以确定阈值...
2025-12-19 00:20:43,350 - INFO - 训练集98分位数阈值: -0.000068
2025-12-19 00:20:43,350 - INFO - 训练集分数统计: min=-0.392650, max=0.000482, mean=-0.239503, std=0.087058
2025-12-19 00:20:43,350 - INFO - 在测试集上计算异常分数并评估...
2025-12-19 00:20:43,364 - INFO - ==== Evaluation Result ====
2025-12-19 00:20:43,364 - INFO - One-Class SVM参数: nu=0.010, kernel=rbf, gamma=0.1
2025-12-19 00:20:43,365 - INFO - Threshold (Train 98th percentile): -0.000068
2025-12-19 00:20:43,365 - INFO - AUC: 0.9696
2025-12-19 00:20:43,365 - INFO - F1 Score: 0.6721
2025-12-19 00:20:43,365 - INFO - Accuracy: 0.9581
2025-12-19 00:20:43,368 - INFO - 预测结果已保存到: ckpt\oneclass_svm_predictions_p98_nu0.010_kernelrbf_gamma0.1_20251219_002043.csv
2025-12-19 00:20:43,368 - INFO - 
============================================================
2025-12-19 00:20:43,369 - INFO - 网格搜索进度: [6/63]
2025-12-19 00:20:43,369 - INFO - 参数组合: nu=0.010, kernel=rbf, gamma=1.0
2025-12-19 00:20:43,369 - INFO - ============================================================
2025-12-19 00:20:43,369 - INFO - 训练One-Class SVM: nu=0.01, kernel=rbf, gamma=1.0
2025-12-19 00:20:43,388 - INFO - One-Class SVM训练完成
2025-12-19 00:20:43,388 - INFO - 在训练集上计算异常分数以确定阈值...
2025-12-19 00:20:43,482 - INFO - 训练集98分位数阈值: 0.000338
2025-12-19 00:20:43,483 - INFO - 训练集分数统计: min=-0.029137, max=0.000473, mean=-0.007182, std=0.006140
2025-12-19 00:20:43,483 - INFO - 在测试集上计算异常分数并评估...
2025-12-19 00:20:43,576 - INFO - ==== Evaluation Result ====
2025-12-19 00:20:43,576 - INFO - One-Class SVM参数: nu=0.010, kernel=rbf, gamma=1.0
2025-12-19 00:20:43,576 - INFO - Threshold (Train 98th percentile): 0.000338
2025-12-19 00:20:43,577 - INFO - AUC: 0.9801
2025-12-19 00:20:43,577 - INFO - F1 Score: 0.2646
2025-12-19 00:20:43,577 - INFO - Accuracy: 0.7325
2025-12-19 00:20:43,580 - INFO - 预测结果已保存到: ckpt\oneclass_svm_predictions_p98_nu0.010_kernelrbf_gamma1.0_20251219_002043.csv
2025-12-19 00:20:43,580 - INFO - 
============================================================
2025-12-19 00:20:43,580 - INFO - 网格搜索进度: [7/63]
2025-12-19 00:20:43,580 - INFO - 参数组合: nu=0.010, kernel=linear, gamma=scale
2025-12-19 00:20:43,580 - INFO - ============================================================
2025-12-19 00:20:43,581 - INFO - 训练One-Class SVM: nu=0.01, kernel=linear, gamma=scale
2025-12-19 00:20:43,582 - INFO - One-Class SVM训练完成
2025-12-19 00:20:43,582 - INFO - 在训练集上计算异常分数以确定阈值...
2025-12-19 00:20:43,584 - INFO - 训练集98分位数阈值: 0.000078
2025-12-19 00:20:43,584 - INFO - 训练集分数统计: min=-0.003313, max=0.000581, mean=-0.000134, std=0.000123
2025-12-19 00:20:43,584 - INFO - 在测试集上计算异常分数并评估...
2025-12-19 00:20:43,589 - INFO - ==== Evaluation Result ====
2025-12-19 00:20:43,589 - INFO - One-Class SVM参数: nu=0.010, kernel=linear, gamma=scale
2025-12-19 00:20:43,589 - INFO - Threshold (Train 98th percentile): 0.000078
2025-12-19 00:20:43,589 - INFO - AUC: 0.6873
2025-12-19 00:20:43,589 - INFO - F1 Score: 0.2254
2025-12-19 00:20:43,590 - INFO - Accuracy: 0.9431
2025-12-19 00:20:43,593 - INFO - 预测结果已保存到: ckpt\oneclass_svm_predictions_p98_nu0.010_kernellinear_gammascale_20251219_002043.csv
2025-12-19 00:20:43,593 - INFO - 
============================================================
2025-12-19 00:20:43,594 - INFO - 网格搜索进度: [8/63]
2025-12-19 00:20:43,594 - INFO - 参数组合: nu=0.010, kernel=poly, gamma=scale
2025-12-19 00:20:43,594 - INFO - ============================================================
2025-12-19 00:20:43,594 - INFO - 训练One-Class SVM: nu=0.01, kernel=poly, gamma=scale
2025-12-19 00:20:43,669 - INFO - One-Class SVM训练完成
2025-12-19 00:20:43,669 - INFO - 在训练集上计算异常分数以确定阈值...
2025-12-19 00:20:43,675 - INFO - 训练集98分位数阈值: 0.000138
2025-12-19 00:20:43,675 - INFO - 训练集分数统计: min=-2.849715, max=0.000258, mean=-0.005540, std=0.092278
2025-12-19 00:20:43,675 - INFO - 在测试集上计算异常分数并评估...
2025-12-19 00:20:43,686 - INFO - ==== Evaluation Result ====
2025-12-19 00:20:43,687 - INFO - One-Class SVM参数: nu=0.010, kernel=poly, gamma=scale
2025-12-19 00:20:43,687 - INFO - Threshold (Train 98th percentile): 0.000138
2025-12-19 00:20:43,687 - INFO - AUC: 0.0291
2025-12-19 00:20:43,687 - INFO - F1 Score: 0.0114
2025-12-19 00:20:43,687 - INFO - Accuracy: 0.9105
2025-12-19 00:20:43,692 - INFO - 预测结果已保存到: ckpt\oneclass_svm_predictions_p98_nu0.010_kernelpoly_gammascale_20251219_002043.csv
2025-12-19 00:20:43,692 - INFO - 
============================================================
2025-12-19 00:20:43,693 - INFO - 网格搜索进度: [9/63]
2025-12-19 00:20:43,693 - INFO - 参数组合: nu=0.010, kernel=sigmoid, gamma=scale
2025-12-19 00:20:43,693 - INFO - ============================================================
2025-12-19 00:20:43,693 - INFO - 训练One-Class SVM: nu=0.01, kernel=sigmoid, gamma=scale
2025-12-19 00:20:43,696 - INFO - One-Class SVM训练完成
2025-12-19 00:20:43,696 - INFO - 在训练集上计算异常分数以确定阈值...
2025-12-19 00:20:43,699 - INFO - 训练集98分位数阈值: -0.175981
2025-12-19 00:20:43,700 - INFO - 训练集分数统计: min=-12.020610, max=3.843481, mean=-4.301706, std=2.395731
2025-12-19 00:20:43,700 - INFO - 在测试集上计算异常分数并评估...
2025-12-19 00:20:43,704 - INFO - ==== Evaluation Result ====
2025-12-19 00:20:43,705 - INFO - One-Class SVM参数: nu=0.010, kernel=sigmoid, gamma=scale
2025-12-19 00:20:43,705 - INFO - Threshold (Train 98th percentile): -0.175981
2025-12-19 00:20:43,705 - INFO - AUC: 0.7911
2025-12-19 00:20:43,705 - INFO - F1 Score: 0.5488
2025-12-19 00:20:43,705 - INFO - Accuracy: 0.9617
2025-12-19 00:20:43,709 - INFO - 预测结果已保存到: ckpt\oneclass_svm_predictions_p98_nu0.010_kernelsigmoid_gammascale_20251219_002043.csv
2025-12-19 00:20:43,709 - INFO - 
============================================================
2025-12-19 00:20:43,709 - INFO - 网格搜索进度: [10/63]
2025-12-19 00:20:43,710 - INFO - 参数组合: nu=0.050, kernel=rbf, gamma=scale
2025-12-19 00:20:43,710 - INFO - ============================================================
2025-12-19 00:20:43,710 - INFO - 训练One-Class SVM: nu=0.05, kernel=rbf, gamma=scale
2025-12-19 00:20:43,717 - INFO - One-Class SVM训练完成
2025-12-19 00:20:43,717 - INFO - 在训练集上计算异常分数以确定阈值...
2025-12-19 00:20:43,740 - INFO - 训练集98分位数阈值: 0.492071
2025-12-19 00:20:43,741 - INFO - 训练集分数统计: min=-1.834390, max=3.038695, mean=-0.944995, std=0.559655
2025-12-19 00:20:43,741 - INFO - 在测试集上计算异常分数并评估...
2025-12-19 00:20:43,766 - INFO - ==== Evaluation Result ====
2025-12-19 00:20:43,766 - INFO - One-Class SVM参数: nu=0.050, kernel=rbf, gamma=scale
2025-12-19 00:20:43,766 - INFO - Threshold (Train 98th percentile): 0.492071
2025-12-19 00:20:43,766 - INFO - AUC: 0.9753
2025-12-19 00:20:43,766 - INFO - F1 Score: 0.6770
2025-12-19 00:20:43,766 - INFO - Accuracy: 0.9571
2025-12-19 00:20:43,770 - INFO - 预测结果已保存到: ckpt\oneclass_svm_predictions_p98_nu0.050_kernelrbf_gammascale_20251219_002043.csv
2025-12-19 00:20:43,770 - INFO - 
============================================================
2025-12-19 00:20:43,770 - INFO - 网格搜索进度: [11/63]
2025-12-19 00:20:43,770 - INFO - 参数组合: nu=0.050, kernel=rbf, gamma=auto
2025-12-19 00:20:43,770 - INFO - ============================================================
2025-12-19 00:20:43,771 - INFO - 训练One-Class SVM: nu=0.05, kernel=rbf, gamma=auto
2025-12-19 00:20:43,778 - INFO - One-Class SVM训练完成
2025-12-19 00:20:43,778 - INFO - 在训练集上计算异常分数以确定阈值...
2025-12-19 00:20:43,800 - INFO - 训练集98分位数阈值: 0.492071
2025-12-19 00:20:43,800 - INFO - 训练集分数统计: min=-1.834390, max=3.038695, mean=-0.944995, std=0.559655
2025-12-19 00:20:43,800 - INFO - 在测试集上计算异常分数并评估...
2025-12-19 00:20:43,825 - INFO - ==== Evaluation Result ====
2025-12-19 00:20:43,826 - INFO - One-Class SVM参数: nu=0.050, kernel=rbf, gamma=auto
2025-12-19 00:20:43,826 - INFO - Threshold (Train 98th percentile): 0.492071
2025-12-19 00:20:43,826 - INFO - AUC: 0.9753
2025-12-19 00:20:43,826 - INFO - F1 Score: 0.6770
2025-12-19 00:20:43,826 - INFO - Accuracy: 0.9571
2025-12-19 00:20:43,830 - INFO - 预测结果已保存到: ckpt\oneclass_svm_predictions_p98_nu0.050_kernelrbf_gammaauto_20251219_002043.csv
2025-12-19 00:20:43,830 - INFO - 
============================================================
2025-12-19 00:20:43,830 - INFO - 网格搜索进度: [12/63]
2025-12-19 00:20:43,830 - INFO - 参数组合: nu=0.050, kernel=rbf, gamma=0.001
2025-12-19 00:20:43,830 - INFO - ============================================================
2025-12-19 00:20:43,830 - INFO - 训练One-Class SVM: nu=0.05, kernel=rbf, gamma=0.001
2025-12-19 00:20:43,837 - INFO - One-Class SVM训练完成
2025-12-19 00:20:43,837 - INFO - 在训练集上计算异常分数以确定阈值...
2025-12-19 00:20:43,853 - INFO - 训练集98分位数阈值: 0.960478
2025-12-19 00:20:43,853 - INFO - 训练集分数统计: min=-1.569313, max=21.687493, mean=-0.833420, std=1.056351
2025-12-19 00:20:43,853 - INFO - 在测试集上计算异常分数并评估...
2025-12-19 00:20:43,874 - INFO - ==== Evaluation Result ====
2025-12-19 00:20:43,874 - INFO - One-Class SVM参数: nu=0.050, kernel=rbf, gamma=0.001
2025-12-19 00:20:43,875 - INFO - Threshold (Train 98th percentile): 0.960478
2025-12-19 00:20:43,875 - INFO - AUC: 0.9791
2025-12-19 00:20:43,875 - INFO - F1 Score: 0.7397
2025-12-19 00:20:43,875 - INFO - Accuracy: 0.9705
2025-12-19 00:20:43,879 - INFO - 预测结果已保存到: ckpt\oneclass_svm_predictions_p98_nu0.050_kernelrbf_gamma0.001_20251219_002043.csv
2025-12-19 00:20:43,879 - INFO - 
============================================================
2025-12-19 00:20:43,879 - INFO - 网格搜索进度: [13/63]
2025-12-19 00:20:43,879 - INFO - 参数组合: nu=0.050, kernel=rbf, gamma=0.01
2025-12-19 00:20:43,880 - INFO - ============================================================
2025-12-19 00:20:43,880 - INFO - 训练One-Class SVM: nu=0.05, kernel=rbf, gamma=0.01
2025-12-19 00:20:43,886 - INFO - One-Class SVM训练完成
2025-12-19 00:20:43,886 - INFO - 在训练集上计算异常分数以确定阈值...
2025-12-19 00:20:43,902 - INFO - 训练集98分位数阈值: 4.903606
2025-12-19 00:20:43,903 - INFO - 训练集分数统计: min=-8.413345, max=48.980836, mean=-4.657242, std=3.984270
2025-12-19 00:20:43,903 - INFO - 在测试集上计算异常分数并评估...
2025-12-19 00:20:43,922 - INFO - ==== Evaluation Result ====
2025-12-19 00:20:43,923 - INFO - One-Class SVM参数: nu=0.050, kernel=rbf, gamma=0.01
2025-12-19 00:20:43,923 - INFO - Threshold (Train 98th percentile): 4.903606
2025-12-19 00:20:43,923 - INFO - AUC: 0.9774
2025-12-19 00:20:43,923 - INFO - F1 Score: 0.7273
2025-12-19 00:20:43,923 - INFO - Accuracy: 0.9690
2025-12-19 00:20:43,926 - INFO - 预测结果已保存到: ckpt\oneclass_svm_predictions_p98_nu0.050_kernelrbf_gamma0.01_20251219_002043.csv
2025-12-19 00:20:43,927 - INFO - 
============================================================
2025-12-19 00:20:43,927 - INFO - 网格搜索进度: [14/63]
2025-12-19 00:20:43,927 - INFO - 参数组合: nu=0.050, kernel=rbf, gamma=0.1
2025-12-19 00:20:43,927 - INFO - ============================================================
2025-12-19 00:20:43,927 - INFO - 训练One-Class SVM: nu=0.05, kernel=rbf, gamma=0.1
2025-12-19 00:20:43,934 - INFO - One-Class SVM训练完成
2025-12-19 00:20:43,934 - INFO - 在训练集上计算异常分数以确定阈值...
2025-12-19 00:20:43,951 - INFO - 训练集98分位数阈值: 0.968553
2025-12-19 00:20:43,952 - INFO - 训练集分数统计: min=-3.836843, max=6.934432, mean=-2.199563, std=1.256893
2025-12-19 00:20:43,952 - INFO - 在测试集上计算异常分数并评估...
2025-12-19 00:20:43,976 - INFO - ==== Evaluation Result ====
2025-12-19 00:20:43,976 - INFO - One-Class SVM参数: nu=0.050, kernel=rbf, gamma=0.1
2025-12-19 00:20:43,976 - INFO - Threshold (Train 98th percentile): 0.968553
2025-12-19 00:20:43,976 - INFO - AUC: 0.9739
2025-12-19 00:20:43,976 - INFO - F1 Score: 0.7078
2025-12-19 00:20:43,977 - INFO - Accuracy: 0.9633
2025-12-19 00:20:43,980 - INFO - 预测结果已保存到: ckpt\oneclass_svm_predictions_p98_nu0.050_kernelrbf_gamma0.1_20251219_002043.csv
2025-12-19 00:20:43,980 - INFO - 
============================================================
2025-12-19 00:20:43,980 - INFO - 网格搜索进度: [15/63]
2025-12-19 00:20:43,980 - INFO - 参数组合: nu=0.050, kernel=rbf, gamma=1.0
2025-12-19 00:20:43,981 - INFO - ============================================================
2025-12-19 00:20:43,981 - INFO - 训练One-Class SVM: nu=0.05, kernel=rbf, gamma=1.0
2025-12-19 00:20:44,003 - INFO - One-Class SVM训练完成
2025-12-19 00:20:44,003 - INFO - 在训练集上计算异常分数以确定阈值...
2025-12-19 00:20:44,088 - INFO - 训练集98分位数阈值: 0.000341
2025-12-19 00:20:44,088 - INFO - 训练集分数统计: min=-0.145547, max=0.000490, mean=-0.035660, std=0.030605
2025-12-19 00:20:44,088 - INFO - 在测试集上计算异常分数并评估...
2025-12-19 00:20:44,180 - INFO - ==== Evaluation Result ====
2025-12-19 00:20:44,180 - INFO - One-Class SVM参数: nu=0.050, kernel=rbf, gamma=1.0
2025-12-19 00:20:44,180 - INFO - Threshold (Train 98th percentile): 0.000341
2025-12-19 00:20:44,180 - INFO - AUC: 0.9801
2025-12-19 00:20:44,180 - INFO - F1 Score: 0.2609
2025-12-19 00:20:44,180 - INFO - Accuracy: 0.7274
2025-12-19 00:20:44,184 - INFO - 预测结果已保存到: ckpt\oneclass_svm_predictions_p98_nu0.050_kernelrbf_gamma1.0_20251219_002044.csv
2025-12-19 00:20:44,184 - INFO - 
============================================================
2025-12-19 00:20:44,185 - INFO - 网格搜索进度: [16/63]
2025-12-19 00:20:44,185 - INFO - 参数组合: nu=0.050, kernel=linear, gamma=scale
2025-12-19 00:20:44,185 - INFO - ============================================================
2025-12-19 00:20:44,185 - INFO - 训练One-Class SVM: nu=0.05, kernel=linear, gamma=scale
2025-12-19 00:20:44,189 - INFO - One-Class SVM训练完成
2025-12-19 00:20:44,189 - INFO - 在训练集上计算异常分数以确定阈值...
2025-12-19 00:20:44,196 - INFO - 训练集98分位数阈值: 0.000251
2025-12-19 00:20:44,197 - INFO - 训练集分数统计: min=-0.001432, max=0.000432, mean=0.000081, std=0.000105
2025-12-19 00:20:44,197 - INFO - 在测试集上计算异常分数并评估...
2025-12-19 00:20:44,205 - INFO - ==== Evaluation Result ====
2025-12-19 00:20:44,205 - INFO - One-Class SVM参数: nu=0.050, kernel=linear, gamma=scale
2025-12-19 00:20:44,205 - INFO - Threshold (Train 98th percentile): 0.000251
2025-12-19 00:20:44,205 - INFO - AUC: 0.2618
2025-12-19 00:20:44,205 - INFO - F1 Score: 0.0556
2025-12-19 00:20:44,205 - INFO - Accuracy: 0.9296
2025-12-19 00:20:44,209 - INFO - 预测结果已保存到: ckpt\oneclass_svm_predictions_p98_nu0.050_kernellinear_gammascale_20251219_002044.csv
2025-12-19 00:20:44,209 - INFO - 
============================================================
2025-12-19 00:20:44,209 - INFO - 网格搜索进度: [17/63]
2025-12-19 00:20:44,209 - INFO - 参数组合: nu=0.050, kernel=poly, gamma=scale
2025-12-19 00:20:44,209 - INFO - ============================================================
2025-12-19 00:20:44,209 - INFO - 训练One-Class SVM: nu=0.05, kernel=poly, gamma=scale
2025-12-19 00:20:44,536 - INFO - One-Class SVM训练完成
2025-12-19 00:20:44,537 - INFO - 在训练集上计算异常分数以确定阈值...
2025-12-19 00:20:44,547 - INFO - 训练集98分位数阈值: 0.000113
2025-12-19 00:20:44,548 - INFO - 训练集分数统计: min=-4.943131, max=0.000490, mean=-0.006207, std=0.129363
2025-12-19 00:20:44,548 - INFO - 在测试集上计算异常分数并评估...
2025-12-19 00:20:44,563 - INFO - ==== Evaluation Result ====
2025-12-19 00:20:44,563 - INFO - One-Class SVM参数: nu=0.050, kernel=poly, gamma=scale
2025-12-19 00:20:44,563 - INFO - Threshold (Train 98th percentile): 0.000113
2025-12-19 00:20:44,564 - INFO - AUC: 0.0286
2025-12-19 00:20:44,564 - INFO - F1 Score: 0.0128
2025-12-19 00:20:44,564 - INFO - Accuracy: 0.9203
2025-12-19 00:20:44,567 - INFO - 预测结果已保存到: ckpt\oneclass_svm_predictions_p98_nu0.050_kernelpoly_gammascale_20251219_002044.csv
2025-12-19 00:20:44,568 - INFO - 
============================================================
2025-12-19 00:20:44,568 - INFO - 网格搜索进度: [18/63]
2025-12-19 00:20:44,568 - INFO - 参数组合: nu=0.050, kernel=sigmoid, gamma=scale
2025-12-19 00:20:44,568 - INFO - ============================================================
2025-12-19 00:20:44,568 - INFO - 训练One-Class SVM: nu=0.05, kernel=sigmoid, gamma=scale
2025-12-19 00:20:44,578 - INFO - One-Class SVM训练完成
2025-12-19 00:20:44,578 - INFO - 在训练集上计算异常分数以确定阈值...
2025-12-19 00:20:44,587 - INFO - 训练集98分位数阈值: 2.171271
2025-12-19 00:20:44,587 - INFO - 训练集分数统计: min=-32.929928, max=34.927430, mean=-10.380367, std=6.963911
2025-12-19 00:20:44,587 - INFO - 在测试集上计算异常分数并评估...
2025-12-19 00:20:44,598 - INFO - ==== Evaluation Result ====
2025-12-19 00:20:44,599 - INFO - One-Class SVM参数: nu=0.050, kernel=sigmoid, gamma=scale
2025-12-19 00:20:44,599 - INFO - Threshold (Train 98th percentile): 2.171271
2025-12-19 00:20:44,599 - INFO - AUC: 0.8123
2025-12-19 00:20:44,599 - INFO - F1 Score: 0.6096
2025-12-19 00:20:44,599 - INFO - Accuracy: 0.9622
2025-12-19 00:20:44,602 - INFO - 预测结果已保存到: ckpt\oneclass_svm_predictions_p98_nu0.050_kernelsigmoid_gammascale_20251219_002044.csv
2025-12-19 00:20:44,603 - INFO - 
============================================================
2025-12-19 00:20:44,603 - INFO - 网格搜索进度: [19/63]
2025-12-19 00:20:44,603 - INFO - 参数组合: nu=0.100, kernel=rbf, gamma=scale
2025-12-19 00:20:44,603 - INFO - ============================================================
2025-12-19 00:20:44,603 - INFO - 训练One-Class SVM: nu=0.1, kernel=rbf, gamma=scale
2025-12-19 00:20:44,616 - INFO - One-Class SVM训练完成
2025-12-19 00:20:44,616 - INFO - 在训练集上计算异常分数以确定阈值...
2025-12-19 00:20:44,651 - INFO - 训练集98分位数阈值: 5.323845
2025-12-19 00:20:44,652 - INFO - 训练集分数统计: min=-5.793745, max=11.977359, mean=-2.618617, std=2.518801
2025-12-19 00:20:44,652 - INFO - 在测试集上计算异常分数并评估...
2025-12-19 00:20:44,692 - INFO - ==== Evaluation Result ====
2025-12-19 00:20:44,692 - INFO - One-Class SVM参数: nu=0.100, kernel=rbf, gamma=scale
2025-12-19 00:20:44,692 - INFO - Threshold (Train 98th percentile): 5.323845
2025-12-19 00:20:44,692 - INFO - AUC: 0.9752
2025-12-19 00:20:44,692 - INFO - F1 Score: 0.7241
2025-12-19 00:20:44,692 - INFO - Accuracy: 0.9669
2025-12-19 00:20:44,697 - INFO - 预测结果已保存到: ckpt\oneclass_svm_predictions_p98_nu0.100_kernelrbf_gammascale_20251219_002044.csv
2025-12-19 00:20:44,697 - INFO - 
============================================================
2025-12-19 00:20:44,697 - INFO - 网格搜索进度: [20/63]
2025-12-19 00:20:44,697 - INFO - 参数组合: nu=0.100, kernel=rbf, gamma=auto
2025-12-19 00:20:44,697 - INFO - ============================================================
2025-12-19 00:20:44,698 - INFO - 训练One-Class SVM: nu=0.1, kernel=rbf, gamma=auto
2025-12-19 00:20:44,710 - INFO - One-Class SVM训练完成
2025-12-19 00:20:44,710 - INFO - 在训练集上计算异常分数以确定阈值...
2025-12-19 00:20:44,748 - INFO - 训练集98分位数阈值: 5.323845
2025-12-19 00:20:44,749 - INFO - 训练集分数统计: min=-5.793745, max=11.977359, mean=-2.618617, std=2.518801
2025-12-19 00:20:44,749 - INFO - 在测试集上计算异常分数并评估...
2025-12-19 00:20:44,788 - INFO - ==== Evaluation Result ====
2025-12-19 00:20:44,789 - INFO - One-Class SVM参数: nu=0.100, kernel=rbf, gamma=auto
2025-12-19 00:20:44,789 - INFO - Threshold (Train 98th percentile): 5.323845
2025-12-19 00:20:44,789 - INFO - AUC: 0.9752
2025-12-19 00:20:44,789 - INFO - F1 Score: 0.7241
2025-12-19 00:20:44,789 - INFO - Accuracy: 0.9669
2025-12-19 00:20:44,794 - INFO - 预测结果已保存到: ckpt\oneclass_svm_predictions_p98_nu0.100_kernelrbf_gammaauto_20251219_002044.csv
2025-12-19 00:20:44,794 - INFO - 
============================================================
2025-12-19 00:20:44,794 - INFO - 网格搜索进度: [21/63]
2025-12-19 00:20:44,794 - INFO - 参数组合: nu=0.100, kernel=rbf, gamma=0.001
2025-12-19 00:20:44,794 - INFO - ============================================================
2025-12-19 00:20:44,794 - INFO - 训练One-Class SVM: nu=0.1, kernel=rbf, gamma=0.001
2025-12-19 00:20:44,805 - INFO - One-Class SVM训练完成
2025-12-19 00:20:44,805 - INFO - 在训练集上计算异常分数以确定阈值...
2025-12-19 00:20:44,838 - INFO - 训练集98分位数阈值: 3.204192
2025-12-19 00:20:44,838 - INFO - 训练集分数统计: min=-2.136756, max=47.166820, mean=-0.866964, std=2.268139
2025-12-19 00:20:44,838 - INFO - 在测试集上计算异常分数并评估...
2025-12-19 00:20:44,874 - INFO - ==== Evaluation Result ====
2025-12-19 00:20:44,874 - INFO - One-Class SVM参数: nu=0.100, kernel=rbf, gamma=0.001
2025-12-19 00:20:44,874 - INFO - Threshold (Train 98th percentile): 3.204192
2025-12-19 00:20:44,874 - INFO - AUC: 0.9792
2025-12-19 00:20:44,874 - INFO - F1 Score: 0.7407
2025-12-19 00:20:44,875 - INFO - Accuracy: 0.9710
2025-12-19 00:20:44,879 - INFO - 预测结果已保存到: ckpt\oneclass_svm_predictions_p98_nu0.100_kernelrbf_gamma0.001_20251219_002044.csv
2025-12-19 00:20:44,879 - INFO - 
============================================================
2025-12-19 00:20:44,879 - INFO - 网格搜索进度: [22/63]
2025-12-19 00:20:44,879 - INFO - 参数组合: nu=0.100, kernel=rbf, gamma=0.01
2025-12-19 00:20:44,879 - INFO - ============================================================
2025-12-19 00:20:44,879 - INFO - 训练One-Class SVM: nu=0.1, kernel=rbf, gamma=0.01
2025-12-19 00:20:44,890 - INFO - One-Class SVM训练完成
2025-12-19 00:20:44,891 - INFO - 在训练集上计算异常分数以确定阈值...
2025-12-19 00:20:44,924 - INFO - 训练集98分位数阈值: 19.056162
2025-12-19 00:20:44,924 - INFO - 训练集分数统计: min=-13.828238, max=119.579812, mean=-6.213602, std=9.758543
2025-12-19 00:20:44,924 - INFO - 在测试集上计算异常分数并评估...
2025-12-19 00:20:44,962 - INFO - ==== Evaluation Result ====
2025-12-19 00:20:44,962 - INFO - One-Class SVM参数: nu=0.100, kernel=rbf, gamma=0.01
2025-12-19 00:20:44,962 - INFO - Threshold (Train 98th percentile): 19.056162
2025-12-19 00:20:44,963 - INFO - AUC: 0.9786
2025-12-19 00:20:44,963 - INFO - F1 Score: 0.7215
2025-12-19 00:20:44,963 - INFO - Accuracy: 0.9684
2025-12-19 00:20:44,966 - INFO - 预测结果已保存到: ckpt\oneclass_svm_predictions_p98_nu0.100_kernelrbf_gamma0.01_20251219_002044.csv
2025-12-19 00:20:44,966 - INFO - 
============================================================
2025-12-19 00:20:44,966 - INFO - 网格搜索进度: [23/63]
2025-12-19 00:20:44,967 - INFO - 参数组合: nu=0.100, kernel=rbf, gamma=0.1
2025-12-19 00:20:44,967 - INFO - ============================================================
2025-12-19 00:20:44,967 - INFO - 训练One-Class SVM: nu=0.1, kernel=rbf, gamma=0.1
2025-12-19 00:20:44,978 - INFO - One-Class SVM训练完成
2025-12-19 00:20:44,979 - INFO - 在训练集上计算异常分数以确定阈值...
2025-12-19 00:20:45,021 - INFO - 训练集98分位数阈值: 9.491656
2025-12-19 00:20:45,021 - INFO - 训练集分数统计: min=-10.543291, max=23.910375, mean=-4.845699, std=4.757018
2025-12-19 00:20:45,022 - INFO - 在测试集上计算异常分数并评估...
2025-12-19 00:20:45,069 - INFO - ==== Evaluation Result ====
2025-12-19 00:20:45,069 - INFO - One-Class SVM参数: nu=0.100, kernel=rbf, gamma=0.1
2025-12-19 00:20:45,069 - INFO - Threshold (Train 98th percentile): 9.491656
2025-12-19 00:20:45,069 - INFO - AUC: 0.9750
2025-12-19 00:20:45,071 - INFO - F1 Score: 0.7105
2025-12-19 00:20:45,071 - INFO - Accuracy: 0.9659
2025-12-19 00:20:45,074 - INFO - 预测结果已保存到: ckpt\oneclass_svm_predictions_p98_nu0.100_kernelrbf_gamma0.1_20251219_002045.csv
2025-12-19 00:20:45,074 - INFO - 
============================================================
2025-12-19 00:20:45,074 - INFO - 网格搜索进度: [24/63]
2025-12-19 00:20:45,074 - INFO - 参数组合: nu=0.100, kernel=rbf, gamma=1.0
2025-12-19 00:20:45,074 - INFO - ============================================================
2025-12-19 00:20:45,075 - INFO - 训练One-Class SVM: nu=0.1, kernel=rbf, gamma=1.0
2025-12-19 00:20:45,111 - INFO - One-Class SVM训练完成
2025-12-19 00:20:45,112 - INFO - 在训练集上计算异常分数以确定阈值...
2025-12-19 00:20:45,197 - INFO - 训练集98分位数阈值: 0.000420
2025-12-19 00:20:45,197 - INFO - 训练集分数统计: min=-0.291914, max=0.030082, mean=-0.071177, std=0.061722
2025-12-19 00:20:45,197 - INFO - 在测试集上计算异常分数并评估...
2025-12-19 00:20:45,287 - INFO - ==== Evaluation Result ====
2025-12-19 00:20:45,287 - INFO - One-Class SVM参数: nu=0.100, kernel=rbf, gamma=1.0
2025-12-19 00:20:45,287 - INFO - Threshold (Train 98th percentile): 0.000420
2025-12-19 00:20:45,287 - INFO - AUC: 0.9801
2025-12-19 00:20:45,288 - INFO - F1 Score: 0.2612
2025-12-19 00:20:45,288 - INFO - Accuracy: 0.7279
2025-12-19 00:20:45,292 - INFO - 预测结果已保存到: ckpt\oneclass_svm_predictions_p98_nu0.100_kernelrbf_gamma1.0_20251219_002045.csv
2025-12-19 00:20:45,293 - INFO - 
============================================================
2025-12-19 00:20:45,293 - INFO - 网格搜索进度: [25/63]
2025-12-19 00:20:45,293 - INFO - 参数组合: nu=0.100, kernel=linear, gamma=scale
2025-12-19 00:20:45,293 - INFO - ============================================================
2025-12-19 00:20:45,293 - INFO - 训练One-Class SVM: nu=0.1, kernel=linear, gamma=scale
2025-12-19 00:20:45,299 - INFO - One-Class SVM训练完成
2025-12-19 00:20:45,299 - INFO - 在训练集上计算异常分数以确定阈值...
2025-12-19 00:20:45,309 - INFO - 训练集98分位数阈值: 0.000199
2025-12-19 00:20:45,309 - INFO - 训练集分数统计: min=-0.000534, max=0.000398, mean=0.000053, std=0.000079
2025-12-19 00:20:45,309 - INFO - 在测试集上计算异常分数并评估...
2025-12-19 00:20:45,321 - INFO - ==== Evaluation Result ====
2025-12-19 00:20:45,321 - INFO - One-Class SVM参数: nu=0.100, kernel=linear, gamma=scale
2025-12-19 00:20:45,321 - INFO - Threshold (Train 98th percentile): 0.000199
2025-12-19 00:20:45,321 - INFO - AUC: 0.6130
2025-12-19 00:20:45,321 - INFO - F1 Score: 0.0253
2025-12-19 00:20:45,321 - INFO - Accuracy: 0.9203
2025-12-19 00:20:45,325 - INFO - 预测结果已保存到: ckpt\oneclass_svm_predictions_p98_nu0.100_kernellinear_gammascale_20251219_002045.csv
2025-12-19 00:20:45,325 - INFO - 
============================================================
2025-12-19 00:20:45,325 - INFO - 网格搜索进度: [26/63]
2025-12-19 00:20:45,325 - INFO - 参数组合: nu=0.100, kernel=poly, gamma=scale
2025-12-19 00:20:45,325 - INFO - ============================================================
2025-12-19 00:20:45,325 - INFO - 训练One-Class SVM: nu=0.1, kernel=poly, gamma=scale
2025-12-19 00:20:45,837 - INFO - One-Class SVM训练完成
2025-12-19 00:20:45,838 - INFO - 在训练集上计算异常分数以确定阈值...
2025-12-19 00:20:45,853 - INFO - 训练集98分位数阈值: 0.000112
2025-12-19 00:20:45,853 - INFO - 训练集分数统计: min=-6.076740, max=0.000655, mean=-0.007706, std=0.158736
2025-12-19 00:20:45,854 - INFO - 在测试集上计算异常分数并评估...
2025-12-19 00:20:45,871 - INFO - ==== Evaluation Result ====
2025-12-19 00:20:45,872 - INFO - One-Class SVM参数: nu=0.100, kernel=poly, gamma=scale
2025-12-19 00:20:45,872 - INFO - Threshold (Train 98th percentile): 0.000112
2025-12-19 00:20:45,872 - INFO - AUC: 0.0272
2025-12-19 00:20:45,872 - INFO - F1 Score: 0.0124
2025-12-19 00:20:45,872 - INFO - Accuracy: 0.9177
2025-12-19 00:20:45,876 - INFO - 预测结果已保存到: ckpt\oneclass_svm_predictions_p98_nu0.100_kernelpoly_gammascale_20251219_002045.csv
2025-12-19 00:20:45,876 - INFO - 
============================================================
2025-12-19 00:20:45,876 - INFO - 网格搜索进度: [27/63]
2025-12-19 00:20:45,876 - INFO - 参数组合: nu=0.100, kernel=sigmoid, gamma=scale
2025-12-19 00:20:45,876 - INFO - ============================================================
2025-12-19 00:20:45,876 - INFO - 训练One-Class SVM: nu=0.1, kernel=sigmoid, gamma=scale
2025-12-19 00:20:45,892 - INFO - One-Class SVM训练完成
2025-12-19 00:20:45,892 - INFO - 在训练集上计算异常分数以确定阈值...
2025-12-19 00:20:45,909 - INFO - 训练集98分位数阈值: 13.056006
2025-12-19 00:20:45,909 - INFO - 训练集分数统计: min=-40.909490, max=85.051987, mean=-12.017113, std=10.987251
2025-12-19 00:20:45,909 - INFO - 在测试集上计算异常分数并评估...
2025-12-19 00:20:45,929 - INFO - ==== Evaluation Result ====
2025-12-19 00:20:45,930 - INFO - One-Class SVM参数: nu=0.100, kernel=sigmoid, gamma=scale
2025-12-19 00:20:45,930 - INFO - Threshold (Train 98th percentile): 13.056006
2025-12-19 00:20:45,930 - INFO - AUC: 0.8296
2025-12-19 00:20:45,930 - INFO - F1 Score: 0.6042
2025-12-19 00:20:45,930 - INFO - Accuracy: 0.9607
2025-12-19 00:20:45,934 - INFO - 预测结果已保存到: ckpt\oneclass_svm_predictions_p98_nu0.100_kernelsigmoid_gammascale_20251219_002045.csv
2025-12-19 00:20:45,935 - INFO - 
============================================================
2025-12-19 00:20:45,935 - INFO - 网格搜索进度: [28/63]
2025-12-19 00:20:45,935 - INFO - 参数组合: nu=0.150, kernel=rbf, gamma=scale
2025-12-19 00:20:45,935 - INFO - ============================================================
2025-12-19 00:20:45,935 - INFO - 训练One-Class SVM: nu=0.15, kernel=rbf, gamma=scale
2025-12-19 00:20:45,952 - INFO - One-Class SVM训练完成
2025-12-19 00:20:45,953 - INFO - 在训练集上计算异常分数以确定阈值...
2025-12-19 00:20:46,002 - INFO - 训练集98分位数阈值: 16.756592
2025-12-19 00:20:46,002 - INFO - 训练集分数统计: min=-12.549946, max=26.011935, mean=-4.557852, std=6.371561
2025-12-19 00:20:46,002 - INFO - 在测试集上计算异常分数并评估...
2025-12-19 00:20:46,058 - INFO - ==== Evaluation Result ====
2025-12-19 00:20:46,058 - INFO - One-Class SVM参数: nu=0.150, kernel=rbf, gamma=scale
2025-12-19 00:20:46,058 - INFO - Threshold (Train 98th percentile): 16.756592
2025-12-19 00:20:46,058 - INFO - AUC: 0.9754
2025-12-19 00:20:46,059 - INFO - F1 Score: 0.7105
2025-12-19 00:20:46,059 - INFO - Accuracy: 0.9659
2025-12-19 00:20:46,062 - INFO - 预测结果已保存到: ckpt\oneclass_svm_predictions_p98_nu0.150_kernelrbf_gammascale_20251219_002046.csv
2025-12-19 00:20:46,062 - INFO - 
============================================================
2025-12-19 00:20:46,062 - INFO - 网格搜索进度: [29/63]
2025-12-19 00:20:46,063 - INFO - 参数组合: nu=0.150, kernel=rbf, gamma=auto
2025-12-19 00:20:46,063 - INFO - ============================================================
2025-12-19 00:20:46,063 - INFO - 训练One-Class SVM: nu=0.15, kernel=rbf, gamma=auto
2025-12-19 00:20:46,081 - INFO - One-Class SVM训练完成
2025-12-19 00:20:46,081 - INFO - 在训练集上计算异常分数以确定阈值...
2025-12-19 00:20:46,129 - INFO - 训练集98分位数阈值: 16.756592
2025-12-19 00:20:46,129 - INFO - 训练集分数统计: min=-12.549946, max=26.011936, mean=-4.557852, std=6.371561
2025-12-19 00:20:46,129 - INFO - 在测试集上计算异常分数并评估...
2025-12-19 00:20:46,184 - INFO - ==== Evaluation Result ====
2025-12-19 00:20:46,184 - INFO - One-Class SVM参数: nu=0.150, kernel=rbf, gamma=auto
2025-12-19 00:20:46,185 - INFO - Threshold (Train 98th percentile): 16.756592
2025-12-19 00:20:46,185 - INFO - AUC: 0.9754
2025-12-19 00:20:46,185 - INFO - F1 Score: 0.7105
2025-12-19 00:20:46,185 - INFO - Accuracy: 0.9659
2025-12-19 00:20:46,189 - INFO - 预测结果已保存到: ckpt\oneclass_svm_predictions_p98_nu0.150_kernelrbf_gammaauto_20251219_002046.csv
2025-12-19 00:20:46,189 - INFO - 
============================================================
2025-12-19 00:20:46,189 - INFO - 网格搜索进度: [30/63]
2025-12-19 00:20:46,190 - INFO - 参数组合: nu=0.150, kernel=rbf, gamma=0.001
2025-12-19 00:20:46,190 - INFO - ============================================================
2025-12-19 00:20:46,190 - INFO - 训练One-Class SVM: nu=0.15, kernel=rbf, gamma=0.001
2025-12-19 00:20:46,205 - INFO - One-Class SVM训练完成
2025-12-19 00:20:46,206 - INFO - 在训练集上计算异常分数以确定阈值...
2025-12-19 00:20:46,256 - INFO - 训练集98分位数阈值: 6.095372
2025-12-19 00:20:46,257 - INFO - 训练集分数统计: min=-2.310696, max=73.769258, mean=-0.606362, std=3.552907
2025-12-19 00:20:46,257 - INFO - 在测试集上计算异常分数并评估...
2025-12-19 00:20:46,308 - INFO - ==== Evaluation Result ====
2025-12-19 00:20:46,309 - INFO - One-Class SVM参数: nu=0.150, kernel=rbf, gamma=0.001
2025-12-19 00:20:46,309 - INFO - Threshold (Train 98th percentile): 6.095372
2025-12-19 00:20:46,309 - INFO - AUC: 0.9783
2025-12-19 00:20:46,309 - INFO - F1 Score: 0.7418
2025-12-19 00:20:46,309 - INFO - Accuracy: 0.9715
2025-12-19 00:20:46,312 - INFO - 预测结果已保存到: ckpt\oneclass_svm_predictions_p98_nu0.150_kernelrbf_gamma0.001_20251219_002046.csv
2025-12-19 00:20:46,313 - INFO - 
============================================================
2025-12-19 00:20:46,313 - INFO - 网格搜索进度: [31/63]
2025-12-19 00:20:46,313 - INFO - 参数组合: nu=0.150, kernel=rbf, gamma=0.01
2025-12-19 00:20:46,313 - INFO - ============================================================
2025-12-19 00:20:46,313 - INFO - 训练One-Class SVM: nu=0.15, kernel=rbf, gamma=0.01
2025-12-19 00:20:46,329 - INFO - One-Class SVM训练完成
2025-12-19 00:20:46,329 - INFO - 在训练集上计算异常分数以确定阈值...
2025-12-19 00:20:46,381 - INFO - 训练集98分位数阈值: 39.557335
2025-12-19 00:20:46,382 - INFO - 训练集分数统计: min=-16.386894, max=197.533716, mean=-5.069926, std=16.293841
2025-12-19 00:20:46,382 - INFO - 在测试集上计算异常分数并评估...
2025-12-19 00:20:46,434 - INFO - ==== Evaluation Result ====
2025-12-19 00:20:46,434 - INFO - One-Class SVM参数: nu=0.150, kernel=rbf, gamma=0.01
2025-12-19 00:20:46,434 - INFO - Threshold (Train 98th percentile): 39.557335
2025-12-19 00:20:46,434 - INFO - AUC: 0.9778
2025-12-19 00:20:46,434 - INFO - F1 Score: 0.7248
2025-12-19 00:20:46,435 - INFO - Accuracy: 0.9690
2025-12-19 00:20:46,437 - INFO - 预测结果已保存到: ckpt\oneclass_svm_predictions_p98_nu0.150_kernelrbf_gamma0.01_20251219_002046.csv
2025-12-19 00:20:46,438 - INFO - 
============================================================
2025-12-19 00:20:46,438 - INFO - 网格搜索进度: [32/63]
2025-12-19 00:20:46,438 - INFO - 参数组合: nu=0.150, kernel=rbf, gamma=0.1
2025-12-19 00:20:46,438 - INFO - ============================================================
2025-12-19 00:20:46,438 - INFO - 训练One-Class SVM: nu=0.15, kernel=rbf, gamma=0.1
2025-12-19 00:20:46,453 - INFO - One-Class SVM训练完成
2025-12-19 00:20:46,454 - INFO - 在训练集上计算异常分数以确定阈值...
2025-12-19 00:20:46,505 - INFO - 训练集98分位数阈值: 28.430182
2025-12-19 00:20:46,505 - INFO - 训练集分数统计: min=-20.485824, max=49.240932, mean=-7.684416, std=11.056024
2025-12-19 00:20:46,505 - INFO - 在测试集上计算异常分数并评估...
2025-12-19 00:20:46,559 - INFO - ==== Evaluation Result ====
2025-12-19 00:20:46,560 - INFO - One-Class SVM参数: nu=0.150, kernel=rbf, gamma=0.1
2025-12-19 00:20:46,560 - INFO - Threshold (Train 98th percentile): 28.430182
2025-12-19 00:20:46,560 - INFO - AUC: 0.9763
2025-12-19 00:20:46,560 - INFO - F1 Score: 0.7043
2025-12-19 00:20:46,560 - INFO - Accuracy: 0.9648
2025-12-19 00:20:46,563 - INFO - 预测结果已保存到: ckpt\oneclass_svm_predictions_p98_nu0.150_kernelrbf_gamma0.1_20251219_002046.csv
2025-12-19 00:20:46,564 - INFO - 
============================================================
2025-12-19 00:20:46,564 - INFO - 网格搜索进度: [33/63]
2025-12-19 00:20:46,564 - INFO - 参数组合: nu=0.150, kernel=rbf, gamma=1.0
2025-12-19 00:20:46,564 - INFO - ============================================================
2025-12-19 00:20:46,564 - INFO - 训练One-Class SVM: nu=0.15, kernel=rbf, gamma=1.0
2025-12-19 00:20:46,591 - INFO - One-Class SVM训练完成
2025-12-19 00:20:46,592 - INFO - 在训练集上计算异常分数以确定阈值...
2025-12-19 00:20:46,675 - INFO - 训练集98分位数阈值: 0.664420
2025-12-19 00:20:46,675 - INFO - 训练集分数统计: min=-0.517953, max=0.808691, mean=-0.098146, std=0.191023
2025-12-19 00:20:46,676 - INFO - 在测试集上计算异常分数并评估...
2025-12-19 00:20:46,765 - INFO - ==== Evaluation Result ====
2025-12-19 00:20:46,765 - INFO - One-Class SVM参数: nu=0.150, kernel=rbf, gamma=1.0
2025-12-19 00:20:46,765 - INFO - Threshold (Train 98th percentile): 0.664420
2025-12-19 00:20:46,765 - INFO - AUC: 0.9803
2025-12-19 00:20:46,765 - INFO - F1 Score: 0.5170
2025-12-19 00:20:46,766 - INFO - Accuracy: 0.9121
2025-12-19 00:20:46,771 - INFO - 预测结果已保存到: ckpt\oneclass_svm_predictions_p98_nu0.150_kernelrbf_gamma1.0_20251219_002046.csv
2025-12-19 00:20:46,771 - INFO - 
============================================================
2025-12-19 00:20:46,771 - INFO - 网格搜索进度: [34/63]
2025-12-19 00:20:46,771 - INFO - 参数组合: nu=0.150, kernel=linear, gamma=scale
2025-12-19 00:20:46,771 - INFO - ============================================================
2025-12-19 00:20:46,772 - INFO - 训练One-Class SVM: nu=0.15, kernel=linear, gamma=scale
2025-12-19 00:20:46,779 - INFO - One-Class SVM训练完成
2025-12-19 00:20:46,780 - INFO - 在训练集上计算异常分数以确定阈值...
2025-12-19 00:20:46,793 - INFO - 训练集98分位数阈值: 0.000029
2025-12-19 00:20:46,794 - INFO - 训练集分数统计: min=-0.000112, max=0.000321, mean=-0.000012, std=0.000025
2025-12-19 00:20:46,794 - INFO - 在测试集上计算异常分数并评估...
2025-12-19 00:20:46,812 - INFO - ==== Evaluation Result ====
2025-12-19 00:20:46,812 - INFO - One-Class SVM参数: nu=0.150, kernel=linear, gamma=scale
2025-12-19 00:20:46,812 - INFO - Threshold (Train 98th percentile): 0.000029
2025-12-19 00:20:46,812 - INFO - AUC: 0.7157
2025-12-19 00:20:46,812 - INFO - F1 Score: 0.2675
2025-12-19 00:20:46,812 - INFO - Accuracy: 0.9405
2025-12-19 00:20:46,817 - INFO - 预测结果已保存到: ckpt\oneclass_svm_predictions_p98_nu0.150_kernellinear_gammascale_20251219_002046.csv
2025-12-19 00:20:46,817 - INFO - 
============================================================
2025-12-19 00:20:46,817 - INFO - 网格搜索进度: [35/63]
2025-12-19 00:20:46,817 - INFO - 参数组合: nu=0.150, kernel=poly, gamma=scale
2025-12-19 00:20:46,817 - INFO - ============================================================
2025-12-19 00:20:46,817 - INFO - 训练One-Class SVM: nu=0.15, kernel=poly, gamma=scale
2025-12-19 00:20:47,442 - INFO - One-Class SVM训练完成
2025-12-19 00:20:47,443 - INFO - 在训练集上计算异常分数以确定阈值...
2025-12-19 00:20:47,462 - INFO - 训练集98分位数阈值: 0.000132
2025-12-19 00:20:47,462 - INFO - 训练集分数统计: min=-6.556205, max=0.000804, mean=-0.008267, std=0.170499
2025-12-19 00:20:47,463 - INFO - 在测试集上计算异常分数并评估...
2025-12-19 00:20:47,486 - INFO - ==== Evaluation Result ====
2025-12-19 00:20:47,486 - INFO - One-Class SVM参数: nu=0.150, kernel=poly, gamma=scale
2025-12-19 00:20:47,486 - INFO - Threshold (Train 98th percentile): 0.000132
2025-12-19 00:20:47,486 - INFO - AUC: 0.0282
2025-12-19 00:20:47,486 - INFO - F1 Score: 0.0116
2025-12-19 00:20:47,486 - INFO - Accuracy: 0.9121
2025-12-19 00:20:47,490 - INFO - 预测结果已保存到: ckpt\oneclass_svm_predictions_p98_nu0.150_kernelpoly_gammascale_20251219_002047.csv
2025-12-19 00:20:47,490 - INFO - 
============================================================
2025-12-19 00:20:47,490 - INFO - 网格搜索进度: [36/63]
2025-12-19 00:20:47,490 - INFO - 参数组合: nu=0.150, kernel=sigmoid, gamma=scale
2025-12-19 00:20:47,490 - INFO - ============================================================
2025-12-19 00:20:47,490 - INFO - 训练One-Class SVM: nu=0.15, kernel=sigmoid, gamma=scale
2025-12-19 00:20:47,515 - INFO - One-Class SVM训练完成
2025-12-19 00:20:47,515 - INFO - 在训练集上计算异常分数以确定阈值...
2025-12-19 00:20:47,542 - INFO - 训练集98分位数阈值: 31.230007
2025-12-19 00:20:47,542 - INFO - 训练集分数统计: min=-48.977847, max=130.664426, mean=-10.300098, std=14.127621
2025-12-19 00:20:47,542 - INFO - 在测试集上计算异常分数并评估...
2025-12-19 00:20:47,569 - INFO - ==== Evaluation Result ====
2025-12-19 00:20:47,569 - INFO - One-Class SVM参数: nu=0.150, kernel=sigmoid, gamma=scale
2025-12-19 00:20:47,569 - INFO - Threshold (Train 98th percentile): 31.230007
2025-12-19 00:20:47,569 - INFO - AUC: 0.8415
2025-12-19 00:20:47,569 - INFO - F1 Score: 0.6105
2025-12-19 00:20:47,570 - INFO - Accuracy: 0.9617
2025-12-19 00:20:47,573 - INFO - 预测结果已保存到: ckpt\oneclass_svm_predictions_p98_nu0.150_kernelsigmoid_gammascale_20251219_002047.csv
2025-12-19 00:20:47,573 - INFO - 
============================================================
2025-12-19 00:20:47,574 - INFO - 网格搜索进度: [37/63]
2025-12-19 00:20:47,574 - INFO - 参数组合: nu=0.200, kernel=rbf, gamma=scale
2025-12-19 00:20:47,574 - INFO - ============================================================
2025-12-19 00:20:47,574 - INFO - 训练One-Class SVM: nu=0.2, kernel=rbf, gamma=scale
2025-12-19 00:20:47,594 - INFO - One-Class SVM训练完成
2025-12-19 00:20:47,594 - INFO - 在训练集上计算异常分数以确定阈值...
2025-12-19 00:20:47,660 - INFO - 训练集98分位数阈值: 34.071980
2025-12-19 00:20:47,660 - INFO - 训练集分数统计: min=-20.008371, max=45.590616, mean=-5.609960, std=12.118216
2025-12-19 00:20:47,661 - INFO - 在测试集上计算异常分数并评估...
2025-12-19 00:20:47,732 - INFO - ==== Evaluation Result ====
2025-12-19 00:20:47,732 - INFO - One-Class SVM参数: nu=0.200, kernel=rbf, gamma=scale
2025-12-19 00:20:47,732 - INFO - Threshold (Train 98th percentile): 34.071980
2025-12-19 00:20:47,732 - INFO - AUC: 0.9759
2025-12-19 00:20:47,733 - INFO - F1 Score: 0.7168
2025-12-19 00:20:47,733 - INFO - Accuracy: 0.9669
2025-12-19 00:20:47,736 - INFO - 预测结果已保存到: ckpt\oneclass_svm_predictions_p98_nu0.200_kernelrbf_gammascale_20251219_002047.csv
2025-12-19 00:20:47,736 - INFO - 
============================================================
2025-12-19 00:20:47,736 - INFO - 网格搜索进度: [38/63]
2025-12-19 00:20:47,736 - INFO - 参数组合: nu=0.200, kernel=rbf, gamma=auto
2025-12-19 00:20:47,737 - INFO - ============================================================
2025-12-19 00:20:47,737 - INFO - 训练One-Class SVM: nu=0.2, kernel=rbf, gamma=auto
2025-12-19 00:20:47,759 - INFO - One-Class SVM训练完成
2025-12-19 00:20:47,760 - INFO - 在训练集上计算异常分数以确定阈值...
2025-12-19 00:20:47,824 - INFO - 训练集98分位数阈值: 34.071981
2025-12-19 00:20:47,824 - INFO - 训练集分数统计: min=-20.008371, max=45.590616, mean=-5.609960, std=12.118216
2025-12-19 00:20:47,825 - INFO - 在测试集上计算异常分数并评估...
2025-12-19 00:20:47,894 - INFO - ==== Evaluation Result ====
2025-12-19 00:20:47,894 - INFO - One-Class SVM参数: nu=0.200, kernel=rbf, gamma=auto
2025-12-19 00:20:47,894 - INFO - Threshold (Train 98th percentile): 34.071981
2025-12-19 00:20:47,894 - INFO - AUC: 0.9759
2025-12-19 00:20:47,894 - INFO - F1 Score: 0.7168
2025-12-19 00:20:47,894 - INFO - Accuracy: 0.9669
2025-12-19 00:20:47,898 - INFO - 预测结果已保存到: ckpt\oneclass_svm_predictions_p98_nu0.200_kernelrbf_gammaauto_20251219_002047.csv
2025-12-19 00:20:47,898 - INFO - 
============================================================
2025-12-19 00:20:47,898 - INFO - 网格搜索进度: [39/63]
2025-12-19 00:20:47,899 - INFO - 参数组合: nu=0.200, kernel=rbf, gamma=0.001
2025-12-19 00:20:47,899 - INFO - ============================================================
2025-12-19 00:20:47,899 - INFO - 训练One-Class SVM: nu=0.2, kernel=rbf, gamma=0.001
2025-12-19 00:20:47,922 - INFO - One-Class SVM训练完成
2025-12-19 00:20:47,922 - INFO - 在训练集上计算异常分数以确定阈值...
2025-12-19 00:20:47,989 - INFO - 训练集98分位数阈值: 8.929216
2025-12-19 00:20:47,990 - INFO - 训练集分数统计: min=-2.427971, max=101.057830, mean=-0.239162, std=4.863503
2025-12-19 00:20:47,990 - INFO - 在测试集上计算异常分数并评估...
2025-12-19 00:20:48,059 - INFO - ==== Evaluation Result ====
2025-12-19 00:20:48,059 - INFO - One-Class SVM参数: nu=0.200, kernel=rbf, gamma=0.001
2025-12-19 00:20:48,059 - INFO - Threshold (Train 98th percentile): 8.929216
2025-12-19 00:20:48,059 - INFO - AUC: 0.9780
2025-12-19 00:20:48,059 - INFO - F1 Score: 0.7248
2025-12-19 00:20:48,059 - INFO - Accuracy: 0.9690
2025-12-19 00:20:48,063 - INFO - 预测结果已保存到: ckpt\oneclass_svm_predictions_p98_nu0.200_kernelrbf_gamma0.001_20251219_002048.csv
2025-12-19 00:20:48,063 - INFO - 
============================================================
2025-12-19 00:20:48,064 - INFO - 网格搜索进度: [40/63]
2025-12-19 00:20:48,064 - INFO - 参数组合: nu=0.200, kernel=rbf, gamma=0.01
2025-12-19 00:20:48,064 - INFO - ============================================================
2025-12-19 00:20:48,064 - INFO - 训练One-Class SVM: nu=0.2, kernel=rbf, gamma=0.01
2025-12-19 00:20:48,085 - INFO - One-Class SVM训练完成
2025-12-19 00:20:48,085 - INFO - 在训练集上计算异常分数以确定阈值...
2025-12-19 00:20:48,149 - INFO - 训练集98分位数阈值: 60.504829
2025-12-19 00:20:48,150 - INFO - 训练集分数统计: min=-18.532022, max=278.079884, mean=-3.275662, std=23.111241
2025-12-19 00:20:48,150 - INFO - 在测试集上计算异常分数并评估...
2025-12-19 00:20:48,218 - INFO - ==== Evaluation Result ====
2025-12-19 00:20:48,218 - INFO - One-Class SVM参数: nu=0.200, kernel=rbf, gamma=0.01
2025-12-19 00:20:48,219 - INFO - Threshold (Train 98th percentile): 60.504829
2025-12-19 00:20:48,219 - INFO - AUC: 0.9776
2025-12-19 00:20:48,219 - INFO - F1 Score: 0.7215
2025-12-19 00:20:48,219 - INFO - Accuracy: 0.9684
2025-12-19 00:20:48,223 - INFO - 预测结果已保存到: ckpt\oneclass_svm_predictions_p98_nu0.200_kernelrbf_gamma0.01_20251219_002048.csv
2025-12-19 00:20:48,223 - INFO - 
============================================================
2025-12-19 00:20:48,224 - INFO - 网格搜索进度: [41/63]
2025-12-19 00:20:48,224 - INFO - 参数组合: nu=0.200, kernel=rbf, gamma=0.1
2025-12-19 00:20:48,224 - INFO - ============================================================
2025-12-19 00:20:48,224 - INFO - 训练One-Class SVM: nu=0.2, kernel=rbf, gamma=0.1
2025-12-19 00:20:48,244 - INFO - One-Class SVM训练完成
2025-12-19 00:20:48,245 - INFO - 在训练集上计算异常分数以确定阈值...
2025-12-19 00:20:48,309 - INFO - 训练集98分位数阈值: 55.590506
2025-12-19 00:20:48,310 - INFO - 训练集分数统计: min=-32.107585, max=82.234837, mean=-9.042125, std=19.758948
2025-12-19 00:20:48,310 - INFO - 在测试集上计算异常分数并评估...
2025-12-19 00:20:48,381 - INFO - ==== Evaluation Result ====
2025-12-19 00:20:48,381 - INFO - One-Class SVM参数: nu=0.200, kernel=rbf, gamma=0.1
2025-12-19 00:20:48,381 - INFO - Threshold (Train 98th percentile): 55.590506
2025-12-19 00:20:48,381 - INFO - AUC: 0.9763
2025-12-19 00:20:48,382 - INFO - F1 Score: 0.7193
2025-12-19 00:20:48,382 - INFO - Accuracy: 0.9669
2025-12-19 00:20:48,385 - INFO - 预测结果已保存到: ckpt\oneclass_svm_predictions_p98_nu0.200_kernelrbf_gamma0.1_20251219_002048.csv
2025-12-19 00:20:48,385 - INFO - 
============================================================
2025-12-19 00:20:48,385 - INFO - 网格搜索进度: [42/63]
2025-12-19 00:20:48,386 - INFO - 参数组合: nu=0.200, kernel=rbf, gamma=1.0
2025-12-19 00:20:48,386 - INFO - ============================================================
2025-12-19 00:20:48,386 - INFO - 训练One-Class SVM: nu=0.2, kernel=rbf, gamma=1.0
2025-12-19 00:20:48,414 - INFO - One-Class SVM训练完成
2025-12-19 00:20:48,414 - INFO - 在训练集上计算异常分数以确定阈值...
2025-12-19 00:20:48,500 - INFO - 训练集98分位数阈值: 1.815764
2025-12-19 00:20:48,500 - INFO - 训练集分数统计: min=-0.865378, max=2.000248, mean=-0.092922, std=0.490143
2025-12-19 00:20:48,500 - INFO - 在测试集上计算异常分数并评估...
2025-12-19 00:20:48,593 - INFO - ==== Evaluation Result ====
2025-12-19 00:20:48,593 - INFO - One-Class SVM参数: nu=0.200, kernel=rbf, gamma=1.0
2025-12-19 00:20:48,593 - INFO - Threshold (Train 98th percentile): 1.815764
2025-12-19 00:20:48,593 - INFO - AUC: 0.9804
2025-12-19 00:20:48,593 - INFO - F1 Score: 0.5770
2025-12-19 00:20:48,593 - INFO - Accuracy: 0.9333
2025-12-19 00:20:48,597 - INFO - 预测结果已保存到: ckpt\oneclass_svm_predictions_p98_nu0.200_kernelrbf_gamma1.0_20251219_002048.csv
2025-12-19 00:20:48,597 - INFO - 
============================================================
2025-12-19 00:20:48,597 - INFO - 网格搜索进度: [43/63]
2025-12-19 00:20:48,597 - INFO - 参数组合: nu=0.200, kernel=linear, gamma=scale
2025-12-19 00:20:48,597 - INFO - ============================================================
2025-12-19 00:20:48,597 - INFO - 训练One-Class SVM: nu=0.2, kernel=linear, gamma=scale
2025-12-19 00:20:48,607 - INFO - One-Class SVM训练完成
2025-12-19 00:20:48,607 - INFO - 在训练集上计算异常分数以确定阈值...
2025-12-19 00:20:48,625 - INFO - 训练集98分位数阈值: 0.000095
2025-12-19 00:20:48,626 - INFO - 训练集分数统计: min=-0.000602, max=0.000350, mean=0.000032, std=0.000035
2025-12-19 00:20:48,626 - INFO - 在测试集上计算异常分数并评估...
2025-12-19 00:20:48,648 - INFO - ==== Evaluation Result ====
2025-12-19 00:20:48,648 - INFO - One-Class SVM参数: nu=0.200, kernel=linear, gamma=scale
2025-12-19 00:20:48,648 - INFO - Threshold (Train 98th percentile): 0.000095
2025-12-19 00:20:48,648 - INFO - AUC: 0.9775
2025-12-19 00:20:48,649 - INFO - F1 Score: 0.7296
2025-12-19 00:20:48,649 - INFO - Accuracy: 0.9674
2025-12-19 00:20:48,652 - INFO - 预测结果已保存到: ckpt\oneclass_svm_predictions_p98_nu0.200_kernellinear_gammascale_20251219_002048.csv
2025-12-19 00:20:48,652 - INFO - 
============================================================
2025-12-19 00:20:48,653 - INFO - 网格搜索进度: [44/63]
2025-12-19 00:20:48,653 - INFO - 参数组合: nu=0.200, kernel=poly, gamma=scale
2025-12-19 00:20:48,653 - INFO - ============================================================
2025-12-19 00:20:48,653 - INFO - 训练One-Class SVM: nu=0.2, kernel=poly, gamma=scale
2025-12-19 00:20:49,257 - INFO - One-Class SVM训练完成
2025-12-19 00:20:49,257 - INFO - 在训练集上计算异常分数以确定阈值...
2025-12-19 00:20:49,279 - INFO - 训练集98分位数阈值: 0.000204
2025-12-19 00:20:49,279 - INFO - 训练集分数统计: min=-7.435377, max=0.000926, mean=-0.009655, std=0.195455
2025-12-19 00:20:49,279 - INFO - 在测试集上计算异常分数并评估...
2025-12-19 00:20:49,304 - INFO - ==== Evaluation Result ====
2025-12-19 00:20:49,304 - INFO - One-Class SVM参数: nu=0.200, kernel=poly, gamma=scale
2025-12-19 00:20:49,304 - INFO - Threshold (Train 98th percentile): 0.000204
2025-12-19 00:20:49,305 - INFO - AUC: 0.0288
2025-12-19 00:20:49,305 - INFO - F1 Score: 0.0118
2025-12-19 00:20:49,305 - INFO - Accuracy: 0.9131
2025-12-19 00:20:49,309 - INFO - 预测结果已保存到: ckpt\oneclass_svm_predictions_p98_nu0.200_kernelpoly_gammascale_20251219_002049.csv
2025-12-19 00:20:49,309 - INFO - 
============================================================
2025-12-19 00:20:49,309 - INFO - 网格搜索进度: [45/63]
2025-12-19 00:20:49,309 - INFO - 参数组合: nu=0.200, kernel=sigmoid, gamma=scale
2025-12-19 00:20:49,310 - INFO - ============================================================
2025-12-19 00:20:49,310 - INFO - 训练One-Class SVM: nu=0.2, kernel=sigmoid, gamma=scale
2025-12-19 00:20:49,340 - INFO - One-Class SVM训练完成
2025-12-19 00:20:49,340 - INFO - 在训练集上计算异常分数以确定阈值...
2025-12-19 00:20:49,371 - INFO - 训练集98分位数阈值: 44.394000
2025-12-19 00:20:49,371 - INFO - 训练集分数统计: min=-59.857907, max=165.281348, mean=-8.176945, std=16.755413
2025-12-19 00:20:49,371 - INFO - 在测试集上计算异常分数并评估...
2025-12-19 00:20:49,408 - INFO - ==== Evaluation Result ====
2025-12-19 00:20:49,409 - INFO - One-Class SVM参数: nu=0.200, kernel=sigmoid, gamma=scale
2025-12-19 00:20:49,409 - INFO - Threshold (Train 98th percentile): 44.394000
2025-12-19 00:20:49,409 - INFO - AUC: 0.8326
2025-12-19 00:20:49,409 - INFO - F1 Score: 0.5969
2025-12-19 00:20:49,409 - INFO - Accuracy: 0.9602
2025-12-19 00:20:49,413 - INFO - 预测结果已保存到: ckpt\oneclass_svm_predictions_p98_nu0.200_kernelsigmoid_gammascale_20251219_002049.csv
2025-12-19 00:20:49,413 - INFO - 
============================================================
2025-12-19 00:20:49,413 - INFO - 网格搜索进度: [46/63]
2025-12-19 00:20:49,413 - INFO - 参数组合: nu=0.250, kernel=rbf, gamma=scale
2025-12-19 00:20:49,413 - INFO - ============================================================
2025-12-19 00:20:49,413 - INFO - 训练One-Class SVM: nu=0.25, kernel=rbf, gamma=scale
2025-12-19 00:20:49,438 - INFO - One-Class SVM训练完成
2025-12-19 00:20:49,438 - INFO - 在训练集上计算异常分数以确定阈值...
2025-12-19 00:20:49,516 - INFO - 训练集98分位数阈值: 56.949188
2025-12-19 00:20:49,517 - INFO - 训练集分数统计: min=-29.506764, max=69.818661, mean=-5.667268, std=19.549508
2025-12-19 00:20:49,517 - INFO - 在测试集上计算异常分数并评估...
2025-12-19 00:20:49,607 - INFO - ==== Evaluation Result ====
2025-12-19 00:20:49,607 - INFO - One-Class SVM参数: nu=0.250, kernel=rbf, gamma=scale
2025-12-19 00:20:49,608 - INFO - Threshold (Train 98th percentile): 56.949188
2025-12-19 00:20:49,608 - INFO - AUC: 0.9759
2025-12-19 00:20:49,608 - INFO - F1 Score: 0.7080
2025-12-19 00:20:49,608 - INFO - Accuracy: 0.9659
2025-12-19 00:20:49,611 - INFO - 预测结果已保存到: ckpt\oneclass_svm_predictions_p98_nu0.250_kernelrbf_gammascale_20251219_002049.csv
2025-12-19 00:20:49,612 - INFO - 
============================================================
2025-12-19 00:20:49,612 - INFO - 网格搜索进度: [47/63]
2025-12-19 00:20:49,612 - INFO - 参数组合: nu=0.250, kernel=rbf, gamma=auto
2025-12-19 00:20:49,612 - INFO - ============================================================
2025-12-19 00:20:49,612 - INFO - 训练One-Class SVM: nu=0.25, kernel=rbf, gamma=auto
2025-12-19 00:20:49,641 - INFO - One-Class SVM训练完成
2025-12-19 00:20:49,641 - INFO - 在训练集上计算异常分数以确定阈值...
2025-12-19 00:20:49,722 - INFO - 训练集98分位数阈值: 56.949188
2025-12-19 00:20:49,722 - INFO - 训练集分数统计: min=-29.506764, max=69.818662, mean=-5.667268, std=19.549508
2025-12-19 00:20:49,722 - INFO - 在测试集上计算异常分数并评估...
2025-12-19 00:20:49,810 - INFO - ==== Evaluation Result ====
2025-12-19 00:20:49,810 - INFO - One-Class SVM参数: nu=0.250, kernel=rbf, gamma=auto
2025-12-19 00:20:49,810 - INFO - Threshold (Train 98th percentile): 56.949188
2025-12-19 00:20:49,810 - INFO - AUC: 0.9759
2025-12-19 00:20:49,810 - INFO - F1 Score: 0.7080
2025-12-19 00:20:49,811 - INFO - Accuracy: 0.9659
2025-12-19 00:20:49,814 - INFO - 预测结果已保存到: ckpt\oneclass_svm_predictions_p98_nu0.250_kernelrbf_gammaauto_20251219_002049.csv
2025-12-19 00:20:49,814 - INFO - 
============================================================
2025-12-19 00:20:49,814 - INFO - 网格搜索进度: [48/63]
2025-12-19 00:20:49,814 - INFO - 参数组合: nu=0.250, kernel=rbf, gamma=0.001
2025-12-19 00:20:49,815 - INFO - ============================================================
2025-12-19 00:20:49,815 - INFO - 训练One-Class SVM: nu=0.25, kernel=rbf, gamma=0.001
2025-12-19 00:20:49,842 - INFO - One-Class SVM训练完成
2025-12-19 00:20:49,842 - INFO - 在训练集上计算异常分数以确定阈值...
2025-12-19 00:20:49,921 - INFO - 训练集98分位数阈值: 11.718360
2025-12-19 00:20:49,921 - INFO - 训练集分数统计: min=-2.548587, max=128.189482, mean=0.130878, std=6.179495
2025-12-19 00:20:49,921 - INFO - 在测试集上计算异常分数并评估...
2025-12-19 00:20:50,010 - INFO - ==== Evaluation Result ====
2025-12-19 00:20:50,011 - INFO - One-Class SVM参数: nu=0.250, kernel=rbf, gamma=0.001
2025-12-19 00:20:50,011 - INFO - Threshold (Train 98th percentile): 11.718360
2025-12-19 00:20:50,011 - INFO - AUC: 0.9776
2025-12-19 00:20:50,011 - INFO - F1 Score: 0.7248
2025-12-19 00:20:50,011 - INFO - Accuracy: 0.9690
2025-12-19 00:20:50,015 - INFO - 预测结果已保存到: ckpt\oneclass_svm_predictions_p98_nu0.250_kernelrbf_gamma0.001_20251219_002050.csv
2025-12-19 00:20:50,015 - INFO - 
============================================================
2025-12-19 00:20:50,015 - INFO - 网格搜索进度: [49/63]
2025-12-19 00:20:50,016 - INFO - 参数组合: nu=0.250, kernel=rbf, gamma=0.01
2025-12-19 00:20:50,016 - INFO - ============================================================
2025-12-19 00:20:50,016 - INFO - 训练One-Class SVM: nu=0.25, kernel=rbf, gamma=0.01
2025-12-19 00:20:50,042 - INFO - One-Class SVM训练完成
2025-12-19 00:20:50,042 - INFO - 在训练集上计算异常分数以确定阈值...
2025-12-19 00:20:50,121 - INFO - 训练集98分位数阈值: 83.994510
2025-12-19 00:20:50,121 - INFO - 训练集分数统计: min=-20.081430, max=360.490012, mean=-0.720390, std=30.238597
2025-12-19 00:20:50,121 - INFO - 在测试集上计算异常分数并评估...
2025-12-19 00:20:50,210 - INFO - ==== Evaluation Result ====
2025-12-19 00:20:50,210 - INFO - One-Class SVM参数: nu=0.250, kernel=rbf, gamma=0.01
2025-12-19 00:20:50,210 - INFO - Threshold (Train 98th percentile): 83.994510
2025-12-19 00:20:50,210 - INFO - AUC: 0.9770
2025-12-19 00:20:50,210 - INFO - F1 Score: 0.7215
2025-12-19 00:20:50,210 - INFO - Accuracy: 0.9684
2025-12-19 00:20:50,214 - INFO - 预测结果已保存到: ckpt\oneclass_svm_predictions_p98_nu0.250_kernelrbf_gamma0.01_20251219_002050.csv
2025-12-19 00:20:50,214 - INFO - 
============================================================
2025-12-19 00:20:50,214 - INFO - 网格搜索进度: [50/63]
2025-12-19 00:20:50,214 - INFO - 参数组合: nu=0.250, kernel=rbf, gamma=0.1
2025-12-19 00:20:50,214 - INFO - ============================================================
2025-12-19 00:20:50,214 - INFO - 训练One-Class SVM: nu=0.25, kernel=rbf, gamma=0.1
2025-12-19 00:20:50,240 - INFO - One-Class SVM训练完成
2025-12-19 00:20:50,240 - INFO - 在训练集上计算异常分数以确定阈值...
2025-12-19 00:20:50,319 - INFO - 训练集98分位数阈值: 90.585304
2025-12-19 00:20:50,319 - INFO - 训练集分数统计: min=-42.820298, max=121.584912, mean=-7.771623, std=29.978835
2025-12-19 00:20:50,319 - INFO - 在测试集上计算异常分数并评估...
2025-12-19 00:20:50,410 - INFO - ==== Evaluation Result ====
2025-12-19 00:20:50,410 - INFO - One-Class SVM参数: nu=0.250, kernel=rbf, gamma=0.1
2025-12-19 00:20:50,410 - INFO - Threshold (Train 98th percentile): 90.585304
2025-12-19 00:20:50,411 - INFO - AUC: 0.9764
2025-12-19 00:20:50,411 - INFO - F1 Score: 0.7200
2025-12-19 00:20:50,411 - INFO - Accuracy: 0.9674
2025-12-19 00:20:50,415 - INFO - 预测结果已保存到: ckpt\oneclass_svm_predictions_p98_nu0.250_kernelrbf_gamma0.1_20251219_002050.csv
2025-12-19 00:20:50,415 - INFO - 
============================================================
2025-12-19 00:20:50,415 - INFO - 网格搜索进度: [51/63]
2025-12-19 00:20:50,415 - INFO - 参数组合: nu=0.250, kernel=rbf, gamma=1.0
2025-12-19 00:20:50,415 - INFO - ============================================================
2025-12-19 00:20:50,416 - INFO - 训练One-Class SVM: nu=0.25, kernel=rbf, gamma=1.0
2025-12-19 00:20:50,447 - INFO - One-Class SVM训练完成
2025-12-19 00:20:50,447 - INFO - 在训练集上计算异常分数以确定阈值...
2025-12-19 00:20:50,547 - INFO - 训练集98分位数阈值: 3.532337
2025-12-19 00:20:50,548 - INFO - 训练集分数统计: min=-1.188409, max=3.744264, mean=0.002024, std=1.006097
2025-12-19 00:20:50,548 - INFO - 在测试集上计算异常分数并评估...
2025-12-19 00:20:50,651 - INFO - ==== Evaluation Result ====
2025-12-19 00:20:50,651 - INFO - One-Class SVM参数: nu=0.250, kernel=rbf, gamma=1.0
2025-12-19 00:20:50,651 - INFO - Threshold (Train 98th percentile): 3.532337
2025-12-19 00:20:50,652 - INFO - AUC: 0.9801
2025-12-19 00:20:50,652 - INFO - F1 Score: 0.5966
2025-12-19 00:20:50,652 - INFO - Accuracy: 0.9384
2025-12-19 00:20:50,655 - INFO - 预测结果已保存到: ckpt\oneclass_svm_predictions_p98_nu0.250_kernelrbf_gamma1.0_20251219_002050.csv
2025-12-19 00:20:50,655 - INFO - 
============================================================
2025-12-19 00:20:50,655 - INFO - 网格搜索进度: [52/63]
2025-12-19 00:20:50,655 - INFO - 参数组合: nu=0.250, kernel=linear, gamma=scale
2025-12-19 00:20:50,656 - INFO - ============================================================
2025-12-19 00:20:50,656 - INFO - 训练One-Class SVM: nu=0.25, kernel=linear, gamma=scale
2025-12-19 00:20:50,669 - INFO - One-Class SVM训练完成
2025-12-19 00:20:50,669 - INFO - 在训练集上计算异常分数以确定阈值...
2025-12-19 00:20:50,692 - INFO - 训练集98分位数阈值: 0.000115
2025-12-19 00:20:50,692 - INFO - 训练集分数统计: min=-0.000678, max=0.000360, mean=-0.000000, std=0.000070
2025-12-19 00:20:50,692 - INFO - 在测试集上计算异常分数并评估...
2025-12-19 00:20:50,720 - INFO - ==== Evaluation Result ====
2025-12-19 00:20:50,720 - INFO - One-Class SVM参数: nu=0.250, kernel=linear, gamma=scale
2025-12-19 00:20:50,720 - INFO - Threshold (Train 98th percentile): 0.000115
2025-12-19 00:20:50,720 - INFO - AUC: 0.9773
2025-12-19 00:20:50,721 - INFO - F1 Score: 0.6638
2025-12-19 00:20:50,721 - INFO - Accuracy: 0.9602
2025-12-19 00:20:50,725 - INFO - 预测结果已保存到: ckpt\oneclass_svm_predictions_p98_nu0.250_kernellinear_gammascale_20251219_002050.csv
2025-12-19 00:20:50,725 - INFO - 
============================================================
2025-12-19 00:20:50,725 - INFO - 网格搜索进度: [53/63]
2025-12-19 00:20:50,725 - INFO - 参数组合: nu=0.250, kernel=poly, gamma=scale
2025-12-19 00:20:50,725 - INFO - ============================================================
2025-12-19 00:20:50,726 - INFO - 训练One-Class SVM: nu=0.25, kernel=poly, gamma=scale
2025-12-19 00:20:51,315 - INFO - One-Class SVM训练完成
2025-12-19 00:20:51,315 - INFO - 在训练集上计算异常分数以确定阈值...
2025-12-19 00:20:51,343 - INFO - 训练集98分位数阈值: 0.000222
2025-12-19 00:20:51,344 - INFO - 训练集分数统计: min=-7.648642, max=0.001037, mean=-0.010152, std=0.201852
2025-12-19 00:20:51,344 - INFO - 在测试集上计算异常分数并评估...
2025-12-19 00:20:51,375 - INFO - ==== Evaluation Result ====
2025-12-19 00:20:51,375 - INFO - One-Class SVM参数: nu=0.250, kernel=poly, gamma=scale
2025-12-19 00:20:51,375 - INFO - Threshold (Train 98th percentile): 0.000222
2025-12-19 00:20:51,375 - INFO - AUC: 0.0291
2025-12-19 00:20:51,375 - INFO - F1 Score: 0.0104
2025-12-19 00:20:51,375 - INFO - Accuracy: 0.9012
2025-12-19 00:20:51,379 - INFO - 预测结果已保存到: ckpt\oneclass_svm_predictions_p98_nu0.250_kernelpoly_gammascale_20251219_002051.csv
2025-12-19 00:20:51,379 - INFO - 
============================================================
2025-12-19 00:20:51,379 - INFO - 网格搜索进度: [54/63]
2025-12-19 00:20:51,379 - INFO - 参数组合: nu=0.250, kernel=sigmoid, gamma=scale
2025-12-19 00:20:51,379 - INFO - ============================================================
2025-12-19 00:20:51,379 - INFO - 训练One-Class SVM: nu=0.25, kernel=sigmoid, gamma=scale
2025-12-19 00:20:51,420 - INFO - One-Class SVM训练完成
2025-12-19 00:20:51,420 - INFO - 在训练集上计算异常分数以确定阈值...
2025-12-19 00:20:51,459 - INFO - 训练集98分位数阈值: 59.509827
2025-12-19 00:20:51,460 - INFO - 训练集分数统计: min=-72.046921, max=203.443384, mean=-5.133161, std=19.553008
2025-12-19 00:20:51,460 - INFO - 在测试集上计算异常分数并评估...
2025-12-19 00:20:51,505 - INFO - ==== Evaluation Result ====
2025-12-19 00:20:51,505 - INFO - One-Class SVM参数: nu=0.250, kernel=sigmoid, gamma=scale
2025-12-19 00:20:51,505 - INFO - Threshold (Train 98th percentile): 59.509827
2025-12-19 00:20:51,506 - INFO - AUC: 0.8346
2025-12-19 00:20:51,506 - INFO - F1 Score: 0.6000
2025-12-19 00:20:51,506 - INFO - Accuracy: 0.9607
2025-12-19 00:20:51,509 - INFO - 预测结果已保存到: ckpt\oneclass_svm_predictions_p98_nu0.250_kernelsigmoid_gammascale_20251219_002051.csv
2025-12-19 00:20:51,509 - INFO - 
============================================================
2025-12-19 00:20:51,509 - INFO - 网格搜索进度: [55/63]
2025-12-19 00:20:51,509 - INFO - 参数组合: nu=0.300, kernel=rbf, gamma=scale
2025-12-19 00:20:51,509 - INFO - ============================================================
2025-12-19 00:20:51,509 - INFO - 训练One-Class SVM: nu=0.3, kernel=rbf, gamma=scale
2025-12-19 00:20:51,540 - INFO - One-Class SVM训练完成
2025-12-19 00:20:51,540 - INFO - 在训练集上计算异常分数以确定阈值...
2025-12-19 00:20:51,637 - INFO - 训练集98分位数阈值: 85.362226
2025-12-19 00:20:51,637 - INFO - 训练集分数统计: min=-40.041619, max=99.636765, mean=-4.020702, std=29.020941
2025-12-19 00:20:51,638 - INFO - 在测试集上计算异常分数并评估...
2025-12-19 00:20:51,743 - INFO - ==== Evaluation Result ====
2025-12-19 00:20:51,743 - INFO - One-Class SVM参数: nu=0.300, kernel=rbf, gamma=scale
2025-12-19 00:20:51,743 - INFO - Threshold (Train 98th percentile): 85.362226
2025-12-19 00:20:51,743 - INFO - AUC: 0.9756
2025-12-19 00:20:51,743 - INFO - F1 Score: 0.7048
2025-12-19 00:20:51,744 - INFO - Accuracy: 0.9653
2025-12-19 00:20:51,747 - INFO - 预测结果已保存到: ckpt\oneclass_svm_predictions_p98_nu0.300_kernelrbf_gammascale_20251219_002051.csv
2025-12-19 00:20:51,748 - INFO - 
============================================================
2025-12-19 00:20:51,748 - INFO - 网格搜索进度: [56/63]
2025-12-19 00:20:51,748 - INFO - 参数组合: nu=0.300, kernel=rbf, gamma=auto
2025-12-19 00:20:51,748 - INFO - ============================================================
2025-12-19 00:20:51,748 - INFO - 训练One-Class SVM: nu=0.3, kernel=rbf, gamma=auto
2025-12-19 00:20:51,780 - INFO - One-Class SVM训练完成
2025-12-19 00:20:51,780 - INFO - 在训练集上计算异常分数以确定阈值...
2025-12-19 00:20:51,881 - INFO - 训练集98分位数阈值: 85.362226
2025-12-19 00:20:51,882 - INFO - 训练集分数统计: min=-40.041619, max=99.636765, mean=-4.020702, std=29.020941
2025-12-19 00:20:51,882 - INFO - 在测试集上计算异常分数并评估...
2025-12-19 00:20:51,983 - INFO - ==== Evaluation Result ====
2025-12-19 00:20:51,983 - INFO - One-Class SVM参数: nu=0.300, kernel=rbf, gamma=auto
2025-12-19 00:20:51,983 - INFO - Threshold (Train 98th percentile): 85.362226
2025-12-19 00:20:51,983 - INFO - AUC: 0.9756
2025-12-19 00:20:51,983 - INFO - F1 Score: 0.7048
2025-12-19 00:20:51,984 - INFO - Accuracy: 0.9653
2025-12-19 00:20:51,987 - INFO - 预测结果已保存到: ckpt\oneclass_svm_predictions_p98_nu0.300_kernelrbf_gammaauto_20251219_002051.csv
2025-12-19 00:20:51,987 - INFO - 
============================================================
2025-12-19 00:20:51,987 - INFO - 网格搜索进度: [57/63]
2025-12-19 00:20:51,987 - INFO - 参数组合: nu=0.300, kernel=rbf, gamma=0.001
2025-12-19 00:20:51,987 - INFO - ============================================================
2025-12-19 00:20:51,987 - INFO - 训练One-Class SVM: nu=0.3, kernel=rbf, gamma=0.001
2025-12-19 00:20:52,018 - INFO - One-Class SVM训练完成
2025-12-19 00:20:52,018 - INFO - 在训练集上计算异常分数以确定阈值...
2025-12-19 00:20:52,115 - INFO - 训练集98分位数阈值: 14.936309
2025-12-19 00:20:52,115 - INFO - 训练集分数统计: min=-2.633639, max=155.338770, mean=0.555171, std=7.517585
2025-12-19 00:20:52,115 - INFO - 在测试集上计算异常分数并评估...
2025-12-19 00:20:52,218 - INFO - ==== Evaluation Result ====
2025-12-19 00:20:52,219 - INFO - One-Class SVM参数: nu=0.300, kernel=rbf, gamma=0.001
2025-12-19 00:20:52,219 - INFO - Threshold (Train 98th percentile): 14.936309
2025-12-19 00:20:52,219 - INFO - AUC: 0.9770
2025-12-19 00:20:52,219 - INFO - F1 Score: 0.7281
2025-12-19 00:20:52,219 - INFO - Accuracy: 0.9695
2025-12-19 00:20:52,222 - INFO - 预测结果已保存到: ckpt\oneclass_svm_predictions_p98_nu0.300_kernelrbf_gamma0.001_20251219_002052.csv
2025-12-19 00:20:52,222 - INFO - 
============================================================
2025-12-19 00:20:52,223 - INFO - 网格搜索进度: [58/63]
2025-12-19 00:20:52,223 - INFO - 参数组合: nu=0.300, kernel=rbf, gamma=0.01
2025-12-19 00:20:52,223 - INFO - ============================================================
2025-12-19 00:20:52,223 - INFO - 训练One-Class SVM: nu=0.3, kernel=rbf, gamma=0.01
2025-12-19 00:20:52,254 - INFO - One-Class SVM训练完成
2025-12-19 00:20:52,255 - INFO - 在训练集上计算异常分数以确定阈值...
2025-12-19 00:20:52,349 - INFO - 训练集98分位数阈值: 108.073889
2025-12-19 00:20:52,349 - INFO - 训练集分数统计: min=-21.043262, max=444.213595, mean=2.470415, std=37.440290
2025-12-19 00:20:52,349 - INFO - 在测试集上计算异常分数并评估...
2025-12-19 00:20:52,454 - INFO - ==== Evaluation Result ====
2025-12-19 00:20:52,455 - INFO - One-Class SVM参数: nu=0.300, kernel=rbf, gamma=0.01
2025-12-19 00:20:52,455 - INFO - Threshold (Train 98th percentile): 108.073889
2025-12-19 00:20:52,455 - INFO - AUC: 0.9766
2025-12-19 00:20:52,455 - INFO - F1 Score: 0.7248
2025-12-19 00:20:52,455 - INFO - Accuracy: 0.9690
2025-12-19 00:20:52,459 - INFO - 预测结果已保存到: ckpt\oneclass_svm_predictions_p98_nu0.300_kernelrbf_gamma0.01_20251219_002052.csv
2025-12-19 00:20:52,459 - INFO - 
============================================================
2025-12-19 00:20:52,459 - INFO - 网格搜索进度: [59/63]
2025-12-19 00:20:52,460 - INFO - 参数组合: nu=0.300, kernel=rbf, gamma=0.1
2025-12-19 00:20:52,460 - INFO - ============================================================
2025-12-19 00:20:52,460 - INFO - 训练One-Class SVM: nu=0.3, kernel=rbf, gamma=0.1
2025-12-19 00:20:52,490 - INFO - One-Class SVM训练完成
2025-12-19 00:20:52,491 - INFO - 在训练集上计算异常分数以确定阈值...
2025-12-19 00:20:52,585 - INFO - 训练集98分位数阈值: 132.268749
2025-12-19 00:20:52,586 - INFO - 训练集分数统计: min=-54.129048, max=166.812116, mean=-4.784580, std=42.151759
2025-12-19 00:20:52,586 - INFO - 在测试集上计算异常分数并评估...
2025-12-19 00:20:52,688 - INFO - ==== Evaluation Result ====
2025-12-19 00:20:52,688 - INFO - One-Class SVM参数: nu=0.300, kernel=rbf, gamma=0.1
2025-12-19 00:20:52,688 - INFO - Threshold (Train 98th percentile): 132.268749
2025-12-19 00:20:52,688 - INFO - AUC: 0.9759
2025-12-19 00:20:52,689 - INFO - F1 Score: 0.7143
2025-12-19 00:20:52,689 - INFO - Accuracy: 0.9669
2025-12-19 00:20:52,692 - INFO - 预测结果已保存到: ckpt\oneclass_svm_predictions_p98_nu0.300_kernelrbf_gamma0.1_20251219_002052.csv
2025-12-19 00:20:52,692 - INFO - 
============================================================
2025-12-19 00:20:52,692 - INFO - 网格搜索进度: [60/63]
2025-12-19 00:20:52,693 - INFO - 参数组合: nu=0.300, kernel=rbf, gamma=1.0
2025-12-19 00:20:52,693 - INFO - ============================================================
2025-12-19 00:20:52,693 - INFO - 训练One-Class SVM: nu=0.3, kernel=rbf, gamma=1.0
2025-12-19 00:20:52,726 - INFO - One-Class SVM训练完成
2025-12-19 00:20:52,727 - INFO - 在训练集上计算异常分数以确定阈值...
2025-12-19 00:20:52,838 - INFO - 训练集98分位数阈值: 5.831251
2025-12-19 00:20:52,839 - INFO - 训练集分数统计: min=-1.848790, max=6.051905, mean=0.178872, std=1.783037
2025-12-19 00:20:52,839 - INFO - 在测试集上计算异常分数并评估...
2025-12-19 00:20:52,955 - INFO - ==== Evaluation Result ====
2025-12-19 00:20:52,956 - INFO - One-Class SVM参数: nu=0.300, kernel=rbf, gamma=1.0
2025-12-19 00:20:52,956 - INFO - Threshold (Train 98th percentile): 5.831251
2025-12-19 00:20:52,956 - INFO - AUC: 0.9797
2025-12-19 00:20:52,956 - INFO - F1 Score: 0.6027
2025-12-19 00:20:52,956 - INFO - Accuracy: 0.9400
2025-12-19 00:20:52,960 - INFO - 预测结果已保存到: ckpt\oneclass_svm_predictions_p98_nu0.300_kernelrbf_gamma1.0_20251219_002052.csv
2025-12-19 00:20:52,960 - INFO - 
============================================================
2025-12-19 00:20:52,960 - INFO - 网格搜索进度: [61/63]
2025-12-19 00:20:52,960 - INFO - 参数组合: nu=0.300, kernel=linear, gamma=scale
2025-12-19 00:20:52,960 - INFO - ============================================================
2025-12-19 00:20:52,961 - INFO - 训练One-Class SVM: nu=0.3, kernel=linear, gamma=scale
2025-12-19 00:20:52,975 - INFO - One-Class SVM训练完成
2025-12-19 00:20:52,975 - INFO - 在训练集上计算异常分数以确定阈值...
2025-12-19 00:20:53,000 - INFO - 训练集98分位数阈值: 0.000217
2025-12-19 00:20:53,001 - INFO - 训练集分数统计: min=-0.000580, max=0.000430, mean=0.000092, std=0.000065
2025-12-19 00:20:53,001 - INFO - 在测试集上计算异常分数并评估...
2025-12-19 00:20:53,030 - INFO - ==== Evaluation Result ====
2025-12-19 00:20:53,030 - INFO - One-Class SVM参数: nu=0.300, kernel=linear, gamma=scale
2025-12-19 00:20:53,030 - INFO - Threshold (Train 98th percentile): 0.000217
2025-12-19 00:20:53,030 - INFO - AUC: 0.9561
2025-12-19 00:20:53,030 - INFO - F1 Score: 0.5943
2025-12-19 00:20:53,031 - INFO - Accuracy: 0.9555
2025-12-19 00:20:53,035 - INFO - 预测结果已保存到: ckpt\oneclass_svm_predictions_p98_nu0.300_kernellinear_gammascale_20251219_002053.csv
2025-12-19 00:20:53,035 - INFO - 
============================================================
2025-12-19 00:20:53,035 - INFO - 网格搜索进度: [62/63]
2025-12-19 00:20:53,035 - INFO - 参数组合: nu=0.300, kernel=poly, gamma=scale
2025-12-19 00:20:53,036 - INFO - ============================================================
2025-12-19 00:20:53,036 - INFO - 训练One-Class SVM: nu=0.3, kernel=poly, gamma=scale
2025-12-19 00:20:53,690 - INFO - One-Class SVM训练完成
2025-12-19 00:20:53,690 - INFO - 在训练集上计算异常分数以确定阈值...
2025-12-19 00:20:53,720 - INFO - 训练集98分位数阈值: 0.000285
2025-12-19 00:20:53,721 - INFO - 训练集分数统计: min=-8.806153, max=0.001265, mean=-0.012328, std=0.236376
2025-12-19 00:20:53,721 - INFO - 在测试集上计算异常分数并评估...
2025-12-19 00:20:53,755 - INFO - ==== Evaluation Result ====
2025-12-19 00:20:53,755 - INFO - One-Class SVM参数: nu=0.300, kernel=poly, gamma=scale
2025-12-19 00:20:53,755 - INFO - Threshold (Train 98th percentile): 0.000285
2025-12-19 00:20:53,755 - INFO - AUC: 0.0286
2025-12-19 00:20:53,755 - INFO - F1 Score: 0.0110
2025-12-19 00:20:53,755 - INFO - Accuracy: 0.9074
2025-12-19 00:20:53,759 - INFO - 预测结果已保存到: ckpt\oneclass_svm_predictions_p98_nu0.300_kernelpoly_gammascale_20251219_002053.csv
2025-12-19 00:20:53,759 - INFO - 
============================================================
2025-12-19 00:20:53,759 - INFO - 网格搜索进度: [63/63]
2025-12-19 00:20:53,759 - INFO - 参数组合: nu=0.300, kernel=sigmoid, gamma=scale
2025-12-19 00:20:53,759 - INFO - ============================================================
2025-12-19 00:20:53,760 - INFO - 训练One-Class SVM: nu=0.3, kernel=sigmoid, gamma=scale
2025-12-19 00:20:53,802 - INFO - One-Class SVM训练完成
2025-12-19 00:20:53,803 - INFO - 在训练集上计算异常分数以确定阈值...
2025-12-19 00:20:53,851 - INFO - 训练集98分位数阈值: 72.060427
2025-12-19 00:20:53,851 - INFO - 训练集分数统计: min=-78.134671, max=235.428533, mean=-2.677427, std=22.228219
2025-12-19 00:20:53,851 - INFO - 在测试集上计算异常分数并评估...
2025-12-19 00:20:53,904 - INFO - ==== Evaluation Result ====
2025-12-19 00:20:53,904 - INFO - One-Class SVM参数: nu=0.300, kernel=sigmoid, gamma=scale
2025-12-19 00:20:53,904 - INFO - Threshold (Train 98th percentile): 72.060427
2025-12-19 00:20:53,904 - INFO - AUC: 0.8332
2025-12-19 00:20:53,904 - INFO - F1 Score: 0.5864
2025-12-19 00:20:53,904 - INFO - Accuracy: 0.9591
2025-12-19 00:20:53,908 - INFO - 预测结果已保存到: ckpt\oneclass_svm_predictions_p98_nu0.300_kernelsigmoid_gammascale_20251219_002053.csv
2025-12-19 00:20:53,908 - INFO - 
============================================================
2025-12-19 00:20:53,908 - INFO - 网格搜索完成，汇总结果:
2025-12-19 00:20:53,909 - INFO - ============================================================
2025-12-19 00:20:53,910 - INFO - 网格搜索结果汇总已保存到: ckpt\oneclass_svm_grid_search_summary_p98_20251219_002053.csv
2025-12-19 00:20:53,911 - INFO - 
最佳结果:
2025-12-19 00:20:53,911 - INFO -   nu: 0.150
2025-12-19 00:20:53,911 - INFO -   kernel: rbf
2025-12-19 00:20:53,911 - INFO -   gamma: 0.001
2025-12-19 00:20:53,911 - INFO -   Percentile: 98
2025-12-19 00:20:53,911 - INFO -   Threshold: 6.095372
2025-12-19 00:20:53,912 - INFO -   AUC: 0.9783
2025-12-19 00:20:53,912 - INFO -   F1 Score: 0.7418
2025-12-19 00:20:53,912 - INFO -   Accuracy: 0.9715
2025-12-19 00:20:53,912 - INFO -   预测结果文件: ckpt\oneclass_svm_predictions_p98_nu0.150_kernelrbf_gamma0.001_20251219_002046.csv
2025-12-19 00:20:53,912 - INFO - 
============================================================
2025-12-19 00:20:53,912 - INFO - 清理临时文件...
2025-12-19 00:20:53,944 - INFO - 已删除 62 个临时预测结果文件
2025-12-19 00:20:53,944 - INFO - 保留最佳结果文件: ckpt\oneclass_svm_predictions_p98_nu0.150_kernelrbf_gamma0.001_20251219_002046.csv
2025-12-19 00:20:53,944 - INFO - ============================================================
