2025-12-19 00:20:11,796 - INFO - 日志文件已创建: ckpt\oneclass_svm_training_p99_20251219_002011.log
2025-12-19 00:20:11,796 - INFO - 随机种子已设置为: 42
2025-12-19 00:20:11,796 - INFO - 开始加载数据集...
2025-12-19 00:20:11,805 - INFO - 训练集形状: (1839, 6)
2025-12-19 00:20:11,806 - INFO - 测试集形状: (1933, 6)
2025-12-19 00:20:11,806 - INFO - 测试集标签分布: 正常=1839, 异常=94
2025-12-19 00:20:11,806 - INFO - 对特征进行标准化...
2025-12-19 00:20:11,807 - INFO - 特征标准化完成
2025-12-19 00:20:11,807 - INFO - 
============================================================
2025-12-19 00:20:11,807 - INFO - 开始网格搜索
2025-12-19 00:20:11,807 - INFO - 阈值分位数: 99
2025-12-19 00:20:11,807 - INFO - nu值: [0.01, 0.05, 0.1, 0.15, 0.2, 0.25, 0.3]
2025-12-19 00:20:11,808 - INFO - kernel: ['rbf', 'linear', 'poly', 'sigmoid']
2025-12-19 00:20:11,808 - INFO - gamma: ['scale', 'auto', 0.001, 0.01, 0.1, 1.0]
2025-12-19 00:20:11,808 - INFO - ============================================================

2025-12-19 00:20:11,808 - INFO - 
============================================================
2025-12-19 00:20:11,808 - INFO - 网格搜索进度: [1/63]
2025-12-19 00:20:11,808 - INFO - 参数组合: nu=0.010, kernel=rbf, gamma=scale
2025-12-19 00:20:11,808 - INFO - ============================================================
2025-12-19 00:20:11,809 - INFO - 训练One-Class SVM: nu=0.01, kernel=rbf, gamma=scale
2025-12-19 00:20:11,813 - INFO - One-Class SVM训练完成
2025-12-19 00:20:11,813 - INFO - 在训练集上计算异常分数以确定阈值...
2025-12-19 00:20:11,831 - INFO - 训练集99分位数阈值: 0.000182
2025-12-19 00:20:11,831 - INFO - 训练集分数统计: min=-0.239564, max=0.000482, mean=-0.130085, std=0.054007
2025-12-19 00:20:11,832 - INFO - 在测试集上计算异常分数并评估...
2025-12-19 00:20:11,852 - INFO - ==== Evaluation Result ====
2025-12-19 00:20:11,853 - INFO - One-Class SVM参数: nu=0.010, kernel=rbf, gamma=scale
2025-12-19 00:20:11,853 - INFO - Threshold (Train 99th percentile): 0.000182
2025-12-19 00:20:11,853 - INFO - AUC: 0.9748
2025-12-19 00:20:11,853 - INFO - F1 Score: 0.6069
2025-12-19 00:20:11,853 - INFO - Accuracy: 0.9410
2025-12-19 00:20:11,858 - INFO - 预测结果已保存到: ckpt\oneclass_svm_predictions_p99_nu0.010_kernelrbf_gammascale_20251219_002011.csv
2025-12-19 00:20:11,858 - INFO - 
============================================================
2025-12-19 00:20:11,858 - INFO - 网格搜索进度: [2/63]
2025-12-19 00:20:11,858 - INFO - 参数组合: nu=0.010, kernel=rbf, gamma=auto
2025-12-19 00:20:11,858 - INFO - ============================================================
2025-12-19 00:20:11,858 - INFO - 训练One-Class SVM: nu=0.01, kernel=rbf, gamma=auto
2025-12-19 00:20:11,863 - INFO - One-Class SVM训练完成
2025-12-19 00:20:11,863 - INFO - 在训练集上计算异常分数以确定阈值...
2025-12-19 00:20:11,880 - INFO - 训练集99分位数阈值: 0.000182
2025-12-19 00:20:11,880 - INFO - 训练集分数统计: min=-0.239564, max=0.000482, mean=-0.130085, std=0.054007
2025-12-19 00:20:11,881 - INFO - 在测试集上计算异常分数并评估...
2025-12-19 00:20:11,901 - INFO - ==== Evaluation Result ====
2025-12-19 00:20:11,901 - INFO - One-Class SVM参数: nu=0.010, kernel=rbf, gamma=auto
2025-12-19 00:20:11,901 - INFO - Threshold (Train 99th percentile): 0.000182
2025-12-19 00:20:11,901 - INFO - AUC: 0.9748
2025-12-19 00:20:11,902 - INFO - F1 Score: 0.6069
2025-12-19 00:20:11,902 - INFO - Accuracy: 0.9410
2025-12-19 00:20:11,905 - INFO - 预测结果已保存到: ckpt\oneclass_svm_predictions_p99_nu0.010_kernelrbf_gammaauto_20251219_002011.csv
2025-12-19 00:20:11,906 - INFO - 
============================================================
2025-12-19 00:20:11,906 - INFO - 网格搜索进度: [3/63]
2025-12-19 00:20:11,906 - INFO - 参数组合: nu=0.010, kernel=rbf, gamma=0.001
2025-12-19 00:20:11,906 - INFO - ============================================================
2025-12-19 00:20:11,906 - INFO - 训练One-Class SVM: nu=0.01, kernel=rbf, gamma=0.001
2025-12-19 00:20:11,908 - INFO - One-Class SVM训练完成
2025-12-19 00:20:11,908 - INFO - 在训练集上计算异常分数以确定阈值...
2025-12-19 00:20:11,912 - INFO - 训练集99分位数阈值: -0.006765
2025-12-19 00:20:11,912 - INFO - 训练集分数统计: min=-0.634085, max=3.045185, mean=-0.418451, std=0.163870
2025-12-19 00:20:11,912 - INFO - 在测试集上计算异常分数并评估...
2025-12-19 00:20:11,919 - INFO - ==== Evaluation Result ====
2025-12-19 00:20:11,919 - INFO - One-Class SVM参数: nu=0.010, kernel=rbf, gamma=0.001
2025-12-19 00:20:11,920 - INFO - Threshold (Train 99th percentile): -0.006765
2025-12-19 00:20:11,920 - INFO - AUC: 0.9765
2025-12-19 00:20:11,920 - INFO - F1 Score: 0.7604
2025-12-19 00:20:11,920 - INFO - Accuracy: 0.9762
2025-12-19 00:20:11,924 - INFO - 预测结果已保存到: ckpt\oneclass_svm_predictions_p99_nu0.010_kernelrbf_gamma0.001_20251219_002011.csv
2025-12-19 00:20:11,925 - INFO - 
============================================================
2025-12-19 00:20:11,925 - INFO - 网格搜索进度: [4/63]
2025-12-19 00:20:11,925 - INFO - 参数组合: nu=0.010, kernel=rbf, gamma=0.01
2025-12-19 00:20:11,925 - INFO - ============================================================
2025-12-19 00:20:11,925 - INFO - 训练One-Class SVM: nu=0.01, kernel=rbf, gamma=0.01
2025-12-19 00:20:11,927 - INFO - One-Class SVM训练完成
2025-12-19 00:20:11,927 - INFO - 在训练集上计算异常分数以确定阈值...
2025-12-19 00:20:11,931 - INFO - 训练集99分位数阈值: -0.000014
2025-12-19 00:20:11,932 - INFO - 训练集分数统计: min=-1.665078, max=3.715620, mean=-1.101394, std=0.358246
2025-12-19 00:20:11,932 - INFO - 在测试集上计算异常分数并评估...
2025-12-19 00:20:11,939 - INFO - ==== Evaluation Result ====
2025-12-19 00:20:11,939 - INFO - One-Class SVM参数: nu=0.010, kernel=rbf, gamma=0.01
2025-12-19 00:20:11,939 - INFO - Threshold (Train 99th percentile): -0.000014
2025-12-19 00:20:11,939 - INFO - AUC: 0.9642
2025-12-19 00:20:11,939 - INFO - F1 Score: 0.7374
2025-12-19 00:20:11,940 - INFO - Accuracy: 0.9731
2025-12-19 00:20:11,943 - INFO - 预测结果已保存到: ckpt\oneclass_svm_predictions_p99_nu0.010_kernelrbf_gamma0.01_20251219_002011.csv
2025-12-19 00:20:11,943 - INFO - 
============================================================
2025-12-19 00:20:11,943 - INFO - 网格搜索进度: [5/63]
2025-12-19 00:20:11,944 - INFO - 参数组合: nu=0.010, kernel=rbf, gamma=0.1
2025-12-19 00:20:11,944 - INFO - ============================================================
2025-12-19 00:20:11,944 - INFO - 训练One-Class SVM: nu=0.01, kernel=rbf, gamma=0.1
2025-12-19 00:20:11,947 - INFO - One-Class SVM训练完成
2025-12-19 00:20:11,947 - INFO - 在训练集上计算异常分数以确定阈值...
2025-12-19 00:20:11,959 - INFO - 训练集99分位数阈值: 0.000165
2025-12-19 00:20:11,959 - INFO - 训练集分数统计: min=-0.392650, max=0.000482, mean=-0.239503, std=0.087058
2025-12-19 00:20:11,959 - INFO - 在测试集上计算异常分数并评估...
2025-12-19 00:20:11,973 - INFO - ==== Evaluation Result ====
2025-12-19 00:20:11,973 - INFO - One-Class SVM参数: nu=0.010, kernel=rbf, gamma=0.1
2025-12-19 00:20:11,973 - INFO - Threshold (Train 99th percentile): 0.000165
2025-12-19 00:20:11,973 - INFO - AUC: 0.9696
2025-12-19 00:20:11,973 - INFO - F1 Score: 0.6721
2025-12-19 00:20:11,974 - INFO - Accuracy: 0.9581
2025-12-19 00:20:11,977 - INFO - 预测结果已保存到: ckpt\oneclass_svm_predictions_p99_nu0.010_kernelrbf_gamma0.1_20251219_002011.csv
2025-12-19 00:20:11,978 - INFO - 
============================================================
2025-12-19 00:20:11,978 - INFO - 网格搜索进度: [6/63]
2025-12-19 00:20:11,978 - INFO - 参数组合: nu=0.010, kernel=rbf, gamma=1.0
2025-12-19 00:20:11,978 - INFO - ============================================================
2025-12-19 00:20:11,978 - INFO - 训练One-Class SVM: nu=0.01, kernel=rbf, gamma=1.0
2025-12-19 00:20:11,997 - INFO - One-Class SVM训练完成
2025-12-19 00:20:11,997 - INFO - 在训练集上计算异常分数以确定阈值...
2025-12-19 00:20:12,079 - INFO - 训练集99分位数阈值: 0.000390
2025-12-19 00:20:12,079 - INFO - 训练集分数统计: min=-0.029137, max=0.000473, mean=-0.007182, std=0.006140
2025-12-19 00:20:12,079 - INFO - 在测试集上计算异常分数并评估...
2025-12-19 00:20:12,168 - INFO - ==== Evaluation Result ====
2025-12-19 00:20:12,168 - INFO - One-Class SVM参数: nu=0.010, kernel=rbf, gamma=1.0
2025-12-19 00:20:12,168 - INFO - Threshold (Train 99th percentile): 0.000390
2025-12-19 00:20:12,169 - INFO - AUC: 0.9801
2025-12-19 00:20:12,169 - INFO - F1 Score: 0.2650
2025-12-19 00:20:12,169 - INFO - Accuracy: 0.7331
2025-12-19 00:20:12,173 - INFO - 预测结果已保存到: ckpt\oneclass_svm_predictions_p99_nu0.010_kernelrbf_gamma1.0_20251219_002012.csv
2025-12-19 00:20:12,173 - INFO - 
============================================================
2025-12-19 00:20:12,173 - INFO - 网格搜索进度: [7/63]
2025-12-19 00:20:12,173 - INFO - 参数组合: nu=0.010, kernel=linear, gamma=scale
2025-12-19 00:20:12,173 - INFO - ============================================================
2025-12-19 00:20:12,173 - INFO - 训练One-Class SVM: nu=0.01, kernel=linear, gamma=scale
2025-12-19 00:20:12,175 - INFO - One-Class SVM训练完成
2025-12-19 00:20:12,175 - INFO - 在训练集上计算异常分数以确定阈值...
2025-12-19 00:20:12,177 - INFO - 训练集99分位数阈值: 0.000156
2025-12-19 00:20:12,177 - INFO - 训练集分数统计: min=-0.003313, max=0.000581, mean=-0.000134, std=0.000123
2025-12-19 00:20:12,177 - INFO - 在测试集上计算异常分数并评估...
2025-12-19 00:20:12,183 - INFO - ==== Evaluation Result ====
2025-12-19 00:20:12,183 - INFO - One-Class SVM参数: nu=0.010, kernel=linear, gamma=scale
2025-12-19 00:20:12,183 - INFO - Threshold (Train 99th percentile): 0.000156
2025-12-19 00:20:12,184 - INFO - AUC: 0.6873
2025-12-19 00:20:12,184 - INFO - F1 Score: 0.2087
2025-12-19 00:20:12,184 - INFO - Accuracy: 0.9529
2025-12-19 00:20:12,188 - INFO - 预测结果已保存到: ckpt\oneclass_svm_predictions_p99_nu0.010_kernellinear_gammascale_20251219_002012.csv
2025-12-19 00:20:12,188 - INFO - 
============================================================
2025-12-19 00:20:12,188 - INFO - 网格搜索进度: [8/63]
2025-12-19 00:20:12,188 - INFO - 参数组合: nu=0.010, kernel=poly, gamma=scale
2025-12-19 00:20:12,189 - INFO - ============================================================
2025-12-19 00:20:12,189 - INFO - 训练One-Class SVM: nu=0.01, kernel=poly, gamma=scale
2025-12-19 00:20:12,267 - INFO - One-Class SVM训练完成
2025-12-19 00:20:12,267 - INFO - 在训练集上计算异常分数以确定阈值...
2025-12-19 00:20:12,274 - INFO - 训练集99分位数阈值: 0.000151
2025-12-19 00:20:12,274 - INFO - 训练集分数统计: min=-2.849715, max=0.000258, mean=-0.005540, std=0.092278
2025-12-19 00:20:12,275 - INFO - 在测试集上计算异常分数并评估...
2025-12-19 00:20:12,284 - INFO - ==== Evaluation Result ====
2025-12-19 00:20:12,284 - INFO - One-Class SVM参数: nu=0.010, kernel=poly, gamma=scale
2025-12-19 00:20:12,284 - INFO - Threshold (Train 99th percentile): 0.000151
2025-12-19 00:20:12,284 - INFO - AUC: 0.0291
2025-12-19 00:20:12,284 - INFO - F1 Score: 0.0127
2025-12-19 00:20:12,284 - INFO - Accuracy: 0.9198
2025-12-19 00:20:12,289 - INFO - 预测结果已保存到: ckpt\oneclass_svm_predictions_p99_nu0.010_kernelpoly_gammascale_20251219_002012.csv
2025-12-19 00:20:12,289 - INFO - 
============================================================
2025-12-19 00:20:12,289 - INFO - 网格搜索进度: [9/63]
2025-12-19 00:20:12,290 - INFO - 参数组合: nu=0.010, kernel=sigmoid, gamma=scale
2025-12-19 00:20:12,290 - INFO - ============================================================
2025-12-19 00:20:12,290 - INFO - 训练One-Class SVM: nu=0.01, kernel=sigmoid, gamma=scale
2025-12-19 00:20:12,294 - INFO - One-Class SVM训练完成
2025-12-19 00:20:12,294 - INFO - 在训练集上计算异常分数以确定阈值...
2025-12-19 00:20:12,297 - INFO - 训练集99分位数阈值: -0.000247
2025-12-19 00:20:12,298 - INFO - 训练集分数统计: min=-12.020610, max=3.843481, mean=-4.301706, std=2.395731
2025-12-19 00:20:12,298 - INFO - 在测试集上计算异常分数并评估...
2025-12-19 00:20:12,304 - INFO - ==== Evaluation Result ====
2025-12-19 00:20:12,304 - INFO - One-Class SVM参数: nu=0.010, kernel=sigmoid, gamma=scale
2025-12-19 00:20:12,305 - INFO - Threshold (Train 99th percentile): -0.000247
2025-12-19 00:20:12,305 - INFO - AUC: 0.7911
2025-12-19 00:20:12,305 - INFO - F1 Score: 0.5500
2025-12-19 00:20:12,305 - INFO - Accuracy: 0.9628
2025-12-19 00:20:12,310 - INFO - 预测结果已保存到: ckpt\oneclass_svm_predictions_p99_nu0.010_kernelsigmoid_gammascale_20251219_002012.csv
2025-12-19 00:20:12,310 - INFO - 
============================================================
2025-12-19 00:20:12,311 - INFO - 网格搜索进度: [10/63]
2025-12-19 00:20:12,311 - INFO - 参数组合: nu=0.050, kernel=rbf, gamma=scale
2025-12-19 00:20:12,311 - INFO - ============================================================
2025-12-19 00:20:12,311 - INFO - 训练One-Class SVM: nu=0.05, kernel=rbf, gamma=scale
2025-12-19 00:20:12,329 - INFO - One-Class SVM训练完成
2025-12-19 00:20:12,329 - INFO - 在训练集上计算异常分数以确定阈值...
2025-12-19 00:20:12,361 - INFO - 训练集99分位数阈值: 1.279592
2025-12-19 00:20:12,361 - INFO - 训练集分数统计: min=-1.834390, max=3.038695, mean=-0.944995, std=0.559655
2025-12-19 00:20:12,361 - INFO - 在测试集上计算异常分数并评估...
2025-12-19 00:20:12,393 - INFO - ==== Evaluation Result ====
2025-12-19 00:20:12,393 - INFO - One-Class SVM参数: nu=0.050, kernel=rbf, gamma=scale
2025-12-19 00:20:12,393 - INFO - Threshold (Train 99th percentile): 1.279592
2025-12-19 00:20:12,394 - INFO - AUC: 0.9753
2025-12-19 00:20:12,394 - INFO - F1 Score: 0.7650
2025-12-19 00:20:12,394 - INFO - Accuracy: 0.9736
2025-12-19 00:20:12,397 - INFO - 预测结果已保存到: ckpt\oneclass_svm_predictions_p99_nu0.050_kernelrbf_gammascale_20251219_002012.csv
2025-12-19 00:20:12,398 - INFO - 
============================================================
2025-12-19 00:20:12,398 - INFO - 网格搜索进度: [11/63]
2025-12-19 00:20:12,398 - INFO - 参数组合: nu=0.050, kernel=rbf, gamma=auto
2025-12-19 00:20:12,398 - INFO - ============================================================
2025-12-19 00:20:12,398 - INFO - 训练One-Class SVM: nu=0.05, kernel=rbf, gamma=auto
2025-12-19 00:20:12,409 - INFO - One-Class SVM训练完成
2025-12-19 00:20:12,409 - INFO - 在训练集上计算异常分数以确定阈值...
2025-12-19 00:20:12,443 - INFO - 训练集99分位数阈值: 1.279592
2025-12-19 00:20:12,443 - INFO - 训练集分数统计: min=-1.834390, max=3.038695, mean=-0.944995, std=0.559655
2025-12-19 00:20:12,443 - INFO - 在测试集上计算异常分数并评估...
2025-12-19 00:20:12,475 - INFO - ==== Evaluation Result ====
2025-12-19 00:20:12,475 - INFO - One-Class SVM参数: nu=0.050, kernel=rbf, gamma=auto
2025-12-19 00:20:12,475 - INFO - Threshold (Train 99th percentile): 1.279592
2025-12-19 00:20:12,475 - INFO - AUC: 0.9753
2025-12-19 00:20:12,475 - INFO - F1 Score: 0.7650
2025-12-19 00:20:12,476 - INFO - Accuracy: 0.9736
2025-12-19 00:20:12,480 - INFO - 预测结果已保存到: ckpt\oneclass_svm_predictions_p99_nu0.050_kernelrbf_gammaauto_20251219_002012.csv
2025-12-19 00:20:12,480 - INFO - 
============================================================
2025-12-19 00:20:12,480 - INFO - 网格搜索进度: [12/63]
2025-12-19 00:20:12,480 - INFO - 参数组合: nu=0.050, kernel=rbf, gamma=0.001
2025-12-19 00:20:12,481 - INFO - ============================================================
2025-12-19 00:20:12,481 - INFO - 训练One-Class SVM: nu=0.05, kernel=rbf, gamma=0.001
2025-12-19 00:20:12,487 - INFO - One-Class SVM训练完成
2025-12-19 00:20:12,487 - INFO - 在训练集上计算异常分数以确定阈值...
2025-12-19 00:20:12,509 - INFO - 训练集99分位数阈值: 2.078264
2025-12-19 00:20:12,509 - INFO - 训练集分数统计: min=-1.569313, max=21.687493, mean=-0.833420, std=1.056351
2025-12-19 00:20:12,509 - INFO - 在测试集上计算异常分数并评估...
2025-12-19 00:20:12,531 - INFO - ==== Evaluation Result ====
2025-12-19 00:20:12,531 - INFO - One-Class SVM参数: nu=0.050, kernel=rbf, gamma=0.001
2025-12-19 00:20:12,531 - INFO - Threshold (Train 99th percentile): 2.078264
2025-12-19 00:20:12,531 - INFO - AUC: 0.9791
2025-12-19 00:20:12,531 - INFO - F1 Score: 0.7772
2025-12-19 00:20:12,532 - INFO - Accuracy: 0.9778
2025-12-19 00:20:12,535 - INFO - 预测结果已保存到: ckpt\oneclass_svm_predictions_p99_nu0.050_kernelrbf_gamma0.001_20251219_002012.csv
2025-12-19 00:20:12,535 - INFO - 
============================================================
2025-12-19 00:20:12,535 - INFO - 网格搜索进度: [13/63]
2025-12-19 00:20:12,535 - INFO - 参数组合: nu=0.050, kernel=rbf, gamma=0.01
2025-12-19 00:20:12,536 - INFO - ============================================================
2025-12-19 00:20:12,536 - INFO - 训练One-Class SVM: nu=0.05, kernel=rbf, gamma=0.01
2025-12-19 00:20:12,542 - INFO - One-Class SVM训练完成
2025-12-19 00:20:12,543 - INFO - 在训练集上计算异常分数以确定阈值...
2025-12-19 00:20:12,562 - INFO - 训练集99分位数阈值: 10.024658
2025-12-19 00:20:12,562 - INFO - 训练集分数统计: min=-8.413345, max=48.980836, mean=-4.657242, std=3.984270
2025-12-19 00:20:12,562 - INFO - 在测试集上计算异常分数并评估...
2025-12-19 00:20:12,586 - INFO - ==== Evaluation Result ====
2025-12-19 00:20:12,586 - INFO - One-Class SVM参数: nu=0.050, kernel=rbf, gamma=0.01
2025-12-19 00:20:12,586 - INFO - Threshold (Train 99th percentile): 10.024658
2025-12-19 00:20:12,586 - INFO - AUC: 0.9774
2025-12-19 00:20:12,587 - INFO - F1 Score: 0.7692
2025-12-19 00:20:12,587 - INFO - Accuracy: 0.9767
2025-12-19 00:20:12,590 - INFO - 预测结果已保存到: ckpt\oneclass_svm_predictions_p99_nu0.050_kernelrbf_gamma0.01_20251219_002012.csv
2025-12-19 00:20:12,590 - INFO - 
============================================================
2025-12-19 00:20:12,590 - INFO - 网格搜索进度: [14/63]
2025-12-19 00:20:12,591 - INFO - 参数组合: nu=0.050, kernel=rbf, gamma=0.1
2025-12-19 00:20:12,591 - INFO - ============================================================
2025-12-19 00:20:12,591 - INFO - 训练One-Class SVM: nu=0.05, kernel=rbf, gamma=0.1
2025-12-19 00:20:12,598 - INFO - One-Class SVM训练完成
2025-12-19 00:20:12,598 - INFO - 在训练集上计算异常分数以确定阈值...
2025-12-19 00:20:12,619 - INFO - 训练集99分位数阈值: 3.023063
2025-12-19 00:20:12,620 - INFO - 训练集分数统计: min=-3.836843, max=6.934432, mean=-2.199563, std=1.256893
2025-12-19 00:20:12,620 - INFO - 在测试集上计算异常分数并评估...
2025-12-19 00:20:12,644 - INFO - ==== Evaluation Result ====
2025-12-19 00:20:12,645 - INFO - One-Class SVM参数: nu=0.050, kernel=rbf, gamma=0.1
2025-12-19 00:20:12,645 - INFO - Threshold (Train 99th percentile): 3.023063
2025-12-19 00:20:12,645 - INFO - AUC: 0.9739
2025-12-19 00:20:12,645 - INFO - F1 Score: 0.7363
2025-12-19 00:20:12,645 - INFO - Accuracy: 0.9726
2025-12-19 00:20:12,648 - INFO - 预测结果已保存到: ckpt\oneclass_svm_predictions_p99_nu0.050_kernelrbf_gamma0.1_20251219_002012.csv
2025-12-19 00:20:12,649 - INFO - 
============================================================
2025-12-19 00:20:12,649 - INFO - 网格搜索进度: [15/63]
2025-12-19 00:20:12,649 - INFO - 参数组合: nu=0.050, kernel=rbf, gamma=1.0
2025-12-19 00:20:12,649 - INFO - ============================================================
2025-12-19 00:20:12,649 - INFO - 训练One-Class SVM: nu=0.05, kernel=rbf, gamma=1.0
2025-12-19 00:20:12,674 - INFO - One-Class SVM训练完成
2025-12-19 00:20:12,674 - INFO - 在训练集上计算异常分数以确定阈值...
2025-12-19 00:20:12,781 - INFO - 训练集99分位数阈值: 0.000404
2025-12-19 00:20:12,781 - INFO - 训练集分数统计: min=-0.145547, max=0.000490, mean=-0.035660, std=0.030605
2025-12-19 00:20:12,781 - INFO - 在测试集上计算异常分数并评估...
2025-12-19 00:20:12,881 - INFO - ==== Evaluation Result ====
2025-12-19 00:20:12,881 - INFO - One-Class SVM参数: nu=0.050, kernel=rbf, gamma=1.0
2025-12-19 00:20:12,881 - INFO - Threshold (Train 99th percentile): 0.000404
2025-12-19 00:20:12,881 - INFO - AUC: 0.9801
2025-12-19 00:20:12,881 - INFO - F1 Score: 0.2612
2025-12-19 00:20:12,881 - INFO - Accuracy: 0.7279
2025-12-19 00:20:12,886 - INFO - 预测结果已保存到: ckpt\oneclass_svm_predictions_p99_nu0.050_kernelrbf_gamma1.0_20251219_002012.csv
2025-12-19 00:20:12,886 - INFO - 
============================================================
2025-12-19 00:20:12,886 - INFO - 网格搜索进度: [16/63]
2025-12-19 00:20:12,886 - INFO - 参数组合: nu=0.050, kernel=linear, gamma=scale
2025-12-19 00:20:12,887 - INFO - ============================================================
2025-12-19 00:20:12,887 - INFO - 训练One-Class SVM: nu=0.05, kernel=linear, gamma=scale
2025-12-19 00:20:12,891 - INFO - One-Class SVM训练完成
2025-12-19 00:20:12,891 - INFO - 在训练集上计算异常分数以确定阈值...
2025-12-19 00:20:12,897 - INFO - 训练集99分位数阈值: 0.000273
2025-12-19 00:20:12,898 - INFO - 训练集分数统计: min=-0.001432, max=0.000432, mean=0.000081, std=0.000105
2025-12-19 00:20:12,898 - INFO - 在测试集上计算异常分数并评估...
2025-12-19 00:20:12,907 - INFO - ==== Evaluation Result ====
2025-12-19 00:20:12,907 - INFO - One-Class SVM参数: nu=0.050, kernel=linear, gamma=scale
2025-12-19 00:20:12,907 - INFO - Threshold (Train 99th percentile): 0.000273
2025-12-19 00:20:12,907 - INFO - AUC: 0.2618
2025-12-19 00:20:12,908 - INFO - F1 Score: 0.0157
2025-12-19 00:20:12,908 - INFO - Accuracy: 0.9353
2025-12-19 00:20:12,912 - INFO - 预测结果已保存到: ckpt\oneclass_svm_predictions_p99_nu0.050_kernellinear_gammascale_20251219_002012.csv
2025-12-19 00:20:12,912 - INFO - 
============================================================
2025-12-19 00:20:12,912 - INFO - 网格搜索进度: [17/63]
2025-12-19 00:20:12,912 - INFO - 参数组合: nu=0.050, kernel=poly, gamma=scale
2025-12-19 00:20:12,912 - INFO - ============================================================
2025-12-19 00:20:12,912 - INFO - 训练One-Class SVM: nu=0.05, kernel=poly, gamma=scale
2025-12-19 00:20:13,297 - INFO - One-Class SVM训练完成
2025-12-19 00:20:13,297 - INFO - 在训练集上计算异常分数以确定阈值...
2025-12-19 00:20:13,311 - INFO - 训练集99分位数阈值: 0.000131
2025-12-19 00:20:13,312 - INFO - 训练集分数统计: min=-4.943131, max=0.000490, mean=-0.006207, std=0.129363
2025-12-19 00:20:13,312 - INFO - 在测试集上计算异常分数并评估...
2025-12-19 00:20:13,328 - INFO - ==== Evaluation Result ====
2025-12-19 00:20:13,328 - INFO - One-Class SVM参数: nu=0.050, kernel=poly, gamma=scale
2025-12-19 00:20:13,329 - INFO - Threshold (Train 99th percentile): 0.000131
2025-12-19 00:20:13,329 - INFO - AUC: 0.0286
2025-12-19 00:20:13,329 - INFO - F1 Score: 0.0148
2025-12-19 00:20:13,329 - INFO - Accuracy: 0.9312
2025-12-19 00:20:13,336 - INFO - 预测结果已保存到: ckpt\oneclass_svm_predictions_p99_nu0.050_kernelpoly_gammascale_20251219_002013.csv
2025-12-19 00:20:13,337 - INFO - 
============================================================
2025-12-19 00:20:13,337 - INFO - 网格搜索进度: [18/63]
2025-12-19 00:20:13,337 - INFO - 参数组合: nu=0.050, kernel=sigmoid, gamma=scale
2025-12-19 00:20:13,337 - INFO - ============================================================
2025-12-19 00:20:13,337 - INFO - 训练One-Class SVM: nu=0.05, kernel=sigmoid, gamma=scale
2025-12-19 00:20:13,351 - INFO - One-Class SVM训练完成
2025-12-19 00:20:13,351 - INFO - 在训练集上计算异常分数以确定阈值...
2025-12-19 00:20:13,360 - INFO - 训练集99分位数阈值: 7.198816
2025-12-19 00:20:13,361 - INFO - 训练集分数统计: min=-32.929928, max=34.927430, mean=-10.380367, std=6.963911
2025-12-19 00:20:13,361 - INFO - 在测试集上计算异常分数并评估...
2025-12-19 00:20:13,378 - INFO - ==== Evaluation Result ====
2025-12-19 00:20:13,378 - INFO - One-Class SVM参数: nu=0.050, kernel=sigmoid, gamma=scale
2025-12-19 00:20:13,379 - INFO - Threshold (Train 99th percentile): 7.198816
2025-12-19 00:20:13,379 - INFO - AUC: 0.8123
2025-12-19 00:20:13,379 - INFO - F1 Score: 0.6590
2025-12-19 00:20:13,379 - INFO - Accuracy: 0.9695
2025-12-19 00:20:13,385 - INFO - 预测结果已保存到: ckpt\oneclass_svm_predictions_p99_nu0.050_kernelsigmoid_gammascale_20251219_002013.csv
2025-12-19 00:20:13,385 - INFO - 
============================================================
2025-12-19 00:20:13,386 - INFO - 网格搜索进度: [19/63]
2025-12-19 00:20:13,386 - INFO - 参数组合: nu=0.100, kernel=rbf, gamma=scale
2025-12-19 00:20:13,386 - INFO - ============================================================
2025-12-19 00:20:13,386 - INFO - 训练One-Class SVM: nu=0.1, kernel=rbf, gamma=scale
2025-12-19 00:20:13,409 - INFO - One-Class SVM训练完成
2025-12-19 00:20:13,409 - INFO - 在训练集上计算异常分数以确定阈值...
2025-12-19 00:20:13,457 - INFO - 训练集99分位数阈值: 8.641685
2025-12-19 00:20:13,458 - INFO - 训练集分数统计: min=-5.793745, max=11.977359, mean=-2.618617, std=2.518801
2025-12-19 00:20:13,458 - INFO - 在测试集上计算异常分数并评估...
2025-12-19 00:20:13,499 - INFO - ==== Evaluation Result ====
2025-12-19 00:20:13,499 - INFO - One-Class SVM参数: nu=0.100, kernel=rbf, gamma=scale
2025-12-19 00:20:13,499 - INFO - Threshold (Train 99th percentile): 8.641685
2025-12-19 00:20:13,500 - INFO - AUC: 0.9752
2025-12-19 00:20:13,500 - INFO - F1 Score: 0.7400
2025-12-19 00:20:13,500 - INFO - Accuracy: 0.9731
2025-12-19 00:20:13,505 - INFO - 预测结果已保存到: ckpt\oneclass_svm_predictions_p99_nu0.100_kernelrbf_gammascale_20251219_002013.csv
2025-12-19 00:20:13,505 - INFO - 
============================================================
2025-12-19 00:20:13,505 - INFO - 网格搜索进度: [20/63]
2025-12-19 00:20:13,505 - INFO - 参数组合: nu=0.100, kernel=rbf, gamma=auto
2025-12-19 00:20:13,506 - INFO - ============================================================
2025-12-19 00:20:13,506 - INFO - 训练One-Class SVM: nu=0.1, kernel=rbf, gamma=auto
2025-12-19 00:20:13,519 - INFO - One-Class SVM训练完成
2025-12-19 00:20:13,519 - INFO - 在训练集上计算异常分数以确定阈值...
2025-12-19 00:20:13,566 - INFO - 训练集99分位数阈值: 8.641685
2025-12-19 00:20:13,566 - INFO - 训练集分数统计: min=-5.793745, max=11.977359, mean=-2.618617, std=2.518801
2025-12-19 00:20:13,566 - INFO - 在测试集上计算异常分数并评估...
2025-12-19 00:20:13,607 - INFO - ==== Evaluation Result ====
2025-12-19 00:20:13,608 - INFO - One-Class SVM参数: nu=0.100, kernel=rbf, gamma=auto
2025-12-19 00:20:13,608 - INFO - Threshold (Train 99th percentile): 8.641685
2025-12-19 00:20:13,608 - INFO - AUC: 0.9752
2025-12-19 00:20:13,608 - INFO - F1 Score: 0.7400
2025-12-19 00:20:13,608 - INFO - Accuracy: 0.9731
2025-12-19 00:20:13,612 - INFO - 预测结果已保存到: ckpt\oneclass_svm_predictions_p99_nu0.100_kernelrbf_gammaauto_20251219_002013.csv
2025-12-19 00:20:13,612 - INFO - 
============================================================
2025-12-19 00:20:13,612 - INFO - 网格搜索进度: [21/63]
2025-12-19 00:20:13,612 - INFO - 参数组合: nu=0.100, kernel=rbf, gamma=0.001
2025-12-19 00:20:13,613 - INFO - ============================================================
2025-12-19 00:20:13,613 - INFO - 训练One-Class SVM: nu=0.1, kernel=rbf, gamma=0.001
2025-12-19 00:20:13,627 - INFO - One-Class SVM训练完成
2025-12-19 00:20:13,627 - INFO - 在训练集上计算异常分数以确定阈值...
2025-12-19 00:20:13,660 - INFO - 训练集99分位数阈值: 5.783017
2025-12-19 00:20:13,660 - INFO - 训练集分数统计: min=-2.136756, max=47.166820, mean=-0.866964, std=2.268139
2025-12-19 00:20:13,660 - INFO - 在测试集上计算异常分数并评估...
2025-12-19 00:20:13,698 - INFO - ==== Evaluation Result ====
2025-12-19 00:20:13,698 - INFO - One-Class SVM参数: nu=0.100, kernel=rbf, gamma=0.001
2025-12-19 00:20:13,698 - INFO - Threshold (Train 99th percentile): 5.783017
2025-12-19 00:20:13,700 - INFO - AUC: 0.9792
2025-12-19 00:20:13,700 - INFO - F1 Score: 0.7708
2025-12-19 00:20:13,700 - INFO - Accuracy: 0.9772
2025-12-19 00:20:13,704 - INFO - 预测结果已保存到: ckpt\oneclass_svm_predictions_p99_nu0.100_kernelrbf_gamma0.001_20251219_002013.csv
2025-12-19 00:20:13,704 - INFO - 
============================================================
2025-12-19 00:20:13,704 - INFO - 网格搜索进度: [22/63]
2025-12-19 00:20:13,704 - INFO - 参数组合: nu=0.100, kernel=rbf, gamma=0.01
2025-12-19 00:20:13,705 - INFO - ============================================================
2025-12-19 00:20:13,705 - INFO - 训练One-Class SVM: nu=0.1, kernel=rbf, gamma=0.01
2025-12-19 00:20:13,716 - INFO - One-Class SVM训练完成
2025-12-19 00:20:13,716 - INFO - 在训练集上计算异常分数以确定阈值...
2025-12-19 00:20:13,751 - INFO - 训练集99分位数阈值: 32.824833
2025-12-19 00:20:13,752 - INFO - 训练集分数统计: min=-13.828238, max=119.579812, mean=-6.213602, std=9.758543
2025-12-19 00:20:13,752 - INFO - 在测试集上计算异常分数并评估...
2025-12-19 00:20:13,794 - INFO - ==== Evaluation Result ====
2025-12-19 00:20:13,794 - INFO - One-Class SVM参数: nu=0.100, kernel=rbf, gamma=0.01
2025-12-19 00:20:13,794 - INFO - Threshold (Train 99th percentile): 32.824833
2025-12-19 00:20:13,794 - INFO - AUC: 0.9786
2025-12-19 00:20:13,794 - INFO - F1 Score: 0.7668
2025-12-19 00:20:13,794 - INFO - Accuracy: 0.9767
2025-12-19 00:20:13,799 - INFO - 预测结果已保存到: ckpt\oneclass_svm_predictions_p99_nu0.100_kernelrbf_gamma0.01_20251219_002013.csv
2025-12-19 00:20:13,799 - INFO - 
============================================================
2025-12-19 00:20:13,799 - INFO - 网格搜索进度: [23/63]
2025-12-19 00:20:13,799 - INFO - 参数组合: nu=0.100, kernel=rbf, gamma=0.1
2025-12-19 00:20:13,799 - INFO - ============================================================
2025-12-19 00:20:13,799 - INFO - 训练One-Class SVM: nu=0.1, kernel=rbf, gamma=0.1
2025-12-19 00:20:13,811 - INFO - One-Class SVM训练完成
2025-12-19 00:20:13,811 - INFO - 在训练集上计算异常分数以确定阈值...
2025-12-19 00:20:13,847 - INFO - 训练集99分位数阈值: 15.704770
2025-12-19 00:20:13,847 - INFO - 训练集分数统计: min=-10.543291, max=23.910375, mean=-4.845699, std=4.757018
2025-12-19 00:20:13,847 - INFO - 在测试集上计算异常分数并评估...
2025-12-19 00:20:13,888 - INFO - ==== Evaluation Result ====
2025-12-19 00:20:13,889 - INFO - One-Class SVM参数: nu=0.100, kernel=rbf, gamma=0.1
2025-12-19 00:20:13,889 - INFO - Threshold (Train 99th percentile): 15.704770
2025-12-19 00:20:13,889 - INFO - AUC: 0.9750
2025-12-19 00:20:13,889 - INFO - F1 Score: 0.7475
2025-12-19 00:20:13,889 - INFO - Accuracy: 0.9741
2025-12-19 00:20:13,893 - INFO - 预测结果已保存到: ckpt\oneclass_svm_predictions_p99_nu0.100_kernelrbf_gamma0.1_20251219_002013.csv
2025-12-19 00:20:13,893 - INFO - 
============================================================
2025-12-19 00:20:13,893 - INFO - 网格搜索进度: [24/63]
2025-12-19 00:20:13,894 - INFO - 参数组合: nu=0.100, kernel=rbf, gamma=1.0
2025-12-19 00:20:13,894 - INFO - ============================================================
2025-12-19 00:20:13,894 - INFO - 训练One-Class SVM: nu=0.1, kernel=rbf, gamma=1.0
2025-12-19 00:20:13,939 - INFO - One-Class SVM训练完成
2025-12-19 00:20:13,939 - INFO - 在训练集上计算异常分数以确定阈值...
2025-12-19 00:20:14,046 - INFO - 训练集99分位数阈值: 0.007284
2025-12-19 00:20:14,046 - INFO - 训练集分数统计: min=-0.291914, max=0.030082, mean=-0.071177, std=0.061722
2025-12-19 00:20:14,046 - INFO - 在测试集上计算异常分数并评估...
2025-12-19 00:20:14,141 - INFO - ==== Evaluation Result ====
2025-12-19 00:20:14,142 - INFO - One-Class SVM参数: nu=0.100, kernel=rbf, gamma=1.0
2025-12-19 00:20:14,142 - INFO - Threshold (Train 99th percentile): 0.007284
2025-12-19 00:20:14,142 - INFO - AUC: 0.9801
2025-12-19 00:20:14,142 - INFO - F1 Score: 0.2707
2025-12-19 00:20:14,143 - INFO - Accuracy: 0.7408
2025-12-19 00:20:14,146 - INFO - 预测结果已保存到: ckpt\oneclass_svm_predictions_p99_nu0.100_kernelrbf_gamma1.0_20251219_002014.csv
2025-12-19 00:20:14,146 - INFO - 
============================================================
2025-12-19 00:20:14,147 - INFO - 网格搜索进度: [25/63]
2025-12-19 00:20:14,147 - INFO - 参数组合: nu=0.100, kernel=linear, gamma=scale
2025-12-19 00:20:14,147 - INFO - ============================================================
2025-12-19 00:20:14,147 - INFO - 训练One-Class SVM: nu=0.1, kernel=linear, gamma=scale
2025-12-19 00:20:14,153 - INFO - One-Class SVM训练完成
2025-12-19 00:20:14,153 - INFO - 在训练集上计算异常分数以确定阈值...
2025-12-19 00:20:14,162 - INFO - 训练集99分位数阈值: 0.000215
2025-12-19 00:20:14,163 - INFO - 训练集分数统计: min=-0.000534, max=0.000398, mean=0.000053, std=0.000079
2025-12-19 00:20:14,163 - INFO - 在测试集上计算异常分数并评估...
2025-12-19 00:20:14,176 - INFO - ==== Evaluation Result ====
2025-12-19 00:20:14,176 - INFO - One-Class SVM参数: nu=0.100, kernel=linear, gamma=scale
2025-12-19 00:20:14,176 - INFO - Threshold (Train 99th percentile): 0.000215
2025-12-19 00:20:14,176 - INFO - AUC: 0.6130
2025-12-19 00:20:14,176 - INFO - F1 Score: 0.0154
2025-12-19 00:20:14,177 - INFO - Accuracy: 0.9338
2025-12-19 00:20:14,182 - INFO - 预测结果已保存到: ckpt\oneclass_svm_predictions_p99_nu0.100_kernellinear_gammascale_20251219_002014.csv
2025-12-19 00:20:14,182 - INFO - 
============================================================
2025-12-19 00:20:14,182 - INFO - 网格搜索进度: [26/63]
2025-12-19 00:20:14,182 - INFO - 参数组合: nu=0.100, kernel=poly, gamma=scale
2025-12-19 00:20:14,183 - INFO - ============================================================
2025-12-19 00:20:14,183 - INFO - 训练One-Class SVM: nu=0.1, kernel=poly, gamma=scale
2025-12-19 00:20:14,713 - INFO - One-Class SVM训练完成
2025-12-19 00:20:14,714 - INFO - 在训练集上计算异常分数以确定阈值...
2025-12-19 00:20:14,727 - INFO - 训练集99分位数阈值: 0.000131
2025-12-19 00:20:14,728 - INFO - 训练集分数统计: min=-6.076740, max=0.000655, mean=-0.007706, std=0.158736
2025-12-19 00:20:14,728 - INFO - 在测试集上计算异常分数并评估...
2025-12-19 00:20:14,749 - INFO - ==== Evaluation Result ====
2025-12-19 00:20:14,749 - INFO - One-Class SVM参数: nu=0.100, kernel=poly, gamma=scale
2025-12-19 00:20:14,749 - INFO - Threshold (Train 99th percentile): 0.000131
2025-12-19 00:20:14,750 - INFO - AUC: 0.0272
2025-12-19 00:20:14,750 - INFO - F1 Score: 0.0145
2025-12-19 00:20:14,750 - INFO - Accuracy: 0.9296
2025-12-19 00:20:14,755 - INFO - 预测结果已保存到: ckpt\oneclass_svm_predictions_p99_nu0.100_kernelpoly_gammascale_20251219_002014.csv
2025-12-19 00:20:14,755 - INFO - 
============================================================
2025-12-19 00:20:14,755 - INFO - 网格搜索进度: [27/63]
2025-12-19 00:20:14,755 - INFO - 参数组合: nu=0.100, kernel=sigmoid, gamma=scale
2025-12-19 00:20:14,755 - INFO - ============================================================
2025-12-19 00:20:14,756 - INFO - 训练One-Class SVM: nu=0.1, kernel=sigmoid, gamma=scale
2025-12-19 00:20:14,774 - INFO - One-Class SVM训练完成
2025-12-19 00:20:14,775 - INFO - 在训练集上计算异常分数以确定阈值...
2025-12-19 00:20:14,795 - INFO - 训练集99分位数阈值: 24.355731
2025-12-19 00:20:14,795 - INFO - 训练集分数统计: min=-40.909490, max=85.051987, mean=-12.017113, std=10.987251
2025-12-19 00:20:14,796 - INFO - 在测试集上计算异常分数并评估...
2025-12-19 00:20:14,821 - INFO - ==== Evaluation Result ====
2025-12-19 00:20:14,822 - INFO - One-Class SVM参数: nu=0.100, kernel=sigmoid, gamma=scale
2025-12-19 00:20:14,822 - INFO - Threshold (Train 99th percentile): 24.355731
2025-12-19 00:20:14,822 - INFO - AUC: 0.8296
2025-12-19 00:20:14,822 - INFO - F1 Score: 0.6590
2025-12-19 00:20:14,822 - INFO - Accuracy: 0.9695
2025-12-19 00:20:14,826 - INFO - 预测结果已保存到: ckpt\oneclass_svm_predictions_p99_nu0.100_kernelsigmoid_gammascale_20251219_002014.csv
2025-12-19 00:20:14,826 - INFO - 
============================================================
2025-12-19 00:20:14,826 - INFO - 网格搜索进度: [28/63]
2025-12-19 00:20:14,826 - INFO - 参数组合: nu=0.150, kernel=rbf, gamma=scale
2025-12-19 00:20:14,827 - INFO - ============================================================
2025-12-19 00:20:14,827 - INFO - 训练One-Class SVM: nu=0.15, kernel=rbf, gamma=scale
2025-12-19 00:20:14,861 - INFO - One-Class SVM训练完成
2025-12-19 00:20:14,861 - INFO - 在训练集上计算异常分数以确定阈值...
2025-12-19 00:20:14,930 - INFO - 训练集99分位数阈值: 21.430706
2025-12-19 00:20:14,930 - INFO - 训练集分数统计: min=-12.549946, max=26.011935, mean=-4.557852, std=6.371561
2025-12-19 00:20:14,930 - INFO - 在测试集上计算异常分数并评估...
2025-12-19 00:20:14,988 - INFO - ==== Evaluation Result ====
2025-12-19 00:20:14,988 - INFO - One-Class SVM参数: nu=0.150, kernel=rbf, gamma=scale
2025-12-19 00:20:14,988 - INFO - Threshold (Train 99th percentile): 21.430706
2025-12-19 00:20:14,989 - INFO - AUC: 0.9754
2025-12-19 00:20:14,989 - INFO - F1 Score: 0.7463
2025-12-19 00:20:14,989 - INFO - Accuracy: 0.9736
2025-12-19 00:20:14,992 - INFO - 预测结果已保存到: ckpt\oneclass_svm_predictions_p99_nu0.150_kernelrbf_gammascale_20251219_002014.csv
2025-12-19 00:20:14,993 - INFO - 
============================================================
2025-12-19 00:20:14,993 - INFO - 网格搜索进度: [29/63]
2025-12-19 00:20:14,993 - INFO - 参数组合: nu=0.150, kernel=rbf, gamma=auto
2025-12-19 00:20:14,993 - INFO - ============================================================
2025-12-19 00:20:14,993 - INFO - 训练One-Class SVM: nu=0.15, kernel=rbf, gamma=auto
2025-12-19 00:20:15,012 - INFO - One-Class SVM训练完成
2025-12-19 00:20:15,013 - INFO - 在训练集上计算异常分数以确定阈值...
2025-12-19 00:20:15,062 - INFO - 训练集99分位数阈值: 21.430706
2025-12-19 00:20:15,063 - INFO - 训练集分数统计: min=-12.549946, max=26.011936, mean=-4.557852, std=6.371561
2025-12-19 00:20:15,063 - INFO - 在测试集上计算异常分数并评估...
2025-12-19 00:20:15,118 - INFO - ==== Evaluation Result ====
2025-12-19 00:20:15,119 - INFO - One-Class SVM参数: nu=0.150, kernel=rbf, gamma=auto
2025-12-19 00:20:15,119 - INFO - Threshold (Train 99th percentile): 21.430706
2025-12-19 00:20:15,119 - INFO - AUC: 0.9754
2025-12-19 00:20:15,119 - INFO - F1 Score: 0.7463
2025-12-19 00:20:15,119 - INFO - Accuracy: 0.9736
2025-12-19 00:20:15,123 - INFO - 预测结果已保存到: ckpt\oneclass_svm_predictions_p99_nu0.150_kernelrbf_gammaauto_20251219_002015.csv
2025-12-19 00:20:15,124 - INFO - 
============================================================
2025-12-19 00:20:15,124 - INFO - 网格搜索进度: [30/63]
2025-12-19 00:20:15,124 - INFO - 参数组合: nu=0.150, kernel=rbf, gamma=0.001
2025-12-19 00:20:15,124 - INFO - ============================================================
2025-12-19 00:20:15,124 - INFO - 训练One-Class SVM: nu=0.15, kernel=rbf, gamma=0.001
2025-12-19 00:20:15,141 - INFO - One-Class SVM训练完成
2025-12-19 00:20:15,141 - INFO - 在训练集上计算异常分数以确定阈值...
2025-12-19 00:20:15,192 - INFO - 训练集99分位数阈值: 10.439616
2025-12-19 00:20:15,192 - INFO - 训练集分数统计: min=-2.310696, max=73.769258, mean=-0.606362, std=3.552907
2025-12-19 00:20:15,192 - INFO - 在测试集上计算异常分数并评估...
2025-12-19 00:20:15,248 - INFO - ==== Evaluation Result ====
2025-12-19 00:20:15,248 - INFO - One-Class SVM参数: nu=0.150, kernel=rbf, gamma=0.001
2025-12-19 00:20:15,248 - INFO - Threshold (Train 99th percentile): 10.439616
2025-12-19 00:20:15,248 - INFO - AUC: 0.9783
2025-12-19 00:20:15,248 - INFO - F1 Score: 0.7644
2025-12-19 00:20:15,248 - INFO - Accuracy: 0.9767
2025-12-19 00:20:15,253 - INFO - 预测结果已保存到: ckpt\oneclass_svm_predictions_p99_nu0.150_kernelrbf_gamma0.001_20251219_002015.csv
2025-12-19 00:20:15,253 - INFO - 
============================================================
2025-12-19 00:20:15,253 - INFO - 网格搜索进度: [31/63]
2025-12-19 00:20:15,254 - INFO - 参数组合: nu=0.150, kernel=rbf, gamma=0.01
2025-12-19 00:20:15,254 - INFO - ============================================================
2025-12-19 00:20:15,254 - INFO - 训练One-Class SVM: nu=0.15, kernel=rbf, gamma=0.01
2025-12-19 00:20:15,270 - INFO - One-Class SVM训练完成
2025-12-19 00:20:15,270 - INFO - 在训练集上计算异常分数以确定阈值...
2025-12-19 00:20:15,327 - INFO - 训练集99分位数阈值: 63.945161
2025-12-19 00:20:15,327 - INFO - 训练集分数统计: min=-16.386894, max=197.533716, mean=-5.069926, std=16.293841
2025-12-19 00:20:15,327 - INFO - 在测试集上计算异常分数并评估...
2025-12-19 00:20:15,383 - INFO - ==== Evaluation Result ====
2025-12-19 00:20:15,383 - INFO - One-Class SVM参数: nu=0.150, kernel=rbf, gamma=0.01
2025-12-19 00:20:15,383 - INFO - Threshold (Train 99th percentile): 63.945161
2025-12-19 00:20:15,383 - INFO - AUC: 0.9778
2025-12-19 00:20:15,383 - INFO - F1 Score: 0.7644
2025-12-19 00:20:15,383 - INFO - Accuracy: 0.9767
2025-12-19 00:20:15,387 - INFO - 预测结果已保存到: ckpt\oneclass_svm_predictions_p99_nu0.150_kernelrbf_gamma0.01_20251219_002015.csv
2025-12-19 00:20:15,387 - INFO - 
============================================================
2025-12-19 00:20:15,387 - INFO - 网格搜索进度: [32/63]
2025-12-19 00:20:15,388 - INFO - 参数组合: nu=0.150, kernel=rbf, gamma=0.1
2025-12-19 00:20:15,388 - INFO - ============================================================
2025-12-19 00:20:15,388 - INFO - 训练One-Class SVM: nu=0.15, kernel=rbf, gamma=0.1
2025-12-19 00:20:15,405 - INFO - One-Class SVM训练完成
2025-12-19 00:20:15,405 - INFO - 在训练集上计算异常分数以确定阈值...
2025-12-19 00:20:15,459 - INFO - 训练集99分位数阈值: 39.611154
2025-12-19 00:20:15,459 - INFO - 训练集分数统计: min=-20.485824, max=49.240932, mean=-7.684416, std=11.056024
2025-12-19 00:20:15,459 - INFO - 在测试集上计算异常分数并评估...
2025-12-19 00:20:15,516 - INFO - ==== Evaluation Result ====
2025-12-19 00:20:15,516 - INFO - One-Class SVM参数: nu=0.150, kernel=rbf, gamma=0.1
2025-12-19 00:20:15,516 - INFO - Threshold (Train 99th percentile): 39.611154
2025-12-19 00:20:15,516 - INFO - AUC: 0.9763
2025-12-19 00:20:15,516 - INFO - F1 Score: 0.7526
2025-12-19 00:20:15,516 - INFO - Accuracy: 0.9752
2025-12-19 00:20:15,520 - INFO - 预测结果已保存到: ckpt\oneclass_svm_predictions_p99_nu0.150_kernelrbf_gamma0.1_20251219_002015.csv
2025-12-19 00:20:15,520 - INFO - 
============================================================
2025-12-19 00:20:15,520 - INFO - 网格搜索进度: [33/63]
2025-12-19 00:20:15,520 - INFO - 参数组合: nu=0.150, kernel=rbf, gamma=1.0
2025-12-19 00:20:15,520 - INFO - ============================================================
2025-12-19 00:20:15,520 - INFO - 训练One-Class SVM: nu=0.15, kernel=rbf, gamma=1.0
2025-12-19 00:20:15,549 - INFO - One-Class SVM训练完成
2025-12-19 00:20:15,550 - INFO - 在训练集上计算异常分数以确定阈值...
2025-12-19 00:20:15,632 - INFO - 训练集99分位数阈值: 0.772914
2025-12-19 00:20:15,632 - INFO - 训练集分数统计: min=-0.517953, max=0.808691, mean=-0.098146, std=0.191023
2025-12-19 00:20:15,632 - INFO - 在测试集上计算异常分数并评估...
2025-12-19 00:20:15,723 - INFO - ==== Evaluation Result ====
2025-12-19 00:20:15,723 - INFO - One-Class SVM参数: nu=0.150, kernel=rbf, gamma=1.0
2025-12-19 00:20:15,723 - INFO - Threshold (Train 99th percentile): 0.772914
2025-12-19 00:20:15,724 - INFO - AUC: 0.9803
2025-12-19 00:20:15,724 - INFO - F1 Score: 0.5471
2025-12-19 00:20:15,724 - INFO - Accuracy: 0.9229
2025-12-19 00:20:15,728 - INFO - 预测结果已保存到: ckpt\oneclass_svm_predictions_p99_nu0.150_kernelrbf_gamma1.0_20251219_002015.csv
2025-12-19 00:20:15,728 - INFO - 
============================================================
2025-12-19 00:20:15,728 - INFO - 网格搜索进度: [34/63]
2025-12-19 00:20:15,728 - INFO - 参数组合: nu=0.150, kernel=linear, gamma=scale
2025-12-19 00:20:15,728 - INFO - ============================================================
2025-12-19 00:20:15,728 - INFO - 训练One-Class SVM: nu=0.15, kernel=linear, gamma=scale
2025-12-19 00:20:15,737 - INFO - One-Class SVM训练完成
2025-12-19 00:20:15,737 - INFO - 在训练集上计算异常分数以确定阈值...
2025-12-19 00:20:15,750 - INFO - 训练集99分位数阈值: 0.000045
2025-12-19 00:20:15,751 - INFO - 训练集分数统计: min=-0.000112, max=0.000321, mean=-0.000012, std=0.000025
2025-12-19 00:20:15,751 - INFO - 在测试集上计算异常分数并评估...
2025-12-19 00:20:15,771 - INFO - ==== Evaluation Result ====
2025-12-19 00:20:15,771 - INFO - One-Class SVM参数: nu=0.150, kernel=linear, gamma=scale
2025-12-19 00:20:15,771 - INFO - Threshold (Train 99th percentile): 0.000045
2025-12-19 00:20:15,771 - INFO - AUC: 0.7157
2025-12-19 00:20:15,771 - INFO - F1 Score: 0.2063
2025-12-19 00:20:15,771 - INFO - Accuracy: 0.9483
2025-12-19 00:20:15,776 - INFO - 预测结果已保存到: ckpt\oneclass_svm_predictions_p99_nu0.150_kernellinear_gammascale_20251219_002015.csv
2025-12-19 00:20:15,776 - INFO - 
============================================================
2025-12-19 00:20:15,776 - INFO - 网格搜索进度: [35/63]
2025-12-19 00:20:15,776 - INFO - 参数组合: nu=0.150, kernel=poly, gamma=scale
2025-12-19 00:20:15,776 - INFO - ============================================================
2025-12-19 00:20:15,776 - INFO - 训练One-Class SVM: nu=0.15, kernel=poly, gamma=scale
2025-12-19 00:20:16,433 - INFO - One-Class SVM训练完成
2025-12-19 00:20:16,433 - INFO - 在训练集上计算异常分数以确定阈值...
2025-12-19 00:20:16,452 - INFO - 训练集99分位数阈值: 0.000152
2025-12-19 00:20:16,453 - INFO - 训练集分数统计: min=-6.556205, max=0.000804, mean=-0.008267, std=0.170499
2025-12-19 00:20:16,453 - INFO - 在测试集上计算异常分数并评估...
2025-12-19 00:20:16,475 - INFO - ==== Evaluation Result ====
2025-12-19 00:20:16,476 - INFO - One-Class SVM参数: nu=0.150, kernel=poly, gamma=scale
2025-12-19 00:20:16,476 - INFO - Threshold (Train 99th percentile): 0.000152
2025-12-19 00:20:16,476 - INFO - AUC: 0.0282
2025-12-19 00:20:16,476 - INFO - F1 Score: 0.0132
2025-12-19 00:20:16,476 - INFO - Accuracy: 0.9229
2025-12-19 00:20:16,480 - INFO - 预测结果已保存到: ckpt\oneclass_svm_predictions_p99_nu0.150_kernelpoly_gammascale_20251219_002016.csv
2025-12-19 00:20:16,481 - INFO - 
============================================================
2025-12-19 00:20:16,481 - INFO - 网格搜索进度: [36/63]
2025-12-19 00:20:16,481 - INFO - 参数组合: nu=0.150, kernel=sigmoid, gamma=scale
2025-12-19 00:20:16,481 - INFO - ============================================================
2025-12-19 00:20:16,481 - INFO - 训练One-Class SVM: nu=0.15, kernel=sigmoid, gamma=scale
2025-12-19 00:20:16,508 - INFO - One-Class SVM训练完成
2025-12-19 00:20:16,508 - INFO - 在训练集上计算异常分数以确定阈值...
2025-12-19 00:20:16,535 - INFO - 训练集99分位数阈值: 44.110584
2025-12-19 00:20:16,535 - INFO - 训练集分数统计: min=-48.977847, max=130.664426, mean=-10.300098, std=14.127621
2025-12-19 00:20:16,535 - INFO - 在测试集上计算异常分数并评估...
2025-12-19 00:20:16,564 - INFO - ==== Evaluation Result ====
2025-12-19 00:20:16,564 - INFO - One-Class SVM参数: nu=0.150, kernel=sigmoid, gamma=scale
2025-12-19 00:20:16,565 - INFO - Threshold (Train 99th percentile): 44.110584
2025-12-19 00:20:16,565 - INFO - AUC: 0.8415
2025-12-19 00:20:16,565 - INFO - F1 Score: 0.6474
2025-12-19 00:20:16,565 - INFO - Accuracy: 0.9684
2025-12-19 00:20:16,569 - INFO - 预测结果已保存到: ckpt\oneclass_svm_predictions_p99_nu0.150_kernelsigmoid_gammascale_20251219_002016.csv
2025-12-19 00:20:16,570 - INFO - 
============================================================
2025-12-19 00:20:16,570 - INFO - 网格搜索进度: [37/63]
2025-12-19 00:20:16,570 - INFO - 参数组合: nu=0.200, kernel=rbf, gamma=scale
2025-12-19 00:20:16,570 - INFO - ============================================================
2025-12-19 00:20:16,570 - INFO - 训练One-Class SVM: nu=0.2, kernel=rbf, gamma=scale
2025-12-19 00:20:16,594 - INFO - One-Class SVM训练完成
2025-12-19 00:20:16,594 - INFO - 在训练集上计算异常分数以确定阈值...
2025-12-19 00:20:16,666 - INFO - 训练集99分位数阈值: 40.731994
2025-12-19 00:20:16,667 - INFO - 训练集分数统计: min=-20.008371, max=45.590616, mean=-5.609960, std=12.118216
2025-12-19 00:20:16,667 - INFO - 在测试集上计算异常分数并评估...
2025-12-19 00:20:16,739 - INFO - ==== Evaluation Result ====
2025-12-19 00:20:16,739 - INFO - One-Class SVM参数: nu=0.200, kernel=rbf, gamma=scale
2025-12-19 00:20:16,739 - INFO - Threshold (Train 99th percentile): 40.731994
2025-12-19 00:20:16,739 - INFO - AUC: 0.9759
2025-12-19 00:20:16,740 - INFO - F1 Score: 0.7500
2025-12-19 00:20:16,740 - INFO - Accuracy: 0.9741
2025-12-19 00:20:16,743 - INFO - 预测结果已保存到: ckpt\oneclass_svm_predictions_p99_nu0.200_kernelrbf_gammascale_20251219_002016.csv
2025-12-19 00:20:16,743 - INFO - 
============================================================
2025-12-19 00:20:16,744 - INFO - 网格搜索进度: [38/63]
2025-12-19 00:20:16,744 - INFO - 参数组合: nu=0.200, kernel=rbf, gamma=auto
2025-12-19 00:20:16,744 - INFO - ============================================================
2025-12-19 00:20:16,744 - INFO - 训练One-Class SVM: nu=0.2, kernel=rbf, gamma=auto
2025-12-19 00:20:16,771 - INFO - One-Class SVM训练完成
2025-12-19 00:20:16,772 - INFO - 在训练集上计算异常分数以确定阈值...
2025-12-19 00:20:16,867 - INFO - 训练集99分位数阈值: 40.731994
2025-12-19 00:20:16,868 - INFO - 训练集分数统计: min=-20.008371, max=45.590616, mean=-5.609960, std=12.118216
2025-12-19 00:20:16,868 - INFO - 在测试集上计算异常分数并评估...
2025-12-19 00:20:16,969 - INFO - ==== Evaluation Result ====
2025-12-19 00:20:16,969 - INFO - One-Class SVM参数: nu=0.200, kernel=rbf, gamma=auto
2025-12-19 00:20:16,969 - INFO - Threshold (Train 99th percentile): 40.731994
2025-12-19 00:20:16,969 - INFO - AUC: 0.9759
2025-12-19 00:20:16,970 - INFO - F1 Score: 0.7500
2025-12-19 00:20:16,970 - INFO - Accuracy: 0.9741
2025-12-19 00:20:16,975 - INFO - 预测结果已保存到: ckpt\oneclass_svm_predictions_p99_nu0.200_kernelrbf_gammaauto_20251219_002016.csv
2025-12-19 00:20:16,975 - INFO - 
============================================================
2025-12-19 00:20:16,976 - INFO - 网格搜索进度: [39/63]
2025-12-19 00:20:16,976 - INFO - 参数组合: nu=0.200, kernel=rbf, gamma=0.001
2025-12-19 00:20:16,976 - INFO - ============================================================
2025-12-19 00:20:16,976 - INFO - 训练One-Class SVM: nu=0.2, kernel=rbf, gamma=0.001
2025-12-19 00:20:17,013 - INFO - One-Class SVM训练完成
2025-12-19 00:20:17,013 - INFO - 在训练集上计算异常分数以确定阈值...
2025-12-19 00:20:17,095 - INFO - 训练集99分位数阈值: 15.167055
2025-12-19 00:20:17,096 - INFO - 训练集分数统计: min=-2.427971, max=101.057830, mean=-0.239162, std=4.863503
2025-12-19 00:20:17,096 - INFO - 在测试集上计算异常分数并评估...
2025-12-19 00:20:17,170 - INFO - ==== Evaluation Result ====
2025-12-19 00:20:17,171 - INFO - One-Class SVM参数: nu=0.200, kernel=rbf, gamma=0.001
2025-12-19 00:20:17,171 - INFO - Threshold (Train 99th percentile): 15.167055
2025-12-19 00:20:17,171 - INFO - AUC: 0.9780
2025-12-19 00:20:17,171 - INFO - F1 Score: 0.7644
2025-12-19 00:20:17,171 - INFO - Accuracy: 0.9767
2025-12-19 00:20:17,175 - INFO - 预测结果已保存到: ckpt\oneclass_svm_predictions_p99_nu0.200_kernelrbf_gamma0.001_20251219_002017.csv
2025-12-19 00:20:17,175 - INFO - 
============================================================
2025-12-19 00:20:17,176 - INFO - 网格搜索进度: [40/63]
2025-12-19 00:20:17,176 - INFO - 参数组合: nu=0.200, kernel=rbf, gamma=0.01
2025-12-19 00:20:17,176 - INFO - ============================================================
2025-12-19 00:20:17,176 - INFO - 训练One-Class SVM: nu=0.2, kernel=rbf, gamma=0.01
2025-12-19 00:20:17,200 - INFO - One-Class SVM训练完成
2025-12-19 00:20:17,200 - INFO - 在训练集上计算异常分数以确定阈值...
2025-12-19 00:20:17,281 - INFO - 训练集99分位数阈值: 96.128249
2025-12-19 00:20:17,281 - INFO - 训练集分数统计: min=-18.532022, max=278.079884, mean=-3.275662, std=23.111241
2025-12-19 00:20:17,281 - INFO - 在测试集上计算异常分数并评估...
2025-12-19 00:20:17,356 - INFO - ==== Evaluation Result ====
2025-12-19 00:20:17,357 - INFO - One-Class SVM参数: nu=0.200, kernel=rbf, gamma=0.01
2025-12-19 00:20:17,357 - INFO - Threshold (Train 99th percentile): 96.128249
2025-12-19 00:20:17,357 - INFO - AUC: 0.9776
2025-12-19 00:20:17,357 - INFO - F1 Score: 0.7644
2025-12-19 00:20:17,357 - INFO - Accuracy: 0.9767
2025-12-19 00:20:17,361 - INFO - 预测结果已保存到: ckpt\oneclass_svm_predictions_p99_nu0.200_kernelrbf_gamma0.01_20251219_002017.csv
2025-12-19 00:20:17,361 - INFO - 
============================================================
2025-12-19 00:20:17,362 - INFO - 网格搜索进度: [41/63]
2025-12-19 00:20:17,362 - INFO - 参数组合: nu=0.200, kernel=rbf, gamma=0.1
2025-12-19 00:20:17,362 - INFO - ============================================================
2025-12-19 00:20:17,362 - INFO - 训练One-Class SVM: nu=0.2, kernel=rbf, gamma=0.1
2025-12-19 00:20:17,383 - INFO - One-Class SVM训练完成
2025-12-19 00:20:17,384 - INFO - 在训练集上计算异常分数以确定阈值...
2025-12-19 00:20:17,466 - INFO - 训练集99分位数阈值: 70.759318
2025-12-19 00:20:17,466 - INFO - 训练集分数统计: min=-32.107585, max=82.234837, mean=-9.042125, std=19.758948
2025-12-19 00:20:17,466 - INFO - 在测试集上计算异常分数并评估...
2025-12-19 00:20:17,542 - INFO - ==== Evaluation Result ====
2025-12-19 00:20:17,543 - INFO - One-Class SVM参数: nu=0.200, kernel=rbf, gamma=0.1
2025-12-19 00:20:17,543 - INFO - Threshold (Train 99th percentile): 70.759318
2025-12-19 00:20:17,543 - INFO - AUC: 0.9763
2025-12-19 00:20:17,543 - INFO - F1 Score: 0.7487
2025-12-19 00:20:17,543 - INFO - Accuracy: 0.9747
2025-12-19 00:20:17,547 - INFO - 预测结果已保存到: ckpt\oneclass_svm_predictions_p99_nu0.200_kernelrbf_gamma0.1_20251219_002017.csv
2025-12-19 00:20:17,548 - INFO - 
============================================================
2025-12-19 00:20:17,548 - INFO - 网格搜索进度: [42/63]
2025-12-19 00:20:17,548 - INFO - 参数组合: nu=0.200, kernel=rbf, gamma=1.0
2025-12-19 00:20:17,548 - INFO - ============================================================
2025-12-19 00:20:17,548 - INFO - 训练One-Class SVM: nu=0.2, kernel=rbf, gamma=1.0
2025-12-19 00:20:17,575 - INFO - One-Class SVM训练完成
2025-12-19 00:20:17,575 - INFO - 在训练集上计算异常分数以确定阈值...
2025-12-19 00:20:17,667 - INFO - 训练集99分位数阈值: 1.960080
2025-12-19 00:20:17,668 - INFO - 训练集分数统计: min=-0.865378, max=2.000248, mean=-0.092922, std=0.490143
2025-12-19 00:20:17,668 - INFO - 在测试集上计算异常分数并评估...
2025-12-19 00:20:17,766 - INFO - ==== Evaluation Result ====
2025-12-19 00:20:17,766 - INFO - One-Class SVM参数: nu=0.200, kernel=rbf, gamma=1.0
2025-12-19 00:20:17,766 - INFO - Threshold (Train 99th percentile): 1.960080
2025-12-19 00:20:17,766 - INFO - AUC: 0.9804
2025-12-19 00:20:17,766 - INFO - F1 Score: 0.6000
2025-12-19 00:20:17,766 - INFO - Accuracy: 0.9400
2025-12-19 00:20:17,770 - INFO - 预测结果已保存到: ckpt\oneclass_svm_predictions_p99_nu0.200_kernelrbf_gamma1.0_20251219_002017.csv
2025-12-19 00:20:17,771 - INFO - 
============================================================
2025-12-19 00:20:17,771 - INFO - 网格搜索进度: [43/63]
2025-12-19 00:20:17,771 - INFO - 参数组合: nu=0.200, kernel=linear, gamma=scale
2025-12-19 00:20:17,771 - INFO - ============================================================
2025-12-19 00:20:17,771 - INFO - 训练One-Class SVM: nu=0.2, kernel=linear, gamma=scale
2025-12-19 00:20:17,783 - INFO - One-Class SVM训练完成
2025-12-19 00:20:17,783 - INFO - 在训练集上计算异常分数以确定阈值...
2025-12-19 00:20:17,802 - INFO - 训练集99分位数阈值: 0.000127
2025-12-19 00:20:17,802 - INFO - 训练集分数统计: min=-0.000602, max=0.000350, mean=0.000032, std=0.000035
2025-12-19 00:20:17,802 - INFO - 在测试集上计算异常分数并评估...
2025-12-19 00:20:17,826 - INFO - ==== Evaluation Result ====
2025-12-19 00:20:17,826 - INFO - One-Class SVM参数: nu=0.200, kernel=linear, gamma=scale
2025-12-19 00:20:17,826 - INFO - Threshold (Train 99th percentile): 0.000127
2025-12-19 00:20:17,827 - INFO - AUC: 0.9775
2025-12-19 00:20:17,827 - INFO - F1 Score: 0.8182
2025-12-19 00:20:17,827 - INFO - Accuracy: 0.9814
2025-12-19 00:20:17,831 - INFO - 预测结果已保存到: ckpt\oneclass_svm_predictions_p99_nu0.200_kernellinear_gammascale_20251219_002017.csv
2025-12-19 00:20:17,832 - INFO - 
============================================================
2025-12-19 00:20:17,832 - INFO - 网格搜索进度: [44/63]
2025-12-19 00:20:17,832 - INFO - 参数组合: nu=0.200, kernel=poly, gamma=scale
2025-12-19 00:20:17,832 - INFO - ============================================================
2025-12-19 00:20:17,832 - INFO - 训练One-Class SVM: nu=0.2, kernel=poly, gamma=scale
2025-12-19 00:20:18,445 - INFO - One-Class SVM训练完成
2025-12-19 00:20:18,445 - INFO - 在训练集上计算异常分数以确定阈值...
2025-12-19 00:20:18,465 - INFO - 训练集99分位数阈值: 0.000234
2025-12-19 00:20:18,465 - INFO - 训练集分数统计: min=-7.435377, max=0.000926, mean=-0.009655, std=0.195455
2025-12-19 00:20:18,465 - INFO - 在测试集上计算异常分数并评估...
2025-12-19 00:20:18,492 - INFO - ==== Evaluation Result ====
2025-12-19 00:20:18,492 - INFO - One-Class SVM参数: nu=0.200, kernel=poly, gamma=scale
2025-12-19 00:20:18,492 - INFO - Threshold (Train 99th percentile): 0.000234
2025-12-19 00:20:18,492 - INFO - AUC: 0.0288
2025-12-19 00:20:18,492 - INFO - F1 Score: 0.0133
2025-12-19 00:20:18,492 - INFO - Accuracy: 0.9234
2025-12-19 00:20:18,496 - INFO - 预测结果已保存到: ckpt\oneclass_svm_predictions_p99_nu0.200_kernelpoly_gammascale_20251219_002018.csv
2025-12-19 00:20:18,496 - INFO - 
============================================================
2025-12-19 00:20:18,496 - INFO - 网格搜索进度: [45/63]
2025-12-19 00:20:18,497 - INFO - 参数组合: nu=0.200, kernel=sigmoid, gamma=scale
2025-12-19 00:20:18,497 - INFO - ============================================================
2025-12-19 00:20:18,497 - INFO - 训练One-Class SVM: nu=0.2, kernel=sigmoid, gamma=scale
2025-12-19 00:20:18,528 - INFO - One-Class SVM训练完成
2025-12-19 00:20:18,529 - INFO - 在训练集上计算异常分数以确定阈值...
2025-12-19 00:20:18,559 - INFO - 训练集99分位数阈值: 58.691416
2025-12-19 00:20:18,559 - INFO - 训练集分数统计: min=-59.857907, max=165.281348, mean=-8.176945, std=16.755413
2025-12-19 00:20:18,560 - INFO - 在测试集上计算异常分数并评估...
2025-12-19 00:20:18,594 - INFO - ==== Evaluation Result ====
2025-12-19 00:20:18,594 - INFO - One-Class SVM参数: nu=0.200, kernel=sigmoid, gamma=scale
2025-12-19 00:20:18,595 - INFO - Threshold (Train 99th percentile): 58.691416
2025-12-19 00:20:18,595 - INFO - AUC: 0.8326
2025-12-19 00:20:18,595 - INFO - F1 Score: 0.6243
2025-12-19 00:20:18,595 - INFO - Accuracy: 0.9664
2025-12-19 00:20:18,598 - INFO - 预测结果已保存到: ckpt\oneclass_svm_predictions_p99_nu0.200_kernelsigmoid_gammascale_20251219_002018.csv
2025-12-19 00:20:18,598 - INFO - 
============================================================
2025-12-19 00:20:18,599 - INFO - 网格搜索进度: [46/63]
2025-12-19 00:20:18,599 - INFO - 参数组合: nu=0.250, kernel=rbf, gamma=scale
2025-12-19 00:20:18,599 - INFO - ============================================================
2025-12-19 00:20:18,599 - INFO - 训练One-Class SVM: nu=0.25, kernel=rbf, gamma=scale
2025-12-19 00:20:18,625 - INFO - One-Class SVM训练完成
2025-12-19 00:20:18,625 - INFO - 在训练集上计算异常分数以确定阈值...
2025-12-19 00:20:18,704 - INFO - 训练集99分位数阈值: 64.730917
2025-12-19 00:20:18,705 - INFO - 训练集分数统计: min=-29.506764, max=69.818661, mean=-5.667268, std=19.549508
2025-12-19 00:20:18,705 - INFO - 在测试集上计算异常分数并评估...
2025-12-19 00:20:18,798 - INFO - ==== Evaluation Result ====
2025-12-19 00:20:18,799 - INFO - One-Class SVM参数: nu=0.250, kernel=rbf, gamma=scale
2025-12-19 00:20:18,799 - INFO - Threshold (Train 99th percentile): 64.730917
2025-12-19 00:20:18,799 - INFO - AUC: 0.9759
2025-12-19 00:20:18,800 - INFO - F1 Score: 0.7538
2025-12-19 00:20:18,800 - INFO - Accuracy: 0.9747
2025-12-19 00:20:18,805 - INFO - 预测结果已保存到: ckpt\oneclass_svm_predictions_p99_nu0.250_kernelrbf_gammascale_20251219_002018.csv
2025-12-19 00:20:18,805 - INFO - 
============================================================
2025-12-19 00:20:18,806 - INFO - 网格搜索进度: [47/63]
2025-12-19 00:20:18,806 - INFO - 参数组合: nu=0.250, kernel=rbf, gamma=auto
2025-12-19 00:20:18,806 - INFO - ============================================================
2025-12-19 00:20:18,806 - INFO - 训练One-Class SVM: nu=0.25, kernel=rbf, gamma=auto
2025-12-19 00:20:18,835 - INFO - One-Class SVM训练完成
2025-12-19 00:20:18,835 - INFO - 在训练集上计算异常分数以确定阈值...
2025-12-19 00:20:18,918 - INFO - 训练集99分位数阈值: 64.730918
2025-12-19 00:20:18,918 - INFO - 训练集分数统计: min=-29.506764, max=69.818662, mean=-5.667268, std=19.549508
2025-12-19 00:20:18,918 - INFO - 在测试集上计算异常分数并评估...
2025-12-19 00:20:19,010 - INFO - ==== Evaluation Result ====
2025-12-19 00:20:19,010 - INFO - One-Class SVM参数: nu=0.250, kernel=rbf, gamma=auto
2025-12-19 00:20:19,010 - INFO - Threshold (Train 99th percentile): 64.730918
2025-12-19 00:20:19,010 - INFO - AUC: 0.9759
2025-12-19 00:20:19,010 - INFO - F1 Score: 0.7538
2025-12-19 00:20:19,010 - INFO - Accuracy: 0.9747
2025-12-19 00:20:19,014 - INFO - 预测结果已保存到: ckpt\oneclass_svm_predictions_p99_nu0.250_kernelrbf_gammaauto_20251219_002019.csv
2025-12-19 00:20:19,014 - INFO - 
============================================================
2025-12-19 00:20:19,014 - INFO - 网格搜索进度: [48/63]
2025-12-19 00:20:19,014 - INFO - 参数组合: nu=0.250, kernel=rbf, gamma=0.001
2025-12-19 00:20:19,014 - INFO - ============================================================
2025-12-19 00:20:19,014 - INFO - 训练One-Class SVM: nu=0.25, kernel=rbf, gamma=0.001
2025-12-19 00:20:19,040 - INFO - One-Class SVM训练完成
2025-12-19 00:20:19,041 - INFO - 在训练集上计算异常分数以确定阈值...
2025-12-19 00:20:19,121 - INFO - 训练集99分位数阈值: 20.030643
2025-12-19 00:20:19,122 - INFO - 训练集分数统计: min=-2.548587, max=128.189482, mean=0.130878, std=6.179495
2025-12-19 00:20:19,122 - INFO - 在测试集上计算异常分数并评估...
2025-12-19 00:20:19,209 - INFO - ==== Evaluation Result ====
2025-12-19 00:20:19,209 - INFO - One-Class SVM参数: nu=0.250, kernel=rbf, gamma=0.001
2025-12-19 00:20:19,209 - INFO - Threshold (Train 99th percentile): 20.030643
2025-12-19 00:20:19,209 - INFO - AUC: 0.9776
2025-12-19 00:20:19,209 - INFO - F1 Score: 0.7579
2025-12-19 00:20:19,209 - INFO - Accuracy: 0.9762
2025-12-19 00:20:19,213 - INFO - 预测结果已保存到: ckpt\oneclass_svm_predictions_p99_nu0.250_kernelrbf_gamma0.001_20251219_002019.csv
2025-12-19 00:20:19,213 - INFO - 
============================================================
2025-12-19 00:20:19,213 - INFO - 网格搜索进度: [49/63]
2025-12-19 00:20:19,213 - INFO - 参数组合: nu=0.250, kernel=rbf, gamma=0.01
2025-12-19 00:20:19,213 - INFO - ============================================================
2025-12-19 00:20:19,213 - INFO - 训练One-Class SVM: nu=0.25, kernel=rbf, gamma=0.01
2025-12-19 00:20:19,239 - INFO - One-Class SVM训练完成
2025-12-19 00:20:19,239 - INFO - 在训练集上计算异常分数以确定阈值...
2025-12-19 00:20:19,319 - INFO - 训练集99分位数阈值: 131.963565
2025-12-19 00:20:19,319 - INFO - 训练集分数统计: min=-20.081430, max=360.490012, mean=-0.720390, std=30.238597
2025-12-19 00:20:19,320 - INFO - 在测试集上计算异常分数并评估...
2025-12-19 00:20:19,409 - INFO - ==== Evaluation Result ====
2025-12-19 00:20:19,409 - INFO - One-Class SVM参数: nu=0.250, kernel=rbf, gamma=0.01
2025-12-19 00:20:19,409 - INFO - Threshold (Train 99th percentile): 131.963565
2025-12-19 00:20:19,409 - INFO - AUC: 0.9770
2025-12-19 00:20:19,409 - INFO - F1 Score: 0.7513
2025-12-19 00:20:19,409 - INFO - Accuracy: 0.9757
2025-12-19 00:20:19,413 - INFO - 预测结果已保存到: ckpt\oneclass_svm_predictions_p99_nu0.250_kernelrbf_gamma0.01_20251219_002019.csv
2025-12-19 00:20:19,413 - INFO - 
============================================================
2025-12-19 00:20:19,413 - INFO - 网格搜索进度: [50/63]
2025-12-19 00:20:19,413 - INFO - 参数组合: nu=0.250, kernel=rbf, gamma=0.1
2025-12-19 00:20:19,413 - INFO - ============================================================
2025-12-19 00:20:19,413 - INFO - 训练One-Class SVM: nu=0.25, kernel=rbf, gamma=0.1
2025-12-19 00:20:19,440 - INFO - One-Class SVM训练完成
2025-12-19 00:20:19,440 - INFO - 在训练集上计算异常分数以确定阈值...
2025-12-19 00:20:19,522 - INFO - 训练集99分位数阈值: 109.374151
2025-12-19 00:20:19,522 - INFO - 训练集分数统计: min=-42.820298, max=121.584912, mean=-7.771623, std=29.978835
2025-12-19 00:20:19,522 - INFO - 在测试集上计算异常分数并评估...
2025-12-19 00:20:19,609 - INFO - ==== Evaluation Result ====
2025-12-19 00:20:19,609 - INFO - One-Class SVM参数: nu=0.250, kernel=rbf, gamma=0.1
2025-12-19 00:20:19,609 - INFO - Threshold (Train 99th percentile): 109.374151
2025-12-19 00:20:19,609 - INFO - AUC: 0.9764
2025-12-19 00:20:19,609 - INFO - F1 Score: 0.7487
2025-12-19 00:20:19,610 - INFO - Accuracy: 0.9747
2025-12-19 00:20:19,613 - INFO - 预测结果已保存到: ckpt\oneclass_svm_predictions_p99_nu0.250_kernelrbf_gamma0.1_20251219_002019.csv
2025-12-19 00:20:19,614 - INFO - 
============================================================
2025-12-19 00:20:19,614 - INFO - 网格搜索进度: [51/63]
2025-12-19 00:20:19,614 - INFO - 参数组合: nu=0.250, kernel=rbf, gamma=1.0
2025-12-19 00:20:19,614 - INFO - ============================================================
2025-12-19 00:20:19,614 - INFO - 训练One-Class SVM: nu=0.25, kernel=rbf, gamma=1.0
2025-12-19 00:20:19,646 - INFO - One-Class SVM训练完成
2025-12-19 00:20:19,646 - INFO - 在训练集上计算异常分数以确定阈值...
2025-12-19 00:20:19,746 - INFO - 训练集99分位数阈值: 3.703934
2025-12-19 00:20:19,747 - INFO - 训练集分数统计: min=-1.188409, max=3.744264, mean=0.002024, std=1.006097
2025-12-19 00:20:19,747 - INFO - 在测试集上计算异常分数并评估...
2025-12-19 00:20:19,855 - INFO - ==== Evaluation Result ====
2025-12-19 00:20:19,855 - INFO - One-Class SVM参数: nu=0.250, kernel=rbf, gamma=1.0
2025-12-19 00:20:19,855 - INFO - Threshold (Train 99th percentile): 3.703934
2025-12-19 00:20:19,855 - INFO - AUC: 0.9801
2025-12-19 00:20:19,855 - INFO - F1 Score: 0.6105
2025-12-19 00:20:19,855 - INFO - Accuracy: 0.9426
2025-12-19 00:20:19,859 - INFO - 预测结果已保存到: ckpt\oneclass_svm_predictions_p99_nu0.250_kernelrbf_gamma1.0_20251219_002019.csv
2025-12-19 00:20:19,859 - INFO - 
============================================================
2025-12-19 00:20:19,859 - INFO - 网格搜索进度: [52/63]
2025-12-19 00:20:19,860 - INFO - 参数组合: nu=0.250, kernel=linear, gamma=scale
2025-12-19 00:20:19,860 - INFO - ============================================================
2025-12-19 00:20:19,860 - INFO - 训练One-Class SVM: nu=0.25, kernel=linear, gamma=scale
2025-12-19 00:20:19,872 - INFO - One-Class SVM训练完成
2025-12-19 00:20:19,872 - INFO - 在训练集上计算异常分数以确定阈值...
2025-12-19 00:20:19,894 - INFO - 训练集99分位数阈值: 0.000130
2025-12-19 00:20:19,895 - INFO - 训练集分数统计: min=-0.000678, max=0.000360, mean=-0.000000, std=0.000070
2025-12-19 00:20:19,895 - INFO - 在测试集上计算异常分数并评估...
2025-12-19 00:20:19,919 - INFO - ==== Evaluation Result ====
2025-12-19 00:20:19,920 - INFO - One-Class SVM参数: nu=0.250, kernel=linear, gamma=scale
2025-12-19 00:20:19,920 - INFO - Threshold (Train 99th percentile): 0.000130
2025-12-19 00:20:19,920 - INFO - AUC: 0.9773
2025-12-19 00:20:19,920 - INFO - F1 Score: 0.7310
2025-12-19 00:20:19,920 - INFO - Accuracy: 0.9726
2025-12-19 00:20:19,925 - INFO - 预测结果已保存到: ckpt\oneclass_svm_predictions_p99_nu0.250_kernellinear_gammascale_20251219_002019.csv
2025-12-19 00:20:19,925 - INFO - 
============================================================
2025-12-19 00:20:19,926 - INFO - 网格搜索进度: [53/63]
2025-12-19 00:20:19,926 - INFO - 参数组合: nu=0.250, kernel=poly, gamma=scale
2025-12-19 00:20:19,926 - INFO - ============================================================
2025-12-19 00:20:19,926 - INFO - 训练One-Class SVM: nu=0.25, kernel=poly, gamma=scale
2025-12-19 00:20:20,531 - INFO - One-Class SVM训练完成
2025-12-19 00:20:20,531 - INFO - 在训练集上计算异常分数以确定阈值...
2025-12-19 00:20:20,558 - INFO - 训练集99分位数阈值: 0.000273
2025-12-19 00:20:20,558 - INFO - 训练集分数统计: min=-7.648642, max=0.001037, mean=-0.010152, std=0.201852
2025-12-19 00:20:20,558 - INFO - 在测试集上计算异常分数并评估...
2025-12-19 00:20:20,589 - INFO - ==== Evaluation Result ====
2025-12-19 00:20:20,590 - INFO - One-Class SVM参数: nu=0.250, kernel=poly, gamma=scale
2025-12-19 00:20:20,590 - INFO - Threshold (Train 99th percentile): 0.000273
2025-12-19 00:20:20,590 - INFO - AUC: 0.0291
2025-12-19 00:20:20,590 - INFO - F1 Score: 0.0130
2025-12-19 00:20:20,590 - INFO - Accuracy: 0.9214
2025-12-19 00:20:20,594 - INFO - 预测结果已保存到: ckpt\oneclass_svm_predictions_p99_nu0.250_kernelpoly_gammascale_20251219_002020.csv
2025-12-19 00:20:20,594 - INFO - 
============================================================
2025-12-19 00:20:20,594 - INFO - 网格搜索进度: [54/63]
2025-12-19 00:20:20,594 - INFO - 参数组合: nu=0.250, kernel=sigmoid, gamma=scale
2025-12-19 00:20:20,594 - INFO - ============================================================
2025-12-19 00:20:20,595 - INFO - 训练One-Class SVM: nu=0.25, kernel=sigmoid, gamma=scale
2025-12-19 00:20:20,632 - INFO - One-Class SVM训练完成
2025-12-19 00:20:20,632 - INFO - 在训练集上计算异常分数以确定阈值...
2025-12-19 00:20:20,671 - INFO - 训练集99分位数阈值: 79.988275
2025-12-19 00:20:20,672 - INFO - 训练集分数统计: min=-72.046921, max=203.443384, mean=-5.133161, std=19.553008
2025-12-19 00:20:20,672 - INFO - 在测试集上计算异常分数并评估...
2025-12-19 00:20:20,719 - INFO - ==== Evaluation Result ====
2025-12-19 00:20:20,719 - INFO - One-Class SVM参数: nu=0.250, kernel=sigmoid, gamma=scale
2025-12-19 00:20:20,719 - INFO - Threshold (Train 99th percentile): 79.988275
2025-12-19 00:20:20,719 - INFO - AUC: 0.8346
2025-12-19 00:20:20,719 - INFO - F1 Score: 0.6163
2025-12-19 00:20:20,719 - INFO - Accuracy: 0.9659
2025-12-19 00:20:20,723 - INFO - 预测结果已保存到: ckpt\oneclass_svm_predictions_p99_nu0.250_kernelsigmoid_gammascale_20251219_002020.csv
2025-12-19 00:20:20,723 - INFO - 
============================================================
2025-12-19 00:20:20,723 - INFO - 网格搜索进度: [55/63]
2025-12-19 00:20:20,723 - INFO - 参数组合: nu=0.300, kernel=rbf, gamma=scale
2025-12-19 00:20:20,723 - INFO - ============================================================
2025-12-19 00:20:20,723 - INFO - 训练One-Class SVM: nu=0.3, kernel=rbf, gamma=scale
2025-12-19 00:20:20,754 - INFO - One-Class SVM训练完成
2025-12-19 00:20:20,754 - INFO - 在训练集上计算异常分数以确定阈值...
2025-12-19 00:20:20,848 - INFO - 训练集99分位数阈值: 94.299443
2025-12-19 00:20:20,848 - INFO - 训练集分数统计: min=-40.041619, max=99.636765, mean=-4.020702, std=29.020941
2025-12-19 00:20:20,849 - INFO - 在测试集上计算异常分数并评估...
2025-12-19 00:20:20,954 - INFO - ==== Evaluation Result ====
2025-12-19 00:20:20,954 - INFO - One-Class SVM参数: nu=0.300, kernel=rbf, gamma=scale
2025-12-19 00:20:20,954 - INFO - Threshold (Train 99th percentile): 94.299443
2025-12-19 00:20:20,954 - INFO - AUC: 0.9756
2025-12-19 00:20:20,954 - INFO - F1 Score: 0.7538
2025-12-19 00:20:20,955 - INFO - Accuracy: 0.9747
2025-12-19 00:20:20,958 - INFO - 预测结果已保存到: ckpt\oneclass_svm_predictions_p99_nu0.300_kernelrbf_gammascale_20251219_002020.csv
2025-12-19 00:20:20,959 - INFO - 
============================================================
2025-12-19 00:20:20,959 - INFO - 网格搜索进度: [56/63]
2025-12-19 00:20:20,959 - INFO - 参数组合: nu=0.300, kernel=rbf, gamma=auto
2025-12-19 00:20:20,959 - INFO - ============================================================
2025-12-19 00:20:20,959 - INFO - 训练One-Class SVM: nu=0.3, kernel=rbf, gamma=auto
2025-12-19 00:20:20,990 - INFO - One-Class SVM训练完成
2025-12-19 00:20:20,990 - INFO - 在训练集上计算异常分数以确定阈值...
2025-12-19 00:20:21,087 - INFO - 训练集99分位数阈值: 94.299443
2025-12-19 00:20:21,087 - INFO - 训练集分数统计: min=-40.041619, max=99.636765, mean=-4.020702, std=29.020941
2025-12-19 00:20:21,088 - INFO - 在测试集上计算异常分数并评估...
2025-12-19 00:20:21,195 - INFO - ==== Evaluation Result ====
2025-12-19 00:20:21,195 - INFO - One-Class SVM参数: nu=0.300, kernel=rbf, gamma=auto
2025-12-19 00:20:21,195 - INFO - Threshold (Train 99th percentile): 94.299443
2025-12-19 00:20:21,195 - INFO - AUC: 0.9756
2025-12-19 00:20:21,195 - INFO - F1 Score: 0.7538
2025-12-19 00:20:21,195 - INFO - Accuracy: 0.9747
2025-12-19 00:20:21,199 - INFO - 预测结果已保存到: ckpt\oneclass_svm_predictions_p99_nu0.300_kernelrbf_gammaauto_20251219_002021.csv
2025-12-19 00:20:21,199 - INFO - 
============================================================
2025-12-19 00:20:21,199 - INFO - 网格搜索进度: [57/63]
2025-12-19 00:20:21,199 - INFO - 参数组合: nu=0.300, kernel=rbf, gamma=0.001
2025-12-19 00:20:21,199 - INFO - ============================================================
2025-12-19 00:20:21,199 - INFO - 训练One-Class SVM: nu=0.3, kernel=rbf, gamma=0.001
2025-12-19 00:20:21,229 - INFO - One-Class SVM训练完成
2025-12-19 00:20:21,229 - INFO - 在训练集上计算异常分数以确定阈值...
2025-12-19 00:20:21,325 - INFO - 训练集99分位数阈值: 25.232154
2025-12-19 00:20:21,326 - INFO - 训练集分数统计: min=-2.633639, max=155.338770, mean=0.555171, std=7.517585
2025-12-19 00:20:21,326 - INFO - 在测试集上计算异常分数并评估...
2025-12-19 00:20:21,428 - INFO - ==== Evaluation Result ====
2025-12-19 00:20:21,428 - INFO - One-Class SVM参数: nu=0.300, kernel=rbf, gamma=0.001
2025-12-19 00:20:21,429 - INFO - Threshold (Train 99th percentile): 25.232154
2025-12-19 00:20:21,429 - INFO - AUC: 0.9770
2025-12-19 00:20:21,429 - INFO - F1 Score: 0.7447
2025-12-19 00:20:21,429 - INFO - Accuracy: 0.9752
2025-12-19 00:20:21,432 - INFO - 预测结果已保存到: ckpt\oneclass_svm_predictions_p99_nu0.300_kernelrbf_gamma0.001_20251219_002021.csv
2025-12-19 00:20:21,432 - INFO - 
============================================================
2025-12-19 00:20:21,432 - INFO - 网格搜索进度: [58/63]
2025-12-19 00:20:21,432 - INFO - 参数组合: nu=0.300, kernel=rbf, gamma=0.01
2025-12-19 00:20:21,432 - INFO - ============================================================
2025-12-19 00:20:21,433 - INFO - 训练One-Class SVM: nu=0.3, kernel=rbf, gamma=0.01
2025-12-19 00:20:21,473 - INFO - One-Class SVM训练完成
2025-12-19 00:20:21,473 - INFO - 在训练集上计算异常分数以确定阈值...
2025-12-19 00:20:21,587 - INFO - 训练集99分位数阈值: 168.495488
2025-12-19 00:20:21,587 - INFO - 训练集分数统计: min=-21.043262, max=444.213595, mean=2.470415, std=37.440290
2025-12-19 00:20:21,587 - INFO - 在测试集上计算异常分数并评估...
2025-12-19 00:20:21,691 - INFO - ==== Evaluation Result ====
2025-12-19 00:20:21,691 - INFO - One-Class SVM参数: nu=0.300, kernel=rbf, gamma=0.01
2025-12-19 00:20:21,691 - INFO - Threshold (Train 99th percentile): 168.495488
2025-12-19 00:20:21,691 - INFO - AUC: 0.9766
2025-12-19 00:20:21,691 - INFO - F1 Score: 0.7513
2025-12-19 00:20:21,691 - INFO - Accuracy: 0.9757
2025-12-19 00:20:21,695 - INFO - 预测结果已保存到: ckpt\oneclass_svm_predictions_p99_nu0.300_kernelrbf_gamma0.01_20251219_002021.csv
2025-12-19 00:20:21,695 - INFO - 
============================================================
2025-12-19 00:20:21,695 - INFO - 网格搜索进度: [59/63]
2025-12-19 00:20:21,695 - INFO - 参数组合: nu=0.300, kernel=rbf, gamma=0.1
2025-12-19 00:20:21,695 - INFO - ============================================================
2025-12-19 00:20:21,696 - INFO - 训练One-Class SVM: nu=0.3, kernel=rbf, gamma=0.1
2025-12-19 00:20:21,726 - INFO - One-Class SVM训练完成
2025-12-19 00:20:21,726 - INFO - 在训练集上计算异常分数以确定阈值...
2025-12-19 00:20:21,822 - INFO - 训练集99分位数阈值: 154.134256
2025-12-19 00:20:21,822 - INFO - 训练集分数统计: min=-54.129048, max=166.812116, mean=-4.784580, std=42.151759
2025-12-19 00:20:21,823 - INFO - 在测试集上计算异常分数并评估...
2025-12-19 00:20:21,928 - INFO - ==== Evaluation Result ====
2025-12-19 00:20:21,928 - INFO - One-Class SVM参数: nu=0.300, kernel=rbf, gamma=0.1
2025-12-19 00:20:21,928 - INFO - Threshold (Train 99th percentile): 154.134256
2025-12-19 00:20:21,928 - INFO - AUC: 0.9759
2025-12-19 00:20:21,928 - INFO - F1 Score: 0.7487
2025-12-19 00:20:21,928 - INFO - Accuracy: 0.9747
2025-12-19 00:20:21,931 - INFO - 预测结果已保存到: ckpt\oneclass_svm_predictions_p99_nu0.300_kernelrbf_gamma0.1_20251219_002021.csv
2025-12-19 00:20:21,931 - INFO - 
============================================================
2025-12-19 00:20:21,932 - INFO - 网格搜索进度: [60/63]
2025-12-19 00:20:21,932 - INFO - 参数组合: nu=0.300, kernel=rbf, gamma=1.0
2025-12-19 00:20:21,932 - INFO - ============================================================
2025-12-19 00:20:21,932 - INFO - 训练One-Class SVM: nu=0.3, kernel=rbf, gamma=1.0
2025-12-19 00:20:21,964 - INFO - One-Class SVM训练完成
2025-12-19 00:20:21,965 - INFO - 在训练集上计算异常分数以确定阈值...
2025-12-19 00:20:22,075 - INFO - 训练集99分位数阈值: 6.011529
2025-12-19 00:20:22,075 - INFO - 训练集分数统计: min=-1.848790, max=6.051905, mean=0.178872, std=1.783037
2025-12-19 00:20:22,075 - INFO - 在测试集上计算异常分数并评估...
2025-12-19 00:20:22,193 - INFO - ==== Evaluation Result ====
2025-12-19 00:20:22,193 - INFO - One-Class SVM参数: nu=0.300, kernel=rbf, gamma=1.0
2025-12-19 00:20:22,194 - INFO - Threshold (Train 99th percentile): 6.011529
2025-12-19 00:20:22,194 - INFO - AUC: 0.9797
2025-12-19 00:20:22,194 - INFO - F1 Score: 0.6170
2025-12-19 00:20:22,194 - INFO - Accuracy: 0.9441
2025-12-19 00:20:22,198 - INFO - 预测结果已保存到: ckpt\oneclass_svm_predictions_p99_nu0.300_kernelrbf_gamma1.0_20251219_002022.csv
2025-12-19 00:20:22,198 - INFO - 
============================================================
2025-12-19 00:20:22,198 - INFO - 网格搜索进度: [61/63]
2025-12-19 00:20:22,198 - INFO - 参数组合: nu=0.300, kernel=linear, gamma=scale
2025-12-19 00:20:22,198 - INFO - ============================================================
2025-12-19 00:20:22,198 - INFO - 训练One-Class SVM: nu=0.3, kernel=linear, gamma=scale
2025-12-19 00:20:22,212 - INFO - One-Class SVM训练完成
2025-12-19 00:20:22,212 - INFO - 在训练集上计算异常分数以确定阈值...
2025-12-19 00:20:22,237 - INFO - 训练集99分位数阈值: 0.000241
2025-12-19 00:20:22,238 - INFO - 训练集分数统计: min=-0.000580, max=0.000430, mean=0.000092, std=0.000065
2025-12-19 00:20:22,238 - INFO - 在测试集上计算异常分数并评估...
2025-12-19 00:20:22,267 - INFO - ==== Evaluation Result ====
2025-12-19 00:20:22,267 - INFO - One-Class SVM参数: nu=0.300, kernel=linear, gamma=scale
2025-12-19 00:20:22,267 - INFO - Threshold (Train 99th percentile): 0.000241
2025-12-19 00:20:22,267 - INFO - AUC: 0.9561
2025-12-19 00:20:22,267 - INFO - F1 Score: 0.5862
2025-12-19 00:20:22,268 - INFO - Accuracy: 0.9628
2025-12-19 00:20:22,271 - INFO - 预测结果已保存到: ckpt\oneclass_svm_predictions_p99_nu0.300_kernellinear_gammascale_20251219_002022.csv
2025-12-19 00:20:22,271 - INFO - 
============================================================
2025-12-19 00:20:22,271 - INFO - 网格搜索进度: [62/63]
2025-12-19 00:20:22,271 - INFO - 参数组合: nu=0.300, kernel=poly, gamma=scale
2025-12-19 00:20:22,272 - INFO - ============================================================
2025-12-19 00:20:22,272 - INFO - 训练One-Class SVM: nu=0.3, kernel=poly, gamma=scale
2025-12-19 00:20:22,921 - INFO - One-Class SVM训练完成
2025-12-19 00:20:22,921 - INFO - 在训练集上计算异常分数以确定阈值...
2025-12-19 00:20:22,949 - INFO - 训练集99分位数阈值: 0.000351
2025-12-19 00:20:22,949 - INFO - 训练集分数统计: min=-8.806153, max=0.001265, mean=-0.012328, std=0.236376
2025-12-19 00:20:22,949 - INFO - 在测试集上计算异常分数并评估...
2025-12-19 00:20:22,984 - INFO - ==== Evaluation Result ====
2025-12-19 00:20:22,985 - INFO - One-Class SVM参数: nu=0.300, kernel=poly, gamma=scale
2025-12-19 00:20:22,985 - INFO - Threshold (Train 99th percentile): 0.000351
2025-12-19 00:20:22,985 - INFO - AUC: 0.0286
2025-12-19 00:20:22,985 - INFO - F1 Score: 0.0133
2025-12-19 00:20:22,985 - INFO - Accuracy: 0.9234
2025-12-19 00:20:22,989 - INFO - 预测结果已保存到: ckpt\oneclass_svm_predictions_p99_nu0.300_kernelpoly_gammascale_20251219_002022.csv
2025-12-19 00:20:22,989 - INFO - 
============================================================
2025-12-19 00:20:22,989 - INFO - 网格搜索进度: [63/63]
2025-12-19 00:20:22,990 - INFO - 参数组合: nu=0.300, kernel=sigmoid, gamma=scale
2025-12-19 00:20:22,990 - INFO - ============================================================
2025-12-19 00:20:22,990 - INFO - 训练One-Class SVM: nu=0.3, kernel=sigmoid, gamma=scale
2025-12-19 00:20:23,033 - INFO - One-Class SVM训练完成
2025-12-19 00:20:23,033 - INFO - 在训练集上计算异常分数以确定阈值...
2025-12-19 00:20:23,079 - INFO - 训练集99分位数阈值: 94.687543
2025-12-19 00:20:23,079 - INFO - 训练集分数统计: min=-78.134671, max=235.428533, mean=-2.677427, std=22.228219
2025-12-19 00:20:23,080 - INFO - 在测试集上计算异常分数并评估...
2025-12-19 00:20:23,132 - INFO - ==== Evaluation Result ====
2025-12-19 00:20:23,132 - INFO - One-Class SVM参数: nu=0.300, kernel=sigmoid, gamma=scale
2025-12-19 00:20:23,132 - INFO - Threshold (Train 99th percentile): 94.687543
2025-12-19 00:20:23,133 - INFO - AUC: 0.8332
2025-12-19 00:20:23,133 - INFO - F1 Score: 0.6012
2025-12-19 00:20:23,133 - INFO - Accuracy: 0.9643
2025-12-19 00:20:23,136 - INFO - 预测结果已保存到: ckpt\oneclass_svm_predictions_p99_nu0.300_kernelsigmoid_gammascale_20251219_002023.csv
2025-12-19 00:20:23,136 - INFO - 
============================================================
2025-12-19 00:20:23,137 - INFO - 网格搜索完成，汇总结果:
2025-12-19 00:20:23,137 - INFO - ============================================================
2025-12-19 00:20:23,138 - INFO - 网格搜索结果汇总已保存到: ckpt\oneclass_svm_grid_search_summary_p99_20251219_002023.csv
2025-12-19 00:20:23,139 - INFO - 
最佳结果:
2025-12-19 00:20:23,139 - INFO -   nu: 0.200
2025-12-19 00:20:23,139 - INFO -   kernel: linear
2025-12-19 00:20:23,139 - INFO -   gamma: N/A
2025-12-19 00:20:23,139 - INFO -   Percentile: 99
2025-12-19 00:20:23,139 - INFO -   Threshold: 0.000127
2025-12-19 00:20:23,139 - INFO -   AUC: 0.9775
2025-12-19 00:20:23,140 - INFO -   F1 Score: 0.8182
2025-12-19 00:20:23,140 - INFO -   Accuracy: 0.9814
2025-12-19 00:20:23,140 - INFO -   预测结果文件: ckpt\oneclass_svm_predictions_p99_nu0.200_kernellinear_gammascale_20251219_002017.csv
2025-12-19 00:20:23,140 - INFO - 
============================================================
2025-12-19 00:20:23,140 - INFO - 清理临时文件...
2025-12-19 00:20:23,172 - INFO - 已删除 62 个临时预测结果文件
2025-12-19 00:20:23,172 - INFO - 保留最佳结果文件: ckpt\oneclass_svm_predictions_p99_nu0.200_kernellinear_gammascale_20251219_002017.csv
2025-12-19 00:20:23,172 - INFO - ============================================================
