2025-12-19 00:23:26,013 - INFO - 日志文件已创建: ckpt\oneclass_svm_training_p100_20251219_002326.log
2025-12-19 00:23:26,013 - INFO - 随机种子已设置为: 42
2025-12-19 00:23:26,013 - INFO - 开始加载数据集...
2025-12-19 00:23:26,022 - INFO - 训练集形状: (1839, 6)
2025-12-19 00:23:26,022 - INFO - 测试集形状: (1933, 6)
2025-12-19 00:23:26,022 - INFO - 测试集标签分布: 正常=1839, 异常=94
2025-12-19 00:23:26,022 - INFO - 对特征进行标准化...
2025-12-19 00:23:26,024 - INFO - 特征标准化完成
2025-12-19 00:23:26,024 - INFO - 
============================================================
2025-12-19 00:23:26,024 - INFO - 开始网格搜索
2025-12-19 00:23:26,024 - INFO - 阈值分位数: 100
2025-12-19 00:23:26,024 - INFO - nu值: [0.01, 0.05, 0.1, 0.15, 0.2, 0.25, 0.3]
2025-12-19 00:23:26,024 - INFO - kernel: ['rbf', 'linear', 'poly', 'sigmoid']
2025-12-19 00:23:26,024 - INFO - gamma: ['scale', 'auto', 0.001, 0.01, 0.1, 1.0]
2025-12-19 00:23:26,025 - INFO - ============================================================

2025-12-19 00:23:26,025 - INFO - 
============================================================
2025-12-19 00:23:26,025 - INFO - 网格搜索进度: [1/63]
2025-12-19 00:23:26,025 - INFO - 参数组合: nu=0.010, kernel=rbf, gamma=scale
2025-12-19 00:23:26,025 - INFO - ============================================================
2025-12-19 00:23:26,025 - INFO - 训练One-Class SVM: nu=0.01, kernel=rbf, gamma=scale
2025-12-19 00:23:26,031 - INFO - One-Class SVM训练完成
2025-12-19 00:23:26,031 - INFO - 在训练集上计算异常分数以确定阈值...
2025-12-19 00:23:26,048 - INFO - 训练集100分位数阈值: 0.000482
2025-12-19 00:23:26,048 - INFO - 训练集分数统计: min=-0.239564, max=0.000482, mean=-0.130085, std=0.054007
2025-12-19 00:23:26,049 - INFO - 在测试集上计算异常分数并评估...
2025-12-19 00:23:26,069 - INFO - ==== Evaluation Result ====
2025-12-19 00:23:26,070 - INFO - One-Class SVM参数: nu=0.010, kernel=rbf, gamma=scale
2025-12-19 00:23:26,070 - INFO - Threshold (Train 100th percentile): 0.000482
2025-12-19 00:23:26,070 - INFO - AUC: 0.9748
2025-12-19 00:23:26,070 - INFO - F1 Score: 0.6069
2025-12-19 00:23:26,070 - INFO - Accuracy: 0.9410
2025-12-19 00:23:26,074 - INFO - 预测结果已保存到: ckpt\oneclass_svm_predictions_p100_nu0.010_kernelrbf_gammascale_20251219_002326.csv
2025-12-19 00:23:26,074 - INFO - 
============================================================
2025-12-19 00:23:26,075 - INFO - 网格搜索进度: [2/63]
2025-12-19 00:23:26,075 - INFO - 参数组合: nu=0.010, kernel=rbf, gamma=auto
2025-12-19 00:23:26,075 - INFO - ============================================================
2025-12-19 00:23:26,075 - INFO - 训练One-Class SVM: nu=0.01, kernel=rbf, gamma=auto
2025-12-19 00:23:26,080 - INFO - One-Class SVM训练完成
2025-12-19 00:23:26,080 - INFO - 在训练集上计算异常分数以确定阈值...
2025-12-19 00:23:26,097 - INFO - 训练集100分位数阈值: 0.000482
2025-12-19 00:23:26,097 - INFO - 训练集分数统计: min=-0.239564, max=0.000482, mean=-0.130085, std=0.054007
2025-12-19 00:23:26,098 - INFO - 在测试集上计算异常分数并评估...
2025-12-19 00:23:26,117 - INFO - ==== Evaluation Result ====
2025-12-19 00:23:26,118 - INFO - One-Class SVM参数: nu=0.010, kernel=rbf, gamma=auto
2025-12-19 00:23:26,118 - INFO - Threshold (Train 100th percentile): 0.000482
2025-12-19 00:23:26,118 - INFO - AUC: 0.9748
2025-12-19 00:23:26,118 - INFO - F1 Score: 0.6069
2025-12-19 00:23:26,118 - INFO - Accuracy: 0.9410
2025-12-19 00:23:26,122 - INFO - 预测结果已保存到: ckpt\oneclass_svm_predictions_p100_nu0.010_kernelrbf_gammaauto_20251219_002326.csv
2025-12-19 00:23:26,123 - INFO - 
============================================================
2025-12-19 00:23:26,123 - INFO - 网格搜索进度: [3/63]
2025-12-19 00:23:26,123 - INFO - 参数组合: nu=0.010, kernel=rbf, gamma=0.001
2025-12-19 00:23:26,123 - INFO - ============================================================
2025-12-19 00:23:26,123 - INFO - 训练One-Class SVM: nu=0.01, kernel=rbf, gamma=0.001
2025-12-19 00:23:26,125 - INFO - One-Class SVM训练完成
2025-12-19 00:23:26,126 - INFO - 在训练集上计算异常分数以确定阈值...
2025-12-19 00:23:26,130 - INFO - 训练集100分位数阈值: 3.045185
2025-12-19 00:23:26,130 - INFO - 训练集分数统计: min=-0.634085, max=3.045185, mean=-0.418451, std=0.163870
2025-12-19 00:23:26,130 - INFO - 在测试集上计算异常分数并评估...
2025-12-19 00:23:26,136 - INFO - ==== Evaluation Result ====
2025-12-19 00:23:26,137 - INFO - One-Class SVM参数: nu=0.010, kernel=rbf, gamma=0.001
2025-12-19 00:23:26,137 - INFO - Threshold (Train 100th percentile): 3.045185
2025-12-19 00:23:26,137 - INFO - AUC: 0.9765
2025-12-19 00:23:26,137 - INFO - F1 Score: 0.5152
2025-12-19 00:23:26,137 - INFO - Accuracy: 0.9669
2025-12-19 00:23:26,141 - INFO - 预测结果已保存到: ckpt\oneclass_svm_predictions_p100_nu0.010_kernelrbf_gamma0.001_20251219_002326.csv
2025-12-19 00:23:26,141 - INFO - 
============================================================
2025-12-19 00:23:26,141 - INFO - 网格搜索进度: [4/63]
2025-12-19 00:23:26,141 - INFO - 参数组合: nu=0.010, kernel=rbf, gamma=0.01
2025-12-19 00:23:26,141 - INFO - ============================================================
2025-12-19 00:23:26,141 - INFO - 训练One-Class SVM: nu=0.01, kernel=rbf, gamma=0.01
2025-12-19 00:23:26,143 - INFO - One-Class SVM训练完成
2025-12-19 00:23:26,144 - INFO - 在训练集上计算异常分数以确定阈值...
2025-12-19 00:23:26,148 - INFO - 训练集100分位数阈值: 3.715620
2025-12-19 00:23:26,148 - INFO - 训练集分数统计: min=-1.665078, max=3.715620, mean=-1.101394, std=0.358246
2025-12-19 00:23:26,148 - INFO - 在测试集上计算异常分数并评估...
2025-12-19 00:23:26,155 - INFO - ==== Evaluation Result ====
2025-12-19 00:23:26,155 - INFO - One-Class SVM参数: nu=0.010, kernel=rbf, gamma=0.01
2025-12-19 00:23:26,155 - INFO - Threshold (Train 100th percentile): 3.715620
2025-12-19 00:23:26,155 - INFO - AUC: 0.9642
2025-12-19 00:23:26,155 - INFO - F1 Score: 0.5152
2025-12-19 00:23:26,156 - INFO - Accuracy: 0.9669
2025-12-19 00:23:26,160 - INFO - 预测结果已保存到: ckpt\oneclass_svm_predictions_p100_nu0.010_kernelrbf_gamma0.01_20251219_002326.csv
2025-12-19 00:23:26,160 - INFO - 
============================================================
2025-12-19 00:23:26,160 - INFO - 网格搜索进度: [5/63]
2025-12-19 00:23:26,160 - INFO - 参数组合: nu=0.010, kernel=rbf, gamma=0.1
2025-12-19 00:23:26,160 - INFO - ============================================================
2025-12-19 00:23:26,161 - INFO - 训练One-Class SVM: nu=0.01, kernel=rbf, gamma=0.1
2025-12-19 00:23:26,164 - INFO - One-Class SVM训练完成
2025-12-19 00:23:26,165 - INFO - 在训练集上计算异常分数以确定阈值...
2025-12-19 00:23:26,175 - INFO - 训练集100分位数阈值: 0.000482
2025-12-19 00:23:26,176 - INFO - 训练集分数统计: min=-0.392650, max=0.000482, mean=-0.239503, std=0.087058
2025-12-19 00:23:26,176 - INFO - 在测试集上计算异常分数并评估...
2025-12-19 00:23:26,190 - INFO - ==== Evaluation Result ====
2025-12-19 00:23:26,190 - INFO - One-Class SVM参数: nu=0.010, kernel=rbf, gamma=0.1
2025-12-19 00:23:26,190 - INFO - Threshold (Train 100th percentile): 0.000482
2025-12-19 00:23:26,191 - INFO - AUC: 0.9696
2025-12-19 00:23:26,191 - INFO - F1 Score: 0.6721
2025-12-19 00:23:26,191 - INFO - Accuracy: 0.9581
2025-12-19 00:23:26,194 - INFO - 预测结果已保存到: ckpt\oneclass_svm_predictions_p100_nu0.010_kernelrbf_gamma0.1_20251219_002326.csv
2025-12-19 00:23:26,195 - INFO - 
============================================================
2025-12-19 00:23:26,195 - INFO - 网格搜索进度: [6/63]
2025-12-19 00:23:26,195 - INFO - 参数组合: nu=0.010, kernel=rbf, gamma=1.0
2025-12-19 00:23:26,195 - INFO - ============================================================
2025-12-19 00:23:26,195 - INFO - 训练One-Class SVM: nu=0.01, kernel=rbf, gamma=1.0
2025-12-19 00:23:26,214 - INFO - One-Class SVM训练完成
2025-12-19 00:23:26,215 - INFO - 在训练集上计算异常分数以确定阈值...
2025-12-19 00:23:26,294 - INFO - 训练集100分位数阈值: 0.000473
2025-12-19 00:23:26,294 - INFO - 训练集分数统计: min=-0.029137, max=0.000473, mean=-0.007182, std=0.006140
2025-12-19 00:23:26,294 - INFO - 在测试集上计算异常分数并评估...
2025-12-19 00:23:26,383 - INFO - ==== Evaluation Result ====
2025-12-19 00:23:26,383 - INFO - One-Class SVM参数: nu=0.010, kernel=rbf, gamma=1.0
2025-12-19 00:23:26,383 - INFO - Threshold (Train 100th percentile): 0.000473
2025-12-19 00:23:26,383 - INFO - AUC: 0.9801
2025-12-19 00:23:26,383 - INFO - F1 Score: 0.2676
2025-12-19 00:23:26,383 - INFO - Accuracy: 0.7367
2025-12-19 00:23:26,386 - INFO - 预测结果已保存到: ckpt\oneclass_svm_predictions_p100_nu0.010_kernelrbf_gamma1.0_20251219_002326.csv
2025-12-19 00:23:26,387 - INFO - 
============================================================
2025-12-19 00:23:26,387 - INFO - 网格搜索进度: [7/63]
2025-12-19 00:23:26,387 - INFO - 参数组合: nu=0.010, kernel=linear, gamma=scale
2025-12-19 00:23:26,387 - INFO - ============================================================
2025-12-19 00:23:26,387 - INFO - 训练One-Class SVM: nu=0.01, kernel=linear, gamma=scale
2025-12-19 00:23:26,389 - INFO - One-Class SVM训练完成
2025-12-19 00:23:26,389 - INFO - 在训练集上计算异常分数以确定阈值...
2025-12-19 00:23:26,391 - INFO - 训练集100分位数阈值: 0.000581
2025-12-19 00:23:26,391 - INFO - 训练集分数统计: min=-0.003313, max=0.000581, mean=-0.000134, std=0.000123
2025-12-19 00:23:26,391 - INFO - 在测试集上计算异常分数并评估...
2025-12-19 00:23:26,395 - INFO - ==== Evaluation Result ====
2025-12-19 00:23:26,395 - INFO - One-Class SVM参数: nu=0.010, kernel=linear, gamma=scale
2025-12-19 00:23:26,395 - INFO - Threshold (Train 100th percentile): 0.000581
2025-12-19 00:23:26,396 - INFO - AUC: 0.6873
2025-12-19 00:23:26,396 - INFO - F1 Score: 0.1010
2025-12-19 00:23:26,396 - INFO - Accuracy: 0.9540
2025-12-19 00:23:26,400 - INFO - 预测结果已保存到: ckpt\oneclass_svm_predictions_p100_nu0.010_kernellinear_gammascale_20251219_002326.csv
2025-12-19 00:23:26,400 - INFO - 
============================================================
2025-12-19 00:23:26,400 - INFO - 网格搜索进度: [8/63]
2025-12-19 00:23:26,400 - INFO - 参数组合: nu=0.010, kernel=poly, gamma=scale
2025-12-19 00:23:26,401 - INFO - ============================================================
2025-12-19 00:23:26,401 - INFO - 训练One-Class SVM: nu=0.01, kernel=poly, gamma=scale
2025-12-19 00:23:26,475 - INFO - One-Class SVM训练完成
2025-12-19 00:23:26,475 - INFO - 在训练集上计算异常分数以确定阈值...
2025-12-19 00:23:26,481 - INFO - 训练集100分位数阈值: 0.000258
2025-12-19 00:23:26,481 - INFO - 训练集分数统计: min=-2.849715, max=0.000258, mean=-0.005540, std=0.092278
2025-12-19 00:23:26,482 - INFO - 在测试集上计算异常分数并评估...
2025-12-19 00:23:26,490 - INFO - ==== Evaluation Result ====
2025-12-19 00:23:26,491 - INFO - One-Class SVM参数: nu=0.010, kernel=poly, gamma=scale
2025-12-19 00:23:26,491 - INFO - Threshold (Train 100th percentile): 0.000258
2025-12-19 00:23:26,491 - INFO - AUC: 0.0291
2025-12-19 00:23:26,491 - INFO - F1 Score: 0.0180
2025-12-19 00:23:26,492 - INFO - Accuracy: 0.9436
2025-12-19 00:23:26,495 - INFO - 预测结果已保存到: ckpt\oneclass_svm_predictions_p100_nu0.010_kernelpoly_gammascale_20251219_002326.csv
2025-12-19 00:23:26,496 - INFO - 
============================================================
2025-12-19 00:23:26,496 - INFO - 网格搜索进度: [9/63]
2025-12-19 00:23:26,496 - INFO - 参数组合: nu=0.010, kernel=sigmoid, gamma=scale
2025-12-19 00:23:26,496 - INFO - ============================================================
2025-12-19 00:23:26,496 - INFO - 训练One-Class SVM: nu=0.01, kernel=sigmoid, gamma=scale
2025-12-19 00:23:26,500 - INFO - One-Class SVM训练完成
2025-12-19 00:23:26,500 - INFO - 在训练集上计算异常分数以确定阈值...
2025-12-19 00:23:26,502 - INFO - 训练集100分位数阈值: 3.843481
2025-12-19 00:23:26,502 - INFO - 训练集分数统计: min=-12.020610, max=3.843481, mean=-4.301706, std=2.395731
2025-12-19 00:23:26,502 - INFO - 在测试集上计算异常分数并评估...
2025-12-19 00:23:26,508 - INFO - ==== Evaluation Result ====
2025-12-19 00:23:26,508 - INFO - One-Class SVM参数: nu=0.010, kernel=sigmoid, gamma=scale
2025-12-19 00:23:26,508 - INFO - Threshold (Train 100th percentile): 3.843481
2025-12-19 00:23:26,508 - INFO - AUC: 0.7911
2025-12-19 00:23:26,508 - INFO - F1 Score: 0.4355
2025-12-19 00:23:26,509 - INFO - Accuracy: 0.9638
2025-12-19 00:23:26,512 - INFO - 预测结果已保存到: ckpt\oneclass_svm_predictions_p100_nu0.010_kernelsigmoid_gammascale_20251219_002326.csv
2025-12-19 00:23:26,512 - INFO - 
============================================================
2025-12-19 00:23:26,512 - INFO - 网格搜索进度: [10/63]
2025-12-19 00:23:26,512 - INFO - 参数组合: nu=0.050, kernel=rbf, gamma=scale
2025-12-19 00:23:26,512 - INFO - ============================================================
2025-12-19 00:23:26,512 - INFO - 训练One-Class SVM: nu=0.05, kernel=rbf, gamma=scale
2025-12-19 00:23:26,520 - INFO - One-Class SVM训练完成
2025-12-19 00:23:26,520 - INFO - 在训练集上计算异常分数以确定阈值...
2025-12-19 00:23:26,540 - INFO - 训练集100分位数阈值: 3.038695
2025-12-19 00:23:26,541 - INFO - 训练集分数统计: min=-1.834390, max=3.038695, mean=-0.944995, std=0.559655
2025-12-19 00:23:26,541 - INFO - 在测试集上计算异常分数并评估...
2025-12-19 00:23:26,565 - INFO - ==== Evaluation Result ====
2025-12-19 00:23:26,566 - INFO - One-Class SVM参数: nu=0.050, kernel=rbf, gamma=scale
2025-12-19 00:23:26,566 - INFO - Threshold (Train 100th percentile): 3.038695
2025-12-19 00:23:26,566 - INFO - AUC: 0.9753
2025-12-19 00:23:26,566 - INFO - F1 Score: 0.7135
2025-12-19 00:23:26,566 - INFO - Accuracy: 0.9747
2025-12-19 00:23:26,570 - INFO - 预测结果已保存到: ckpt\oneclass_svm_predictions_p100_nu0.050_kernelrbf_gammascale_20251219_002326.csv
2025-12-19 00:23:26,570 - INFO - 
============================================================
2025-12-19 00:23:26,570 - INFO - 网格搜索进度: [11/63]
2025-12-19 00:23:26,570 - INFO - 参数组合: nu=0.050, kernel=rbf, gamma=auto
2025-12-19 00:23:26,570 - INFO - ============================================================
2025-12-19 00:23:26,570 - INFO - 训练One-Class SVM: nu=0.05, kernel=rbf, gamma=auto
2025-12-19 00:23:26,578 - INFO - One-Class SVM训练完成
2025-12-19 00:23:26,578 - INFO - 在训练集上计算异常分数以确定阈值...
2025-12-19 00:23:26,599 - INFO - 训练集100分位数阈值: 3.038695
2025-12-19 00:23:26,599 - INFO - 训练集分数统计: min=-1.834390, max=3.038695, mean=-0.944995, std=0.559655
2025-12-19 00:23:26,600 - INFO - 在测试集上计算异常分数并评估...
2025-12-19 00:23:26,624 - INFO - ==== Evaluation Result ====
2025-12-19 00:23:26,624 - INFO - One-Class SVM参数: nu=0.050, kernel=rbf, gamma=auto
2025-12-19 00:23:26,624 - INFO - Threshold (Train 100th percentile): 3.038695
2025-12-19 00:23:26,625 - INFO - AUC: 0.9753
2025-12-19 00:23:26,625 - INFO - F1 Score: 0.7135
2025-12-19 00:23:26,625 - INFO - Accuracy: 0.9747
2025-12-19 00:23:26,629 - INFO - 预测结果已保存到: ckpt\oneclass_svm_predictions_p100_nu0.050_kernelrbf_gammaauto_20251219_002326.csv
2025-12-19 00:23:26,629 - INFO - 
============================================================
2025-12-19 00:23:26,629 - INFO - 网格搜索进度: [12/63]
2025-12-19 00:23:26,629 - INFO - 参数组合: nu=0.050, kernel=rbf, gamma=0.001
2025-12-19 00:23:26,629 - INFO - ============================================================
2025-12-19 00:23:26,629 - INFO - 训练One-Class SVM: nu=0.05, kernel=rbf, gamma=0.001
2025-12-19 00:23:26,635 - INFO - One-Class SVM训练完成
2025-12-19 00:23:26,636 - INFO - 在训练集上计算异常分数以确定阈值...
2025-12-19 00:23:26,652 - INFO - 训练集100分位数阈值: 21.687493
2025-12-19 00:23:26,652 - INFO - 训练集分数统计: min=-1.569313, max=21.687493, mean=-0.833420, std=1.056351
2025-12-19 00:23:26,653 - INFO - 在测试集上计算异常分数并评估...
2025-12-19 00:23:26,672 - INFO - ==== Evaluation Result ====
2025-12-19 00:23:26,672 - INFO - One-Class SVM参数: nu=0.050, kernel=rbf, gamma=0.001
2025-12-19 00:23:26,672 - INFO - Threshold (Train 100th percentile): 21.687493
2025-12-19 00:23:26,673 - INFO - AUC: 0.9791
2025-12-19 00:23:26,673 - INFO - F1 Score: 0.5152
2025-12-19 00:23:26,673 - INFO - Accuracy: 0.9669
2025-12-19 00:23:26,676 - INFO - 预测结果已保存到: ckpt\oneclass_svm_predictions_p100_nu0.050_kernelrbf_gamma0.001_20251219_002326.csv
2025-12-19 00:23:26,677 - INFO - 
============================================================
2025-12-19 00:23:26,677 - INFO - 网格搜索进度: [13/63]
2025-12-19 00:23:26,677 - INFO - 参数组合: nu=0.050, kernel=rbf, gamma=0.01
2025-12-19 00:23:26,677 - INFO - ============================================================
2025-12-19 00:23:26,677 - INFO - 训练One-Class SVM: nu=0.05, kernel=rbf, gamma=0.01
2025-12-19 00:23:26,683 - INFO - One-Class SVM训练完成
2025-12-19 00:23:26,684 - INFO - 在训练集上计算异常分数以确定阈值...
2025-12-19 00:23:26,701 - INFO - 训练集100分位数阈值: 48.980836
2025-12-19 00:23:26,701 - INFO - 训练集分数统计: min=-8.413345, max=48.980836, mean=-4.657242, std=3.984270
2025-12-19 00:23:26,701 - INFO - 在测试集上计算异常分数并评估...
2025-12-19 00:23:26,723 - INFO - ==== Evaluation Result ====
2025-12-19 00:23:26,724 - INFO - One-Class SVM参数: nu=0.050, kernel=rbf, gamma=0.01
2025-12-19 00:23:26,724 - INFO - Threshold (Train 100th percentile): 48.980836
2025-12-19 00:23:26,724 - INFO - AUC: 0.9774
2025-12-19 00:23:26,724 - INFO - F1 Score: 0.5191
2025-12-19 00:23:26,724 - INFO - Accuracy: 0.9674
2025-12-19 00:23:26,728 - INFO - 预测结果已保存到: ckpt\oneclass_svm_predictions_p100_nu0.050_kernelrbf_gamma0.01_20251219_002326.csv
2025-12-19 00:23:26,728 - INFO - 
============================================================
2025-12-19 00:23:26,728 - INFO - 网格搜索进度: [14/63]
2025-12-19 00:23:26,728 - INFO - 参数组合: nu=0.050, kernel=rbf, gamma=0.1
2025-12-19 00:23:26,728 - INFO - ============================================================
2025-12-19 00:23:26,728 - INFO - 训练One-Class SVM: nu=0.05, kernel=rbf, gamma=0.1
2025-12-19 00:23:26,735 - INFO - One-Class SVM训练完成
2025-12-19 00:23:26,735 - INFO - 在训练集上计算异常分数以确定阈值...
2025-12-19 00:23:26,754 - INFO - 训练集100分位数阈值: 6.934432
2025-12-19 00:23:26,754 - INFO - 训练集分数统计: min=-3.836843, max=6.934432, mean=-2.199563, std=1.256893
2025-12-19 00:23:26,754 - INFO - 在测试集上计算异常分数并评估...
2025-12-19 00:23:26,776 - INFO - ==== Evaluation Result ====
2025-12-19 00:23:26,777 - INFO - One-Class SVM参数: nu=0.050, kernel=rbf, gamma=0.1
2025-12-19 00:23:26,777 - INFO - Threshold (Train 100th percentile): 6.934432
2025-12-19 00:23:26,777 - INFO - AUC: 0.9739
2025-12-19 00:23:26,777 - INFO - F1 Score: 0.6225
2025-12-19 00:23:26,777 - INFO - Accuracy: 0.9705
2025-12-19 00:23:26,780 - INFO - 预测结果已保存到: ckpt\oneclass_svm_predictions_p100_nu0.050_kernelrbf_gamma0.1_20251219_002326.csv
2025-12-19 00:23:26,781 - INFO - 
============================================================
2025-12-19 00:23:26,781 - INFO - 网格搜索进度: [15/63]
2025-12-19 00:23:26,781 - INFO - 参数组合: nu=0.050, kernel=rbf, gamma=1.0
2025-12-19 00:23:26,781 - INFO - ============================================================
2025-12-19 00:23:26,781 - INFO - 训练One-Class SVM: nu=0.05, kernel=rbf, gamma=1.0
2025-12-19 00:23:26,804 - INFO - One-Class SVM训练完成
2025-12-19 00:23:26,804 - INFO - 在训练集上计算异常分数以确定阈值...
2025-12-19 00:23:26,886 - INFO - 训练集100分位数阈值: 0.000490
2025-12-19 00:23:26,887 - INFO - 训练集分数统计: min=-0.145547, max=0.000490, mean=-0.035660, std=0.030605
2025-12-19 00:23:26,887 - INFO - 在测试集上计算异常分数并评估...
2025-12-19 00:23:26,976 - INFO - ==== Evaluation Result ====
2025-12-19 00:23:26,976 - INFO - One-Class SVM参数: nu=0.050, kernel=rbf, gamma=1.0
2025-12-19 00:23:26,976 - INFO - Threshold (Train 100th percentile): 0.000490
2025-12-19 00:23:26,976 - INFO - AUC: 0.9801
2025-12-19 00:23:26,976 - INFO - F1 Score: 0.2612
2025-12-19 00:23:26,976 - INFO - Accuracy: 0.7279
2025-12-19 00:23:26,979 - INFO - 预测结果已保存到: ckpt\oneclass_svm_predictions_p100_nu0.050_kernelrbf_gamma1.0_20251219_002326.csv
2025-12-19 00:23:26,980 - INFO - 
============================================================
2025-12-19 00:23:26,980 - INFO - 网格搜索进度: [16/63]
2025-12-19 00:23:26,980 - INFO - 参数组合: nu=0.050, kernel=linear, gamma=scale
2025-12-19 00:23:26,980 - INFO - ============================================================
2025-12-19 00:23:26,980 - INFO - 训练One-Class SVM: nu=0.05, kernel=linear, gamma=scale
2025-12-19 00:23:26,983 - INFO - One-Class SVM训练完成
2025-12-19 00:23:26,983 - INFO - 在训练集上计算异常分数以确定阈值...
2025-12-19 00:23:26,990 - INFO - 训练集100分位数阈值: 0.000432
2025-12-19 00:23:26,990 - INFO - 训练集分数统计: min=-0.001432, max=0.000432, mean=0.000081, std=0.000105
2025-12-19 00:23:26,991 - INFO - 在测试集上计算异常分数并评估...
2025-12-19 00:23:26,999 - INFO - ==== Evaluation Result ====
2025-12-19 00:23:26,999 - INFO - One-Class SVM参数: nu=0.050, kernel=linear, gamma=scale
2025-12-19 00:23:26,999 - INFO - Threshold (Train 100th percentile): 0.000432
2025-12-19 00:23:27,000 - INFO - AUC: 0.2618
2025-12-19 00:23:27,000 - INFO - F1 Score: 0.0000
2025-12-19 00:23:27,000 - INFO - Accuracy: 0.9514
2025-12-19 00:23:27,005 - INFO - 预测结果已保存到: ckpt\oneclass_svm_predictions_p100_nu0.050_kernellinear_gammascale_20251219_002327.csv
2025-12-19 00:23:27,005 - INFO - 
============================================================
2025-12-19 00:23:27,005 - INFO - 网格搜索进度: [17/63]
2025-12-19 00:23:27,005 - INFO - 参数组合: nu=0.050, kernel=poly, gamma=scale
2025-12-19 00:23:27,006 - INFO - ============================================================
2025-12-19 00:23:27,006 - INFO - 训练One-Class SVM: nu=0.05, kernel=poly, gamma=scale
2025-12-19 00:23:27,328 - INFO - One-Class SVM训练完成
2025-12-19 00:23:27,328 - INFO - 在训练集上计算异常分数以确定阈值...
2025-12-19 00:23:27,339 - INFO - 训练集100分位数阈值: 0.000490
2025-12-19 00:23:27,339 - INFO - 训练集分数统计: min=-4.943131, max=0.000490, mean=-0.006207, std=0.129363
2025-12-19 00:23:27,340 - INFO - 在测试集上计算异常分数并评估...
2025-12-19 00:23:27,356 - INFO - ==== Evaluation Result ====
2025-12-19 00:23:27,356 - INFO - One-Class SVM参数: nu=0.050, kernel=poly, gamma=scale
2025-12-19 00:23:27,356 - INFO - Threshold (Train 100th percentile): 0.000490
2025-12-19 00:23:27,356 - INFO - AUC: 0.0286
2025-12-19 00:23:27,356 - INFO - F1 Score: 0.0202
2025-12-19 00:23:27,356 - INFO - Accuracy: 0.9498
2025-12-19 00:23:27,360 - INFO - 预测结果已保存到: ckpt\oneclass_svm_predictions_p100_nu0.050_kernelpoly_gammascale_20251219_002327.csv
2025-12-19 00:23:27,360 - INFO - 
============================================================
2025-12-19 00:23:27,360 - INFO - 网格搜索进度: [18/63]
2025-12-19 00:23:27,360 - INFO - 参数组合: nu=0.050, kernel=sigmoid, gamma=scale
2025-12-19 00:23:27,360 - INFO - ============================================================
2025-12-19 00:23:27,361 - INFO - 训练One-Class SVM: nu=0.05, kernel=sigmoid, gamma=scale
2025-12-19 00:23:27,370 - INFO - One-Class SVM训练完成
2025-12-19 00:23:27,371 - INFO - 在训练集上计算异常分数以确定阈值...
2025-12-19 00:23:27,379 - INFO - 训练集100分位数阈值: 34.927430
2025-12-19 00:23:27,380 - INFO - 训练集分数统计: min=-32.929928, max=34.927430, mean=-10.380367, std=6.963911
2025-12-19 00:23:27,380 - INFO - 在测试集上计算异常分数并评估...
2025-12-19 00:23:27,391 - INFO - ==== Evaluation Result ====
2025-12-19 00:23:27,391 - INFO - One-Class SVM参数: nu=0.050, kernel=sigmoid, gamma=scale
2025-12-19 00:23:27,391 - INFO - Threshold (Train 100th percentile): 34.927430
2025-12-19 00:23:27,392 - INFO - AUC: 0.8123
2025-12-19 00:23:27,392 - INFO - F1 Score: 0.4480
2025-12-19 00:23:27,392 - INFO - Accuracy: 0.9643
2025-12-19 00:23:27,395 - INFO - 预测结果已保存到: ckpt\oneclass_svm_predictions_p100_nu0.050_kernelsigmoid_gammascale_20251219_002327.csv
2025-12-19 00:23:27,395 - INFO - 
============================================================
2025-12-19 00:23:27,396 - INFO - 网格搜索进度: [19/63]
2025-12-19 00:23:27,396 - INFO - 参数组合: nu=0.100, kernel=rbf, gamma=scale
2025-12-19 00:23:27,396 - INFO - ============================================================
2025-12-19 00:23:27,396 - INFO - 训练One-Class SVM: nu=0.1, kernel=rbf, gamma=scale
2025-12-19 00:23:27,409 - INFO - One-Class SVM训练完成
2025-12-19 00:23:27,409 - INFO - 在训练集上计算异常分数以确定阈值...
2025-12-19 00:23:27,443 - INFO - 训练集100分位数阈值: 11.977359
2025-12-19 00:23:27,444 - INFO - 训练集分数统计: min=-5.793745, max=11.977359, mean=-2.618617, std=2.518801
2025-12-19 00:23:27,444 - INFO - 在测试集上计算异常分数并评估...
2025-12-19 00:23:27,482 - INFO - ==== Evaluation Result ====
2025-12-19 00:23:27,482 - INFO - One-Class SVM参数: nu=0.100, kernel=rbf, gamma=scale
2025-12-19 00:23:27,483 - INFO - Threshold (Train 100th percentile): 11.977359
2025-12-19 00:23:27,483 - INFO - AUC: 0.9752
2025-12-19 00:23:27,483 - INFO - F1 Score: 0.6626
2025-12-19 00:23:27,483 - INFO - Accuracy: 0.9715
2025-12-19 00:23:27,486 - INFO - 预测结果已保存到: ckpt\oneclass_svm_predictions_p100_nu0.100_kernelrbf_gammascale_20251219_002327.csv
2025-12-19 00:23:27,487 - INFO - 
============================================================
2025-12-19 00:23:27,487 - INFO - 网格搜索进度: [20/63]
2025-12-19 00:23:27,487 - INFO - 参数组合: nu=0.100, kernel=rbf, gamma=auto
2025-12-19 00:23:27,487 - INFO - ============================================================
2025-12-19 00:23:27,487 - INFO - 训练One-Class SVM: nu=0.1, kernel=rbf, gamma=auto
2025-12-19 00:23:27,501 - INFO - One-Class SVM训练完成
2025-12-19 00:23:27,501 - INFO - 在训练集上计算异常分数以确定阈值...
2025-12-19 00:23:27,535 - INFO - 训练集100分位数阈值: 11.977359
2025-12-19 00:23:27,536 - INFO - 训练集分数统计: min=-5.793745, max=11.977359, mean=-2.618617, std=2.518801
2025-12-19 00:23:27,536 - INFO - 在测试集上计算异常分数并评估...
2025-12-19 00:23:27,575 - INFO - ==== Evaluation Result ====
2025-12-19 00:23:27,576 - INFO - One-Class SVM参数: nu=0.100, kernel=rbf, gamma=auto
2025-12-19 00:23:27,576 - INFO - Threshold (Train 100th percentile): 11.977359
2025-12-19 00:23:27,576 - INFO - AUC: 0.9752
2025-12-19 00:23:27,576 - INFO - F1 Score: 0.6626
2025-12-19 00:23:27,577 - INFO - Accuracy: 0.9715
2025-12-19 00:23:27,580 - INFO - 预测结果已保存到: ckpt\oneclass_svm_predictions_p100_nu0.100_kernelrbf_gammaauto_20251219_002327.csv
2025-12-19 00:23:27,580 - INFO - 
============================================================
2025-12-19 00:23:27,581 - INFO - 网格搜索进度: [21/63]
2025-12-19 00:23:27,581 - INFO - 参数组合: nu=0.100, kernel=rbf, gamma=0.001
2025-12-19 00:23:27,581 - INFO - ============================================================
2025-12-19 00:23:27,581 - INFO - 训练One-Class SVM: nu=0.1, kernel=rbf, gamma=0.001
2025-12-19 00:23:27,593 - INFO - One-Class SVM训练完成
2025-12-19 00:23:27,593 - INFO - 在训练集上计算异常分数以确定阈值...
2025-12-19 00:23:27,626 - INFO - 训练集100分位数阈值: 47.166820
2025-12-19 00:23:27,627 - INFO - 训练集分数统计: min=-2.136756, max=47.166820, mean=-0.866964, std=2.268139
2025-12-19 00:23:27,627 - INFO - 在测试集上计算异常分数并评估...
2025-12-19 00:23:27,664 - INFO - ==== Evaluation Result ====
2025-12-19 00:23:27,664 - INFO - One-Class SVM参数: nu=0.100, kernel=rbf, gamma=0.001
2025-12-19 00:23:27,664 - INFO - Threshold (Train 100th percentile): 47.166820
2025-12-19 00:23:27,664 - INFO - AUC: 0.9792
2025-12-19 00:23:27,664 - INFO - F1 Score: 0.5152
2025-12-19 00:23:27,665 - INFO - Accuracy: 0.9669
2025-12-19 00:23:27,668 - INFO - 预测结果已保存到: ckpt\oneclass_svm_predictions_p100_nu0.100_kernelrbf_gamma0.001_20251219_002327.csv
2025-12-19 00:23:27,668 - INFO - 
============================================================
2025-12-19 00:23:27,668 - INFO - 网格搜索进度: [22/63]
2025-12-19 00:23:27,668 - INFO - 参数组合: nu=0.100, kernel=rbf, gamma=0.01
2025-12-19 00:23:27,668 - INFO - ============================================================
2025-12-19 00:23:27,669 - INFO - 训练One-Class SVM: nu=0.1, kernel=rbf, gamma=0.01
2025-12-19 00:23:27,680 - INFO - One-Class SVM训练完成
2025-12-19 00:23:27,680 - INFO - 在训练集上计算异常分数以确定阈值...
2025-12-19 00:23:27,712 - INFO - 训练集100分位数阈值: 119.579812
2025-12-19 00:23:27,713 - INFO - 训练集分数统计: min=-13.828238, max=119.579812, mean=-6.213602, std=9.758543
2025-12-19 00:23:27,713 - INFO - 在测试集上计算异常分数并评估...
2025-12-19 00:23:27,750 - INFO - ==== Evaluation Result ====
2025-12-19 00:23:27,750 - INFO - One-Class SVM参数: nu=0.100, kernel=rbf, gamma=0.01
2025-12-19 00:23:27,750 - INFO - Threshold (Train 100th percentile): 119.579812
2025-12-19 00:23:27,750 - INFO - AUC: 0.9786
2025-12-19 00:23:27,751 - INFO - F1 Score: 0.5191
2025-12-19 00:23:27,751 - INFO - Accuracy: 0.9674
2025-12-19 00:23:27,754 - INFO - 预测结果已保存到: ckpt\oneclass_svm_predictions_p100_nu0.100_kernelrbf_gamma0.01_20251219_002327.csv
2025-12-19 00:23:27,754 - INFO - 
============================================================
2025-12-19 00:23:27,754 - INFO - 网格搜索进度: [23/63]
2025-12-19 00:23:27,754 - INFO - 参数组合: nu=0.100, kernel=rbf, gamma=0.1
2025-12-19 00:23:27,755 - INFO - ============================================================
2025-12-19 00:23:27,755 - INFO - 训练One-Class SVM: nu=0.1, kernel=rbf, gamma=0.1
2025-12-19 00:23:27,766 - INFO - One-Class SVM训练完成
2025-12-19 00:23:27,766 - INFO - 在训练集上计算异常分数以确定阈值...
2025-12-19 00:23:27,800 - INFO - 训练集100分位数阈值: 23.910375
2025-12-19 00:23:27,801 - INFO - 训练集分数统计: min=-10.543291, max=23.910375, mean=-4.845699, std=4.757018
2025-12-19 00:23:27,801 - INFO - 在测试集上计算异常分数并评估...
2025-12-19 00:23:27,836 - INFO - ==== Evaluation Result ====
2025-12-19 00:23:27,837 - INFO - One-Class SVM参数: nu=0.100, kernel=rbf, gamma=0.1
2025-12-19 00:23:27,837 - INFO - Threshold (Train 100th percentile): 23.910375
2025-12-19 00:23:27,837 - INFO - AUC: 0.9750
2025-12-19 00:23:27,837 - INFO - F1 Score: 0.6309
2025-12-19 00:23:27,837 - INFO - Accuracy: 0.9715
2025-12-19 00:23:27,840 - INFO - 预测结果已保存到: ckpt\oneclass_svm_predictions_p100_nu0.100_kernelrbf_gamma0.1_20251219_002327.csv
2025-12-19 00:23:27,841 - INFO - 
============================================================
2025-12-19 00:23:27,841 - INFO - 网格搜索进度: [24/63]
2025-12-19 00:23:27,841 - INFO - 参数组合: nu=0.100, kernel=rbf, gamma=1.0
2025-12-19 00:23:27,841 - INFO - ============================================================
2025-12-19 00:23:27,841 - INFO - 训练One-Class SVM: nu=0.1, kernel=rbf, gamma=1.0
2025-12-19 00:23:27,865 - INFO - One-Class SVM训练完成
2025-12-19 00:23:27,866 - INFO - 在训练集上计算异常分数以确定阈值...
2025-12-19 00:23:27,949 - INFO - 训练集100分位数阈值: 0.030082
2025-12-19 00:23:27,949 - INFO - 训练集分数统计: min=-0.291914, max=0.030082, mean=-0.071177, std=0.061722
2025-12-19 00:23:27,949 - INFO - 在测试集上计算异常分数并评估...
2025-12-19 00:23:28,039 - INFO - ==== Evaluation Result ====
2025-12-19 00:23:28,039 - INFO - One-Class SVM参数: nu=0.100, kernel=rbf, gamma=1.0
2025-12-19 00:23:28,039 - INFO - Threshold (Train 100th percentile): 0.030082
2025-12-19 00:23:28,039 - INFO - AUC: 0.9801
2025-12-19 00:23:28,040 - INFO - F1 Score: 0.2920
2025-12-19 00:23:28,040 - INFO - Accuracy: 0.7667
2025-12-19 00:23:28,044 - INFO - 预测结果已保存到: ckpt\oneclass_svm_predictions_p100_nu0.100_kernelrbf_gamma1.0_20251219_002328.csv
2025-12-19 00:23:28,044 - INFO - 
============================================================
2025-12-19 00:23:28,044 - INFO - 网格搜索进度: [25/63]
2025-12-19 00:23:28,044 - INFO - 参数组合: nu=0.100, kernel=linear, gamma=scale
2025-12-19 00:23:28,044 - INFO - ============================================================
2025-12-19 00:23:28,045 - INFO - 训练One-Class SVM: nu=0.1, kernel=linear, gamma=scale
2025-12-19 00:23:28,050 - INFO - One-Class SVM训练完成
2025-12-19 00:23:28,050 - INFO - 在训练集上计算异常分数以确定阈值...
2025-12-19 00:23:28,060 - INFO - 训练集100分位数阈值: 0.000398
2025-12-19 00:23:28,060 - INFO - 训练集分数统计: min=-0.000534, max=0.000398, mean=0.000053, std=0.000079
2025-12-19 00:23:28,060 - INFO - 在测试集上计算异常分数并评估...
2025-12-19 00:23:28,074 - INFO - ==== Evaluation Result ====
2025-12-19 00:23:28,075 - INFO - One-Class SVM参数: nu=0.100, kernel=linear, gamma=scale
2025-12-19 00:23:28,075 - INFO - Threshold (Train 100th percentile): 0.000398
2025-12-19 00:23:28,075 - INFO - AUC: 0.6130
2025-12-19 00:23:28,075 - INFO - F1 Score: 0.0000
2025-12-19 00:23:28,075 - INFO - Accuracy: 0.9514
2025-12-19 00:23:28,079 - INFO - 预测结果已保存到: ckpt\oneclass_svm_predictions_p100_nu0.100_kernellinear_gammascale_20251219_002328.csv
2025-12-19 00:23:28,080 - INFO - 
============================================================
2025-12-19 00:23:28,080 - INFO - 网格搜索进度: [26/63]
2025-12-19 00:23:28,080 - INFO - 参数组合: nu=0.100, kernel=poly, gamma=scale
2025-12-19 00:23:28,080 - INFO - ============================================================
2025-12-19 00:23:28,080 - INFO - 训练One-Class SVM: nu=0.1, kernel=poly, gamma=scale
2025-12-19 00:23:28,587 - INFO - One-Class SVM训练完成
2025-12-19 00:23:28,587 - INFO - 在训练集上计算异常分数以确定阈值...
2025-12-19 00:23:28,603 - INFO - 训练集100分位数阈值: 0.000655
2025-12-19 00:23:28,604 - INFO - 训练集分数统计: min=-6.076740, max=0.000655, mean=-0.007706, std=0.158736
2025-12-19 00:23:28,604 - INFO - 在测试集上计算异常分数并评估...
2025-12-19 00:23:28,622 - INFO - ==== Evaluation Result ====
2025-12-19 00:23:28,622 - INFO - One-Class SVM参数: nu=0.100, kernel=poly, gamma=scale
2025-12-19 00:23:28,622 - INFO - Threshold (Train 100th percentile): 0.000655
2025-12-19 00:23:28,622 - INFO - AUC: 0.0272
2025-12-19 00:23:28,622 - INFO - F1 Score: 0.0208
2025-12-19 00:23:28,622 - INFO - Accuracy: 0.9514
2025-12-19 00:23:28,627 - INFO - 预测结果已保存到: ckpt\oneclass_svm_predictions_p100_nu0.100_kernelpoly_gammascale_20251219_002328.csv
2025-12-19 00:23:28,627 - INFO - 
============================================================
2025-12-19 00:23:28,627 - INFO - 网格搜索进度: [27/63]
2025-12-19 00:23:28,627 - INFO - 参数组合: nu=0.100, kernel=sigmoid, gamma=scale
2025-12-19 00:23:28,627 - INFO - ============================================================
2025-12-19 00:23:28,627 - INFO - 训练One-Class SVM: nu=0.1, kernel=sigmoid, gamma=scale
2025-12-19 00:23:28,644 - INFO - One-Class SVM训练完成
2025-12-19 00:23:28,644 - INFO - 在训练集上计算异常分数以确定阈值...
2025-12-19 00:23:28,661 - INFO - 训练集100分位数阈值: 85.051987
2025-12-19 00:23:28,661 - INFO - 训练集分数统计: min=-40.909490, max=85.051987, mean=-12.017113, std=10.987251
2025-12-19 00:23:28,661 - INFO - 在测试集上计算异常分数并评估...
2025-12-19 00:23:28,681 - INFO - ==== Evaluation Result ====
2025-12-19 00:23:28,681 - INFO - One-Class SVM参数: nu=0.100, kernel=sigmoid, gamma=scale
2025-12-19 00:23:28,681 - INFO - Threshold (Train 100th percentile): 85.051987
2025-12-19 00:23:28,681 - INFO - AUC: 0.8296
2025-12-19 00:23:28,681 - INFO - F1 Score: 0.4480
2025-12-19 00:23:28,681 - INFO - Accuracy: 0.9643
2025-12-19 00:23:28,685 - INFO - 预测结果已保存到: ckpt\oneclass_svm_predictions_p100_nu0.100_kernelsigmoid_gammascale_20251219_002328.csv
2025-12-19 00:23:28,685 - INFO - 
============================================================
2025-12-19 00:23:28,685 - INFO - 网格搜索进度: [28/63]
2025-12-19 00:23:28,686 - INFO - 参数组合: nu=0.150, kernel=rbf, gamma=scale
2025-12-19 00:23:28,686 - INFO - ============================================================
2025-12-19 00:23:28,686 - INFO - 训练One-Class SVM: nu=0.15, kernel=rbf, gamma=scale
2025-12-19 00:23:28,703 - INFO - One-Class SVM训练完成
2025-12-19 00:23:28,703 - INFO - 在训练集上计算异常分数以确定阈值...
2025-12-19 00:23:28,752 - INFO - 训练集100分位数阈值: 26.011935
2025-12-19 00:23:28,752 - INFO - 训练集分数统计: min=-12.549946, max=26.011935, mean=-4.557852, std=6.371561
2025-12-19 00:23:28,753 - INFO - 在测试集上计算异常分数并评估...
2025-12-19 00:23:28,805 - INFO - ==== Evaluation Result ====
2025-12-19 00:23:28,806 - INFO - One-Class SVM参数: nu=0.150, kernel=rbf, gamma=scale
2025-12-19 00:23:28,806 - INFO - Threshold (Train 100th percentile): 26.011935
2025-12-19 00:23:28,806 - INFO - AUC: 0.9754
2025-12-19 00:23:28,806 - INFO - F1 Score: 0.6626
2025-12-19 00:23:28,806 - INFO - Accuracy: 0.9715
2025-12-19 00:23:28,809 - INFO - 预测结果已保存到: ckpt\oneclass_svm_predictions_p100_nu0.150_kernelrbf_gammascale_20251219_002328.csv
2025-12-19 00:23:28,810 - INFO - 
============================================================
2025-12-19 00:23:28,810 - INFO - 网格搜索进度: [29/63]
2025-12-19 00:23:28,810 - INFO - 参数组合: nu=0.150, kernel=rbf, gamma=auto
2025-12-19 00:23:28,810 - INFO - ============================================================
2025-12-19 00:23:28,810 - INFO - 训练One-Class SVM: nu=0.15, kernel=rbf, gamma=auto
2025-12-19 00:23:28,827 - INFO - One-Class SVM训练完成
2025-12-19 00:23:28,827 - INFO - 在训练集上计算异常分数以确定阈值...
2025-12-19 00:23:28,874 - INFO - 训练集100分位数阈值: 26.011936
2025-12-19 00:23:28,875 - INFO - 训练集分数统计: min=-12.549946, max=26.011936, mean=-4.557852, std=6.371561
2025-12-19 00:23:28,875 - INFO - 在测试集上计算异常分数并评估...
2025-12-19 00:23:28,930 - INFO - ==== Evaluation Result ====
2025-12-19 00:23:28,930 - INFO - One-Class SVM参数: nu=0.150, kernel=rbf, gamma=auto
2025-12-19 00:23:28,930 - INFO - Threshold (Train 100th percentile): 26.011936
2025-12-19 00:23:28,930 - INFO - AUC: 0.9754
2025-12-19 00:23:28,930 - INFO - F1 Score: 0.6626
2025-12-19 00:23:28,930 - INFO - Accuracy: 0.9715
2025-12-19 00:23:28,934 - INFO - 预测结果已保存到: ckpt\oneclass_svm_predictions_p100_nu0.150_kernelrbf_gammaauto_20251219_002328.csv
2025-12-19 00:23:28,934 - INFO - 
============================================================
2025-12-19 00:23:28,934 - INFO - 网格搜索进度: [30/63]
2025-12-19 00:23:28,934 - INFO - 参数组合: nu=0.150, kernel=rbf, gamma=0.001
2025-12-19 00:23:28,934 - INFO - ============================================================
2025-12-19 00:23:28,934 - INFO - 训练One-Class SVM: nu=0.15, kernel=rbf, gamma=0.001
2025-12-19 00:23:28,950 - INFO - One-Class SVM训练完成
2025-12-19 00:23:28,951 - INFO - 在训练集上计算异常分数以确定阈值...
2025-12-19 00:23:28,998 - INFO - 训练集100分位数阈值: 73.769258
2025-12-19 00:23:28,998 - INFO - 训练集分数统计: min=-2.310696, max=73.769258, mean=-0.606362, std=3.552907
2025-12-19 00:23:28,998 - INFO - 在测试集上计算异常分数并评估...
2025-12-19 00:23:29,051 - INFO - ==== Evaluation Result ====
2025-12-19 00:23:29,052 - INFO - One-Class SVM参数: nu=0.150, kernel=rbf, gamma=0.001
2025-12-19 00:23:29,052 - INFO - Threshold (Train 100th percentile): 73.769258
2025-12-19 00:23:29,052 - INFO - AUC: 0.9783
2025-12-19 00:23:29,052 - INFO - F1 Score: 0.5152
2025-12-19 00:23:29,052 - INFO - Accuracy: 0.9669
2025-12-19 00:23:29,057 - INFO - 预测结果已保存到: ckpt\oneclass_svm_predictions_p100_nu0.150_kernelrbf_gamma0.001_20251219_002329.csv
2025-12-19 00:23:29,057 - INFO - 
============================================================
2025-12-19 00:23:29,057 - INFO - 网格搜索进度: [31/63]
2025-12-19 00:23:29,057 - INFO - 参数组合: nu=0.150, kernel=rbf, gamma=0.01
2025-12-19 00:23:29,057 - INFO - ============================================================
2025-12-19 00:23:29,058 - INFO - 训练One-Class SVM: nu=0.15, kernel=rbf, gamma=0.01
2025-12-19 00:23:29,075 - INFO - One-Class SVM训练完成
2025-12-19 00:23:29,075 - INFO - 在训练集上计算异常分数以确定阈值...
2025-12-19 00:23:29,123 - INFO - 训练集100分位数阈值: 197.533716
2025-12-19 00:23:29,123 - INFO - 训练集分数统计: min=-16.386894, max=197.533716, mean=-5.069926, std=16.293841
2025-12-19 00:23:29,123 - INFO - 在测试集上计算异常分数并评估...
2025-12-19 00:23:29,177 - INFO - ==== Evaluation Result ====
2025-12-19 00:23:29,177 - INFO - One-Class SVM参数: nu=0.150, kernel=rbf, gamma=0.01
2025-12-19 00:23:29,177 - INFO - Threshold (Train 100th percentile): 197.533716
2025-12-19 00:23:29,178 - INFO - AUC: 0.9778
2025-12-19 00:23:29,178 - INFO - F1 Score: 0.5191
2025-12-19 00:23:29,178 - INFO - Accuracy: 0.9674
2025-12-19 00:23:29,181 - INFO - 预测结果已保存到: ckpt\oneclass_svm_predictions_p100_nu0.150_kernelrbf_gamma0.01_20251219_002329.csv
2025-12-19 00:23:29,181 - INFO - 
============================================================
2025-12-19 00:23:29,182 - INFO - 网格搜索进度: [32/63]
2025-12-19 00:23:29,182 - INFO - 参数组合: nu=0.150, kernel=rbf, gamma=0.1
2025-12-19 00:23:29,182 - INFO - ============================================================
2025-12-19 00:23:29,182 - INFO - 训练One-Class SVM: nu=0.15, kernel=rbf, gamma=0.1
2025-12-19 00:23:29,198 - INFO - One-Class SVM训练完成
2025-12-19 00:23:29,199 - INFO - 在训练集上计算异常分数以确定阈值...
2025-12-19 00:23:29,274 - INFO - 训练集100分位数阈值: 49.240932
2025-12-19 00:23:29,274 - INFO - 训练集分数统计: min=-20.485824, max=49.240932, mean=-7.684416, std=11.056024
2025-12-19 00:23:29,274 - INFO - 在测试集上计算异常分数并评估...
2025-12-19 00:23:29,339 - INFO - ==== Evaluation Result ====
2025-12-19 00:23:29,339 - INFO - One-Class SVM参数: nu=0.150, kernel=rbf, gamma=0.1
2025-12-19 00:23:29,339 - INFO - Threshold (Train 100th percentile): 49.240932
2025-12-19 00:23:29,340 - INFO - AUC: 0.9763
2025-12-19 00:23:29,340 - INFO - F1 Score: 0.6309
2025-12-19 00:23:29,340 - INFO - Accuracy: 0.9715
2025-12-19 00:23:29,343 - INFO - 预测结果已保存到: ckpt\oneclass_svm_predictions_p100_nu0.150_kernelrbf_gamma0.1_20251219_002329.csv
2025-12-19 00:23:29,343 - INFO - 
============================================================
2025-12-19 00:23:29,343 - INFO - 网格搜索进度: [33/63]
2025-12-19 00:23:29,343 - INFO - 参数组合: nu=0.150, kernel=rbf, gamma=1.0
2025-12-19 00:23:29,344 - INFO - ============================================================
2025-12-19 00:23:29,344 - INFO - 训练One-Class SVM: nu=0.15, kernel=rbf, gamma=1.0
2025-12-19 00:23:29,373 - INFO - One-Class SVM训练完成
2025-12-19 00:23:29,373 - INFO - 在训练集上计算异常分数以确定阈值...
2025-12-19 00:23:29,455 - INFO - 训练集100分位数阈值: 0.808691
2025-12-19 00:23:29,456 - INFO - 训练集分数统计: min=-0.517953, max=0.808691, mean=-0.098146, std=0.191023
2025-12-19 00:23:29,456 - INFO - 在测试集上计算异常分数并评估...
2025-12-19 00:23:29,545 - INFO - ==== Evaluation Result ====
2025-12-19 00:23:29,545 - INFO - One-Class SVM参数: nu=0.150, kernel=rbf, gamma=1.0
2025-12-19 00:23:29,545 - INFO - Threshold (Train 100th percentile): 0.808691
2025-12-19 00:23:29,546 - INFO - AUC: 0.9803
2025-12-19 00:23:29,546 - INFO - F1 Score: 0.5607
2025-12-19 00:23:29,546 - INFO - Accuracy: 0.9271
2025-12-19 00:23:29,550 - INFO - 预测结果已保存到: ckpt\oneclass_svm_predictions_p100_nu0.150_kernelrbf_gamma1.0_20251219_002329.csv
2025-12-19 00:23:29,550 - INFO - 
============================================================
2025-12-19 00:23:29,550 - INFO - 网格搜索进度: [34/63]
2025-12-19 00:23:29,550 - INFO - 参数组合: nu=0.150, kernel=linear, gamma=scale
2025-12-19 00:23:29,550 - INFO - ============================================================
2025-12-19 00:23:29,550 - INFO - 训练One-Class SVM: nu=0.15, kernel=linear, gamma=scale
2025-12-19 00:23:29,558 - INFO - One-Class SVM训练完成
2025-12-19 00:23:29,558 - INFO - 在训练集上计算异常分数以确定阈值...
2025-12-19 00:23:29,572 - INFO - 训练集100分位数阈值: 0.000321
2025-12-19 00:23:29,573 - INFO - 训练集分数统计: min=-0.000112, max=0.000321, mean=-0.000012, std=0.000025
2025-12-19 00:23:29,573 - INFO - 在测试集上计算异常分数并评估...
2025-12-19 00:23:29,591 - INFO - ==== Evaluation Result ====
2025-12-19 00:23:29,591 - INFO - One-Class SVM参数: nu=0.150, kernel=linear, gamma=scale
2025-12-19 00:23:29,592 - INFO - Threshold (Train 100th percentile): 0.000321
2025-12-19 00:23:29,592 - INFO - AUC: 0.7157
2025-12-19 00:23:29,592 - INFO - F1 Score: 0.0000
2025-12-19 00:23:29,592 - INFO - Accuracy: 0.9514
2025-12-19 00:23:29,596 - INFO - 预测结果已保存到: ckpt\oneclass_svm_predictions_p100_nu0.150_kernellinear_gammascale_20251219_002329.csv
2025-12-19 00:23:29,596 - INFO - 
============================================================
2025-12-19 00:23:29,596 - INFO - 网格搜索进度: [35/63]
2025-12-19 00:23:29,596 - INFO - 参数组合: nu=0.150, kernel=poly, gamma=scale
2025-12-19 00:23:29,596 - INFO - ============================================================
2025-12-19 00:23:29,596 - INFO - 训练One-Class SVM: nu=0.15, kernel=poly, gamma=scale
2025-12-19 00:23:30,228 - INFO - One-Class SVM训练完成
2025-12-19 00:23:30,228 - INFO - 在训练集上计算异常分数以确定阈值...
2025-12-19 00:23:30,245 - INFO - 训练集100分位数阈值: 0.000804
2025-12-19 00:23:30,245 - INFO - 训练集分数统计: min=-6.556205, max=0.000804, mean=-0.008267, std=0.170499
2025-12-19 00:23:30,245 - INFO - 在测试集上计算异常分数并评估...
2025-12-19 00:23:30,268 - INFO - ==== Evaluation Result ====
2025-12-19 00:23:30,268 - INFO - One-Class SVM参数: nu=0.150, kernel=poly, gamma=scale
2025-12-19 00:23:30,269 - INFO - Threshold (Train 100th percentile): 0.000804
2025-12-19 00:23:30,269 - INFO - AUC: 0.0282
2025-12-19 00:23:30,269 - INFO - F1 Score: 0.0206
2025-12-19 00:23:30,269 - INFO - Accuracy: 0.9509
2025-12-19 00:23:30,273 - INFO - 预测结果已保存到: ckpt\oneclass_svm_predictions_p100_nu0.150_kernelpoly_gammascale_20251219_002330.csv
2025-12-19 00:23:30,273 - INFO - 
============================================================
2025-12-19 00:23:30,273 - INFO - 网格搜索进度: [36/63]
2025-12-19 00:23:30,273 - INFO - 参数组合: nu=0.150, kernel=sigmoid, gamma=scale
2025-12-19 00:23:30,274 - INFO - ============================================================
2025-12-19 00:23:30,274 - INFO - 训练One-Class SVM: nu=0.15, kernel=sigmoid, gamma=scale
2025-12-19 00:23:30,298 - INFO - One-Class SVM训练完成
2025-12-19 00:23:30,298 - INFO - 在训练集上计算异常分数以确定阈值...
2025-12-19 00:23:30,321 - INFO - 训练集100分位数阈值: 130.664426
2025-12-19 00:23:30,321 - INFO - 训练集分数统计: min=-48.977847, max=130.664426, mean=-10.300098, std=14.127621
2025-12-19 00:23:30,322 - INFO - 在测试集上计算异常分数并评估...
2025-12-19 00:23:30,350 - INFO - ==== Evaluation Result ====
2025-12-19 00:23:30,350 - INFO - One-Class SVM参数: nu=0.150, kernel=sigmoid, gamma=scale
2025-12-19 00:23:30,351 - INFO - Threshold (Train 100th percentile): 130.664426
2025-12-19 00:23:30,351 - INFO - AUC: 0.8415
2025-12-19 00:23:30,351 - INFO - F1 Score: 0.4480
2025-12-19 00:23:30,351 - INFO - Accuracy: 0.9643
2025-12-19 00:23:30,355 - INFO - 预测结果已保存到: ckpt\oneclass_svm_predictions_p100_nu0.150_kernelsigmoid_gammascale_20251219_002330.csv
2025-12-19 00:23:30,355 - INFO - 
============================================================
2025-12-19 00:23:30,355 - INFO - 网格搜索进度: [37/63]
2025-12-19 00:23:30,355 - INFO - 参数组合: nu=0.200, kernel=rbf, gamma=scale
2025-12-19 00:23:30,356 - INFO - ============================================================
2025-12-19 00:23:30,356 - INFO - 训练One-Class SVM: nu=0.2, kernel=rbf, gamma=scale
2025-12-19 00:23:30,377 - INFO - One-Class SVM训练完成
2025-12-19 00:23:30,377 - INFO - 在训练集上计算异常分数以确定阈值...
2025-12-19 00:23:30,442 - INFO - 训练集100分位数阈值: 45.590616
2025-12-19 00:23:30,443 - INFO - 训练集分数统计: min=-20.008371, max=45.590616, mean=-5.609960, std=12.118216
2025-12-19 00:23:30,443 - INFO - 在测试集上计算异常分数并评估...
2025-12-19 00:23:30,515 - INFO - ==== Evaluation Result ====
2025-12-19 00:23:30,515 - INFO - One-Class SVM参数: nu=0.200, kernel=rbf, gamma=scale
2025-12-19 00:23:30,515 - INFO - Threshold (Train 100th percentile): 45.590616
2025-12-19 00:23:30,515 - INFO - AUC: 0.9759
2025-12-19 00:23:30,515 - INFO - F1 Score: 0.6626
2025-12-19 00:23:30,516 - INFO - Accuracy: 0.9715
2025-12-19 00:23:30,520 - INFO - 预测结果已保存到: ckpt\oneclass_svm_predictions_p100_nu0.200_kernelrbf_gammascale_20251219_002330.csv
2025-12-19 00:23:30,520 - INFO - 
============================================================
2025-12-19 00:23:30,520 - INFO - 网格搜索进度: [38/63]
2025-12-19 00:23:30,520 - INFO - 参数组合: nu=0.200, kernel=rbf, gamma=auto
2025-12-19 00:23:30,520 - INFO - ============================================================
2025-12-19 00:23:30,520 - INFO - 训练One-Class SVM: nu=0.2, kernel=rbf, gamma=auto
2025-12-19 00:23:30,541 - INFO - One-Class SVM训练完成
2025-12-19 00:23:30,542 - INFO - 在训练集上计算异常分数以确定阈值...
2025-12-19 00:23:30,609 - INFO - 训练集100分位数阈值: 45.590616
2025-12-19 00:23:30,609 - INFO - 训练集分数统计: min=-20.008371, max=45.590616, mean=-5.609960, std=12.118216
2025-12-19 00:23:30,609 - INFO - 在测试集上计算异常分数并评估...
2025-12-19 00:23:30,679 - INFO - ==== Evaluation Result ====
2025-12-19 00:23:30,679 - INFO - One-Class SVM参数: nu=0.200, kernel=rbf, gamma=auto
2025-12-19 00:23:30,679 - INFO - Threshold (Train 100th percentile): 45.590616
2025-12-19 00:23:30,680 - INFO - AUC: 0.9759
2025-12-19 00:23:30,680 - INFO - F1 Score: 0.6626
2025-12-19 00:23:30,680 - INFO - Accuracy: 0.9715
2025-12-19 00:23:30,684 - INFO - 预测结果已保存到: ckpt\oneclass_svm_predictions_p100_nu0.200_kernelrbf_gammaauto_20251219_002330.csv
2025-12-19 00:23:30,685 - INFO - 
============================================================
2025-12-19 00:23:30,685 - INFO - 网格搜索进度: [39/63]
2025-12-19 00:23:30,685 - INFO - 参数组合: nu=0.200, kernel=rbf, gamma=0.001
2025-12-19 00:23:30,685 - INFO - ============================================================
2025-12-19 00:23:30,685 - INFO - 训练One-Class SVM: nu=0.2, kernel=rbf, gamma=0.001
2025-12-19 00:23:30,708 - INFO - One-Class SVM训练完成
2025-12-19 00:23:30,709 - INFO - 在训练集上计算异常分数以确定阈值...
2025-12-19 00:23:30,773 - INFO - 训练集100分位数阈值: 101.057830
2025-12-19 00:23:30,774 - INFO - 训练集分数统计: min=-2.427971, max=101.057830, mean=-0.239162, std=4.863503
2025-12-19 00:23:30,774 - INFO - 在测试集上计算异常分数并评估...
2025-12-19 00:23:30,849 - INFO - ==== Evaluation Result ====
2025-12-19 00:23:30,849 - INFO - One-Class SVM参数: nu=0.200, kernel=rbf, gamma=0.001
2025-12-19 00:23:30,849 - INFO - Threshold (Train 100th percentile): 101.057830
2025-12-19 00:23:30,850 - INFO - AUC: 0.9780
2025-12-19 00:23:30,850 - INFO - F1 Score: 0.5152
2025-12-19 00:23:30,850 - INFO - Accuracy: 0.9669
2025-12-19 00:23:30,853 - INFO - 预测结果已保存到: ckpt\oneclass_svm_predictions_p100_nu0.200_kernelrbf_gamma0.001_20251219_002330.csv
2025-12-19 00:23:30,853 - INFO - 
============================================================
2025-12-19 00:23:30,854 - INFO - 网格搜索进度: [40/63]
2025-12-19 00:23:30,854 - INFO - 参数组合: nu=0.200, kernel=rbf, gamma=0.01
2025-12-19 00:23:30,854 - INFO - ============================================================
2025-12-19 00:23:30,854 - INFO - 训练One-Class SVM: nu=0.2, kernel=rbf, gamma=0.01
2025-12-19 00:23:30,875 - INFO - One-Class SVM训练完成
2025-12-19 00:23:30,876 - INFO - 在训练集上计算异常分数以确定阈值...
2025-12-19 00:23:30,944 - INFO - 训练集100分位数阈值: 278.079884
2025-12-19 00:23:30,945 - INFO - 训练集分数统计: min=-18.532022, max=278.079884, mean=-3.275662, std=23.111241
2025-12-19 00:23:30,945 - INFO - 在测试集上计算异常分数并评估...
2025-12-19 00:23:31,018 - INFO - ==== Evaluation Result ====
2025-12-19 00:23:31,018 - INFO - One-Class SVM参数: nu=0.200, kernel=rbf, gamma=0.01
2025-12-19 00:23:31,019 - INFO - Threshold (Train 100th percentile): 278.079884
2025-12-19 00:23:31,019 - INFO - AUC: 0.9776
2025-12-19 00:23:31,019 - INFO - F1 Score: 0.5191
2025-12-19 00:23:31,019 - INFO - Accuracy: 0.9674
2025-12-19 00:23:31,022 - INFO - 预测结果已保存到: ckpt\oneclass_svm_predictions_p100_nu0.200_kernelrbf_gamma0.01_20251219_002331.csv
2025-12-19 00:23:31,022 - INFO - 
============================================================
2025-12-19 00:23:31,023 - INFO - 网格搜索进度: [41/63]
2025-12-19 00:23:31,023 - INFO - 参数组合: nu=0.200, kernel=rbf, gamma=0.1
2025-12-19 00:23:31,023 - INFO - ============================================================
2025-12-19 00:23:31,023 - INFO - 训练One-Class SVM: nu=0.2, kernel=rbf, gamma=0.1
2025-12-19 00:23:31,050 - INFO - One-Class SVM训练完成
2025-12-19 00:23:31,050 - INFO - 在训练集上计算异常分数以确定阈值...
2025-12-19 00:23:31,126 - INFO - 训练集100分位数阈值: 82.234837
2025-12-19 00:23:31,126 - INFO - 训练集分数统计: min=-32.107585, max=82.234837, mean=-9.042125, std=19.758948
2025-12-19 00:23:31,126 - INFO - 在测试集上计算异常分数并评估...
2025-12-19 00:23:31,198 - INFO - ==== Evaluation Result ====
2025-12-19 00:23:31,198 - INFO - One-Class SVM参数: nu=0.200, kernel=rbf, gamma=0.1
2025-12-19 00:23:31,198 - INFO - Threshold (Train 100th percentile): 82.234837
2025-12-19 00:23:31,198 - INFO - AUC: 0.9763
2025-12-19 00:23:31,198 - INFO - F1 Score: 0.6309
2025-12-19 00:23:31,198 - INFO - Accuracy: 0.9715
2025-12-19 00:23:31,202 - INFO - 预测结果已保存到: ckpt\oneclass_svm_predictions_p100_nu0.200_kernelrbf_gamma0.1_20251219_002331.csv
2025-12-19 00:23:31,202 - INFO - 
============================================================
2025-12-19 00:23:31,202 - INFO - 网格搜索进度: [42/63]
2025-12-19 00:23:31,202 - INFO - 参数组合: nu=0.200, kernel=rbf, gamma=1.0
2025-12-19 00:23:31,202 - INFO - ============================================================
2025-12-19 00:23:31,202 - INFO - 训练One-Class SVM: nu=0.2, kernel=rbf, gamma=1.0
2025-12-19 00:23:31,230 - INFO - One-Class SVM训练完成
2025-12-19 00:23:31,230 - INFO - 在训练集上计算异常分数以确定阈值...
2025-12-19 00:23:31,318 - INFO - 训练集100分位数阈值: 2.000248
2025-12-19 00:23:31,318 - INFO - 训练集分数统计: min=-0.865378, max=2.000248, mean=-0.092922, std=0.490143
2025-12-19 00:23:31,318 - INFO - 在测试集上计算异常分数并评估...
2025-12-19 00:23:31,412 - INFO - ==== Evaluation Result ====
2025-12-19 00:23:31,413 - INFO - One-Class SVM参数: nu=0.200, kernel=rbf, gamma=1.0
2025-12-19 00:23:31,413 - INFO - Threshold (Train 100th percentile): 2.000248
2025-12-19 00:23:31,413 - INFO - AUC: 0.9804
2025-12-19 00:23:31,413 - INFO - F1 Score: 0.6084
2025-12-19 00:23:31,413 - INFO - Accuracy: 0.9421
2025-12-19 00:23:31,417 - INFO - 预测结果已保存到: ckpt\oneclass_svm_predictions_p100_nu0.200_kernelrbf_gamma1.0_20251219_002331.csv
2025-12-19 00:23:31,417 - INFO - 
============================================================
2025-12-19 00:23:31,417 - INFO - 网格搜索进度: [43/63]
2025-12-19 00:23:31,417 - INFO - 参数组合: nu=0.200, kernel=linear, gamma=scale
2025-12-19 00:23:31,417 - INFO - ============================================================
2025-12-19 00:23:31,418 - INFO - 训练One-Class SVM: nu=0.2, kernel=linear, gamma=scale
2025-12-19 00:23:31,428 - INFO - One-Class SVM训练完成
2025-12-19 00:23:31,429 - INFO - 在训练集上计算异常分数以确定阈值...
2025-12-19 00:23:31,446 - INFO - 训练集100分位数阈值: 0.000350
2025-12-19 00:23:31,447 - INFO - 训练集分数统计: min=-0.000602, max=0.000350, mean=0.000032, std=0.000035
2025-12-19 00:23:31,447 - INFO - 在测试集上计算异常分数并评估...
2025-12-19 00:23:31,471 - INFO - ==== Evaluation Result ====
2025-12-19 00:23:31,472 - INFO - One-Class SVM参数: nu=0.200, kernel=linear, gamma=scale
2025-12-19 00:23:31,472 - INFO - Threshold (Train 100th percentile): 0.000350
2025-12-19 00:23:31,472 - INFO - AUC: 0.9775
2025-12-19 00:23:31,472 - INFO - F1 Score: 0.5152
2025-12-19 00:23:31,472 - INFO - Accuracy: 0.9669
2025-12-19 00:23:31,476 - INFO - 预测结果已保存到: ckpt\oneclass_svm_predictions_p100_nu0.200_kernellinear_gammascale_20251219_002331.csv
2025-12-19 00:23:31,476 - INFO - 
============================================================
2025-12-19 00:23:31,476 - INFO - 网格搜索进度: [44/63]
2025-12-19 00:23:31,477 - INFO - 参数组合: nu=0.200, kernel=poly, gamma=scale
2025-12-19 00:23:31,477 - INFO - ============================================================
2025-12-19 00:23:31,477 - INFO - 训练One-Class SVM: nu=0.2, kernel=poly, gamma=scale
2025-12-19 00:23:32,081 - INFO - One-Class SVM训练完成
2025-12-19 00:23:32,082 - INFO - 在训练集上计算异常分数以确定阈值...
2025-12-19 00:23:32,104 - INFO - 训练集100分位数阈值: 0.000926
2025-12-19 00:23:32,105 - INFO - 训练集分数统计: min=-7.435377, max=0.000926, mean=-0.009655, std=0.195455
2025-12-19 00:23:32,105 - INFO - 在测试集上计算异常分数并评估...
2025-12-19 00:23:32,131 - INFO - ==== Evaluation Result ====
2025-12-19 00:23:32,131 - INFO - One-Class SVM参数: nu=0.200, kernel=poly, gamma=scale
2025-12-19 00:23:32,131 - INFO - Threshold (Train 100th percentile): 0.000926
2025-12-19 00:23:32,131 - INFO - AUC: 0.0288
2025-12-19 00:23:32,131 - INFO - F1 Score: 0.0202
2025-12-19 00:23:32,131 - INFO - Accuracy: 0.9498
2025-12-19 00:23:32,135 - INFO - 预测结果已保存到: ckpt\oneclass_svm_predictions_p100_nu0.200_kernelpoly_gammascale_20251219_002332.csv
2025-12-19 00:23:32,136 - INFO - 
============================================================
2025-12-19 00:23:32,136 - INFO - 网格搜索进度: [45/63]
2025-12-19 00:23:32,136 - INFO - 参数组合: nu=0.200, kernel=sigmoid, gamma=scale
2025-12-19 00:23:32,136 - INFO - ============================================================
2025-12-19 00:23:32,136 - INFO - 训练One-Class SVM: nu=0.2, kernel=sigmoid, gamma=scale
2025-12-19 00:23:32,167 - INFO - One-Class SVM训练完成
2025-12-19 00:23:32,167 - INFO - 在训练集上计算异常分数以确定阈值...
2025-12-19 00:23:32,198 - INFO - 训练集100分位数阈值: 165.281348
2025-12-19 00:23:32,198 - INFO - 训练集分数统计: min=-59.857907, max=165.281348, mean=-8.176945, std=16.755413
2025-12-19 00:23:32,199 - INFO - 在测试集上计算异常分数并评估...
2025-12-19 00:23:32,236 - INFO - ==== Evaluation Result ====
2025-12-19 00:23:32,236 - INFO - One-Class SVM参数: nu=0.200, kernel=sigmoid, gamma=scale
2025-12-19 00:23:32,236 - INFO - Threshold (Train 100th percentile): 165.281348
2025-12-19 00:23:32,237 - INFO - AUC: 0.8326
2025-12-19 00:23:32,237 - INFO - F1 Score: 0.4355
2025-12-19 00:23:32,237 - INFO - Accuracy: 0.9638
2025-12-19 00:23:32,241 - INFO - 预测结果已保存到: ckpt\oneclass_svm_predictions_p100_nu0.200_kernelsigmoid_gammascale_20251219_002332.csv
2025-12-19 00:23:32,241 - INFO - 
============================================================
2025-12-19 00:23:32,241 - INFO - 网格搜索进度: [46/63]
2025-12-19 00:23:32,241 - INFO - 参数组合: nu=0.250, kernel=rbf, gamma=scale
2025-12-19 00:23:32,241 - INFO - ============================================================
2025-12-19 00:23:32,241 - INFO - 训练One-Class SVM: nu=0.25, kernel=rbf, gamma=scale
2025-12-19 00:23:32,266 - INFO - One-Class SVM训练完成
2025-12-19 00:23:32,267 - INFO - 在训练集上计算异常分数以确定阈值...
2025-12-19 00:23:32,348 - INFO - 训练集100分位数阈值: 69.818661
2025-12-19 00:23:32,348 - INFO - 训练集分数统计: min=-29.506764, max=69.818661, mean=-5.667268, std=19.549508
2025-12-19 00:23:32,349 - INFO - 在测试集上计算异常分数并评估...
2025-12-19 00:23:32,434 - INFO - ==== Evaluation Result ====
2025-12-19 00:23:32,434 - INFO - One-Class SVM参数: nu=0.250, kernel=rbf, gamma=scale
2025-12-19 00:23:32,434 - INFO - Threshold (Train 100th percentile): 69.818661
2025-12-19 00:23:32,435 - INFO - AUC: 0.9759
2025-12-19 00:23:32,435 - INFO - F1 Score: 0.6626
2025-12-19 00:23:32,435 - INFO - Accuracy: 0.9715
2025-12-19 00:23:32,438 - INFO - 预测结果已保存到: ckpt\oneclass_svm_predictions_p100_nu0.250_kernelrbf_gammascale_20251219_002332.csv
2025-12-19 00:23:32,438 - INFO - 
============================================================
2025-12-19 00:23:32,439 - INFO - 网格搜索进度: [47/63]
2025-12-19 00:23:32,439 - INFO - 参数组合: nu=0.250, kernel=rbf, gamma=auto
2025-12-19 00:23:32,439 - INFO - ============================================================
2025-12-19 00:23:32,439 - INFO - 训练One-Class SVM: nu=0.25, kernel=rbf, gamma=auto
2025-12-19 00:23:32,465 - INFO - One-Class SVM训练完成
2025-12-19 00:23:32,465 - INFO - 在训练集上计算异常分数以确定阈值...
2025-12-19 00:23:32,544 - INFO - 训练集100分位数阈值: 69.818662
2025-12-19 00:23:32,545 - INFO - 训练集分数统计: min=-29.506764, max=69.818662, mean=-5.667268, std=19.549508
2025-12-19 00:23:32,545 - INFO - 在测试集上计算异常分数并评估...
2025-12-19 00:23:32,634 - INFO - ==== Evaluation Result ====
2025-12-19 00:23:32,634 - INFO - One-Class SVM参数: nu=0.250, kernel=rbf, gamma=auto
2025-12-19 00:23:32,634 - INFO - Threshold (Train 100th percentile): 69.818662
2025-12-19 00:23:32,634 - INFO - AUC: 0.9759
2025-12-19 00:23:32,634 - INFO - F1 Score: 0.6626
2025-12-19 00:23:32,634 - INFO - Accuracy: 0.9715
2025-12-19 00:23:32,637 - INFO - 预测结果已保存到: ckpt\oneclass_svm_predictions_p100_nu0.250_kernelrbf_gammaauto_20251219_002332.csv
2025-12-19 00:23:32,638 - INFO - 
============================================================
2025-12-19 00:23:32,638 - INFO - 网格搜索进度: [48/63]
2025-12-19 00:23:32,638 - INFO - 参数组合: nu=0.250, kernel=rbf, gamma=0.001
2025-12-19 00:23:32,638 - INFO - ============================================================
2025-12-19 00:23:32,638 - INFO - 训练One-Class SVM: nu=0.25, kernel=rbf, gamma=0.001
2025-12-19 00:23:32,664 - INFO - One-Class SVM训练完成
2025-12-19 00:23:32,664 - INFO - 在训练集上计算异常分数以确定阈值...
2025-12-19 00:23:32,745 - INFO - 训练集100分位数阈值: 128.189482
2025-12-19 00:23:32,745 - INFO - 训练集分数统计: min=-2.548587, max=128.189482, mean=0.130878, std=6.179495
2025-12-19 00:23:32,745 - INFO - 在测试集上计算异常分数并评估...
2025-12-19 00:23:32,830 - INFO - ==== Evaluation Result ====
2025-12-19 00:23:32,831 - INFO - One-Class SVM参数: nu=0.250, kernel=rbf, gamma=0.001
2025-12-19 00:23:32,831 - INFO - Threshold (Train 100th percentile): 128.189482
2025-12-19 00:23:32,831 - INFO - AUC: 0.9776
2025-12-19 00:23:32,831 - INFO - F1 Score: 0.5191
2025-12-19 00:23:32,831 - INFO - Accuracy: 0.9674
2025-12-19 00:23:32,835 - INFO - 预测结果已保存到: ckpt\oneclass_svm_predictions_p100_nu0.250_kernelrbf_gamma0.001_20251219_002332.csv
2025-12-19 00:23:32,835 - INFO - 
============================================================
2025-12-19 00:23:32,835 - INFO - 网格搜索进度: [49/63]
2025-12-19 00:23:32,836 - INFO - 参数组合: nu=0.250, kernel=rbf, gamma=0.01
2025-12-19 00:23:32,836 - INFO - ============================================================
2025-12-19 00:23:32,836 - INFO - 训练One-Class SVM: nu=0.25, kernel=rbf, gamma=0.01
2025-12-19 00:23:32,863 - INFO - One-Class SVM训练完成
2025-12-19 00:23:32,863 - INFO - 在训练集上计算异常分数以确定阈值...
2025-12-19 00:23:32,944 - INFO - 训练集100分位数阈值: 360.490012
2025-12-19 00:23:32,944 - INFO - 训练集分数统计: min=-20.081430, max=360.490012, mean=-0.720390, std=30.238597
2025-12-19 00:23:32,944 - INFO - 在测试集上计算异常分数并评估...
2025-12-19 00:23:33,033 - INFO - ==== Evaluation Result ====
2025-12-19 00:23:33,034 - INFO - One-Class SVM参数: nu=0.250, kernel=rbf, gamma=0.01
2025-12-19 00:23:33,034 - INFO - Threshold (Train 100th percentile): 360.490012
2025-12-19 00:23:33,034 - INFO - AUC: 0.9770
2025-12-19 00:23:33,034 - INFO - F1 Score: 0.5191
2025-12-19 00:23:33,034 - INFO - Accuracy: 0.9674
2025-12-19 00:23:33,038 - INFO - 预测结果已保存到: ckpt\oneclass_svm_predictions_p100_nu0.250_kernelrbf_gamma0.01_20251219_002333.csv
2025-12-19 00:23:33,038 - INFO - 
============================================================
2025-12-19 00:23:33,038 - INFO - 网格搜索进度: [50/63]
2025-12-19 00:23:33,038 - INFO - 参数组合: nu=0.250, kernel=rbf, gamma=0.1
2025-12-19 00:23:33,038 - INFO - ============================================================
2025-12-19 00:23:33,040 - INFO - 训练One-Class SVM: nu=0.25, kernel=rbf, gamma=0.1
2025-12-19 00:23:33,066 - INFO - One-Class SVM训练完成
2025-12-19 00:23:33,066 - INFO - 在训练集上计算异常分数以确定阈值...
2025-12-19 00:23:33,144 - INFO - 训练集100分位数阈值: 121.584912
2025-12-19 00:23:33,144 - INFO - 训练集分数统计: min=-42.820298, max=121.584912, mean=-7.771623, std=29.978835
2025-12-19 00:23:33,145 - INFO - 在测试集上计算异常分数并评估...
2025-12-19 00:23:33,228 - INFO - ==== Evaluation Result ====
2025-12-19 00:23:33,229 - INFO - One-Class SVM参数: nu=0.250, kernel=rbf, gamma=0.1
2025-12-19 00:23:33,229 - INFO - Threshold (Train 100th percentile): 121.584912
2025-12-19 00:23:33,229 - INFO - AUC: 0.9764
2025-12-19 00:23:33,229 - INFO - F1 Score: 0.6351
2025-12-19 00:23:33,229 - INFO - Accuracy: 0.9721
2025-12-19 00:23:33,233 - INFO - 预测结果已保存到: ckpt\oneclass_svm_predictions_p100_nu0.250_kernelrbf_gamma0.1_20251219_002333.csv
2025-12-19 00:23:33,233 - INFO - 
============================================================
2025-12-19 00:23:33,233 - INFO - 网格搜索进度: [51/63]
2025-12-19 00:23:33,233 - INFO - 参数组合: nu=0.250, kernel=rbf, gamma=1.0
2025-12-19 00:23:33,233 - INFO - ============================================================
2025-12-19 00:23:33,233 - INFO - 训练One-Class SVM: nu=0.25, kernel=rbf, gamma=1.0
2025-12-19 00:23:33,267 - INFO - One-Class SVM训练完成
2025-12-19 00:23:33,267 - INFO - 在训练集上计算异常分数以确定阈值...
2025-12-19 00:23:33,361 - INFO - 训练集100分位数阈值: 3.744264
2025-12-19 00:23:33,361 - INFO - 训练集分数统计: min=-1.188409, max=3.744264, mean=0.002024, std=1.006097
2025-12-19 00:23:33,361 - INFO - 在测试集上计算异常分数并评估...
2025-12-19 00:23:33,466 - INFO - ==== Evaluation Result ====
2025-12-19 00:23:33,466 - INFO - One-Class SVM参数: nu=0.250, kernel=rbf, gamma=1.0
2025-12-19 00:23:33,466 - INFO - Threshold (Train 100th percentile): 3.744264
2025-12-19 00:23:33,466 - INFO - AUC: 0.9801
2025-12-19 00:23:33,466 - INFO - F1 Score: 0.6148
2025-12-19 00:23:33,466 - INFO - Accuracy: 0.9436
2025-12-19 00:23:33,470 - INFO - 预测结果已保存到: ckpt\oneclass_svm_predictions_p100_nu0.250_kernelrbf_gamma1.0_20251219_002333.csv
2025-12-19 00:23:33,470 - INFO - 
============================================================
2025-12-19 00:23:33,470 - INFO - 网格搜索进度: [52/63]
2025-12-19 00:23:33,470 - INFO - 参数组合: nu=0.250, kernel=linear, gamma=scale
2025-12-19 00:23:33,470 - INFO - ============================================================
2025-12-19 00:23:33,470 - INFO - 训练One-Class SVM: nu=0.25, kernel=linear, gamma=scale
2025-12-19 00:23:33,483 - INFO - One-Class SVM训练完成
2025-12-19 00:23:33,484 - INFO - 在训练集上计算异常分数以确定阈值...
2025-12-19 00:23:33,505 - INFO - 训练集100分位数阈值: 0.000360
2025-12-19 00:23:33,505 - INFO - 训练集分数统计: min=-0.000678, max=0.000360, mean=-0.000000, std=0.000070
2025-12-19 00:23:33,505 - INFO - 在测试集上计算异常分数并评估...
2025-12-19 00:23:33,531 - INFO - ==== Evaluation Result ====
2025-12-19 00:23:33,531 - INFO - One-Class SVM参数: nu=0.250, kernel=linear, gamma=scale
2025-12-19 00:23:33,531 - INFO - Threshold (Train 100th percentile): 0.000360
2025-12-19 00:23:33,531 - INFO - AUC: 0.9773
2025-12-19 00:23:33,531 - INFO - F1 Score: 0.2075
2025-12-19 00:23:33,531 - INFO - Accuracy: 0.9565
2025-12-19 00:23:33,535 - INFO - 预测结果已保存到: ckpt\oneclass_svm_predictions_p100_nu0.250_kernellinear_gammascale_20251219_002333.csv
2025-12-19 00:23:33,535 - INFO - 
============================================================
2025-12-19 00:23:33,535 - INFO - 网格搜索进度: [53/63]
2025-12-19 00:23:33,535 - INFO - 参数组合: nu=0.250, kernel=poly, gamma=scale
2025-12-19 00:23:33,535 - INFO - ============================================================
2025-12-19 00:23:33,535 - INFO - 训练One-Class SVM: nu=0.25, kernel=poly, gamma=scale
2025-12-19 00:23:34,132 - INFO - One-Class SVM训练完成
2025-12-19 00:23:34,132 - INFO - 在训练集上计算异常分数以确定阈值...
2025-12-19 00:23:34,158 - INFO - 训练集100分位数阈值: 0.001037
2025-12-19 00:23:34,158 - INFO - 训练集分数统计: min=-7.648642, max=0.001037, mean=-0.010152, std=0.201852
2025-12-19 00:23:34,158 - INFO - 在测试集上计算异常分数并评估...
2025-12-19 00:23:34,190 - INFO - ==== Evaluation Result ====
2025-12-19 00:23:34,190 - INFO - One-Class SVM参数: nu=0.250, kernel=poly, gamma=scale
2025-12-19 00:23:34,190 - INFO - Threshold (Train 100th percentile): 0.001037
2025-12-19 00:23:34,190 - INFO - AUC: 0.0291
2025-12-19 00:23:34,190 - INFO - F1 Score: 0.0202
2025-12-19 00:23:34,190 - INFO - Accuracy: 0.9498
2025-12-19 00:23:34,194 - INFO - 预测结果已保存到: ckpt\oneclass_svm_predictions_p100_nu0.250_kernelpoly_gammascale_20251219_002334.csv
2025-12-19 00:23:34,194 - INFO - 
============================================================
2025-12-19 00:23:34,194 - INFO - 网格搜索进度: [54/63]
2025-12-19 00:23:34,194 - INFO - 参数组合: nu=0.250, kernel=sigmoid, gamma=scale
2025-12-19 00:23:34,195 - INFO - ============================================================
2025-12-19 00:23:34,195 - INFO - 训练One-Class SVM: nu=0.25, kernel=sigmoid, gamma=scale
2025-12-19 00:23:34,236 - INFO - One-Class SVM训练完成
2025-12-19 00:23:34,236 - INFO - 在训练集上计算异常分数以确定阈值...
2025-12-19 00:23:34,275 - INFO - 训练集100分位数阈值: 203.443384
2025-12-19 00:23:34,275 - INFO - 训练集分数统计: min=-72.046921, max=203.443384, mean=-5.133161, std=19.553008
2025-12-19 00:23:34,275 - INFO - 在测试集上计算异常分数并评估...
2025-12-19 00:23:34,318 - INFO - ==== Evaluation Result ====
2025-12-19 00:23:34,319 - INFO - One-Class SVM参数: nu=0.250, kernel=sigmoid, gamma=scale
2025-12-19 00:23:34,319 - INFO - Threshold (Train 100th percentile): 203.443384
2025-12-19 00:23:34,319 - INFO - AUC: 0.8346
2025-12-19 00:23:34,319 - INFO - F1 Score: 0.4098
2025-12-19 00:23:34,319 - INFO - Accuracy: 0.9628
2025-12-19 00:23:34,323 - INFO - 预测结果已保存到: ckpt\oneclass_svm_predictions_p100_nu0.250_kernelsigmoid_gammascale_20251219_002334.csv
2025-12-19 00:23:34,323 - INFO - 
============================================================
2025-12-19 00:23:34,323 - INFO - 网格搜索进度: [55/63]
2025-12-19 00:23:34,323 - INFO - 参数组合: nu=0.300, kernel=rbf, gamma=scale
2025-12-19 00:23:34,323 - INFO - ============================================================
2025-12-19 00:23:34,324 - INFO - 训练One-Class SVM: nu=0.3, kernel=rbf, gamma=scale
2025-12-19 00:23:34,354 - INFO - One-Class SVM训练完成
2025-12-19 00:23:34,354 - INFO - 在训练集上计算异常分数以确定阈值...
2025-12-19 00:23:34,452 - INFO - 训练集100分位数阈值: 99.636765
2025-12-19 00:23:34,453 - INFO - 训练集分数统计: min=-40.041619, max=99.636765, mean=-4.020702, std=29.020941
2025-12-19 00:23:34,453 - INFO - 在测试集上计算异常分数并评估...
2025-12-19 00:23:34,558 - INFO - ==== Evaluation Result ====
2025-12-19 00:23:34,559 - INFO - One-Class SVM参数: nu=0.300, kernel=rbf, gamma=scale
2025-12-19 00:23:34,559 - INFO - Threshold (Train 100th percentile): 99.636765
2025-12-19 00:23:34,559 - INFO - AUC: 0.9756
2025-12-19 00:23:34,559 - INFO - F1 Score: 0.6667
2025-12-19 00:23:34,559 - INFO - Accuracy: 0.9721
2025-12-19 00:23:34,563 - INFO - 预测结果已保存到: ckpt\oneclass_svm_predictions_p100_nu0.300_kernelrbf_gammascale_20251219_002334.csv
2025-12-19 00:23:34,563 - INFO - 
============================================================
2025-12-19 00:23:34,563 - INFO - 网格搜索进度: [56/63]
2025-12-19 00:23:34,563 - INFO - 参数组合: nu=0.300, kernel=rbf, gamma=auto
2025-12-19 00:23:34,563 - INFO - ============================================================
2025-12-19 00:23:34,563 - INFO - 训练One-Class SVM: nu=0.3, kernel=rbf, gamma=auto
2025-12-19 00:23:34,595 - INFO - One-Class SVM训练完成
2025-12-19 00:23:34,595 - INFO - 在训练集上计算异常分数以确定阈值...
2025-12-19 00:23:34,691 - INFO - 训练集100分位数阈值: 99.636765
2025-12-19 00:23:34,691 - INFO - 训练集分数统计: min=-40.041619, max=99.636765, mean=-4.020702, std=29.020941
2025-12-19 00:23:34,691 - INFO - 在测试集上计算异常分数并评估...
2025-12-19 00:23:34,793 - INFO - ==== Evaluation Result ====
2025-12-19 00:23:34,794 - INFO - One-Class SVM参数: nu=0.300, kernel=rbf, gamma=auto
2025-12-19 00:23:34,794 - INFO - Threshold (Train 100th percentile): 99.636765
2025-12-19 00:23:34,794 - INFO - AUC: 0.9756
2025-12-19 00:23:34,794 - INFO - F1 Score: 0.6667
2025-12-19 00:23:34,794 - INFO - Accuracy: 0.9721
2025-12-19 00:23:34,797 - INFO - 预测结果已保存到: ckpt\oneclass_svm_predictions_p100_nu0.300_kernelrbf_gammaauto_20251219_002334.csv
2025-12-19 00:23:34,797 - INFO - 
============================================================
2025-12-19 00:23:34,797 - INFO - 网格搜索进度: [57/63]
2025-12-19 00:23:34,798 - INFO - 参数组合: nu=0.300, kernel=rbf, gamma=0.001
2025-12-19 00:23:34,798 - INFO - ============================================================
2025-12-19 00:23:34,798 - INFO - 训练One-Class SVM: nu=0.3, kernel=rbf, gamma=0.001
2025-12-19 00:23:34,828 - INFO - One-Class SVM训练完成
2025-12-19 00:23:34,828 - INFO - 在训练集上计算异常分数以确定阈值...
2025-12-19 00:23:34,924 - INFO - 训练集100分位数阈值: 155.338770
2025-12-19 00:23:34,924 - INFO - 训练集分数统计: min=-2.633639, max=155.338770, mean=0.555171, std=7.517585
2025-12-19 00:23:34,925 - INFO - 在测试集上计算异常分数并评估...
2025-12-19 00:23:35,027 - INFO - ==== Evaluation Result ====
2025-12-19 00:23:35,027 - INFO - One-Class SVM参数: nu=0.300, kernel=rbf, gamma=0.001
2025-12-19 00:23:35,027 - INFO - Threshold (Train 100th percentile): 155.338770
2025-12-19 00:23:35,027 - INFO - AUC: 0.9770
2025-12-19 00:23:35,027 - INFO - F1 Score: 0.5191
2025-12-19 00:23:35,027 - INFO - Accuracy: 0.9674
2025-12-19 00:23:35,031 - INFO - 预测结果已保存到: ckpt\oneclass_svm_predictions_p100_nu0.300_kernelrbf_gamma0.001_20251219_002335.csv
2025-12-19 00:23:35,031 - INFO - 
============================================================
2025-12-19 00:23:35,031 - INFO - 网格搜索进度: [58/63]
2025-12-19 00:23:35,031 - INFO - 参数组合: nu=0.300, kernel=rbf, gamma=0.01
2025-12-19 00:23:35,031 - INFO - ============================================================
2025-12-19 00:23:35,031 - INFO - 训练One-Class SVM: nu=0.3, kernel=rbf, gamma=0.01
2025-12-19 00:23:35,062 - INFO - One-Class SVM训练完成
2025-12-19 00:23:35,062 - INFO - 在训练集上计算异常分数以确定阈值...
2025-12-19 00:23:35,159 - INFO - 训练集100分位数阈值: 444.213595
2025-12-19 00:23:35,159 - INFO - 训练集分数统计: min=-21.043262, max=444.213595, mean=2.470415, std=37.440290
2025-12-19 00:23:35,159 - INFO - 在测试集上计算异常分数并评估...
2025-12-19 00:23:35,264 - INFO - ==== Evaluation Result ====
2025-12-19 00:23:35,264 - INFO - One-Class SVM参数: nu=0.300, kernel=rbf, gamma=0.01
2025-12-19 00:23:35,264 - INFO - Threshold (Train 100th percentile): 444.213595
2025-12-19 00:23:35,265 - INFO - AUC: 0.9766
2025-12-19 00:23:35,265 - INFO - F1 Score: 0.5191
2025-12-19 00:23:35,265 - INFO - Accuracy: 0.9674
2025-12-19 00:23:35,268 - INFO - 预测结果已保存到: ckpt\oneclass_svm_predictions_p100_nu0.300_kernelrbf_gamma0.01_20251219_002335.csv
2025-12-19 00:23:35,269 - INFO - 
============================================================
2025-12-19 00:23:35,269 - INFO - 网格搜索进度: [59/63]
2025-12-19 00:23:35,269 - INFO - 参数组合: nu=0.300, kernel=rbf, gamma=0.1
2025-12-19 00:23:35,269 - INFO - ============================================================
2025-12-19 00:23:35,269 - INFO - 训练One-Class SVM: nu=0.3, kernel=rbf, gamma=0.1
2025-12-19 00:23:35,299 - INFO - One-Class SVM训练完成
2025-12-19 00:23:35,300 - INFO - 在训练集上计算异常分数以确定阈值...
2025-12-19 00:23:35,398 - INFO - 训练集100分位数阈值: 166.812116
2025-12-19 00:23:35,398 - INFO - 训练集分数统计: min=-54.129048, max=166.812116, mean=-4.784580, std=42.151759
2025-12-19 00:23:35,398 - INFO - 在测试集上计算异常分数并评估...
2025-12-19 00:23:35,506 - INFO - ==== Evaluation Result ====
2025-12-19 00:23:35,506 - INFO - One-Class SVM参数: nu=0.300, kernel=rbf, gamma=0.1
2025-12-19 00:23:35,506 - INFO - Threshold (Train 100th percentile): 166.812116
2025-12-19 00:23:35,506 - INFO - AUC: 0.9759
2025-12-19 00:23:35,506 - INFO - F1 Score: 0.6351
2025-12-19 00:23:35,507 - INFO - Accuracy: 0.9721
2025-12-19 00:23:35,510 - INFO - 预测结果已保存到: ckpt\oneclass_svm_predictions_p100_nu0.300_kernelrbf_gamma0.1_20251219_002335.csv
2025-12-19 00:23:35,510 - INFO - 
============================================================
2025-12-19 00:23:35,510 - INFO - 网格搜索进度: [60/63]
2025-12-19 00:23:35,510 - INFO - 参数组合: nu=0.300, kernel=rbf, gamma=1.0
2025-12-19 00:23:35,510 - INFO - ============================================================
2025-12-19 00:23:35,510 - INFO - 训练One-Class SVM: nu=0.3, kernel=rbf, gamma=1.0
2025-12-19 00:23:35,545 - INFO - One-Class SVM训练完成
2025-12-19 00:23:35,545 - INFO - 在训练集上计算异常分数以确定阈值...
2025-12-19 00:23:35,655 - INFO - 训练集100分位数阈值: 6.051905
2025-12-19 00:23:35,655 - INFO - 训练集分数统计: min=-1.848790, max=6.051905, mean=0.178872, std=1.783037
2025-12-19 00:23:35,655 - INFO - 在测试集上计算异常分数并评估...
2025-12-19 00:23:35,773 - INFO - ==== Evaluation Result ====
2025-12-19 00:23:35,773 - INFO - One-Class SVM参数: nu=0.300, kernel=rbf, gamma=1.0
2025-12-19 00:23:35,773 - INFO - Threshold (Train 100th percentile): 6.051905
2025-12-19 00:23:35,773 - INFO - AUC: 0.9797
2025-12-19 00:23:35,773 - INFO - F1 Score: 0.6237
2025-12-19 00:23:35,773 - INFO - Accuracy: 0.9457
2025-12-19 00:23:35,777 - INFO - 预测结果已保存到: ckpt\oneclass_svm_predictions_p100_nu0.300_kernelrbf_gamma1.0_20251219_002335.csv
2025-12-19 00:23:35,777 - INFO - 
============================================================
2025-12-19 00:23:35,777 - INFO - 网格搜索进度: [61/63]
2025-12-19 00:23:35,778 - INFO - 参数组合: nu=0.300, kernel=linear, gamma=scale
2025-12-19 00:23:35,778 - INFO - ============================================================
2025-12-19 00:23:35,778 - INFO - 训练One-Class SVM: nu=0.3, kernel=linear, gamma=scale
2025-12-19 00:23:35,795 - INFO - One-Class SVM训练完成
2025-12-19 00:23:35,795 - INFO - 在训练集上计算异常分数以确定阈值...
2025-12-19 00:23:35,820 - INFO - 训练集100分位数阈值: 0.000430
2025-12-19 00:23:35,820 - INFO - 训练集分数统计: min=-0.000580, max=0.000430, mean=0.000092, std=0.000065
2025-12-19 00:23:35,820 - INFO - 在测试集上计算异常分数并评估...
2025-12-19 00:23:35,849 - INFO - ==== Evaluation Result ====
2025-12-19 00:23:35,849 - INFO - One-Class SVM参数: nu=0.300, kernel=linear, gamma=scale
2025-12-19 00:23:35,849 - INFO - Threshold (Train 100th percentile): 0.000430
2025-12-19 00:23:35,849 - INFO - AUC: 0.9561
2025-12-19 00:23:35,849 - INFO - F1 Score: 0.0000
2025-12-19 00:23:35,849 - INFO - Accuracy: 0.9509
2025-12-19 00:23:35,853 - INFO - 预测结果已保存到: ckpt\oneclass_svm_predictions_p100_nu0.300_kernellinear_gammascale_20251219_002335.csv
2025-12-19 00:23:35,853 - INFO - 
============================================================
2025-12-19 00:23:35,853 - INFO - 网格搜索进度: [62/63]
2025-12-19 00:23:35,854 - INFO - 参数组合: nu=0.300, kernel=poly, gamma=scale
2025-12-19 00:23:35,854 - INFO - ============================================================
2025-12-19 00:23:35,854 - INFO - 训练One-Class SVM: nu=0.3, kernel=poly, gamma=scale
2025-12-19 00:23:36,501 - INFO - One-Class SVM训练完成
2025-12-19 00:23:36,501 - INFO - 在训练集上计算异常分数以确定阈值...
2025-12-19 00:23:36,532 - INFO - 训练集100分位数阈值: 0.001265
2025-12-19 00:23:36,533 - INFO - 训练集分数统计: min=-8.806153, max=0.001265, mean=-0.012328, std=0.236376
2025-12-19 00:23:36,533 - INFO - 在测试集上计算异常分数并评估...
2025-12-19 00:23:36,566 - INFO - ==== Evaluation Result ====
2025-12-19 00:23:36,567 - INFO - One-Class SVM参数: nu=0.300, kernel=poly, gamma=scale
2025-12-19 00:23:36,567 - INFO - Threshold (Train 100th percentile): 0.001265
2025-12-19 00:23:36,567 - INFO - AUC: 0.0286
2025-12-19 00:23:36,567 - INFO - F1 Score: 0.0198
2025-12-19 00:23:36,567 - INFO - Accuracy: 0.9488
2025-12-19 00:23:36,571 - INFO - 预测结果已保存到: ckpt\oneclass_svm_predictions_p100_nu0.300_kernelpoly_gammascale_20251219_002336.csv
2025-12-19 00:23:36,571 - INFO - 
============================================================
2025-12-19 00:23:36,571 - INFO - 网格搜索进度: [63/63]
2025-12-19 00:23:36,571 - INFO - 参数组合: nu=0.300, kernel=sigmoid, gamma=scale
2025-12-19 00:23:36,572 - INFO - ============================================================
2025-12-19 00:23:36,572 - INFO - 训练One-Class SVM: nu=0.3, kernel=sigmoid, gamma=scale
2025-12-19 00:23:36,616 - INFO - One-Class SVM训练完成
2025-12-19 00:23:36,616 - INFO - 在训练集上计算异常分数以确定阈值...
2025-12-19 00:23:36,663 - INFO - 训练集100分位数阈值: 235.428533
2025-12-19 00:23:36,663 - INFO - 训练集分数统计: min=-78.134671, max=235.428533, mean=-2.677427, std=22.228219
2025-12-19 00:23:36,663 - INFO - 在测试集上计算异常分数并评估...
2025-12-19 00:23:36,717 - INFO - ==== Evaluation Result ====
2025-12-19 00:23:36,717 - INFO - One-Class SVM参数: nu=0.300, kernel=sigmoid, gamma=scale
2025-12-19 00:23:36,717 - INFO - Threshold (Train 100th percentile): 235.428533
2025-12-19 00:23:36,718 - INFO - AUC: 0.8332
2025-12-19 00:23:36,718 - INFO - F1 Score: 0.4098
2025-12-19 00:23:36,718 - INFO - Accuracy: 0.9628
2025-12-19 00:23:36,721 - INFO - 预测结果已保存到: ckpt\oneclass_svm_predictions_p100_nu0.300_kernelsigmoid_gammascale_20251219_002336.csv
2025-12-19 00:23:36,721 - INFO - 
============================================================
2025-12-19 00:23:36,722 - INFO - 网格搜索完成，汇总结果:
2025-12-19 00:23:36,722 - INFO - ============================================================
2025-12-19 00:23:36,723 - INFO - 网格搜索结果汇总已保存到: ckpt\oneclass_svm_grid_search_summary_p100_20251219_002336.csv
2025-12-19 00:23:36,724 - INFO - 
最佳结果:
2025-12-19 00:23:36,724 - INFO -   nu: 0.050
2025-12-19 00:23:36,724 - INFO -   kernel: rbf
2025-12-19 00:23:36,724 - INFO -   gamma: scale
2025-12-19 00:23:36,724 - INFO -   Percentile: 100
2025-12-19 00:23:36,724 - INFO -   Threshold: 3.038695
2025-12-19 00:23:36,725 - INFO -   AUC: 0.9753
2025-12-19 00:23:36,725 - INFO -   F1 Score: 0.7135
2025-12-19 00:23:36,725 - INFO -   Accuracy: 0.9747
2025-12-19 00:23:36,725 - INFO -   预测结果文件: ckpt\oneclass_svm_predictions_p100_nu0.050_kernelrbf_gammascale_20251219_002326.csv
2025-12-19 00:23:36,725 - INFO - 
============================================================
2025-12-19 00:23:36,725 - INFO - 清理临时文件...
2025-12-19 00:23:36,756 - INFO - 已删除 62 个临时预测结果文件
2025-12-19 00:23:36,757 - INFO - 保留最佳结果文件: ckpt\oneclass_svm_predictions_p100_nu0.050_kernelrbf_gammascale_20251219_002326.csv
2025-12-19 00:23:36,757 - INFO - ============================================================
