2025-12-19 00:25:23,243 - INFO - 日志文件已创建: ckpt\oneclass_svm_training_p97_20251219_002523.log
2025-12-19 00:25:23,243 - INFO - 随机种子已设置为: 42
2025-12-19 00:25:23,243 - INFO - 开始加载数据集...
2025-12-19 00:25:23,253 - INFO - 训练集形状: (1839, 6)
2025-12-19 00:25:23,253 - INFO - 测试集形状: (1933, 6)
2025-12-19 00:25:23,253 - INFO - 测试集标签分布: 正常=1839, 异常=94
2025-12-19 00:25:23,253 - INFO - 对特征进行标准化...
2025-12-19 00:25:23,254 - INFO - 特征标准化完成
2025-12-19 00:25:23,254 - INFO - 
============================================================
2025-12-19 00:25:23,254 - INFO - 开始网格搜索
2025-12-19 00:25:23,254 - INFO - 阈值分位数: 97
2025-12-19 00:25:23,254 - INFO - nu值: [0.01, 0.05, 0.1, 0.15, 0.2, 0.25, 0.3]
2025-12-19 00:25:23,254 - INFO - kernel: ['rbf', 'linear', 'poly', 'sigmoid']
2025-12-19 00:25:23,254 - INFO - gamma: ['scale', 'auto', 0.001, 0.01, 0.1, 1.0]
2025-12-19 00:25:23,255 - INFO - ============================================================

2025-12-19 00:25:23,255 - INFO - 
============================================================
2025-12-19 00:25:23,255 - INFO - 网格搜索进度: [1/63]
2025-12-19 00:25:23,255 - INFO - 参数组合: nu=0.010, kernel=rbf, gamma=scale
2025-12-19 00:25:23,255 - INFO - ============================================================
2025-12-19 00:25:23,255 - INFO - 训练One-Class SVM: nu=0.01, kernel=rbf, gamma=scale
2025-12-19 00:25:23,261 - INFO - One-Class SVM训练完成
2025-12-19 00:25:23,261 - INFO - 在训练集上计算异常分数以确定阈值...
2025-12-19 00:25:23,278 - INFO - 训练集97分位数阈值: -0.000033
2025-12-19 00:25:23,278 - INFO - 训练集分数统计: min=-0.239564, max=0.000482, mean=-0.130085, std=0.054007
2025-12-19 00:25:23,278 - INFO - 在测试集上计算异常分数并评估...
2025-12-19 00:25:23,299 - INFO - ==== Evaluation Result ====
2025-12-19 00:25:23,299 - INFO - One-Class SVM参数: nu=0.010, kernel=rbf, gamma=scale
2025-12-19 00:25:23,300 - INFO - Threshold (Train 97th percentile): -0.000033
2025-12-19 00:25:23,300 - INFO - AUC: 0.9748
2025-12-19 00:25:23,300 - INFO - F1 Score: 0.6069
2025-12-19 00:25:23,300 - INFO - Accuracy: 0.9410
2025-12-19 00:25:23,306 - INFO - 预测结果已保存到: ckpt\oneclass_svm_predictions_p97_nu0.010_kernelrbf_gammascale_20251219_002523.csv
2025-12-19 00:25:23,306 - INFO - 
============================================================
2025-12-19 00:25:23,306 - INFO - 网格搜索进度: [2/63]
2025-12-19 00:25:23,306 - INFO - 参数组合: nu=0.010, kernel=rbf, gamma=auto
2025-12-19 00:25:23,306 - INFO - ============================================================
2025-12-19 00:25:23,306 - INFO - 训练One-Class SVM: nu=0.01, kernel=rbf, gamma=auto
2025-12-19 00:25:23,310 - INFO - One-Class SVM训练完成
2025-12-19 00:25:23,310 - INFO - 在训练集上计算异常分数以确定阈值...
2025-12-19 00:25:23,329 - INFO - 训练集97分位数阈值: -0.000033
2025-12-19 00:25:23,329 - INFO - 训练集分数统计: min=-0.239564, max=0.000482, mean=-0.130085, std=0.054007
2025-12-19 00:25:23,329 - INFO - 在测试集上计算异常分数并评估...
2025-12-19 00:25:23,351 - INFO - ==== Evaluation Result ====
2025-12-19 00:25:23,352 - INFO - One-Class SVM参数: nu=0.010, kernel=rbf, gamma=auto
2025-12-19 00:25:23,352 - INFO - Threshold (Train 97th percentile): -0.000033
2025-12-19 00:25:23,352 - INFO - AUC: 0.9748
2025-12-19 00:25:23,352 - INFO - F1 Score: 0.6069
2025-12-19 00:25:23,352 - INFO - Accuracy: 0.9410
2025-12-19 00:25:23,356 - INFO - 预测结果已保存到: ckpt\oneclass_svm_predictions_p97_nu0.010_kernelrbf_gammaauto_20251219_002523.csv
2025-12-19 00:25:23,356 - INFO - 
============================================================
2025-12-19 00:25:23,356 - INFO - 网格搜索进度: [3/63]
2025-12-19 00:25:23,356 - INFO - 参数组合: nu=0.010, kernel=rbf, gamma=0.001
2025-12-19 00:25:23,356 - INFO - ============================================================
2025-12-19 00:25:23,356 - INFO - 训练One-Class SVM: nu=0.01, kernel=rbf, gamma=0.001
2025-12-19 00:25:23,359 - INFO - One-Class SVM训练完成
2025-12-19 00:25:23,359 - INFO - 在训练集上计算异常分数以确定阈值...
2025-12-19 00:25:23,363 - INFO - 训练集97分位数阈值: -0.172563
2025-12-19 00:25:23,363 - INFO - 训练集分数统计: min=-0.634085, max=3.045185, mean=-0.418451, std=0.163870
2025-12-19 00:25:23,363 - INFO - 在测试集上计算异常分数并评估...
2025-12-19 00:25:23,370 - INFO - ==== Evaluation Result ====
2025-12-19 00:25:23,370 - INFO - One-Class SVM参数: nu=0.010, kernel=rbf, gamma=0.001
2025-12-19 00:25:23,370 - INFO - Threshold (Train 97th percentile): -0.172563
2025-12-19 00:25:23,370 - INFO - AUC: 0.9765
2025-12-19 00:25:23,370 - INFO - F1 Score: 0.6748
2025-12-19 00:25:23,371 - INFO - Accuracy: 0.9586
2025-12-19 00:25:23,374 - INFO - 预测结果已保存到: ckpt\oneclass_svm_predictions_p97_nu0.010_kernelrbf_gamma0.001_20251219_002523.csv
2025-12-19 00:25:23,374 - INFO - 
============================================================
2025-12-19 00:25:23,374 - INFO - 网格搜索进度: [4/63]
2025-12-19 00:25:23,374 - INFO - 参数组合: nu=0.010, kernel=rbf, gamma=0.01
2025-12-19 00:25:23,375 - INFO - ============================================================
2025-12-19 00:25:23,375 - INFO - 训练One-Class SVM: nu=0.01, kernel=rbf, gamma=0.01
2025-12-19 00:25:23,377 - INFO - One-Class SVM训练完成
2025-12-19 00:25:23,377 - INFO - 在训练集上计算异常分数以确定阈值...
2025-12-19 00:25:23,381 - INFO - 训练集97分位数阈值: -0.388164
2025-12-19 00:25:23,381 - INFO - 训练集分数统计: min=-1.665078, max=3.715620, mean=-1.101394, std=0.358246
2025-12-19 00:25:23,381 - INFO - 在测试集上计算异常分数并评估...
2025-12-19 00:25:23,388 - INFO - ==== Evaluation Result ====
2025-12-19 00:25:23,388 - INFO - One-Class SVM参数: nu=0.010, kernel=rbf, gamma=0.01
2025-12-19 00:25:23,388 - INFO - Threshold (Train 97th percentile): -0.388164
2025-12-19 00:25:23,388 - INFO - AUC: 0.9642
2025-12-19 00:25:23,388 - INFO - F1 Score: 0.6557
2025-12-19 00:25:23,388 - INFO - Accuracy: 0.9565
2025-12-19 00:25:23,393 - INFO - 预测结果已保存到: ckpt\oneclass_svm_predictions_p97_nu0.010_kernelrbf_gamma0.01_20251219_002523.csv
2025-12-19 00:25:23,393 - INFO - 
============================================================
2025-12-19 00:25:23,393 - INFO - 网格搜索进度: [5/63]
2025-12-19 00:25:23,394 - INFO - 参数组合: nu=0.010, kernel=rbf, gamma=0.1
2025-12-19 00:25:23,394 - INFO - ============================================================
2025-12-19 00:25:23,394 - INFO - 训练One-Class SVM: nu=0.01, kernel=rbf, gamma=0.1
2025-12-19 00:25:23,398 - INFO - One-Class SVM训练完成
2025-12-19 00:25:23,398 - INFO - 在训练集上计算异常分数以确定阈值...
2025-12-19 00:25:23,410 - INFO - 训练集97分位数阈值: -0.000375
2025-12-19 00:25:23,410 - INFO - 训练集分数统计: min=-0.392650, max=0.000482, mean=-0.239503, std=0.087058
2025-12-19 00:25:23,410 - INFO - 在测试集上计算异常分数并评估...
2025-12-19 00:25:23,426 - INFO - ==== Evaluation Result ====
2025-12-19 00:25:23,426 - INFO - One-Class SVM参数: nu=0.010, kernel=rbf, gamma=0.1
2025-12-19 00:25:23,427 - INFO - Threshold (Train 97th percentile): -0.000375
2025-12-19 00:25:23,427 - INFO - AUC: 0.9696
2025-12-19 00:25:23,427 - INFO - F1 Score: 0.6721
2025-12-19 00:25:23,427 - INFO - Accuracy: 0.9581
2025-12-19 00:25:23,431 - INFO - 预测结果已保存到: ckpt\oneclass_svm_predictions_p97_nu0.010_kernelrbf_gamma0.1_20251219_002523.csv
2025-12-19 00:25:23,431 - INFO - 
============================================================
2025-12-19 00:25:23,431 - INFO - 网格搜索进度: [6/63]
2025-12-19 00:25:23,431 - INFO - 参数组合: nu=0.010, kernel=rbf, gamma=1.0
2025-12-19 00:25:23,431 - INFO - ============================================================
2025-12-19 00:25:23,431 - INFO - 训练One-Class SVM: nu=0.01, kernel=rbf, gamma=1.0
2025-12-19 00:25:23,451 - INFO - One-Class SVM训练完成
2025-12-19 00:25:23,451 - INFO - 在训练集上计算异常分数以确定阈值...
2025-12-19 00:25:23,533 - INFO - 训练集97分位数阈值: 0.000300
2025-12-19 00:25:23,533 - INFO - 训练集分数统计: min=-0.029137, max=0.000473, mean=-0.007182, std=0.006140
2025-12-19 00:25:23,533 - INFO - 在测试集上计算异常分数并评估...
2025-12-19 00:25:23,627 - INFO - ==== Evaluation Result ====
2025-12-19 00:25:23,628 - INFO - One-Class SVM参数: nu=0.010, kernel=rbf, gamma=1.0
2025-12-19 00:25:23,628 - INFO - Threshold (Train 97th percentile): 0.000300
2025-12-19 00:25:23,628 - INFO - AUC: 0.9801
2025-12-19 00:25:23,628 - INFO - F1 Score: 0.2638
2025-12-19 00:25:23,628 - INFO - Accuracy: 0.7315
2025-12-19 00:25:23,632 - INFO - 预测结果已保存到: ckpt\oneclass_svm_predictions_p97_nu0.010_kernelrbf_gamma1.0_20251219_002523.csv
2025-12-19 00:25:23,632 - INFO - 
============================================================
2025-12-19 00:25:23,632 - INFO - 网格搜索进度: [7/63]
2025-12-19 00:25:23,632 - INFO - 参数组合: nu=0.010, kernel=linear, gamma=scale
2025-12-19 00:25:23,632 - INFO - ============================================================
2025-12-19 00:25:23,633 - INFO - 训练One-Class SVM: nu=0.01, kernel=linear, gamma=scale
2025-12-19 00:25:23,634 - INFO - One-Class SVM训练完成
2025-12-19 00:25:23,634 - INFO - 在训练集上计算异常分数以确定阈值...
2025-12-19 00:25:23,636 - INFO - 训练集97分位数阈值: 0.000026
2025-12-19 00:25:23,637 - INFO - 训练集分数统计: min=-0.003313, max=0.000581, mean=-0.000134, std=0.000123
2025-12-19 00:25:23,637 - INFO - 在测试集上计算异常分数并评估...
2025-12-19 00:25:23,641 - INFO - ==== Evaluation Result ====
2025-12-19 00:25:23,641 - INFO - One-Class SVM参数: nu=0.010, kernel=linear, gamma=scale
2025-12-19 00:25:23,641 - INFO - Threshold (Train 97th percentile): 0.000026
2025-12-19 00:25:23,641 - INFO - AUC: 0.6873
2025-12-19 00:25:23,642 - INFO - F1 Score: 0.2706
2025-12-19 00:25:23,642 - INFO - Accuracy: 0.9359
2025-12-19 00:25:23,646 - INFO - 预测结果已保存到: ckpt\oneclass_svm_predictions_p97_nu0.010_kernellinear_gammascale_20251219_002523.csv
2025-12-19 00:25:23,646 - INFO - 
============================================================
2025-12-19 00:25:23,646 - INFO - 网格搜索进度: [8/63]
2025-12-19 00:25:23,646 - INFO - 参数组合: nu=0.010, kernel=poly, gamma=scale
2025-12-19 00:25:23,646 - INFO - ============================================================
2025-12-19 00:25:23,646 - INFO - 训练One-Class SVM: nu=0.01, kernel=poly, gamma=scale
2025-12-19 00:25:23,727 - INFO - One-Class SVM训练完成
2025-12-19 00:25:23,727 - INFO - 在训练集上计算异常分数以确定阈值...
2025-12-19 00:25:23,736 - INFO - 训练集97分位数阈值: 0.000132
2025-12-19 00:25:23,736 - INFO - 训练集分数统计: min=-2.849715, max=0.000258, mean=-0.005540, std=0.092278
2025-12-19 00:25:23,736 - INFO - 在测试集上计算异常分数并评估...
2025-12-19 00:25:23,745 - INFO - ==== Evaluation Result ====
2025-12-19 00:25:23,746 - INFO - One-Class SVM参数: nu=0.010, kernel=poly, gamma=scale
2025-12-19 00:25:23,746 - INFO - Threshold (Train 97th percentile): 0.000132
2025-12-19 00:25:23,746 - INFO - AUC: 0.0291
2025-12-19 00:25:23,746 - INFO - F1 Score: 0.0106
2025-12-19 00:25:23,746 - INFO - Accuracy: 0.9033
2025-12-19 00:25:23,751 - INFO - 预测结果已保存到: ckpt\oneclass_svm_predictions_p97_nu0.010_kernelpoly_gammascale_20251219_002523.csv
2025-12-19 00:25:23,751 - INFO - 
============================================================
2025-12-19 00:25:23,751 - INFO - 网格搜索进度: [9/63]
2025-12-19 00:25:23,751 - INFO - 参数组合: nu=0.010, kernel=sigmoid, gamma=scale
2025-12-19 00:25:23,751 - INFO - ============================================================
2025-12-19 00:25:23,752 - INFO - 训练One-Class SVM: nu=0.01, kernel=sigmoid, gamma=scale
2025-12-19 00:25:23,755 - INFO - One-Class SVM训练完成
2025-12-19 00:25:23,755 - INFO - 在训练集上计算异常分数以确定阈值...
2025-12-19 00:25:23,758 - INFO - 训练集97分位数阈值: -0.294175
2025-12-19 00:25:23,758 - INFO - 训练集分数统计: min=-12.020610, max=3.843481, mean=-4.301706, std=2.395731
2025-12-19 00:25:23,758 - INFO - 在测试集上计算异常分数并评估...
2025-12-19 00:25:23,763 - INFO - ==== Evaluation Result ====
2025-12-19 00:25:23,763 - INFO - One-Class SVM参数: nu=0.010, kernel=sigmoid, gamma=scale
2025-12-19 00:25:23,764 - INFO - Threshold (Train 97th percentile): -0.294175
2025-12-19 00:25:23,764 - INFO - AUC: 0.7911
2025-12-19 00:25:23,764 - INFO - F1 Score: 0.5341
2025-12-19 00:25:23,764 - INFO - Accuracy: 0.9576
2025-12-19 00:25:23,768 - INFO - 预测结果已保存到: ckpt\oneclass_svm_predictions_p97_nu0.010_kernelsigmoid_gammascale_20251219_002523.csv
2025-12-19 00:25:23,768 - INFO - 
============================================================
2025-12-19 00:25:23,768 - INFO - 网格搜索进度: [10/63]
2025-12-19 00:25:23,768 - INFO - 参数组合: nu=0.050, kernel=rbf, gamma=scale
2025-12-19 00:25:23,768 - INFO - ============================================================
2025-12-19 00:25:23,769 - INFO - 训练One-Class SVM: nu=0.05, kernel=rbf, gamma=scale
2025-12-19 00:25:23,776 - INFO - One-Class SVM训练完成
2025-12-19 00:25:23,777 - INFO - 在训练集上计算异常分数以确定阈值...
2025-12-19 00:25:23,802 - INFO - 训练集97分位数阈值: 0.105742
2025-12-19 00:25:23,802 - INFO - 训练集分数统计: min=-1.834390, max=3.038695, mean=-0.944995, std=0.559655
2025-12-19 00:25:23,802 - INFO - 在测试集上计算异常分数并评估...
2025-12-19 00:25:23,828 - INFO - ==== Evaluation Result ====
2025-12-19 00:25:23,829 - INFO - One-Class SVM参数: nu=0.050, kernel=rbf, gamma=scale
2025-12-19 00:25:23,829 - INFO - Threshold (Train 97th percentile): 0.105742
2025-12-19 00:25:23,829 - INFO - AUC: 0.9753
2025-12-19 00:25:23,829 - INFO - F1 Score: 0.6048
2025-12-19 00:25:23,829 - INFO - Accuracy: 0.9405
2025-12-19 00:25:23,833 - INFO - 预测结果已保存到: ckpt\oneclass_svm_predictions_p97_nu0.050_kernelrbf_gammascale_20251219_002523.csv
2025-12-19 00:25:23,833 - INFO - 
============================================================
2025-12-19 00:25:23,833 - INFO - 网格搜索进度: [11/63]
2025-12-19 00:25:23,833 - INFO - 参数组合: nu=0.050, kernel=rbf, gamma=auto
2025-12-19 00:25:23,833 - INFO - ============================================================
2025-12-19 00:25:23,833 - INFO - 训练One-Class SVM: nu=0.05, kernel=rbf, gamma=auto
2025-12-19 00:25:23,841 - INFO - One-Class SVM训练完成
2025-12-19 00:25:23,841 - INFO - 在训练集上计算异常分数以确定阈值...
2025-12-19 00:25:23,863 - INFO - 训练集97分位数阈值: 0.105742
2025-12-19 00:25:23,863 - INFO - 训练集分数统计: min=-1.834390, max=3.038695, mean=-0.944995, std=0.559655
2025-12-19 00:25:23,864 - INFO - 在测试集上计算异常分数并评估...
2025-12-19 00:25:23,889 - INFO - ==== Evaluation Result ====
2025-12-19 00:25:23,889 - INFO - One-Class SVM参数: nu=0.050, kernel=rbf, gamma=auto
2025-12-19 00:25:23,889 - INFO - Threshold (Train 97th percentile): 0.105742
2025-12-19 00:25:23,889 - INFO - AUC: 0.9753
2025-12-19 00:25:23,889 - INFO - F1 Score: 0.6048
2025-12-19 00:25:23,889 - INFO - Accuracy: 0.9405
2025-12-19 00:25:23,894 - INFO - 预测结果已保存到: ckpt\oneclass_svm_predictions_p97_nu0.050_kernelrbf_gammaauto_20251219_002523.csv
2025-12-19 00:25:23,894 - INFO - 
============================================================
2025-12-19 00:25:23,894 - INFO - 网格搜索进度: [12/63]
2025-12-19 00:25:23,894 - INFO - 参数组合: nu=0.050, kernel=rbf, gamma=0.001
2025-12-19 00:25:23,894 - INFO - ============================================================
2025-12-19 00:25:23,894 - INFO - 训练One-Class SVM: nu=0.05, kernel=rbf, gamma=0.001
2025-12-19 00:25:23,902 - INFO - One-Class SVM训练完成
2025-12-19 00:25:23,902 - INFO - 在训练集上计算异常分数以确定阈值...
2025-12-19 00:25:23,920 - INFO - 训练集97分位数阈值: 0.420972
2025-12-19 00:25:23,920 - INFO - 训练集分数统计: min=-1.569313, max=21.687493, mean=-0.833420, std=1.056351
2025-12-19 00:25:23,920 - INFO - 在测试集上计算异常分数并评估...
2025-12-19 00:25:23,941 - INFO - ==== Evaluation Result ====
2025-12-19 00:25:23,941 - INFO - One-Class SVM参数: nu=0.050, kernel=rbf, gamma=0.001
2025-12-19 00:25:23,941 - INFO - Threshold (Train 97th percentile): 0.420972
2025-12-19 00:25:23,941 - INFO - AUC: 0.9791
2025-12-19 00:25:23,941 - INFO - F1 Score: 0.6800
2025-12-19 00:25:23,941 - INFO - Accuracy: 0.9586
2025-12-19 00:25:23,945 - INFO - 预测结果已保存到: ckpt\oneclass_svm_predictions_p97_nu0.050_kernelrbf_gamma0.001_20251219_002523.csv
2025-12-19 00:25:23,945 - INFO - 
============================================================
2025-12-19 00:25:23,946 - INFO - 网格搜索进度: [13/63]
2025-12-19 00:25:23,946 - INFO - 参数组合: nu=0.050, kernel=rbf, gamma=0.01
2025-12-19 00:25:23,946 - INFO - ============================================================
2025-12-19 00:25:23,946 - INFO - 训练One-Class SVM: nu=0.05, kernel=rbf, gamma=0.01
2025-12-19 00:25:23,952 - INFO - One-Class SVM训练完成
2025-12-19 00:25:23,952 - INFO - 在训练集上计算异常分数以确定阈值...
2025-12-19 00:25:23,969 - INFO - 训练集97分位数阈值: 2.334966
2025-12-19 00:25:23,970 - INFO - 训练集分数统计: min=-8.413345, max=48.980836, mean=-4.657242, std=3.984270
2025-12-19 00:25:23,970 - INFO - 在测试集上计算异常分数并评估...
2025-12-19 00:25:23,991 - INFO - ==== Evaluation Result ====
2025-12-19 00:25:23,991 - INFO - One-Class SVM参数: nu=0.050, kernel=rbf, gamma=0.01
2025-12-19 00:25:23,991 - INFO - Threshold (Train 97th percentile): 2.334966
2025-12-19 00:25:23,991 - INFO - AUC: 0.9774
2025-12-19 00:25:23,991 - INFO - F1 Score: 0.6855
2025-12-19 00:25:23,991 - INFO - Accuracy: 0.9596
2025-12-19 00:25:23,995 - INFO - 预测结果已保存到: ckpt\oneclass_svm_predictions_p97_nu0.050_kernelrbf_gamma0.01_20251219_002523.csv
2025-12-19 00:25:23,995 - INFO - 
============================================================
2025-12-19 00:25:23,996 - INFO - 网格搜索进度: [14/63]
2025-12-19 00:25:23,996 - INFO - 参数组合: nu=0.050, kernel=rbf, gamma=0.1
2025-12-19 00:25:23,996 - INFO - ============================================================
2025-12-19 00:25:23,996 - INFO - 训练One-Class SVM: nu=0.05, kernel=rbf, gamma=0.1
2025-12-19 00:25:24,003 - INFO - One-Class SVM训练完成
2025-12-19 00:25:24,004 - INFO - 在训练集上计算异常分数以确定阈值...
2025-12-19 00:25:24,021 - INFO - 训练集97分位数阈值: 0.536912
2025-12-19 00:25:24,021 - INFO - 训练集分数统计: min=-3.836843, max=6.934432, mean=-2.199563, std=1.256893
2025-12-19 00:25:24,022 - INFO - 在测试集上计算异常分数并评估...
2025-12-19 00:25:24,046 - INFO - ==== Evaluation Result ====
2025-12-19 00:25:24,046 - INFO - One-Class SVM参数: nu=0.050, kernel=rbf, gamma=0.1
2025-12-19 00:25:24,046 - INFO - Threshold (Train 97th percentile): 0.536912
2025-12-19 00:25:24,046 - INFO - AUC: 0.9739
2025-12-19 00:25:24,046 - INFO - F1 Score: 0.6617
2025-12-19 00:25:24,046 - INFO - Accuracy: 0.9534
2025-12-19 00:25:24,050 - INFO - 预测结果已保存到: ckpt\oneclass_svm_predictions_p97_nu0.050_kernelrbf_gamma0.1_20251219_002524.csv
2025-12-19 00:25:24,050 - INFO - 
============================================================
2025-12-19 00:25:24,050 - INFO - 网格搜索进度: [15/63]
2025-12-19 00:25:24,050 - INFO - 参数组合: nu=0.050, kernel=rbf, gamma=1.0
2025-12-19 00:25:24,050 - INFO - ============================================================
2025-12-19 00:25:24,050 - INFO - 训练One-Class SVM: nu=0.05, kernel=rbf, gamma=1.0
2025-12-19 00:25:24,074 - INFO - One-Class SVM训练完成
2025-12-19 00:25:24,075 - INFO - 在训练集上计算异常分数以确定阈值...
2025-12-19 00:25:24,161 - INFO - 训练集97分位数阈值: 0.000302
2025-12-19 00:25:24,161 - INFO - 训练集分数统计: min=-0.145547, max=0.000490, mean=-0.035660, std=0.030605
2025-12-19 00:25:24,161 - INFO - 在测试集上计算异常分数并评估...
2025-12-19 00:25:24,251 - INFO - ==== Evaluation Result ====
2025-12-19 00:25:24,251 - INFO - One-Class SVM参数: nu=0.050, kernel=rbf, gamma=1.0
2025-12-19 00:25:24,251 - INFO - Threshold (Train 97th percentile): 0.000302
2025-12-19 00:25:24,251 - INFO - AUC: 0.9801
2025-12-19 00:25:24,251 - INFO - F1 Score: 0.2609
2025-12-19 00:25:24,251 - INFO - Accuracy: 0.7274
2025-12-19 00:25:24,255 - INFO - 预测结果已保存到: ckpt\oneclass_svm_predictions_p97_nu0.050_kernelrbf_gamma1.0_20251219_002524.csv
2025-12-19 00:25:24,255 - INFO - 
============================================================
2025-12-19 00:25:24,255 - INFO - 网格搜索进度: [16/63]
2025-12-19 00:25:24,256 - INFO - 参数组合: nu=0.050, kernel=linear, gamma=scale
2025-12-19 00:25:24,256 - INFO - ============================================================
2025-12-19 00:25:24,256 - INFO - 训练One-Class SVM: nu=0.05, kernel=linear, gamma=scale
2025-12-19 00:25:24,260 - INFO - One-Class SVM训练完成
2025-12-19 00:25:24,260 - INFO - 在训练集上计算异常分数以确定阈值...
2025-12-19 00:25:24,267 - INFO - 训练集97分位数阈值: 0.000236
2025-12-19 00:25:24,268 - INFO - 训练集分数统计: min=-0.001432, max=0.000432, mean=0.000081, std=0.000105
2025-12-19 00:25:24,268 - INFO - 在测试集上计算异常分数并评估...
2025-12-19 00:25:24,277 - INFO - ==== Evaluation Result ====
2025-12-19 00:25:24,278 - INFO - One-Class SVM参数: nu=0.050, kernel=linear, gamma=scale
2025-12-19 00:25:24,278 - INFO - Threshold (Train 97th percentile): 0.000236
2025-12-19 00:25:24,278 - INFO - AUC: 0.2618
2025-12-19 00:25:24,278 - INFO - F1 Score: 0.0732
2025-12-19 00:25:24,278 - INFO - Accuracy: 0.9214
2025-12-19 00:25:24,282 - INFO - 预测结果已保存到: ckpt\oneclass_svm_predictions_p97_nu0.050_kernellinear_gammascale_20251219_002524.csv
2025-12-19 00:25:24,282 - INFO - 
============================================================
2025-12-19 00:25:24,282 - INFO - 网格搜索进度: [17/63]
2025-12-19 00:25:24,282 - INFO - 参数组合: nu=0.050, kernel=poly, gamma=scale
2025-12-19 00:25:24,282 - INFO - ============================================================
2025-12-19 00:25:24,282 - INFO - 训练One-Class SVM: nu=0.05, kernel=poly, gamma=scale
2025-12-19 00:25:24,613 - INFO - One-Class SVM训练完成
2025-12-19 00:25:24,614 - INFO - 在训练集上计算异常分数以确定阈值...
2025-12-19 00:25:24,626 - INFO - 训练集97分位数阈值: 0.000105
2025-12-19 00:25:24,626 - INFO - 训练集分数统计: min=-4.943131, max=0.000490, mean=-0.006207, std=0.129363
2025-12-19 00:25:24,626 - INFO - 在测试集上计算异常分数并评估...
2025-12-19 00:25:24,640 - INFO - ==== Evaluation Result ====
2025-12-19 00:25:24,641 - INFO - One-Class SVM参数: nu=0.050, kernel=poly, gamma=scale
2025-12-19 00:25:24,641 - INFO - Threshold (Train 97th percentile): 0.000105
2025-12-19 00:25:24,641 - INFO - AUC: 0.0286
2025-12-19 00:25:24,641 - INFO - F1 Score: 0.0112
2025-12-19 00:25:24,641 - INFO - Accuracy: 0.9089
2025-12-19 00:25:24,645 - INFO - 预测结果已保存到: ckpt\oneclass_svm_predictions_p97_nu0.050_kernelpoly_gammascale_20251219_002524.csv
2025-12-19 00:25:24,645 - INFO - 
============================================================
2025-12-19 00:25:24,645 - INFO - 网格搜索进度: [18/63]
2025-12-19 00:25:24,645 - INFO - 参数组合: nu=0.050, kernel=sigmoid, gamma=scale
2025-12-19 00:25:24,645 - INFO - ============================================================
2025-12-19 00:25:24,645 - INFO - 训练One-Class SVM: nu=0.05, kernel=sigmoid, gamma=scale
2025-12-19 00:25:24,656 - INFO - One-Class SVM训练完成
2025-12-19 00:25:24,656 - INFO - 在训练集上计算异常分数以确定阈值...
2025-12-19 00:25:24,665 - INFO - 训练集97分位数阈值: 1.019672
2025-12-19 00:25:24,665 - INFO - 训练集分数统计: min=-32.929928, max=34.927430, mean=-10.380367, std=6.963911
2025-12-19 00:25:24,665 - INFO - 在测试集上计算异常分数并评估...
2025-12-19 00:25:24,677 - INFO - ==== Evaluation Result ====
2025-12-19 00:25:24,678 - INFO - One-Class SVM参数: nu=0.050, kernel=sigmoid, gamma=scale
2025-12-19 00:25:24,678 - INFO - Threshold (Train 97th percentile): 1.019672
2025-12-19 00:25:24,678 - INFO - AUC: 0.8123
2025-12-19 00:25:24,678 - INFO - F1 Score: 0.5756
2025-12-19 00:25:24,678 - INFO - Accuracy: 0.9550
2025-12-19 00:25:24,682 - INFO - 预测结果已保存到: ckpt\oneclass_svm_predictions_p97_nu0.050_kernelsigmoid_gammascale_20251219_002524.csv
2025-12-19 00:25:24,682 - INFO - 
============================================================
2025-12-19 00:25:24,682 - INFO - 网格搜索进度: [19/63]
2025-12-19 00:25:24,682 - INFO - 参数组合: nu=0.100, kernel=rbf, gamma=scale
2025-12-19 00:25:24,682 - INFO - ============================================================
2025-12-19 00:25:24,682 - INFO - 训练One-Class SVM: nu=0.1, kernel=rbf, gamma=scale
2025-12-19 00:25:24,695 - INFO - One-Class SVM训练完成
2025-12-19 00:25:24,695 - INFO - 在训练集上计算异常分数以确定阈值...
2025-12-19 00:25:24,732 - INFO - 训练集97分位数阈值: 4.053233
2025-12-19 00:25:24,733 - INFO - 训练集分数统计: min=-5.793745, max=11.977359, mean=-2.618617, std=2.518801
2025-12-19 00:25:24,733 - INFO - 在测试集上计算异常分数并评估...
2025-12-19 00:25:24,773 - INFO - ==== Evaluation Result ====
2025-12-19 00:25:24,773 - INFO - One-Class SVM参数: nu=0.100, kernel=rbf, gamma=scale
2025-12-19 00:25:24,774 - INFO - Threshold (Train 97th percentile): 4.053233
2025-12-19 00:25:24,774 - INFO - AUC: 0.9752
2025-12-19 00:25:24,774 - INFO - F1 Score: 0.6798
2025-12-19 00:25:24,774 - INFO - Accuracy: 0.9581
2025-12-19 00:25:24,777 - INFO - 预测结果已保存到: ckpt\oneclass_svm_predictions_p97_nu0.100_kernelrbf_gammascale_20251219_002524.csv
2025-12-19 00:25:24,778 - INFO - 
============================================================
2025-12-19 00:25:24,778 - INFO - 网格搜索进度: [20/63]
2025-12-19 00:25:24,778 - INFO - 参数组合: nu=0.100, kernel=rbf, gamma=auto
2025-12-19 00:25:24,778 - INFO - ============================================================
2025-12-19 00:25:24,778 - INFO - 训练One-Class SVM: nu=0.1, kernel=rbf, gamma=auto
2025-12-19 00:25:24,791 - INFO - One-Class SVM训练完成
2025-12-19 00:25:24,792 - INFO - 在训练集上计算异常分数以确定阈值...
2025-12-19 00:25:24,829 - INFO - 训练集97分位数阈值: 4.053233
2025-12-19 00:25:24,830 - INFO - 训练集分数统计: min=-5.793745, max=11.977359, mean=-2.618617, std=2.518801
2025-12-19 00:25:24,830 - INFO - 在测试集上计算异常分数并评估...
2025-12-19 00:25:24,869 - INFO - ==== Evaluation Result ====
2025-12-19 00:25:24,869 - INFO - One-Class SVM参数: nu=0.100, kernel=rbf, gamma=auto
2025-12-19 00:25:24,870 - INFO - Threshold (Train 97th percentile): 4.053233
2025-12-19 00:25:24,870 - INFO - AUC: 0.9752
2025-12-19 00:25:24,870 - INFO - F1 Score: 0.6798
2025-12-19 00:25:24,870 - INFO - Accuracy: 0.9581
2025-12-19 00:25:24,874 - INFO - 预测结果已保存到: ckpt\oneclass_svm_predictions_p97_nu0.100_kernelrbf_gammaauto_20251219_002524.csv
2025-12-19 00:25:24,874 - INFO - 
============================================================
2025-12-19 00:25:24,874 - INFO - 网格搜索进度: [21/63]
2025-12-19 00:25:24,874 - INFO - 参数组合: nu=0.100, kernel=rbf, gamma=0.001
2025-12-19 00:25:24,875 - INFO - ============================================================
2025-12-19 00:25:24,875 - INFO - 训练One-Class SVM: nu=0.1, kernel=rbf, gamma=0.001
2025-12-19 00:25:24,888 - INFO - One-Class SVM训练完成
2025-12-19 00:25:24,888 - INFO - 在训练集上计算异常分数以确定阈值...
2025-12-19 00:25:24,920 - INFO - 训练集97分位数阈值: 1.950790
2025-12-19 00:25:24,921 - INFO - 训练集分数统计: min=-2.136756, max=47.166820, mean=-0.866964, std=2.268139
2025-12-19 00:25:24,921 - INFO - 在测试集上计算异常分数并评估...
2025-12-19 00:25:24,960 - INFO - ==== Evaluation Result ====
2025-12-19 00:25:24,960 - INFO - One-Class SVM参数: nu=0.100, kernel=rbf, gamma=0.001
2025-12-19 00:25:24,960 - INFO - Threshold (Train 97th percentile): 1.950790
2025-12-19 00:25:24,960 - INFO - AUC: 0.9792
2025-12-19 00:25:24,961 - INFO - F1 Score: 0.6911
2025-12-19 00:25:24,961 - INFO - Accuracy: 0.9607
2025-12-19 00:25:24,965 - INFO - 预测结果已保存到: ckpt\oneclass_svm_predictions_p97_nu0.100_kernelrbf_gamma0.001_20251219_002524.csv
2025-12-19 00:25:24,965 - INFO - 
============================================================
2025-12-19 00:25:24,965 - INFO - 网格搜索进度: [22/63]
2025-12-19 00:25:24,965 - INFO - 参数组合: nu=0.100, kernel=rbf, gamma=0.01
2025-12-19 00:25:24,965 - INFO - ============================================================
2025-12-19 00:25:24,965 - INFO - 训练One-Class SVM: nu=0.1, kernel=rbf, gamma=0.01
2025-12-19 00:25:24,978 - INFO - One-Class SVM训练完成
2025-12-19 00:25:24,978 - INFO - 在训练集上计算异常分数以确定阈值...
2025-12-19 00:25:25,011 - INFO - 训练集97分位数阈值: 11.898659
2025-12-19 00:25:25,011 - INFO - 训练集分数统计: min=-13.828238, max=119.579812, mean=-6.213602, std=9.758543
2025-12-19 00:25:25,011 - INFO - 在测试集上计算异常分数并评估...
2025-12-19 00:25:25,051 - INFO - ==== Evaluation Result ====
2025-12-19 00:25:25,052 - INFO - One-Class SVM参数: nu=0.100, kernel=rbf, gamma=0.01
2025-12-19 00:25:25,052 - INFO - Threshold (Train 97th percentile): 11.898659
2025-12-19 00:25:25,052 - INFO - AUC: 0.9786
2025-12-19 00:25:25,052 - INFO - F1 Score: 0.6857
2025-12-19 00:25:25,052 - INFO - Accuracy: 0.9602
2025-12-19 00:25:25,056 - INFO - 预测结果已保存到: ckpt\oneclass_svm_predictions_p97_nu0.100_kernelrbf_gamma0.01_20251219_002525.csv
2025-12-19 00:25:25,056 - INFO - 
============================================================
2025-12-19 00:25:25,056 - INFO - 网格搜索进度: [23/63]
2025-12-19 00:25:25,056 - INFO - 参数组合: nu=0.100, kernel=rbf, gamma=0.1
2025-12-19 00:25:25,056 - INFO - ============================================================
2025-12-19 00:25:25,056 - INFO - 训练One-Class SVM: nu=0.1, kernel=rbf, gamma=0.1
2025-12-19 00:25:25,068 - INFO - One-Class SVM训练完成
2025-12-19 00:25:25,069 - INFO - 在训练集上计算异常分数以确定阈值...
2025-12-19 00:25:25,102 - INFO - 训练集97分位数阈值: 7.410013
2025-12-19 00:25:25,102 - INFO - 训练集分数统计: min=-10.543291, max=23.910375, mean=-4.845699, std=4.757018
2025-12-19 00:25:25,103 - INFO - 在测试集上计算异常分数并评估...
2025-12-19 00:25:25,142 - INFO - ==== Evaluation Result ====
2025-12-19 00:25:25,142 - INFO - One-Class SVM参数: nu=0.100, kernel=rbf, gamma=0.1
2025-12-19 00:25:25,142 - INFO - Threshold (Train 97th percentile): 7.410013
2025-12-19 00:25:25,142 - INFO - AUC: 0.9750
2025-12-19 00:25:25,142 - INFO - F1 Score: 0.6853
2025-12-19 00:25:25,142 - INFO - Accuracy: 0.9591
2025-12-19 00:25:25,147 - INFO - 预测结果已保存到: ckpt\oneclass_svm_predictions_p97_nu0.100_kernelrbf_gamma0.1_20251219_002525.csv
2025-12-19 00:25:25,147 - INFO - 
============================================================
2025-12-19 00:25:25,147 - INFO - 网格搜索进度: [24/63]
2025-12-19 00:25:25,148 - INFO - 参数组合: nu=0.100, kernel=rbf, gamma=1.0
2025-12-19 00:25:25,148 - INFO - ============================================================
2025-12-19 00:25:25,148 - INFO - 训练One-Class SVM: nu=0.1, kernel=rbf, gamma=1.0
2025-12-19 00:25:25,174 - INFO - One-Class SVM训练完成
2025-12-19 00:25:25,174 - INFO - 在训练集上计算异常分数以确定阈值...
2025-12-19 00:25:25,260 - INFO - 训练集97分位数阈值: 0.000363
2025-12-19 00:25:25,260 - INFO - 训练集分数统计: min=-0.291914, max=0.030082, mean=-0.071177, std=0.061722
2025-12-19 00:25:25,261 - INFO - 在测试集上计算异常分数并评估...
2025-12-19 00:25:25,352 - INFO - ==== Evaluation Result ====
2025-12-19 00:25:25,352 - INFO - One-Class SVM参数: nu=0.100, kernel=rbf, gamma=1.0
2025-12-19 00:25:25,352 - INFO - Threshold (Train 97th percentile): 0.000363
2025-12-19 00:25:25,352 - INFO - AUC: 0.9801
2025-12-19 00:25:25,352 - INFO - F1 Score: 0.2609
2025-12-19 00:25:25,352 - INFO - Accuracy: 0.7274
2025-12-19 00:25:25,356 - INFO - 预测结果已保存到: ckpt\oneclass_svm_predictions_p97_nu0.100_kernelrbf_gamma1.0_20251219_002525.csv
2025-12-19 00:25:25,356 - INFO - 
============================================================
2025-12-19 00:25:25,356 - INFO - 网格搜索进度: [25/63]
2025-12-19 00:25:25,356 - INFO - 参数组合: nu=0.100, kernel=linear, gamma=scale
2025-12-19 00:25:25,356 - INFO - ============================================================
2025-12-19 00:25:25,357 - INFO - 训练One-Class SVM: nu=0.1, kernel=linear, gamma=scale
2025-12-19 00:25:25,362 - INFO - One-Class SVM训练完成
2025-12-19 00:25:25,363 - INFO - 在训练集上计算异常分数以确定阈值...
2025-12-19 00:25:25,372 - INFO - 训练集97分位数阈值: 0.000186
2025-12-19 00:25:25,372 - INFO - 训练集分数统计: min=-0.000534, max=0.000398, mean=0.000053, std=0.000079
2025-12-19 00:25:25,373 - INFO - 在测试集上计算异常分数并评估...
2025-12-19 00:25:25,384 - INFO - ==== Evaluation Result ====
2025-12-19 00:25:25,384 - INFO - One-Class SVM参数: nu=0.100, kernel=linear, gamma=scale
2025-12-19 00:25:25,384 - INFO - Threshold (Train 97th percentile): 0.000186
2025-12-19 00:25:25,384 - INFO - AUC: 0.6130
2025-12-19 00:25:25,385 - INFO - F1 Score: 0.0330
2025-12-19 00:25:25,385 - INFO - Accuracy: 0.9089
2025-12-19 00:25:25,389 - INFO - 预测结果已保存到: ckpt\oneclass_svm_predictions_p97_nu0.100_kernellinear_gammascale_20251219_002525.csv
2025-12-19 00:25:25,389 - INFO - 
============================================================
2025-12-19 00:25:25,389 - INFO - 网格搜索进度: [26/63]
2025-12-19 00:25:25,389 - INFO - 参数组合: nu=0.100, kernel=poly, gamma=scale
2025-12-19 00:25:25,390 - INFO - ============================================================
2025-12-19 00:25:25,390 - INFO - 训练One-Class SVM: nu=0.1, kernel=poly, gamma=scale
2025-12-19 00:25:25,899 - INFO - One-Class SVM训练完成
2025-12-19 00:25:25,900 - INFO - 在训练集上计算异常分数以确定阈值...
2025-12-19 00:25:25,915 - INFO - 训练集97分位数阈值: 0.000103
2025-12-19 00:25:25,915 - INFO - 训练集分数统计: min=-6.076740, max=0.000655, mean=-0.007706, std=0.158736
2025-12-19 00:25:25,916 - INFO - 在测试集上计算异常分数并评估...
2025-12-19 00:25:25,936 - INFO - ==== Evaluation Result ====
2025-12-19 00:25:25,937 - INFO - One-Class SVM参数: nu=0.100, kernel=poly, gamma=scale
2025-12-19 00:25:25,937 - INFO - Threshold (Train 97th percentile): 0.000103
2025-12-19 00:25:25,937 - INFO - AUC: 0.0272
2025-12-19 00:25:25,937 - INFO - F1 Score: 0.0110
2025-12-19 00:25:25,937 - INFO - Accuracy: 0.9074
2025-12-19 00:25:25,941 - INFO - 预测结果已保存到: ckpt\oneclass_svm_predictions_p97_nu0.100_kernelpoly_gammascale_20251219_002525.csv
2025-12-19 00:25:25,941 - INFO - 
============================================================
2025-12-19 00:25:25,941 - INFO - 网格搜索进度: [27/63]
2025-12-19 00:25:25,941 - INFO - 参数组合: nu=0.100, kernel=sigmoid, gamma=scale
2025-12-19 00:25:25,942 - INFO - ============================================================
2025-12-19 00:25:25,942 - INFO - 训练One-Class SVM: nu=0.1, kernel=sigmoid, gamma=scale
2025-12-19 00:25:25,960 - INFO - One-Class SVM训练完成
2025-12-19 00:25:25,960 - INFO - 在训练集上计算异常分数以确定阈值...
2025-12-19 00:25:25,977 - INFO - 训练集97分位数阈值: 7.133069
2025-12-19 00:25:25,977 - INFO - 训练集分数统计: min=-40.909490, max=85.051987, mean=-12.017113, std=10.987251
2025-12-19 00:25:25,977 - INFO - 在测试集上计算异常分数并评估...
2025-12-19 00:25:25,997 - INFO - ==== Evaluation Result ====
2025-12-19 00:25:25,997 - INFO - One-Class SVM参数: nu=0.100, kernel=sigmoid, gamma=scale
2025-12-19 00:25:25,997 - INFO - Threshold (Train 97th percentile): 7.133069
2025-12-19 00:25:25,997 - INFO - AUC: 0.8296
2025-12-19 00:25:25,998 - INFO - F1 Score: 0.6190
2025-12-19 00:25:25,998 - INFO - Accuracy: 0.9586
2025-12-19 00:25:26,001 - INFO - 预测结果已保存到: ckpt\oneclass_svm_predictions_p97_nu0.100_kernelsigmoid_gammascale_20251219_002525.csv
2025-12-19 00:25:26,001 - INFO - 
============================================================
2025-12-19 00:25:26,002 - INFO - 网格搜索进度: [28/63]
2025-12-19 00:25:26,002 - INFO - 参数组合: nu=0.150, kernel=rbf, gamma=scale
2025-12-19 00:25:26,002 - INFO - ============================================================
2025-12-19 00:25:26,002 - INFO - 训练One-Class SVM: nu=0.15, kernel=rbf, gamma=scale
2025-12-19 00:25:26,019 - INFO - One-Class SVM训练完成
2025-12-19 00:25:26,020 - INFO - 在训练集上计算异常分数以确定阈值...
2025-12-19 00:25:26,069 - INFO - 训练集97分位数阈值: 13.620225
2025-12-19 00:25:26,070 - INFO - 训练集分数统计: min=-12.549946, max=26.011935, mean=-4.557852, std=6.371561
2025-12-19 00:25:26,070 - INFO - 在测试集上计算异常分数并评估...
2025-12-19 00:25:26,131 - INFO - ==== Evaluation Result ====
2025-12-19 00:25:26,131 - INFO - One-Class SVM参数: nu=0.150, kernel=rbf, gamma=scale
2025-12-19 00:25:26,131 - INFO - Threshold (Train 97th percentile): 13.620225
2025-12-19 00:25:26,131 - INFO - AUC: 0.9754
2025-12-19 00:25:26,132 - INFO - F1 Score: 0.6932
2025-12-19 00:25:26,132 - INFO - Accuracy: 0.9602
2025-12-19 00:25:26,135 - INFO - 预测结果已保存到: ckpt\oneclass_svm_predictions_p97_nu0.150_kernelrbf_gammascale_20251219_002526.csv
2025-12-19 00:25:26,135 - INFO - 
============================================================
2025-12-19 00:25:26,135 - INFO - 网格搜索进度: [29/63]
2025-12-19 00:25:26,135 - INFO - 参数组合: nu=0.150, kernel=rbf, gamma=auto
2025-12-19 00:25:26,136 - INFO - ============================================================
2025-12-19 00:25:26,136 - INFO - 训练One-Class SVM: nu=0.15, kernel=rbf, gamma=auto
2025-12-19 00:25:26,153 - INFO - One-Class SVM训练完成
2025-12-19 00:25:26,154 - INFO - 在训练集上计算异常分数以确定阈值...
2025-12-19 00:25:26,204 - INFO - 训练集97分位数阈值: 13.620225
2025-12-19 00:25:26,204 - INFO - 训练集分数统计: min=-12.549946, max=26.011936, mean=-4.557852, std=6.371561
2025-12-19 00:25:26,204 - INFO - 在测试集上计算异常分数并评估...
2025-12-19 00:25:26,260 - INFO - ==== Evaluation Result ====
2025-12-19 00:25:26,261 - INFO - One-Class SVM参数: nu=0.150, kernel=rbf, gamma=auto
2025-12-19 00:25:26,261 - INFO - Threshold (Train 97th percentile): 13.620225
2025-12-19 00:25:26,261 - INFO - AUC: 0.9754
2025-12-19 00:25:26,261 - INFO - F1 Score: 0.6932
2025-12-19 00:25:26,261 - INFO - Accuracy: 0.9602
2025-12-19 00:25:26,265 - INFO - 预测结果已保存到: ckpt\oneclass_svm_predictions_p97_nu0.150_kernelrbf_gammaauto_20251219_002526.csv
2025-12-19 00:25:26,265 - INFO - 
============================================================
2025-12-19 00:25:26,265 - INFO - 网格搜索进度: [30/63]
2025-12-19 00:25:26,265 - INFO - 参数组合: nu=0.150, kernel=rbf, gamma=0.001
2025-12-19 00:25:26,266 - INFO - ============================================================
2025-12-19 00:25:26,266 - INFO - 训练One-Class SVM: nu=0.15, kernel=rbf, gamma=0.001
2025-12-19 00:25:26,282 - INFO - One-Class SVM训练完成
2025-12-19 00:25:26,283 - INFO - 在训练集上计算异常分数以确定阈值...
2025-12-19 00:25:26,334 - INFO - 训练集97分位数阈值: 3.919664
2025-12-19 00:25:26,334 - INFO - 训练集分数统计: min=-2.310696, max=73.769258, mean=-0.606362, std=3.552907
2025-12-19 00:25:26,334 - INFO - 在测试集上计算异常分数并评估...
2025-12-19 00:25:26,390 - INFO - ==== Evaluation Result ====
2025-12-19 00:25:26,390 - INFO - One-Class SVM参数: nu=0.150, kernel=rbf, gamma=0.001
2025-12-19 00:25:26,390 - INFO - Threshold (Train 97th percentile): 3.919664
2025-12-19 00:25:26,390 - INFO - AUC: 0.9783
2025-12-19 00:25:26,390 - INFO - F1 Score: 0.6829
2025-12-19 00:25:26,390 - INFO - Accuracy: 0.9596
2025-12-19 00:25:26,394 - INFO - 预测结果已保存到: ckpt\oneclass_svm_predictions_p97_nu0.150_kernelrbf_gamma0.001_20251219_002526.csv
2025-12-19 00:25:26,394 - INFO - 
============================================================
2025-12-19 00:25:26,394 - INFO - 网格搜索进度: [31/63]
2025-12-19 00:25:26,394 - INFO - 参数组合: nu=0.150, kernel=rbf, gamma=0.01
2025-12-19 00:25:26,394 - INFO - ============================================================
2025-12-19 00:25:26,394 - INFO - 训练One-Class SVM: nu=0.15, kernel=rbf, gamma=0.01
2025-12-19 00:25:26,411 - INFO - One-Class SVM训练完成
2025-12-19 00:25:26,411 - INFO - 在训练集上计算异常分数以确定阈值...
2025-12-19 00:25:26,460 - INFO - 训练集97分位数阈值: 26.862562
2025-12-19 00:25:26,460 - INFO - 训练集分数统计: min=-16.386894, max=197.533716, mean=-5.069926, std=16.293841
2025-12-19 00:25:26,460 - INFO - 在测试集上计算异常分数并评估...
2025-12-19 00:25:26,512 - INFO - ==== Evaluation Result ====
2025-12-19 00:25:26,512 - INFO - One-Class SVM参数: nu=0.150, kernel=rbf, gamma=0.01
2025-12-19 00:25:26,512 - INFO - Threshold (Train 97th percentile): 26.862562
2025-12-19 00:25:26,512 - INFO - AUC: 0.9778
2025-12-19 00:25:26,512 - INFO - F1 Score: 0.6857
2025-12-19 00:25:26,512 - INFO - Accuracy: 0.9602
2025-12-19 00:25:26,516 - INFO - 预测结果已保存到: ckpt\oneclass_svm_predictions_p97_nu0.150_kernelrbf_gamma0.01_20251219_002526.csv
2025-12-19 00:25:26,516 - INFO - 
============================================================
2025-12-19 00:25:26,516 - INFO - 网格搜索进度: [32/63]
2025-12-19 00:25:26,516 - INFO - 参数组合: nu=0.150, kernel=rbf, gamma=0.1
2025-12-19 00:25:26,516 - INFO - ============================================================
2025-12-19 00:25:26,517 - INFO - 训练One-Class SVM: nu=0.15, kernel=rbf, gamma=0.1
2025-12-19 00:25:26,535 - INFO - One-Class SVM训练完成
2025-12-19 00:25:26,536 - INFO - 在训练集上计算异常分数以确定阈值...
2025-12-19 00:25:26,586 - INFO - 训练集97分位数阈值: 22.689156
2025-12-19 00:25:26,586 - INFO - 训练集分数统计: min=-20.485824, max=49.240932, mean=-7.684416, std=11.056024
2025-12-19 00:25:26,586 - INFO - 在测试集上计算异常分数并评估...
2025-12-19 00:25:26,642 - INFO - ==== Evaluation Result ====
2025-12-19 00:25:26,643 - INFO - One-Class SVM参数: nu=0.150, kernel=rbf, gamma=0.1
2025-12-19 00:25:26,643 - INFO - Threshold (Train 97th percentile): 22.689156
2025-12-19 00:25:26,643 - INFO - AUC: 0.9763
2025-12-19 00:25:26,643 - INFO - F1 Score: 0.6967
2025-12-19 00:25:26,643 - INFO - Accuracy: 0.9617
2025-12-19 00:25:26,646 - INFO - 预测结果已保存到: ckpt\oneclass_svm_predictions_p97_nu0.150_kernelrbf_gamma0.1_20251219_002526.csv
2025-12-19 00:25:26,646 - INFO - 
============================================================
2025-12-19 00:25:26,646 - INFO - 网格搜索进度: [33/63]
2025-12-19 00:25:26,646 - INFO - 参数组合: nu=0.150, kernel=rbf, gamma=1.0
2025-12-19 00:25:26,646 - INFO - ============================================================
2025-12-19 00:25:26,647 - INFO - 训练One-Class SVM: nu=0.15, kernel=rbf, gamma=1.0
2025-12-19 00:25:26,676 - INFO - One-Class SVM训练完成
2025-12-19 00:25:26,676 - INFO - 在训练集上计算异常分数以确定阈值...
2025-12-19 00:25:26,771 - INFO - 训练集97分位数阈值: 0.467477
2025-12-19 00:25:26,771 - INFO - 训练集分数统计: min=-0.517953, max=0.808691, mean=-0.098146, std=0.191023
2025-12-19 00:25:26,771 - INFO - 在测试集上计算异常分数并评估...
2025-12-19 00:25:26,869 - INFO - ==== Evaluation Result ====
2025-12-19 00:25:26,869 - INFO - One-Class SVM参数: nu=0.150, kernel=rbf, gamma=1.0
2025-12-19 00:25:26,869 - INFO - Threshold (Train 97th percentile): 0.467477
2025-12-19 00:25:26,869 - INFO - AUC: 0.9803
2025-12-19 00:25:26,869 - INFO - F1 Score: 0.4434
2025-12-19 00:25:26,869 - INFO - Accuracy: 0.8805
2025-12-19 00:25:26,873 - INFO - 预测结果已保存到: ckpt\oneclass_svm_predictions_p97_nu0.150_kernelrbf_gamma1.0_20251219_002526.csv
2025-12-19 00:25:26,874 - INFO - 
============================================================
2025-12-19 00:25:26,874 - INFO - 网格搜索进度: [34/63]
2025-12-19 00:25:26,874 - INFO - 参数组合: nu=0.150, kernel=linear, gamma=scale
2025-12-19 00:25:26,874 - INFO - ============================================================
2025-12-19 00:25:26,874 - INFO - 训练One-Class SVM: nu=0.15, kernel=linear, gamma=scale
2025-12-19 00:25:26,882 - INFO - One-Class SVM训练完成
2025-12-19 00:25:26,883 - INFO - 在训练集上计算异常分数以确定阈值...
2025-12-19 00:25:26,897 - INFO - 训练集97分位数阈值: 0.000024
2025-12-19 00:25:26,897 - INFO - 训练集分数统计: min=-0.000112, max=0.000321, mean=-0.000012, std=0.000025
2025-12-19 00:25:26,897 - INFO - 在测试集上计算异常分数并评估...
2025-12-19 00:25:26,916 - INFO - ==== Evaluation Result ====
2025-12-19 00:25:26,916 - INFO - One-Class SVM参数: nu=0.150, kernel=linear, gamma=scale
2025-12-19 00:25:26,917 - INFO - Threshold (Train 97th percentile): 0.000024
2025-12-19 00:25:26,917 - INFO - AUC: 0.7157
2025-12-19 00:25:26,917 - INFO - F1 Score: 0.2759
2025-12-19 00:25:26,917 - INFO - Accuracy: 0.9348
2025-12-19 00:25:26,921 - INFO - 预测结果已保存到: ckpt\oneclass_svm_predictions_p97_nu0.150_kernellinear_gammascale_20251219_002526.csv
2025-12-19 00:25:26,921 - INFO - 
============================================================
2025-12-19 00:25:26,921 - INFO - 网格搜索进度: [35/63]
2025-12-19 00:25:26,921 - INFO - 参数组合: nu=0.150, kernel=poly, gamma=scale
2025-12-19 00:25:26,921 - INFO - ============================================================
2025-12-19 00:25:26,921 - INFO - 训练One-Class SVM: nu=0.15, kernel=poly, gamma=scale
2025-12-19 00:25:27,570 - INFO - One-Class SVM训练完成
2025-12-19 00:25:27,570 - INFO - 在训练集上计算异常分数以确定阈值...
2025-12-19 00:25:27,589 - INFO - 训练集97分位数阈值: 0.000126
2025-12-19 00:25:27,589 - INFO - 训练集分数统计: min=-6.556205, max=0.000804, mean=-0.008267, std=0.170499
2025-12-19 00:25:27,590 - INFO - 在测试集上计算异常分数并评估...
2025-12-19 00:25:27,612 - INFO - ==== Evaluation Result ====
2025-12-19 00:25:27,612 - INFO - One-Class SVM参数: nu=0.150, kernel=poly, gamma=scale
2025-12-19 00:25:27,612 - INFO - Threshold (Train 97th percentile): 0.000126
2025-12-19 00:25:27,612 - INFO - AUC: 0.0282
2025-12-19 00:25:27,613 - INFO - F1 Score: 0.0108
2025-12-19 00:25:27,613 - INFO - Accuracy: 0.9053
2025-12-19 00:25:27,617 - INFO - 预测结果已保存到: ckpt\oneclass_svm_predictions_p97_nu0.150_kernelpoly_gammascale_20251219_002527.csv
2025-12-19 00:25:27,617 - INFO - 
============================================================
2025-12-19 00:25:27,617 - INFO - 网格搜索进度: [36/63]
2025-12-19 00:25:27,617 - INFO - 参数组合: nu=0.150, kernel=sigmoid, gamma=scale
2025-12-19 00:25:27,618 - INFO - ============================================================
2025-12-19 00:25:27,618 - INFO - 训练One-Class SVM: nu=0.15, kernel=sigmoid, gamma=scale
2025-12-19 00:25:27,641 - INFO - One-Class SVM训练完成
2025-12-19 00:25:27,642 - INFO - 在训练集上计算异常分数以确定阈值...
2025-12-19 00:25:27,666 - INFO - 训练集97分位数阈值: 20.126558
2025-12-19 00:25:27,666 - INFO - 训练集分数统计: min=-48.977847, max=130.664426, mean=-10.300098, std=14.127621
2025-12-19 00:25:27,666 - INFO - 在测试集上计算异常分数并评估...
2025-12-19 00:25:27,695 - INFO - ==== Evaluation Result ====
2025-12-19 00:25:27,695 - INFO - One-Class SVM参数: nu=0.150, kernel=sigmoid, gamma=scale
2025-12-19 00:25:27,695 - INFO - Threshold (Train 97th percentile): 20.126558
2025-12-19 00:25:27,695 - INFO - AUC: 0.8415
2025-12-19 00:25:27,696 - INFO - F1 Score: 0.6000
2025-12-19 00:25:27,696 - INFO - Accuracy: 0.9565
2025-12-19 00:25:27,699 - INFO - 预测结果已保存到: ckpt\oneclass_svm_predictions_p97_nu0.150_kernelsigmoid_gammascale_20251219_002527.csv
2025-12-19 00:25:27,699 - INFO - 
============================================================
2025-12-19 00:25:27,699 - INFO - 网格搜索进度: [37/63]
2025-12-19 00:25:27,700 - INFO - 参数组合: nu=0.200, kernel=rbf, gamma=scale
2025-12-19 00:25:27,700 - INFO - ============================================================
2025-12-19 00:25:27,700 - INFO - 训练One-Class SVM: nu=0.2, kernel=rbf, gamma=scale
2025-12-19 00:25:27,723 - INFO - One-Class SVM训练完成
2025-12-19 00:25:27,724 - INFO - 在训练集上计算异常分数以确定阈值...
2025-12-19 00:25:27,787 - INFO - 训练集97分位数阈值: 30.220800
2025-12-19 00:25:27,788 - INFO - 训练集分数统计: min=-20.008371, max=45.590616, mean=-5.609960, std=12.118216
2025-12-19 00:25:27,788 - INFO - 在测试集上计算异常分数并评估...
2025-12-19 00:25:27,860 - INFO - ==== Evaluation Result ====
2025-12-19 00:25:27,861 - INFO - One-Class SVM参数: nu=0.200, kernel=rbf, gamma=scale
2025-12-19 00:25:27,861 - INFO - Threshold (Train 97th percentile): 30.220800
2025-12-19 00:25:27,861 - INFO - AUC: 0.9759
2025-12-19 00:25:27,861 - INFO - F1 Score: 0.7054
2025-12-19 00:25:27,861 - INFO - Accuracy: 0.9633
2025-12-19 00:25:27,865 - INFO - 预测结果已保存到: ckpt\oneclass_svm_predictions_p97_nu0.200_kernelrbf_gammascale_20251219_002527.csv
2025-12-19 00:25:27,865 - INFO - 
============================================================
2025-12-19 00:25:27,865 - INFO - 网格搜索进度: [38/63]
2025-12-19 00:25:27,865 - INFO - 参数组合: nu=0.200, kernel=rbf, gamma=auto
2025-12-19 00:25:27,865 - INFO - ============================================================
2025-12-19 00:25:27,865 - INFO - 训练One-Class SVM: nu=0.2, kernel=rbf, gamma=auto
2025-12-19 00:25:27,889 - INFO - One-Class SVM训练完成
2025-12-19 00:25:27,889 - INFO - 在训练集上计算异常分数以确定阈值...
2025-12-19 00:25:27,956 - INFO - 训练集97分位数阈值: 30.220800
2025-12-19 00:25:27,957 - INFO - 训练集分数统计: min=-20.008371, max=45.590616, mean=-5.609960, std=12.118216
2025-12-19 00:25:27,957 - INFO - 在测试集上计算异常分数并评估...
2025-12-19 00:25:28,031 - INFO - ==== Evaluation Result ====
2025-12-19 00:25:28,031 - INFO - One-Class SVM参数: nu=0.200, kernel=rbf, gamma=auto
2025-12-19 00:25:28,031 - INFO - Threshold (Train 97th percentile): 30.220800
2025-12-19 00:25:28,031 - INFO - AUC: 0.9759
2025-12-19 00:25:28,031 - INFO - F1 Score: 0.7054
2025-12-19 00:25:28,032 - INFO - Accuracy: 0.9633
2025-12-19 00:25:28,035 - INFO - 预测结果已保存到: ckpt\oneclass_svm_predictions_p97_nu0.200_kernelrbf_gammaauto_20251219_002528.csv
2025-12-19 00:25:28,035 - INFO - 
============================================================
2025-12-19 00:25:28,035 - INFO - 网格搜索进度: [39/63]
2025-12-19 00:25:28,035 - INFO - 参数组合: nu=0.200, kernel=rbf, gamma=0.001
2025-12-19 00:25:28,035 - INFO - ============================================================
2025-12-19 00:25:28,036 - INFO - 训练One-Class SVM: nu=0.2, kernel=rbf, gamma=0.001
2025-12-19 00:25:28,059 - INFO - One-Class SVM训练完成
2025-12-19 00:25:28,059 - INFO - 在训练集上计算异常分数以确定阈值...
2025-12-19 00:25:28,126 - INFO - 训练集97分位数阈值: 6.129580
2025-12-19 00:25:28,127 - INFO - 训练集分数统计: min=-2.427971, max=101.057830, mean=-0.239162, std=4.863503
2025-12-19 00:25:28,127 - INFO - 在测试集上计算异常分数并评估...
2025-12-19 00:25:28,198 - INFO - ==== Evaluation Result ====
2025-12-19 00:25:28,198 - INFO - One-Class SVM参数: nu=0.200, kernel=rbf, gamma=0.001
2025-12-19 00:25:28,199 - INFO - Threshold (Train 97th percentile): 6.129580
2025-12-19 00:25:28,199 - INFO - AUC: 0.9780
2025-12-19 00:25:28,199 - INFO - F1 Score: 0.6776
2025-12-19 00:25:28,199 - INFO - Accuracy: 0.9591
2025-12-19 00:25:28,203 - INFO - 预测结果已保存到: ckpt\oneclass_svm_predictions_p97_nu0.200_kernelrbf_gamma0.001_20251219_002528.csv
2025-12-19 00:25:28,203 - INFO - 
============================================================
2025-12-19 00:25:28,203 - INFO - 网格搜索进度: [40/63]
2025-12-19 00:25:28,204 - INFO - 参数组合: nu=0.200, kernel=rbf, gamma=0.01
2025-12-19 00:25:28,204 - INFO - ============================================================
2025-12-19 00:25:28,204 - INFO - 训练One-Class SVM: nu=0.2, kernel=rbf, gamma=0.01
2025-12-19 00:25:28,225 - INFO - One-Class SVM训练完成
2025-12-19 00:25:28,226 - INFO - 在训练集上计算异常分数以确定阈值...
2025-12-19 00:25:28,290 - INFO - 训练集97分位数阈值: 42.250379
2025-12-19 00:25:28,290 - INFO - 训练集分数统计: min=-18.532022, max=278.079884, mean=-3.275662, std=23.111241
2025-12-19 00:25:28,291 - INFO - 在测试集上计算异常分数并评估...
2025-12-19 00:25:28,365 - INFO - ==== Evaluation Result ====
2025-12-19 00:25:28,365 - INFO - One-Class SVM参数: nu=0.200, kernel=rbf, gamma=0.01
2025-12-19 00:25:28,365 - INFO - Threshold (Train 97th percentile): 42.250379
2025-12-19 00:25:28,365 - INFO - AUC: 0.9776
2025-12-19 00:25:28,365 - INFO - F1 Score: 0.6776
2025-12-19 00:25:28,365 - INFO - Accuracy: 0.9591
2025-12-19 00:25:28,369 - INFO - 预测结果已保存到: ckpt\oneclass_svm_predictions_p97_nu0.200_kernelrbf_gamma0.01_20251219_002528.csv
2025-12-19 00:25:28,370 - INFO - 
============================================================
2025-12-19 00:25:28,370 - INFO - 网格搜索进度: [41/63]
2025-12-19 00:25:28,370 - INFO - 参数组合: nu=0.200, kernel=rbf, gamma=0.1
2025-12-19 00:25:28,370 - INFO - ============================================================
2025-12-19 00:25:28,370 - INFO - 训练One-Class SVM: nu=0.2, kernel=rbf, gamma=0.1
2025-12-19 00:25:28,393 - INFO - One-Class SVM训练完成
2025-12-19 00:25:28,393 - INFO - 在训练集上计算异常分数以确定阈值...
2025-12-19 00:25:28,461 - INFO - 训练集97分位数阈值: 47.531318
2025-12-19 00:25:28,461 - INFO - 训练集分数统计: min=-32.107585, max=82.234837, mean=-9.042125, std=19.758948
2025-12-19 00:25:28,461 - INFO - 在测试集上计算异常分数并评估...
2025-12-19 00:25:28,536 - INFO - ==== Evaluation Result ====
2025-12-19 00:25:28,537 - INFO - One-Class SVM参数: nu=0.200, kernel=rbf, gamma=0.1
2025-12-19 00:25:28,537 - INFO - Threshold (Train 97th percentile): 47.531318
2025-12-19 00:25:28,537 - INFO - AUC: 0.9763
2025-12-19 00:25:28,537 - INFO - F1 Score: 0.6914
2025-12-19 00:25:28,537 - INFO - Accuracy: 0.9612
2025-12-19 00:25:28,542 - INFO - 预测结果已保存到: ckpt\oneclass_svm_predictions_p97_nu0.200_kernelrbf_gamma0.1_20251219_002528.csv
2025-12-19 00:25:28,542 - INFO - 
============================================================
2025-12-19 00:25:28,542 - INFO - 网格搜索进度: [42/63]
2025-12-19 00:25:28,543 - INFO - 参数组合: nu=0.200, kernel=rbf, gamma=1.0
2025-12-19 00:25:28,543 - INFO - ============================================================
2025-12-19 00:25:28,543 - INFO - 训练One-Class SVM: nu=0.2, kernel=rbf, gamma=1.0
2025-12-19 00:25:28,573 - INFO - One-Class SVM训练完成
2025-12-19 00:25:28,573 - INFO - 在训练集上计算异常分数以确定阈值...
2025-12-19 00:25:28,660 - INFO - 训练集97分位数阈值: 1.592502
2025-12-19 00:25:28,660 - INFO - 训练集分数统计: min=-0.865378, max=2.000248, mean=-0.092922, std=0.490143
2025-12-19 00:25:28,661 - INFO - 在测试集上计算异常分数并评估...
2025-12-19 00:25:28,752 - INFO - ==== Evaluation Result ====
2025-12-19 00:25:28,753 - INFO - One-Class SVM参数: nu=0.200, kernel=rbf, gamma=1.0
2025-12-19 00:25:28,753 - INFO - Threshold (Train 97th percentile): 1.592502
2025-12-19 00:25:28,753 - INFO - AUC: 0.9804
2025-12-19 00:25:28,753 - INFO - F1 Score: 0.5644
2025-12-19 00:25:28,753 - INFO - Accuracy: 0.9265
2025-12-19 00:25:28,756 - INFO - 预测结果已保存到: ckpt\oneclass_svm_predictions_p97_nu0.200_kernelrbf_gamma1.0_20251219_002528.csv
2025-12-19 00:25:28,757 - INFO - 
============================================================
2025-12-19 00:25:28,757 - INFO - 网格搜索进度: [43/63]
2025-12-19 00:25:28,757 - INFO - 参数组合: nu=0.200, kernel=linear, gamma=scale
2025-12-19 00:25:28,757 - INFO - ============================================================
2025-12-19 00:25:28,757 - INFO - 训练One-Class SVM: nu=0.2, kernel=linear, gamma=scale
2025-12-19 00:25:28,769 - INFO - One-Class SVM训练完成
2025-12-19 00:25:28,769 - INFO - 在训练集上计算异常分数以确定阈值...
2025-12-19 00:25:28,787 - INFO - 训练集97分位数阈值: 0.000086
2025-12-19 00:25:28,788 - INFO - 训练集分数统计: min=-0.000602, max=0.000350, mean=0.000032, std=0.000035
2025-12-19 00:25:28,788 - INFO - 在测试集上计算异常分数并评估...
2025-12-19 00:25:28,808 - INFO - ==== Evaluation Result ====
2025-12-19 00:25:28,808 - INFO - One-Class SVM参数: nu=0.200, kernel=linear, gamma=scale
2025-12-19 00:25:28,808 - INFO - Threshold (Train 97th percentile): 0.000086
2025-12-19 00:25:28,809 - INFO - AUC: 0.9775
2025-12-19 00:25:28,809 - INFO - F1 Score: 0.6564
2025-12-19 00:25:28,809 - INFO - Accuracy: 0.9540
2025-12-19 00:25:28,813 - INFO - 预测结果已保存到: ckpt\oneclass_svm_predictions_p97_nu0.200_kernellinear_gammascale_20251219_002528.csv
2025-12-19 00:25:28,813 - INFO - 
============================================================
2025-12-19 00:25:28,813 - INFO - 网格搜索进度: [44/63]
2025-12-19 00:25:28,813 - INFO - 参数组合: nu=0.200, kernel=poly, gamma=scale
2025-12-19 00:25:28,813 - INFO - ============================================================
2025-12-19 00:25:28,813 - INFO - 训练One-Class SVM: nu=0.2, kernel=poly, gamma=scale
2025-12-19 00:25:29,422 - INFO - One-Class SVM训练完成
2025-12-19 00:25:29,422 - INFO - 在训练集上计算异常分数以确定阈值...
2025-12-19 00:25:29,444 - INFO - 训练集97分位数阈值: 0.000183
2025-12-19 00:25:29,444 - INFO - 训练集分数统计: min=-7.435377, max=0.000926, mean=-0.009655, std=0.195455
2025-12-19 00:25:29,444 - INFO - 在测试集上计算异常分数并评估...
2025-12-19 00:25:29,469 - INFO - ==== Evaluation Result ====
2025-12-19 00:25:29,469 - INFO - One-Class SVM参数: nu=0.200, kernel=poly, gamma=scale
2025-12-19 00:25:29,470 - INFO - Threshold (Train 97th percentile): 0.000183
2025-12-19 00:25:29,470 - INFO - AUC: 0.0288
2025-12-19 00:25:29,470 - INFO - F1 Score: 0.0101
2025-12-19 00:25:29,470 - INFO - Accuracy: 0.8981
2025-12-19 00:25:29,474 - INFO - 预测结果已保存到: ckpt\oneclass_svm_predictions_p97_nu0.200_kernelpoly_gammascale_20251219_002529.csv
2025-12-19 00:25:29,474 - INFO - 
============================================================
2025-12-19 00:25:29,474 - INFO - 网格搜索进度: [45/63]
2025-12-19 00:25:29,474 - INFO - 参数组合: nu=0.200, kernel=sigmoid, gamma=scale
2025-12-19 00:25:29,475 - INFO - ============================================================
2025-12-19 00:25:29,475 - INFO - 训练One-Class SVM: nu=0.2, kernel=sigmoid, gamma=scale
2025-12-19 00:25:29,507 - INFO - One-Class SVM训练完成
2025-12-19 00:25:29,508 - INFO - 在训练集上计算异常分数以确定阈值...
2025-12-19 00:25:29,544 - INFO - 训练集97分位数阈值: 32.570322
2025-12-19 00:25:29,545 - INFO - 训练集分数统计: min=-59.857907, max=165.281348, mean=-8.176945, std=16.755413
2025-12-19 00:25:29,545 - INFO - 在测试集上计算异常分数并评估...
2025-12-19 00:25:29,592 - INFO - ==== Evaluation Result ====
2025-12-19 00:25:29,592 - INFO - One-Class SVM参数: nu=0.200, kernel=sigmoid, gamma=scale
2025-12-19 00:25:29,592 - INFO - Threshold (Train 97th percentile): 32.570322
2025-12-19 00:25:29,593 - INFO - AUC: 0.8326
2025-12-19 00:25:29,593 - INFO - F1 Score: 0.5728
2025-12-19 00:25:29,593 - INFO - Accuracy: 0.9545
2025-12-19 00:25:29,597 - INFO - 预测结果已保存到: ckpt\oneclass_svm_predictions_p97_nu0.200_kernelsigmoid_gammascale_20251219_002529.csv
2025-12-19 00:25:29,597 - INFO - 
============================================================
2025-12-19 00:25:29,598 - INFO - 网格搜索进度: [46/63]
2025-12-19 00:25:29,598 - INFO - 参数组合: nu=0.250, kernel=rbf, gamma=scale
2025-12-19 00:25:29,598 - INFO - ============================================================
2025-12-19 00:25:29,598 - INFO - 训练One-Class SVM: nu=0.25, kernel=rbf, gamma=scale
2025-12-19 00:25:29,631 - INFO - One-Class SVM训练完成
2025-12-19 00:25:29,631 - INFO - 在训练集上计算异常分数以确定阈值...
2025-12-19 00:25:29,720 - INFO - 训练集97分位数阈值: 51.503699
2025-12-19 00:25:29,721 - INFO - 训练集分数统计: min=-29.506764, max=69.818661, mean=-5.667268, std=19.549508
2025-12-19 00:25:29,721 - INFO - 在测试集上计算异常分数并评估...
2025-12-19 00:25:29,809 - INFO - ==== Evaluation Result ====
2025-12-19 00:25:29,809 - INFO - One-Class SVM参数: nu=0.250, kernel=rbf, gamma=scale
2025-12-19 00:25:29,809 - INFO - Threshold (Train 97th percentile): 51.503699
2025-12-19 00:25:29,810 - INFO - AUC: 0.9759
2025-12-19 00:25:29,810 - INFO - F1 Score: 0.6942
2025-12-19 00:25:29,810 - INFO - Accuracy: 0.9617
2025-12-19 00:25:29,815 - INFO - 预测结果已保存到: ckpt\oneclass_svm_predictions_p97_nu0.250_kernelrbf_gammascale_20251219_002529.csv
2025-12-19 00:25:29,815 - INFO - 
============================================================
2025-12-19 00:25:29,815 - INFO - 网格搜索进度: [47/63]
2025-12-19 00:25:29,815 - INFO - 参数组合: nu=0.250, kernel=rbf, gamma=auto
2025-12-19 00:25:29,815 - INFO - ============================================================
2025-12-19 00:25:29,815 - INFO - 训练One-Class SVM: nu=0.25, kernel=rbf, gamma=auto
2025-12-19 00:25:29,844 - INFO - One-Class SVM训练完成
2025-12-19 00:25:29,844 - INFO - 在训练集上计算异常分数以确定阈值...
2025-12-19 00:25:29,923 - INFO - 训练集97分位数阈值: 51.503699
2025-12-19 00:25:29,923 - INFO - 训练集分数统计: min=-29.506764, max=69.818662, mean=-5.667268, std=19.549508
2025-12-19 00:25:29,923 - INFO - 在测试集上计算异常分数并评估...
2025-12-19 00:25:30,014 - INFO - ==== Evaluation Result ====
2025-12-19 00:25:30,014 - INFO - One-Class SVM参数: nu=0.250, kernel=rbf, gamma=auto
2025-12-19 00:25:30,014 - INFO - Threshold (Train 97th percentile): 51.503699
2025-12-19 00:25:30,014 - INFO - AUC: 0.9759
2025-12-19 00:25:30,014 - INFO - F1 Score: 0.6942
2025-12-19 00:25:30,014 - INFO - Accuracy: 0.9617
2025-12-19 00:25:30,018 - INFO - 预测结果已保存到: ckpt\oneclass_svm_predictions_p97_nu0.250_kernelrbf_gammaauto_20251219_002530.csv
2025-12-19 00:25:30,019 - INFO - 
============================================================
2025-12-19 00:25:30,019 - INFO - 网格搜索进度: [48/63]
2025-12-19 00:25:30,019 - INFO - 参数组合: nu=0.250, kernel=rbf, gamma=0.001
2025-12-19 00:25:30,019 - INFO - ============================================================
2025-12-19 00:25:30,019 - INFO - 训练One-Class SVM: nu=0.25, kernel=rbf, gamma=0.001
2025-12-19 00:25:30,046 - INFO - One-Class SVM训练完成
2025-12-19 00:25:30,046 - INFO - 在训练集上计算异常分数以确定阈值...
2025-12-19 00:25:30,137 - INFO - 训练集97分位数阈值: 8.205556
2025-12-19 00:25:30,138 - INFO - 训练集分数统计: min=-2.548587, max=128.189482, mean=0.130878, std=6.179495
2025-12-19 00:25:30,139 - INFO - 在测试集上计算异常分数并评估...
2025-12-19 00:25:30,246 - INFO - ==== Evaluation Result ====
2025-12-19 00:25:30,246 - INFO - One-Class SVM参数: nu=0.250, kernel=rbf, gamma=0.001
2025-12-19 00:25:30,246 - INFO - Threshold (Train 97th percentile): 8.205556
2025-12-19 00:25:30,246 - INFO - AUC: 0.9776
2025-12-19 00:25:30,247 - INFO - F1 Score: 0.6776
2025-12-19 00:25:30,247 - INFO - Accuracy: 0.9591
2025-12-19 00:25:30,250 - INFO - 预测结果已保存到: ckpt\oneclass_svm_predictions_p97_nu0.250_kernelrbf_gamma0.001_20251219_002530.csv
2025-12-19 00:25:30,250 - INFO - 
============================================================
2025-12-19 00:25:30,250 - INFO - 网格搜索进度: [49/63]
2025-12-19 00:25:30,251 - INFO - 参数组合: nu=0.250, kernel=rbf, gamma=0.01
2025-12-19 00:25:30,251 - INFO - ============================================================
2025-12-19 00:25:30,251 - INFO - 训练One-Class SVM: nu=0.25, kernel=rbf, gamma=0.01
2025-12-19 00:25:30,284 - INFO - One-Class SVM训练完成
2025-12-19 00:25:30,285 - INFO - 在训练集上计算异常分数以确定阈值...
2025-12-19 00:25:30,385 - INFO - 训练集97分位数阈值: 61.380635
2025-12-19 00:25:30,386 - INFO - 训练集分数统计: min=-20.081430, max=360.490012, mean=-0.720390, std=30.238597
2025-12-19 00:25:30,386 - INFO - 在测试集上计算异常分数并评估...
2025-12-19 00:25:30,480 - INFO - ==== Evaluation Result ====
2025-12-19 00:25:30,480 - INFO - One-Class SVM参数: nu=0.250, kernel=rbf, gamma=0.01
2025-12-19 00:25:30,481 - INFO - Threshold (Train 97th percentile): 61.380635
2025-12-19 00:25:30,481 - INFO - AUC: 0.9770
2025-12-19 00:25:30,481 - INFO - F1 Score: 0.6888
2025-12-19 00:25:30,481 - INFO - Accuracy: 0.9612
2025-12-19 00:25:30,484 - INFO - 预测结果已保存到: ckpt\oneclass_svm_predictions_p97_nu0.250_kernelrbf_gamma0.01_20251219_002530.csv
2025-12-19 00:25:30,485 - INFO - 
============================================================
2025-12-19 00:25:30,485 - INFO - 网格搜索进度: [50/63]
2025-12-19 00:25:30,485 - INFO - 参数组合: nu=0.250, kernel=rbf, gamma=0.1
2025-12-19 00:25:30,485 - INFO - ============================================================
2025-12-19 00:25:30,485 - INFO - 训练One-Class SVM: nu=0.25, kernel=rbf, gamma=0.1
2025-12-19 00:25:30,514 - INFO - One-Class SVM训练完成
2025-12-19 00:25:30,515 - INFO - 在训练集上计算异常分数以确定阈值...
2025-12-19 00:25:30,596 - INFO - 训练集97分位数阈值: 80.211760
2025-12-19 00:25:30,597 - INFO - 训练集分数统计: min=-42.820298, max=121.584912, mean=-7.771623, std=29.978835
2025-12-19 00:25:30,597 - INFO - 在测试集上计算异常分数并评估...
2025-12-19 00:25:30,687 - INFO - ==== Evaluation Result ====
2025-12-19 00:25:30,687 - INFO - One-Class SVM参数: nu=0.250, kernel=rbf, gamma=0.1
2025-12-19 00:25:30,687 - INFO - Threshold (Train 97th percentile): 80.211760
2025-12-19 00:25:30,687 - INFO - AUC: 0.9764
2025-12-19 00:25:30,687 - INFO - F1 Score: 0.6917
2025-12-19 00:25:30,687 - INFO - Accuracy: 0.9617
2025-12-19 00:25:30,691 - INFO - 预测结果已保存到: ckpt\oneclass_svm_predictions_p97_nu0.250_kernelrbf_gamma0.1_20251219_002530.csv
2025-12-19 00:25:30,691 - INFO - 
============================================================
2025-12-19 00:25:30,691 - INFO - 网格搜索进度: [51/63]
2025-12-19 00:25:30,691 - INFO - 参数组合: nu=0.250, kernel=rbf, gamma=1.0
2025-12-19 00:25:30,691 - INFO - ============================================================
2025-12-19 00:25:30,691 - INFO - 训练One-Class SVM: nu=0.25, kernel=rbf, gamma=1.0
2025-12-19 00:25:30,722 - INFO - One-Class SVM训练完成
2025-12-19 00:25:30,723 - INFO - 在训练集上计算异常分数以确定阈值...
2025-12-19 00:25:30,825 - INFO - 训练集97分位数阈值: 3.248373
2025-12-19 00:25:30,825 - INFO - 训练集分数统计: min=-1.188409, max=3.744264, mean=0.002024, std=1.006097
2025-12-19 00:25:30,825 - INFO - 在测试集上计算异常分数并评估...
2025-12-19 00:25:30,945 - INFO - ==== Evaluation Result ====
2025-12-19 00:25:30,946 - INFO - One-Class SVM参数: nu=0.250, kernel=rbf, gamma=1.0
2025-12-19 00:25:30,946 - INFO - Threshold (Train 97th percentile): 3.248373
2025-12-19 00:25:30,946 - INFO - AUC: 0.9801
2025-12-19 00:25:30,946 - INFO - F1 Score: 0.5742
2025-12-19 00:25:30,946 - INFO - Accuracy: 0.9317
2025-12-19 00:25:30,953 - INFO - 预测结果已保存到: ckpt\oneclass_svm_predictions_p97_nu0.250_kernelrbf_gamma1.0_20251219_002530.csv
2025-12-19 00:25:30,953 - INFO - 
============================================================
2025-12-19 00:25:30,953 - INFO - 网格搜索进度: [52/63]
2025-12-19 00:25:30,954 - INFO - 参数组合: nu=0.250, kernel=linear, gamma=scale
2025-12-19 00:25:30,954 - INFO - ============================================================
2025-12-19 00:25:30,954 - INFO - 训练One-Class SVM: nu=0.25, kernel=linear, gamma=scale
2025-12-19 00:25:30,969 - INFO - One-Class SVM训练完成
2025-12-19 00:25:30,969 - INFO - 在训练集上计算异常分数以确定阈值...
2025-12-19 00:25:30,996 - INFO - 训练集97分位数阈值: 0.000109
2025-12-19 00:25:30,996 - INFO - 训练集分数统计: min=-0.000678, max=0.000360, mean=-0.000000, std=0.000070
2025-12-19 00:25:30,997 - INFO - 在测试集上计算异常分数并评估...
2025-12-19 00:25:31,029 - INFO - ==== Evaluation Result ====
2025-12-19 00:25:31,029 - INFO - One-Class SVM参数: nu=0.250, kernel=linear, gamma=scale
2025-12-19 00:25:31,029 - INFO - Threshold (Train 97th percentile): 0.000109
2025-12-19 00:25:31,029 - INFO - AUC: 0.9773
2025-12-19 00:25:31,029 - INFO - F1 Score: 0.6337
2025-12-19 00:25:31,029 - INFO - Accuracy: 0.9540
2025-12-19 00:25:31,034 - INFO - 预测结果已保存到: ckpt\oneclass_svm_predictions_p97_nu0.250_kernellinear_gammascale_20251219_002531.csv
2025-12-19 00:25:31,034 - INFO - 
============================================================
2025-12-19 00:25:31,034 - INFO - 网格搜索进度: [53/63]
2025-12-19 00:25:31,034 - INFO - 参数组合: nu=0.250, kernel=poly, gamma=scale
2025-12-19 00:25:31,034 - INFO - ============================================================
2025-12-19 00:25:31,034 - INFO - 训练One-Class SVM: nu=0.25, kernel=poly, gamma=scale
2025-12-19 00:25:31,670 - INFO - One-Class SVM训练完成
2025-12-19 00:25:31,671 - INFO - 在训练集上计算异常分数以确定阈值...
2025-12-19 00:25:31,695 - INFO - 训练集97分位数阈值: 0.000200
2025-12-19 00:25:31,695 - INFO - 训练集分数统计: min=-7.648642, max=0.001037, mean=-0.010152, std=0.201852
2025-12-19 00:25:31,695 - INFO - 在测试集上计算异常分数并评估...
2025-12-19 00:25:31,726 - INFO - ==== Evaluation Result ====
2025-12-19 00:25:31,726 - INFO - One-Class SVM参数: nu=0.250, kernel=poly, gamma=scale
2025-12-19 00:25:31,726 - INFO - Threshold (Train 97th percentile): 0.000200
2025-12-19 00:25:31,726 - INFO - AUC: 0.0291
2025-12-19 00:25:31,727 - INFO - F1 Score: 0.0093
2025-12-19 00:25:31,727 - INFO - Accuracy: 0.8893
2025-12-19 00:25:31,731 - INFO - 预测结果已保存到: ckpt\oneclass_svm_predictions_p97_nu0.250_kernelpoly_gammascale_20251219_002531.csv
2025-12-19 00:25:31,731 - INFO - 
============================================================
2025-12-19 00:25:31,731 - INFO - 网格搜索进度: [54/63]
2025-12-19 00:25:31,731 - INFO - 参数组合: nu=0.250, kernel=sigmoid, gamma=scale
2025-12-19 00:25:31,731 - INFO - ============================================================
2025-12-19 00:25:31,731 - INFO - 训练One-Class SVM: nu=0.25, kernel=sigmoid, gamma=scale
2025-12-19 00:25:31,770 - INFO - One-Class SVM训练完成
2025-12-19 00:25:31,770 - INFO - 在训练集上计算异常分数以确定阈值...
2025-12-19 00:25:31,811 - INFO - 训练集97分位数阈值: 47.596696
2025-12-19 00:25:31,812 - INFO - 训练集分数统计: min=-72.046921, max=203.443384, mean=-5.133161, std=19.553008
2025-12-19 00:25:31,812 - INFO - 在测试集上计算异常分数并评估...
2025-12-19 00:25:31,858 - INFO - ==== Evaluation Result ====
2025-12-19 00:25:31,859 - INFO - One-Class SVM参数: nu=0.250, kernel=sigmoid, gamma=scale
2025-12-19 00:25:31,859 - INFO - Threshold (Train 97th percentile): 47.596696
2025-12-19 00:25:31,859 - INFO - AUC: 0.8346
2025-12-19 00:25:31,859 - INFO - F1 Score: 0.5714
2025-12-19 00:25:31,859 - INFO - Accuracy: 0.9550
2025-12-19 00:25:31,863 - INFO - 预测结果已保存到: ckpt\oneclass_svm_predictions_p97_nu0.250_kernelsigmoid_gammascale_20251219_002531.csv
2025-12-19 00:25:31,863 - INFO - 
============================================================
2025-12-19 00:25:31,863 - INFO - 网格搜索进度: [55/63]
2025-12-19 00:25:31,863 - INFO - 参数组合: nu=0.300, kernel=rbf, gamma=scale
2025-12-19 00:25:31,863 - INFO - ============================================================
2025-12-19 00:25:31,863 - INFO - 训练One-Class SVM: nu=0.3, kernel=rbf, gamma=scale
2025-12-19 00:25:31,894 - INFO - One-Class SVM训练完成
2025-12-19 00:25:31,894 - INFO - 在训练集上计算异常分数以确定阈值...
2025-12-19 00:25:31,994 - INFO - 训练集97分位数阈值: 79.146142
2025-12-19 00:25:31,994 - INFO - 训练集分数统计: min=-40.041619, max=99.636765, mean=-4.020702, std=29.020941
2025-12-19 00:25:31,994 - INFO - 在测试集上计算异常分数并评估...
2025-12-19 00:25:32,106 - INFO - ==== Evaluation Result ====
2025-12-19 00:25:32,106 - INFO - One-Class SVM参数: nu=0.300, kernel=rbf, gamma=scale
2025-12-19 00:25:32,106 - INFO - Threshold (Train 97th percentile): 79.146142
2025-12-19 00:25:32,106 - INFO - AUC: 0.9756
2025-12-19 00:25:32,106 - INFO - F1 Score: 0.6971
2025-12-19 00:25:32,106 - INFO - Accuracy: 0.9622
2025-12-19 00:25:32,110 - INFO - 预测结果已保存到: ckpt\oneclass_svm_predictions_p97_nu0.300_kernelrbf_gammascale_20251219_002532.csv
2025-12-19 00:25:32,110 - INFO - 
============================================================
2025-12-19 00:25:32,110 - INFO - 网格搜索进度: [56/63]
2025-12-19 00:25:32,110 - INFO - 参数组合: nu=0.300, kernel=rbf, gamma=auto
2025-12-19 00:25:32,110 - INFO - ============================================================
2025-12-19 00:25:32,110 - INFO - 训练One-Class SVM: nu=0.3, kernel=rbf, gamma=auto
2025-12-19 00:25:32,142 - INFO - One-Class SVM训练完成
2025-12-19 00:25:32,142 - INFO - 在训练集上计算异常分数以确定阈值...
2025-12-19 00:25:32,244 - INFO - 训练集97分位数阈值: 79.146142
2025-12-19 00:25:32,244 - INFO - 训练集分数统计: min=-40.041619, max=99.636765, mean=-4.020702, std=29.020941
2025-12-19 00:25:32,244 - INFO - 在测试集上计算异常分数并评估...
2025-12-19 00:25:32,352 - INFO - ==== Evaluation Result ====
2025-12-19 00:25:32,352 - INFO - One-Class SVM参数: nu=0.300, kernel=rbf, gamma=auto
2025-12-19 00:25:32,352 - INFO - Threshold (Train 97th percentile): 79.146142
2025-12-19 00:25:32,352 - INFO - AUC: 0.9756
2025-12-19 00:25:32,352 - INFO - F1 Score: 0.6971
2025-12-19 00:25:32,352 - INFO - Accuracy: 0.9622
2025-12-19 00:25:32,356 - INFO - 预测结果已保存到: ckpt\oneclass_svm_predictions_p97_nu0.300_kernelrbf_gammaauto_20251219_002532.csv
2025-12-19 00:25:32,356 - INFO - 
============================================================
2025-12-19 00:25:32,356 - INFO - 网格搜索进度: [57/63]
2025-12-19 00:25:32,356 - INFO - 参数组合: nu=0.300, kernel=rbf, gamma=0.001
2025-12-19 00:25:32,356 - INFO - ============================================================
2025-12-19 00:25:32,356 - INFO - 训练One-Class SVM: nu=0.3, kernel=rbf, gamma=0.001
2025-12-19 00:25:32,389 - INFO - One-Class SVM训练完成
2025-12-19 00:25:32,389 - INFO - 在训练集上计算异常分数以确定阈值...
2025-12-19 00:25:32,490 - INFO - 训练集97分位数阈值: 10.713655
2025-12-19 00:25:32,490 - INFO - 训练集分数统计: min=-2.633639, max=155.338770, mean=0.555171, std=7.517585
2025-12-19 00:25:32,490 - INFO - 在测试集上计算异常分数并评估...
2025-12-19 00:25:32,595 - INFO - ==== Evaluation Result ====
2025-12-19 00:25:32,595 - INFO - One-Class SVM参数: nu=0.300, kernel=rbf, gamma=0.001
2025-12-19 00:25:32,596 - INFO - Threshold (Train 97th percentile): 10.713655
2025-12-19 00:25:32,596 - INFO - AUC: 0.9770
2025-12-19 00:25:32,596 - INFO - F1 Score: 0.6888
2025-12-19 00:25:32,596 - INFO - Accuracy: 0.9612
2025-12-19 00:25:32,599 - INFO - 预测结果已保存到: ckpt\oneclass_svm_predictions_p97_nu0.300_kernelrbf_gamma0.001_20251219_002532.csv
2025-12-19 00:25:32,600 - INFO - 
============================================================
2025-12-19 00:25:32,600 - INFO - 网格搜索进度: [58/63]
2025-12-19 00:25:32,600 - INFO - 参数组合: nu=0.300, kernel=rbf, gamma=0.01
2025-12-19 00:25:32,600 - INFO - ============================================================
2025-12-19 00:25:32,600 - INFO - 训练One-Class SVM: nu=0.3, kernel=rbf, gamma=0.01
2025-12-19 00:25:32,633 - INFO - One-Class SVM训练完成
2025-12-19 00:25:32,634 - INFO - 在训练集上计算异常分数以确定阈值...
2025-12-19 00:25:32,729 - INFO - 训练集97分位数阈值: 81.330259
2025-12-19 00:25:32,730 - INFO - 训练集分数统计: min=-21.043262, max=444.213595, mean=2.470415, std=37.440290
2025-12-19 00:25:32,730 - INFO - 在测试集上计算异常分数并评估...
2025-12-19 00:25:32,835 - INFO - ==== Evaluation Result ====
2025-12-19 00:25:32,836 - INFO - One-Class SVM参数: nu=0.300, kernel=rbf, gamma=0.01
2025-12-19 00:25:32,836 - INFO - Threshold (Train 97th percentile): 81.330259
2025-12-19 00:25:32,836 - INFO - AUC: 0.9766
2025-12-19 00:25:32,836 - INFO - F1 Score: 0.6888
2025-12-19 00:25:32,836 - INFO - Accuracy: 0.9612
2025-12-19 00:25:32,840 - INFO - 预测结果已保存到: ckpt\oneclass_svm_predictions_p97_nu0.300_kernelrbf_gamma0.01_20251219_002532.csv
2025-12-19 00:25:32,841 - INFO - 
============================================================
2025-12-19 00:25:32,841 - INFO - 网格搜索进度: [59/63]
2025-12-19 00:25:32,841 - INFO - 参数组合: nu=0.300, kernel=rbf, gamma=0.1
2025-12-19 00:25:32,841 - INFO - ============================================================
2025-12-19 00:25:32,841 - INFO - 训练One-Class SVM: nu=0.3, kernel=rbf, gamma=0.1
2025-12-19 00:25:32,877 - INFO - One-Class SVM训练完成
2025-12-19 00:25:32,877 - INFO - 在训练集上计算异常分数以确定阈值...
2025-12-19 00:25:32,978 - INFO - 训练集97分位数阈值: 119.039242
2025-12-19 00:25:32,978 - INFO - 训练集分数统计: min=-54.129048, max=166.812116, mean=-4.784580, std=42.151759
2025-12-19 00:25:32,978 - INFO - 在测试集上计算异常分数并评估...
2025-12-19 00:25:33,090 - INFO - ==== Evaluation Result ====
2025-12-19 00:25:33,090 - INFO - One-Class SVM参数: nu=0.300, kernel=rbf, gamma=0.1
2025-12-19 00:25:33,091 - INFO - Threshold (Train 97th percentile): 119.039242
2025-12-19 00:25:33,091 - INFO - AUC: 0.9759
2025-12-19 00:25:33,091 - INFO - F1 Score: 0.6975
2025-12-19 00:25:33,091 - INFO - Accuracy: 0.9628
2025-12-19 00:25:33,094 - INFO - 预测结果已保存到: ckpt\oneclass_svm_predictions_p97_nu0.300_kernelrbf_gamma0.1_20251219_002533.csv
2025-12-19 00:25:33,095 - INFO - 
============================================================
2025-12-19 00:25:33,095 - INFO - 网格搜索进度: [60/63]
2025-12-19 00:25:33,095 - INFO - 参数组合: nu=0.300, kernel=rbf, gamma=1.0
2025-12-19 00:25:33,095 - INFO - ============================================================
2025-12-19 00:25:33,095 - INFO - 训练One-Class SVM: nu=0.3, kernel=rbf, gamma=1.0
2025-12-19 00:25:33,131 - INFO - One-Class SVM训练完成
2025-12-19 00:25:33,132 - INFO - 在训练集上计算异常分数以确定阈值...
2025-12-19 00:25:33,245 - INFO - 训练集97分位数阈值: 5.555792
2025-12-19 00:25:33,245 - INFO - 训练集分数统计: min=-1.848790, max=6.051905, mean=0.178872, std=1.783037
2025-12-19 00:25:33,245 - INFO - 在测试集上计算异常分数并评估...
2025-12-19 00:25:33,368 - INFO - ==== Evaluation Result ====
2025-12-19 00:25:33,368 - INFO - One-Class SVM参数: nu=0.300, kernel=rbf, gamma=1.0
2025-12-19 00:25:33,368 - INFO - Threshold (Train 97th percentile): 5.555792
2025-12-19 00:25:33,368 - INFO - AUC: 0.9797
2025-12-19 00:25:33,368 - INFO - F1 Score: 0.5894
2025-12-19 00:25:33,368 - INFO - Accuracy: 0.9359
2025-12-19 00:25:33,373 - INFO - 预测结果已保存到: ckpt\oneclass_svm_predictions_p97_nu0.300_kernelrbf_gamma1.0_20251219_002533.csv
2025-12-19 00:25:33,373 - INFO - 
============================================================
2025-12-19 00:25:33,373 - INFO - 网格搜索进度: [61/63]
2025-12-19 00:25:33,373 - INFO - 参数组合: nu=0.300, kernel=linear, gamma=scale
2025-12-19 00:25:33,373 - INFO - ============================================================
2025-12-19 00:25:33,373 - INFO - 训练One-Class SVM: nu=0.3, kernel=linear, gamma=scale
2025-12-19 00:25:33,387 - INFO - One-Class SVM训练完成
2025-12-19 00:25:33,387 - INFO - 在训练集上计算异常分数以确定阈值...
2025-12-19 00:25:33,412 - INFO - 训练集97分位数阈值: 0.000200
2025-12-19 00:25:33,413 - INFO - 训练集分数统计: min=-0.000580, max=0.000430, mean=0.000092, std=0.000065
2025-12-19 00:25:33,413 - INFO - 在测试集上计算异常分数并评估...
2025-12-19 00:25:33,444 - INFO - ==== Evaluation Result ====
2025-12-19 00:25:33,444 - INFO - One-Class SVM参数: nu=0.300, kernel=linear, gamma=scale
2025-12-19 00:25:33,444 - INFO - Threshold (Train 97th percentile): 0.000200
2025-12-19 00:25:33,444 - INFO - AUC: 0.9561
2025-12-19 00:25:33,444 - INFO - F1 Score: 0.5702
2025-12-19 00:25:33,444 - INFO - Accuracy: 0.9462
2025-12-19 00:25:33,449 - INFO - 预测结果已保存到: ckpt\oneclass_svm_predictions_p97_nu0.300_kernellinear_gammascale_20251219_002533.csv
2025-12-19 00:25:33,449 - INFO - 
============================================================
2025-12-19 00:25:33,449 - INFO - 网格搜索进度: [62/63]
2025-12-19 00:25:33,449 - INFO - 参数组合: nu=0.300, kernel=poly, gamma=scale
2025-12-19 00:25:33,449 - INFO - ============================================================
2025-12-19 00:25:33,449 - INFO - 训练One-Class SVM: nu=0.3, kernel=poly, gamma=scale
2025-12-19 00:25:34,111 - INFO - One-Class SVM训练完成
2025-12-19 00:25:34,111 - INFO - 在训练集上计算异常分数以确定阈值...
2025-12-19 00:25:34,142 - INFO - 训练集97分位数阈值: 0.000249
2025-12-19 00:25:34,143 - INFO - 训练集分数统计: min=-8.806153, max=0.001265, mean=-0.012328, std=0.236376
2025-12-19 00:25:34,143 - INFO - 在测试集上计算异常分数并评估...
2025-12-19 00:25:34,177 - INFO - ==== Evaluation Result ====
2025-12-19 00:25:34,177 - INFO - One-Class SVM参数: nu=0.300, kernel=poly, gamma=scale
2025-12-19 00:25:34,177 - INFO - Threshold (Train 97th percentile): 0.000249
2025-12-19 00:25:34,177 - INFO - AUC: 0.0286
2025-12-19 00:25:34,177 - INFO - F1 Score: 0.0097
2025-12-19 00:25:34,177 - INFO - Accuracy: 0.8945
2025-12-19 00:25:34,181 - INFO - 预测结果已保存到: ckpt\oneclass_svm_predictions_p97_nu0.300_kernelpoly_gammascale_20251219_002534.csv
2025-12-19 00:25:34,181 - INFO - 
============================================================
2025-12-19 00:25:34,181 - INFO - 网格搜索进度: [63/63]
2025-12-19 00:25:34,181 - INFO - 参数组合: nu=0.300, kernel=sigmoid, gamma=scale
2025-12-19 00:25:34,181 - INFO - ============================================================
2025-12-19 00:25:34,182 - INFO - 训练One-Class SVM: nu=0.3, kernel=sigmoid, gamma=scale
2025-12-19 00:25:34,225 - INFO - One-Class SVM训练完成
2025-12-19 00:25:34,225 - INFO - 在训练集上计算异常分数以确定阈值...
2025-12-19 00:25:34,274 - INFO - 训练集97分位数阈值: 57.698529
2025-12-19 00:25:34,274 - INFO - 训练集分数统计: min=-78.134671, max=235.428533, mean=-2.677427, std=22.228219
2025-12-19 00:25:34,274 - INFO - 在测试集上计算异常分数并评估...
2025-12-19 00:25:34,325 - INFO - ==== Evaluation Result ====
2025-12-19 00:25:34,325 - INFO - One-Class SVM参数: nu=0.300, kernel=sigmoid, gamma=scale
2025-12-19 00:25:34,325 - INFO - Threshold (Train 97th percentile): 57.698529
2025-12-19 00:25:34,325 - INFO - AUC: 0.8332
2025-12-19 00:25:34,325 - INFO - F1 Score: 0.5686
2025-12-19 00:25:34,325 - INFO - Accuracy: 0.9545
2025-12-19 00:25:34,329 - INFO - 预测结果已保存到: ckpt\oneclass_svm_predictions_p97_nu0.300_kernelsigmoid_gammascale_20251219_002534.csv
2025-12-19 00:25:34,329 - INFO - 
============================================================
2025-12-19 00:25:34,329 - INFO - 网格搜索完成，汇总结果:
2025-12-19 00:25:34,329 - INFO - ============================================================
2025-12-19 00:25:34,331 - INFO - 网格搜索结果汇总已保存到: ckpt\oneclass_svm_grid_search_summary_p97_20251219_002534.csv
2025-12-19 00:25:34,331 - INFO - 
最佳结果:
2025-12-19 00:25:34,332 - INFO -   nu: 0.200
2025-12-19 00:25:34,332 - INFO -   kernel: rbf
2025-12-19 00:25:34,332 - INFO -   gamma: scale
2025-12-19 00:25:34,332 - INFO -   Percentile: 97
2025-12-19 00:25:34,333 - INFO -   Threshold: 30.220800
2025-12-19 00:25:34,333 - INFO -   AUC: 0.9759
2025-12-19 00:25:34,333 - INFO -   F1 Score: 0.7054
2025-12-19 00:25:34,333 - INFO -   Accuracy: 0.9633
2025-12-19 00:25:34,333 - INFO -   预测结果文件: ckpt\oneclass_svm_predictions_p97_nu0.200_kernelrbf_gammascale_20251219_002527.csv
2025-12-19 00:25:34,333 - INFO - 
============================================================
2025-12-19 00:25:34,333 - INFO - 清理临时文件...
2025-12-19 00:25:34,368 - INFO - 已删除 62 个临时预测结果文件
2025-12-19 00:25:34,369 - INFO - 保留最佳结果文件: ckpt\oneclass_svm_predictions_p97_nu0.200_kernelrbf_gammascale_20251219_002527.csv
2025-12-19 00:25:34,369 - INFO - ============================================================
