2025-12-19 00:21:53,959 - INFO - 日志文件已创建: ckpt\oneclass_svm_training_p96_20251219_002153.log
2025-12-19 00:21:53,959 - INFO - 随机种子已设置为: 42
2025-12-19 00:21:53,959 - INFO - 开始加载数据集...
2025-12-19 00:21:53,968 - INFO - 训练集形状: (1839, 6)
2025-12-19 00:21:53,968 - INFO - 测试集形状: (1933, 6)
2025-12-19 00:21:53,969 - INFO - 测试集标签分布: 正常=1839, 异常=94
2025-12-19 00:21:53,969 - INFO - 对特征进行标准化...
2025-12-19 00:21:53,970 - INFO - 特征标准化完成
2025-12-19 00:21:53,970 - INFO - 
============================================================
2025-12-19 00:21:53,970 - INFO - 开始网格搜索
2025-12-19 00:21:53,970 - INFO - 阈值分位数: 96
2025-12-19 00:21:53,970 - INFO - nu值: [0.01, 0.05, 0.1, 0.15, 0.2, 0.25, 0.3]
2025-12-19 00:21:53,971 - INFO - kernel: ['rbf', 'linear', 'poly', 'sigmoid']
2025-12-19 00:21:53,971 - INFO - gamma: ['scale', 'auto', 0.001, 0.01, 0.1, 1.0]
2025-12-19 00:21:53,971 - INFO - ============================================================

2025-12-19 00:21:53,971 - INFO - 
============================================================
2025-12-19 00:21:53,971 - INFO - 网格搜索进度: [1/63]
2025-12-19 00:21:53,971 - INFO - 参数组合: nu=0.010, kernel=rbf, gamma=scale
2025-12-19 00:21:53,971 - INFO - ============================================================
2025-12-19 00:21:53,971 - INFO - 训练One-Class SVM: nu=0.01, kernel=rbf, gamma=scale
2025-12-19 00:21:53,976 - INFO - One-Class SVM训练完成
2025-12-19 00:21:53,976 - INFO - 在训练集上计算异常分数以确定阈值...
2025-12-19 00:21:53,993 - INFO - 训练集96分位数阈值: -0.000185
2025-12-19 00:21:53,994 - INFO - 训练集分数统计: min=-0.239564, max=0.000482, mean=-0.130085, std=0.054007
2025-12-19 00:21:53,994 - INFO - 在测试集上计算异常分数并评估...
2025-12-19 00:21:54,014 - INFO - ==== Evaluation Result ====
2025-12-19 00:21:54,015 - INFO - One-Class SVM参数: nu=0.010, kernel=rbf, gamma=scale
2025-12-19 00:21:54,015 - INFO - Threshold (Train 96th percentile): -0.000185
2025-12-19 00:21:54,015 - INFO - AUC: 0.9748
2025-12-19 00:21:54,015 - INFO - F1 Score: 0.6048
2025-12-19 00:21:54,015 - INFO - Accuracy: 0.9405
2025-12-19 00:21:54,020 - INFO - 预测结果已保存到: ckpt\oneclass_svm_predictions_p96_nu0.010_kernelrbf_gammascale_20251219_002154.csv
2025-12-19 00:21:54,020 - INFO - 
============================================================
2025-12-19 00:21:54,020 - INFO - 网格搜索进度: [2/63]
2025-12-19 00:21:54,020 - INFO - 参数组合: nu=0.010, kernel=rbf, gamma=auto
2025-12-19 00:21:54,020 - INFO - ============================================================
2025-12-19 00:21:54,020 - INFO - 训练One-Class SVM: nu=0.01, kernel=rbf, gamma=auto
2025-12-19 00:21:54,025 - INFO - One-Class SVM训练完成
2025-12-19 00:21:54,025 - INFO - 在训练集上计算异常分数以确定阈值...
2025-12-19 00:21:54,043 - INFO - 训练集96分位数阈值: -0.000185
2025-12-19 00:21:54,043 - INFO - 训练集分数统计: min=-0.239564, max=0.000482, mean=-0.130085, std=0.054007
2025-12-19 00:21:54,043 - INFO - 在测试集上计算异常分数并评估...
2025-12-19 00:21:54,063 - INFO - ==== Evaluation Result ====
2025-12-19 00:21:54,063 - INFO - One-Class SVM参数: nu=0.010, kernel=rbf, gamma=auto
2025-12-19 00:21:54,063 - INFO - Threshold (Train 96th percentile): -0.000185
2025-12-19 00:21:54,064 - INFO - AUC: 0.9748
2025-12-19 00:21:54,064 - INFO - F1 Score: 0.6048
2025-12-19 00:21:54,064 - INFO - Accuracy: 0.9405
2025-12-19 00:21:54,067 - INFO - 预测结果已保存到: ckpt\oneclass_svm_predictions_p96_nu0.010_kernelrbf_gammaauto_20251219_002154.csv
2025-12-19 00:21:54,068 - INFO - 
============================================================
2025-12-19 00:21:54,068 - INFO - 网格搜索进度: [3/63]
2025-12-19 00:21:54,068 - INFO - 参数组合: nu=0.010, kernel=rbf, gamma=0.001
2025-12-19 00:21:54,068 - INFO - ============================================================
2025-12-19 00:21:54,068 - INFO - 训练One-Class SVM: nu=0.01, kernel=rbf, gamma=0.001
2025-12-19 00:21:54,070 - INFO - One-Class SVM训练完成
2025-12-19 00:21:54,070 - INFO - 在训练集上计算异常分数以确定阈值...
2025-12-19 00:21:54,074 - INFO - 训练集96分位数阈值: -0.210031
2025-12-19 00:21:54,074 - INFO - 训练集分数统计: min=-0.634085, max=3.045185, mean=-0.418451, std=0.163870
2025-12-19 00:21:54,074 - INFO - 在测试集上计算异常分数并评估...
2025-12-19 00:21:54,081 - INFO - ==== Evaluation Result ====
2025-12-19 00:21:54,081 - INFO - One-Class SVM参数: nu=0.010, kernel=rbf, gamma=0.001
2025-12-19 00:21:54,081 - INFO - Threshold (Train 96th percentile): -0.210031
2025-12-19 00:21:54,081 - INFO - AUC: 0.9765
2025-12-19 00:21:54,081 - INFO - F1 Score: 0.6324
2025-12-19 00:21:54,081 - INFO - Accuracy: 0.9483
2025-12-19 00:21:54,085 - INFO - 预测结果已保存到: ckpt\oneclass_svm_predictions_p96_nu0.010_kernelrbf_gamma0.001_20251219_002154.csv
2025-12-19 00:21:54,085 - INFO - 
============================================================
2025-12-19 00:21:54,085 - INFO - 网格搜索进度: [4/63]
2025-12-19 00:21:54,085 - INFO - 参数组合: nu=0.010, kernel=rbf, gamma=0.01
2025-12-19 00:21:54,085 - INFO - ============================================================
2025-12-19 00:21:54,085 - INFO - 训练One-Class SVM: nu=0.01, kernel=rbf, gamma=0.01
2025-12-19 00:21:54,087 - INFO - One-Class SVM训练完成
2025-12-19 00:21:54,087 - INFO - 在训练集上计算异常分数以确定阈值...
2025-12-19 00:21:54,092 - INFO - 训练集96分位数阈值: -0.485706
2025-12-19 00:21:54,092 - INFO - 训练集分数统计: min=-1.665078, max=3.715620, mean=-1.101394, std=0.358246
2025-12-19 00:21:54,092 - INFO - 在测试集上计算异常分数并评估...
2025-12-19 00:21:54,099 - INFO - ==== Evaluation Result ====
2025-12-19 00:21:54,099 - INFO - One-Class SVM参数: nu=0.010, kernel=rbf, gamma=0.01
2025-12-19 00:21:54,099 - INFO - Threshold (Train 96th percentile): -0.485706
2025-12-19 00:21:54,099 - INFO - AUC: 0.9642
2025-12-19 00:21:54,099 - INFO - F1 Score: 0.6308
2025-12-19 00:21:54,100 - INFO - Accuracy: 0.9503
2025-12-19 00:21:54,103 - INFO - 预测结果已保存到: ckpt\oneclass_svm_predictions_p96_nu0.010_kernelrbf_gamma0.01_20251219_002154.csv
2025-12-19 00:21:54,103 - INFO - 
============================================================
2025-12-19 00:21:54,103 - INFO - 网格搜索进度: [5/63]
2025-12-19 00:21:54,104 - INFO - 参数组合: nu=0.010, kernel=rbf, gamma=0.1
2025-12-19 00:21:54,104 - INFO - ============================================================
2025-12-19 00:21:54,104 - INFO - 训练One-Class SVM: nu=0.01, kernel=rbf, gamma=0.1
2025-12-19 00:21:54,107 - INFO - One-Class SVM训练完成
2025-12-19 00:21:54,108 - INFO - 在训练集上计算异常分数以确定阈值...
2025-12-19 00:21:54,119 - INFO - 训练集96分位数阈值: -0.020538
2025-12-19 00:21:54,120 - INFO - 训练集分数统计: min=-0.392650, max=0.000482, mean=-0.239503, std=0.087058
2025-12-19 00:21:54,120 - INFO - 在测试集上计算异常分数并评估...
2025-12-19 00:21:54,134 - INFO - ==== Evaluation Result ====
2025-12-19 00:21:54,134 - INFO - One-Class SVM参数: nu=0.010, kernel=rbf, gamma=0.1
2025-12-19 00:21:54,134 - INFO - Threshold (Train 96th percentile): -0.020538
2025-12-19 00:21:54,134 - INFO - AUC: 0.9696
2025-12-19 00:21:54,135 - INFO - F1 Score: 0.6484
2025-12-19 00:21:54,135 - INFO - Accuracy: 0.9534
2025-12-19 00:21:54,138 - INFO - 预测结果已保存到: ckpt\oneclass_svm_predictions_p96_nu0.010_kernelrbf_gamma0.1_20251219_002154.csv
2025-12-19 00:21:54,138 - INFO - 
============================================================
2025-12-19 00:21:54,138 - INFO - 网格搜索进度: [6/63]
2025-12-19 00:21:54,138 - INFO - 参数组合: nu=0.010, kernel=rbf, gamma=1.0
2025-12-19 00:21:54,139 - INFO - ============================================================
2025-12-19 00:21:54,139 - INFO - 训练One-Class SVM: nu=0.01, kernel=rbf, gamma=1.0
2025-12-19 00:21:54,156 - INFO - One-Class SVM训练完成
2025-12-19 00:21:54,157 - INFO - 在训练集上计算异常分数以确定阈值...
2025-12-19 00:21:54,240 - INFO - 训练集96分位数阈值: 0.000239
2025-12-19 00:21:54,240 - INFO - 训练集分数统计: min=-0.029137, max=0.000473, mean=-0.007182, std=0.006140
2025-12-19 00:21:54,240 - INFO - 在测试集上计算异常分数并评估...
2025-12-19 00:21:54,327 - INFO - ==== Evaluation Result ====
2025-12-19 00:21:54,327 - INFO - One-Class SVM参数: nu=0.010, kernel=rbf, gamma=1.0
2025-12-19 00:21:54,327 - INFO - Threshold (Train 96th percentile): 0.000239
2025-12-19 00:21:54,328 - INFO - AUC: 0.9801
2025-12-19 00:21:54,328 - INFO - F1 Score: 0.2638
2025-12-19 00:21:54,328 - INFO - Accuracy: 0.7315
2025-12-19 00:21:54,331 - INFO - 预测结果已保存到: ckpt\oneclass_svm_predictions_p96_nu0.010_kernelrbf_gamma1.0_20251219_002154.csv
2025-12-19 00:21:54,331 - INFO - 
============================================================
2025-12-19 00:21:54,332 - INFO - 网格搜索进度: [7/63]
2025-12-19 00:21:54,332 - INFO - 参数组合: nu=0.010, kernel=linear, gamma=scale
2025-12-19 00:21:54,332 - INFO - ============================================================
2025-12-19 00:21:54,332 - INFO - 训练One-Class SVM: nu=0.01, kernel=linear, gamma=scale
2025-12-19 00:21:54,333 - INFO - One-Class SVM训练完成
2025-12-19 00:21:54,334 - INFO - 在训练集上计算异常分数以确定阈值...
2025-12-19 00:21:54,335 - INFO - 训练集96分位数阈值: -0.000000
2025-12-19 00:21:54,336 - INFO - 训练集分数统计: min=-0.003313, max=0.000581, mean=-0.000134, std=0.000123
2025-12-19 00:21:54,336 - INFO - 在测试集上计算异常分数并评估...
2025-12-19 00:21:54,340 - INFO - ==== Evaluation Result ====
2025-12-19 00:21:54,340 - INFO - One-Class SVM参数: nu=0.010, kernel=linear, gamma=scale
2025-12-19 00:21:54,340 - INFO - Threshold (Train 96th percentile): -0.000000
2025-12-19 00:21:54,341 - INFO - AUC: 0.6873
2025-12-19 00:21:54,341 - INFO - F1 Score: 0.2786
2025-12-19 00:21:54,341 - INFO - Accuracy: 0.9250
2025-12-19 00:21:54,345 - INFO - 预测结果已保存到: ckpt\oneclass_svm_predictions_p96_nu0.010_kernellinear_gammascale_20251219_002154.csv
2025-12-19 00:21:54,345 - INFO - 
============================================================
2025-12-19 00:21:54,345 - INFO - 网格搜索进度: [8/63]
2025-12-19 00:21:54,345 - INFO - 参数组合: nu=0.010, kernel=poly, gamma=scale
2025-12-19 00:21:54,345 - INFO - ============================================================
2025-12-19 00:21:54,345 - INFO - 训练One-Class SVM: nu=0.01, kernel=poly, gamma=scale
2025-12-19 00:21:54,418 - INFO - One-Class SVM训练完成
2025-12-19 00:21:54,419 - INFO - 在训练集上计算异常分数以确定阈值...
2025-12-19 00:21:54,425 - INFO - 训练集96分位数阈值: 0.000126
2025-12-19 00:21:54,426 - INFO - 训练集分数统计: min=-2.849715, max=0.000258, mean=-0.005540, std=0.092278
2025-12-19 00:21:54,426 - INFO - 在测试集上计算异常分数并评估...
2025-12-19 00:21:54,434 - INFO - ==== Evaluation Result ====
2025-12-19 00:21:54,435 - INFO - One-Class SVM参数: nu=0.010, kernel=poly, gamma=scale
2025-12-19 00:21:54,435 - INFO - Threshold (Train 96th percentile): 0.000126
2025-12-19 00:21:54,435 - INFO - AUC: 0.0291
2025-12-19 00:21:54,435 - INFO - F1 Score: 0.0100
2025-12-19 00:21:54,435 - INFO - Accuracy: 0.8976
2025-12-19 00:21:54,440 - INFO - 预测结果已保存到: ckpt\oneclass_svm_predictions_p96_nu0.010_kernelpoly_gammascale_20251219_002154.csv
2025-12-19 00:21:54,440 - INFO - 
============================================================
2025-12-19 00:21:54,440 - INFO - 网格搜索进度: [9/63]
2025-12-19 00:21:54,440 - INFO - 参数组合: nu=0.010, kernel=sigmoid, gamma=scale
2025-12-19 00:21:54,441 - INFO - ============================================================
2025-12-19 00:21:54,441 - INFO - 训练One-Class SVM: nu=0.01, kernel=sigmoid, gamma=scale
2025-12-19 00:21:54,444 - INFO - One-Class SVM训练完成
2025-12-19 00:21:54,444 - INFO - 在训练集上计算异常分数以确定阈值...
2025-12-19 00:21:54,447 - INFO - 训练集96分位数阈值: -0.401044
2025-12-19 00:21:54,447 - INFO - 训练集分数统计: min=-12.020610, max=3.843481, mean=-4.301706, std=2.395731
2025-12-19 00:21:54,448 - INFO - 在测试集上计算异常分数并评估...
2025-12-19 00:21:54,453 - INFO - ==== Evaluation Result ====
2025-12-19 00:21:54,453 - INFO - One-Class SVM参数: nu=0.010, kernel=sigmoid, gamma=scale
2025-12-19 00:21:54,453 - INFO - Threshold (Train 96th percentile): -0.401044
2025-12-19 00:21:54,453 - INFO - AUC: 0.7911
2025-12-19 00:21:54,453 - INFO - F1 Score: 0.5217
2025-12-19 00:21:54,453 - INFO - Accuracy: 0.9545
2025-12-19 00:21:54,456 - INFO - 预测结果已保存到: ckpt\oneclass_svm_predictions_p96_nu0.010_kernelsigmoid_gammascale_20251219_002154.csv
2025-12-19 00:21:54,457 - INFO - 
============================================================
2025-12-19 00:21:54,457 - INFO - 网格搜索进度: [10/63]
2025-12-19 00:21:54,457 - INFO - 参数组合: nu=0.050, kernel=rbf, gamma=scale
2025-12-19 00:21:54,457 - INFO - ============================================================
2025-12-19 00:21:54,457 - INFO - 训练One-Class SVM: nu=0.05, kernel=rbf, gamma=scale
2025-12-19 00:21:54,465 - INFO - One-Class SVM训练完成
2025-12-19 00:21:54,465 - INFO - 在训练集上计算异常分数以确定阈值...
2025-12-19 00:21:54,485 - INFO - 训练集96分位数阈值: 0.000294
2025-12-19 00:21:54,486 - INFO - 训练集分数统计: min=-1.834390, max=3.038695, mean=-0.944995, std=0.559655
2025-12-19 00:21:54,486 - INFO - 在测试集上计算异常分数并评估...
2025-12-19 00:21:54,511 - INFO - ==== Evaluation Result ====
2025-12-19 00:21:54,511 - INFO - One-Class SVM参数: nu=0.050, kernel=rbf, gamma=scale
2025-12-19 00:21:54,511 - INFO - Threshold (Train 96th percentile): 0.000294
2025-12-19 00:21:54,511 - INFO - AUC: 0.9753
2025-12-19 00:21:54,511 - INFO - F1 Score: 0.5659
2025-12-19 00:21:54,512 - INFO - Accuracy: 0.9302
2025-12-19 00:21:54,515 - INFO - 预测结果已保存到: ckpt\oneclass_svm_predictions_p96_nu0.050_kernelrbf_gammascale_20251219_002154.csv
2025-12-19 00:21:54,515 - INFO - 
============================================================
2025-12-19 00:21:54,515 - INFO - 网格搜索进度: [11/63]
2025-12-19 00:21:54,515 - INFO - 参数组合: nu=0.050, kernel=rbf, gamma=auto
2025-12-19 00:21:54,515 - INFO - ============================================================
2025-12-19 00:21:54,516 - INFO - 训练One-Class SVM: nu=0.05, kernel=rbf, gamma=auto
2025-12-19 00:21:54,523 - INFO - One-Class SVM训练完成
2025-12-19 00:21:54,524 - INFO - 在训练集上计算异常分数以确定阈值...
2025-12-19 00:21:54,546 - INFO - 训练集96分位数阈值: 0.000294
2025-12-19 00:21:54,546 - INFO - 训练集分数统计: min=-1.834390, max=3.038695, mean=-0.944995, std=0.559655
2025-12-19 00:21:54,546 - INFO - 在测试集上计算异常分数并评估...
2025-12-19 00:21:54,572 - INFO - ==== Evaluation Result ====
2025-12-19 00:21:54,572 - INFO - One-Class SVM参数: nu=0.050, kernel=rbf, gamma=auto
2025-12-19 00:21:54,573 - INFO - Threshold (Train 96th percentile): 0.000294
2025-12-19 00:21:54,573 - INFO - AUC: 0.9753
2025-12-19 00:21:54,573 - INFO - F1 Score: 0.5659
2025-12-19 00:21:54,573 - INFO - Accuracy: 0.9302
2025-12-19 00:21:54,578 - INFO - 预测结果已保存到: ckpt\oneclass_svm_predictions_p96_nu0.050_kernelrbf_gammaauto_20251219_002154.csv
2025-12-19 00:21:54,578 - INFO - 
============================================================
2025-12-19 00:21:54,579 - INFO - 网格搜索进度: [12/63]
2025-12-19 00:21:54,579 - INFO - 参数组合: nu=0.050, kernel=rbf, gamma=0.001
2025-12-19 00:21:54,579 - INFO - ============================================================
2025-12-19 00:21:54,579 - INFO - 训练One-Class SVM: nu=0.05, kernel=rbf, gamma=0.001
2025-12-19 00:21:54,586 - INFO - One-Class SVM训练完成
2025-12-19 00:21:54,586 - INFO - 在训练集上计算异常分数以确定阈值...
2025-12-19 00:21:54,602 - INFO - 训练集96分位数阈值: 0.210542
2025-12-19 00:21:54,602 - INFO - 训练集分数统计: min=-1.569313, max=21.687493, mean=-0.833420, std=1.056351
2025-12-19 00:21:54,602 - INFO - 在测试集上计算异常分数并评估...
2025-12-19 00:21:54,621 - INFO - ==== Evaluation Result ====
2025-12-19 00:21:54,622 - INFO - One-Class SVM参数: nu=0.050, kernel=rbf, gamma=0.001
2025-12-19 00:21:54,622 - INFO - Threshold (Train 96th percentile): 0.210542
2025-12-19 00:21:54,622 - INFO - AUC: 0.9791
2025-12-19 00:21:54,622 - INFO - F1 Score: 0.6415
2025-12-19 00:21:54,622 - INFO - Accuracy: 0.9509
2025-12-19 00:21:54,626 - INFO - 预测结果已保存到: ckpt\oneclass_svm_predictions_p96_nu0.050_kernelrbf_gamma0.001_20251219_002154.csv
2025-12-19 00:21:54,626 - INFO - 
============================================================
2025-12-19 00:21:54,626 - INFO - 网格搜索进度: [13/63]
2025-12-19 00:21:54,627 - INFO - 参数组合: nu=0.050, kernel=rbf, gamma=0.01
2025-12-19 00:21:54,627 - INFO - ============================================================
2025-12-19 00:21:54,627 - INFO - 训练One-Class SVM: nu=0.05, kernel=rbf, gamma=0.01
2025-12-19 00:21:54,633 - INFO - One-Class SVM训练完成
2025-12-19 00:21:54,633 - INFO - 在训练集上计算异常分数以确定阈值...
2025-12-19 00:21:54,651 - INFO - 训练集96分位数阈值: 1.028495
2025-12-19 00:21:54,651 - INFO - 训练集分数统计: min=-8.413345, max=48.980836, mean=-4.657242, std=3.984270
2025-12-19 00:21:54,651 - INFO - 在测试集上计算异常分数并评估...
2025-12-19 00:21:54,671 - INFO - ==== Evaluation Result ====
2025-12-19 00:21:54,671 - INFO - One-Class SVM参数: nu=0.050, kernel=rbf, gamma=0.01
2025-12-19 00:21:54,671 - INFO - Threshold (Train 96th percentile): 1.028495
2025-12-19 00:21:54,671 - INFO - AUC: 0.9774
2025-12-19 00:21:54,671 - INFO - F1 Score: 0.6367
2025-12-19 00:21:54,671 - INFO - Accuracy: 0.9498
2025-12-19 00:21:54,675 - INFO - 预测结果已保存到: ckpt\oneclass_svm_predictions_p96_nu0.050_kernelrbf_gamma0.01_20251219_002154.csv
2025-12-19 00:21:54,675 - INFO - 
============================================================
2025-12-19 00:21:54,675 - INFO - 网格搜索进度: [14/63]
2025-12-19 00:21:54,675 - INFO - 参数组合: nu=0.050, kernel=rbf, gamma=0.1
2025-12-19 00:21:54,675 - INFO - ============================================================
2025-12-19 00:21:54,675 - INFO - 训练One-Class SVM: nu=0.05, kernel=rbf, gamma=0.1
2025-12-19 00:21:54,683 - INFO - One-Class SVM训练完成
2025-12-19 00:21:54,683 - INFO - 在训练集上计算异常分数以确定阈值...
2025-12-19 00:21:54,701 - INFO - 训练集96分位数阈值: 0.052272
2025-12-19 00:21:54,701 - INFO - 训练集分数统计: min=-3.836843, max=6.934432, mean=-2.199563, std=1.256893
2025-12-19 00:21:54,702 - INFO - 在测试集上计算异常分数并评估...
2025-12-19 00:21:54,724 - INFO - ==== Evaluation Result ====
2025-12-19 00:21:54,724 - INFO - One-Class SVM参数: nu=0.050, kernel=rbf, gamma=0.1
2025-12-19 00:21:54,725 - INFO - Threshold (Train 96th percentile): 0.052272
2025-12-19 00:21:54,725 - INFO - AUC: 0.9739
2025-12-19 00:21:54,725 - INFO - F1 Score: 0.5926
2025-12-19 00:21:54,725 - INFO - Accuracy: 0.9374
2025-12-19 00:21:54,729 - INFO - 预测结果已保存到: ckpt\oneclass_svm_predictions_p96_nu0.050_kernelrbf_gamma0.1_20251219_002154.csv
2025-12-19 00:21:54,729 - INFO - 
============================================================
2025-12-19 00:21:54,729 - INFO - 网格搜索进度: [15/63]
2025-12-19 00:21:54,730 - INFO - 参数组合: nu=0.050, kernel=rbf, gamma=1.0
2025-12-19 00:21:54,730 - INFO - ============================================================
2025-12-19 00:21:54,730 - INFO - 训练One-Class SVM: nu=0.05, kernel=rbf, gamma=1.0
2025-12-19 00:21:54,753 - INFO - One-Class SVM训练完成
2025-12-19 00:21:54,753 - INFO - 在训练集上计算异常分数以确定阈值...
2025-12-19 00:21:54,833 - INFO - 训练集96分位数阈值: 0.000267
2025-12-19 00:21:54,833 - INFO - 训练集分数统计: min=-0.145547, max=0.000490, mean=-0.035660, std=0.030605
2025-12-19 00:21:54,833 - INFO - 在测试集上计算异常分数并评估...
2025-12-19 00:21:54,919 - INFO - ==== Evaluation Result ====
2025-12-19 00:21:54,920 - INFO - One-Class SVM参数: nu=0.050, kernel=rbf, gamma=1.0
2025-12-19 00:21:54,920 - INFO - Threshold (Train 96th percentile): 0.000267
2025-12-19 00:21:54,920 - INFO - AUC: 0.9801
2025-12-19 00:21:54,921 - INFO - F1 Score: 0.2609
2025-12-19 00:21:54,921 - INFO - Accuracy: 0.7274
2025-12-19 00:21:54,925 - INFO - 预测结果已保存到: ckpt\oneclass_svm_predictions_p96_nu0.050_kernelrbf_gamma1.0_20251219_002154.csv
2025-12-19 00:21:54,925 - INFO - 
============================================================
2025-12-19 00:21:54,925 - INFO - 网格搜索进度: [16/63]
2025-12-19 00:21:54,926 - INFO - 参数组合: nu=0.050, kernel=linear, gamma=scale
2025-12-19 00:21:54,926 - INFO - ============================================================
2025-12-19 00:21:54,926 - INFO - 训练One-Class SVM: nu=0.05, kernel=linear, gamma=scale
2025-12-19 00:21:54,930 - INFO - One-Class SVM训练完成
2025-12-19 00:21:54,930 - INFO - 在训练集上计算异常分数以确定阈值...
2025-12-19 00:21:54,936 - INFO - 训练集96分位数阈值: 0.000221
2025-12-19 00:21:54,936 - INFO - 训练集分数统计: min=-0.001432, max=0.000432, mean=0.000081, std=0.000105
2025-12-19 00:21:54,936 - INFO - 在测试集上计算异常分数并评估...
2025-12-19 00:21:54,944 - INFO - ==== Evaluation Result ====
2025-12-19 00:21:54,945 - INFO - One-Class SVM参数: nu=0.050, kernel=linear, gamma=scale
2025-12-19 00:21:54,945 - INFO - Threshold (Train 96th percentile): 0.000221
2025-12-19 00:21:54,945 - INFO - AUC: 0.2618
2025-12-19 00:21:54,945 - INFO - F1 Score: 0.0769
2025-12-19 00:21:54,945 - INFO - Accuracy: 0.9131
2025-12-19 00:21:54,949 - INFO - 预测结果已保存到: ckpt\oneclass_svm_predictions_p96_nu0.050_kernellinear_gammascale_20251219_002154.csv
2025-12-19 00:21:54,949 - INFO - 
============================================================
2025-12-19 00:21:54,949 - INFO - 网格搜索进度: [17/63]
2025-12-19 00:21:54,949 - INFO - 参数组合: nu=0.050, kernel=poly, gamma=scale
2025-12-19 00:21:54,950 - INFO - ============================================================
2025-12-19 00:21:54,950 - INFO - 训练One-Class SVM: nu=0.05, kernel=poly, gamma=scale
2025-12-19 00:21:55,286 - INFO - One-Class SVM训练完成
2025-12-19 00:21:55,287 - INFO - 在训练集上计算异常分数以确定阈值...
2025-12-19 00:21:55,298 - INFO - 训练集96分位数阈值: 0.000100
2025-12-19 00:21:55,299 - INFO - 训练集分数统计: min=-4.943131, max=0.000490, mean=-0.006207, std=0.129363
2025-12-19 00:21:55,299 - INFO - 在测试集上计算异常分数并评估...
2025-12-19 00:21:55,313 - INFO - ==== Evaluation Result ====
2025-12-19 00:21:55,313 - INFO - One-Class SVM参数: nu=0.050, kernel=poly, gamma=scale
2025-12-19 00:21:55,313 - INFO - Threshold (Train 96th percentile): 0.000100
2025-12-19 00:21:55,314 - INFO - AUC: 0.0286
2025-12-19 00:21:55,314 - INFO - F1 Score: 0.0101
2025-12-19 00:21:55,314 - INFO - Accuracy: 0.8981
2025-12-19 00:21:55,317 - INFO - 预测结果已保存到: ckpt\oneclass_svm_predictions_p96_nu0.050_kernelpoly_gammascale_20251219_002155.csv
2025-12-19 00:21:55,318 - INFO - 
============================================================
2025-12-19 00:21:55,318 - INFO - 网格搜索进度: [18/63]
2025-12-19 00:21:55,318 - INFO - 参数组合: nu=0.050, kernel=sigmoid, gamma=scale
2025-12-19 00:21:55,318 - INFO - ============================================================
2025-12-19 00:21:55,318 - INFO - 训练One-Class SVM: nu=0.05, kernel=sigmoid, gamma=scale
2025-12-19 00:21:55,328 - INFO - One-Class SVM训练完成
2025-12-19 00:21:55,328 - INFO - 在训练集上计算异常分数以确定阈值...
2025-12-19 00:21:55,336 - INFO - 训练集96分位数阈值: 0.568679
2025-12-19 00:21:55,337 - INFO - 训练集分数统计: min=-32.929928, max=34.927430, mean=-10.380367, std=6.963911
2025-12-19 00:21:55,337 - INFO - 在测试集上计算异常分数并评估...
2025-12-19 00:21:55,349 - INFO - ==== Evaluation Result ====
2025-12-19 00:21:55,349 - INFO - One-Class SVM参数: nu=0.050, kernel=sigmoid, gamma=scale
2025-12-19 00:21:55,349 - INFO - Threshold (Train 96th percentile): 0.568679
2025-12-19 00:21:55,349 - INFO - AUC: 0.8123
2025-12-19 00:21:55,349 - INFO - F1 Score: 0.5413
2025-12-19 00:21:55,349 - INFO - Accuracy: 0.9483
2025-12-19 00:21:55,353 - INFO - 预测结果已保存到: ckpt\oneclass_svm_predictions_p96_nu0.050_kernelsigmoid_gammascale_20251219_002155.csv
2025-12-19 00:21:55,353 - INFO - 
============================================================
2025-12-19 00:21:55,353 - INFO - 网格搜索进度: [19/63]
2025-12-19 00:21:55,354 - INFO - 参数组合: nu=0.100, kernel=rbf, gamma=scale
2025-12-19 00:21:55,354 - INFO - ============================================================
2025-12-19 00:21:55,354 - INFO - 训练One-Class SVM: nu=0.1, kernel=rbf, gamma=scale
2025-12-19 00:21:55,366 - INFO - One-Class SVM训练完成
2025-12-19 00:21:55,366 - INFO - 在训练集上计算异常分数以确定阈值...
2025-12-19 00:21:55,404 - INFO - 训练集96分位数阈值: 2.915988
2025-12-19 00:21:55,405 - INFO - 训练集分数统计: min=-5.793745, max=11.977359, mean=-2.618617, std=2.518801
2025-12-19 00:21:55,405 - INFO - 在测试集上计算异常分数并评估...
2025-12-19 00:21:55,444 - INFO - ==== Evaluation Result ====
2025-12-19 00:21:55,444 - INFO - One-Class SVM参数: nu=0.100, kernel=rbf, gamma=scale
2025-12-19 00:21:55,444 - INFO - Threshold (Train 96th percentile): 2.915988
2025-12-19 00:21:55,444 - INFO - AUC: 0.9752
2025-12-19 00:21:55,445 - INFO - F1 Score: 0.6308
2025-12-19 00:21:55,445 - INFO - Accuracy: 0.9467
2025-12-19 00:21:55,448 - INFO - 预测结果已保存到: ckpt\oneclass_svm_predictions_p96_nu0.100_kernelrbf_gammascale_20251219_002155.csv
2025-12-19 00:21:55,449 - INFO - 
============================================================
2025-12-19 00:21:55,449 - INFO - 网格搜索进度: [20/63]
2025-12-19 00:21:55,449 - INFO - 参数组合: nu=0.100, kernel=rbf, gamma=auto
2025-12-19 00:21:55,449 - INFO - ============================================================
2025-12-19 00:21:55,449 - INFO - 训练One-Class SVM: nu=0.1, kernel=rbf, gamma=auto
2025-12-19 00:21:55,461 - INFO - One-Class SVM训练完成
2025-12-19 00:21:55,461 - INFO - 在训练集上计算异常分数以确定阈值...
2025-12-19 00:21:55,497 - INFO - 训练集96分位数阈值: 2.915988
2025-12-19 00:21:55,497 - INFO - 训练集分数统计: min=-5.793745, max=11.977359, mean=-2.618617, std=2.518801
2025-12-19 00:21:55,498 - INFO - 在测试集上计算异常分数并评估...
2025-12-19 00:21:55,536 - INFO - ==== Evaluation Result ====
2025-12-19 00:21:55,536 - INFO - One-Class SVM参数: nu=0.100, kernel=rbf, gamma=auto
2025-12-19 00:21:55,537 - INFO - Threshold (Train 96th percentile): 2.915988
2025-12-19 00:21:55,537 - INFO - AUC: 0.9752
2025-12-19 00:21:55,537 - INFO - F1 Score: 0.6308
2025-12-19 00:21:55,537 - INFO - Accuracy: 0.9467
2025-12-19 00:21:55,541 - INFO - 预测结果已保存到: ckpt\oneclass_svm_predictions_p96_nu0.100_kernelrbf_gammaauto_20251219_002155.csv
2025-12-19 00:21:55,541 - INFO - 
============================================================
2025-12-19 00:21:55,541 - INFO - 网格搜索进度: [21/63]
2025-12-19 00:21:55,542 - INFO - 参数组合: nu=0.100, kernel=rbf, gamma=0.001
2025-12-19 00:21:55,542 - INFO - ============================================================
2025-12-19 00:21:55,542 - INFO - 训练One-Class SVM: nu=0.1, kernel=rbf, gamma=0.001
2025-12-19 00:21:55,553 - INFO - One-Class SVM训练完成
2025-12-19 00:21:55,553 - INFO - 在训练集上计算异常分数以确定阈值...
2025-12-19 00:21:55,586 - INFO - 训练集96分位数阈值: 1.219261
2025-12-19 00:21:55,586 - INFO - 训练集分数统计: min=-2.136756, max=47.166820, mean=-0.866964, std=2.268139
2025-12-19 00:21:55,586 - INFO - 在测试集上计算异常分数并评估...
2025-12-19 00:21:55,625 - INFO - ==== Evaluation Result ====
2025-12-19 00:21:55,625 - INFO - One-Class SVM参数: nu=0.100, kernel=rbf, gamma=0.001
2025-12-19 00:21:55,625 - INFO - Threshold (Train 96th percentile): 1.219261
2025-12-19 00:21:55,625 - INFO - AUC: 0.9792
2025-12-19 00:21:55,626 - INFO - F1 Score: 0.6296
2025-12-19 00:21:55,626 - INFO - Accuracy: 0.9483
2025-12-19 00:21:55,631 - INFO - 预测结果已保存到: ckpt\oneclass_svm_predictions_p96_nu0.100_kernelrbf_gamma0.001_20251219_002155.csv
2025-12-19 00:21:55,631 - INFO - 
============================================================
2025-12-19 00:21:55,631 - INFO - 网格搜索进度: [22/63]
2025-12-19 00:21:55,631 - INFO - 参数组合: nu=0.100, kernel=rbf, gamma=0.01
2025-12-19 00:21:55,631 - INFO - ============================================================
2025-12-19 00:21:55,632 - INFO - 训练One-Class SVM: nu=0.1, kernel=rbf, gamma=0.01
2025-12-19 00:21:55,643 - INFO - One-Class SVM训练完成
2025-12-19 00:21:55,644 - INFO - 在训练集上计算异常分数以确定阈值...
2025-12-19 00:21:55,676 - INFO - 训练集96分位数阈值: 7.947890
2025-12-19 00:21:55,676 - INFO - 训练集分数统计: min=-13.828238, max=119.579812, mean=-6.213602, std=9.758543
2025-12-19 00:21:55,676 - INFO - 在测试集上计算异常分数并评估...
2025-12-19 00:21:55,714 - INFO - ==== Evaluation Result ====
2025-12-19 00:21:55,714 - INFO - One-Class SVM参数: nu=0.100, kernel=rbf, gamma=0.01
2025-12-19 00:21:55,714 - INFO - Threshold (Train 96th percentile): 7.947890
2025-12-19 00:21:55,716 - INFO - AUC: 0.9786
2025-12-19 00:21:55,716 - INFO - F1 Score: 0.6415
2025-12-19 00:21:55,716 - INFO - Accuracy: 0.9509
2025-12-19 00:21:55,719 - INFO - 预测结果已保存到: ckpt\oneclass_svm_predictions_p96_nu0.100_kernelrbf_gamma0.01_20251219_002155.csv
2025-12-19 00:21:55,719 - INFO - 
============================================================
2025-12-19 00:21:55,719 - INFO - 网格搜索进度: [23/63]
2025-12-19 00:21:55,719 - INFO - 参数组合: nu=0.100, kernel=rbf, gamma=0.1
2025-12-19 00:21:55,719 - INFO - ============================================================
2025-12-19 00:21:55,719 - INFO - 训练One-Class SVM: nu=0.1, kernel=rbf, gamma=0.1
2025-12-19 00:21:55,731 - INFO - One-Class SVM训练完成
2025-12-19 00:21:55,731 - INFO - 在训练集上计算异常分数以确定阈值...
2025-12-19 00:21:55,763 - INFO - 训练集96分位数阈值: 5.527530
2025-12-19 00:21:55,763 - INFO - 训练集分数统计: min=-10.543291, max=23.910375, mean=-4.845699, std=4.757018
2025-12-19 00:21:55,763 - INFO - 在测试集上计算异常分数并评估...
2025-12-19 00:21:55,800 - INFO - ==== Evaluation Result ====
2025-12-19 00:21:55,801 - INFO - One-Class SVM参数: nu=0.100, kernel=rbf, gamma=0.1
2025-12-19 00:21:55,801 - INFO - Threshold (Train 96th percentile): 5.527530
2025-12-19 00:21:55,801 - INFO - AUC: 0.9750
2025-12-19 00:21:55,801 - INFO - F1 Score: 0.6592
2025-12-19 00:21:55,801 - INFO - Accuracy: 0.9529
2025-12-19 00:21:55,805 - INFO - 预测结果已保存到: ckpt\oneclass_svm_predictions_p96_nu0.100_kernelrbf_gamma0.1_20251219_002155.csv
2025-12-19 00:21:55,805 - INFO - 
============================================================
2025-12-19 00:21:55,805 - INFO - 网格搜索进度: [24/63]
2025-12-19 00:21:55,805 - INFO - 参数组合: nu=0.100, kernel=rbf, gamma=1.0
2025-12-19 00:21:55,805 - INFO - ============================================================
2025-12-19 00:21:55,805 - INFO - 训练One-Class SVM: nu=0.1, kernel=rbf, gamma=1.0
2025-12-19 00:21:55,829 - INFO - One-Class SVM训练完成
2025-12-19 00:21:55,830 - INFO - 在训练集上计算异常分数以确定阈值...
2025-12-19 00:21:55,913 - INFO - 训练集96分位数阈值: 0.000321
2025-12-19 00:21:55,913 - INFO - 训练集分数统计: min=-0.291914, max=0.030082, mean=-0.071177, std=0.061722
2025-12-19 00:21:55,913 - INFO - 在测试集上计算异常分数并评估...
2025-12-19 00:21:56,001 - INFO - ==== Evaluation Result ====
2025-12-19 00:21:56,001 - INFO - One-Class SVM参数: nu=0.100, kernel=rbf, gamma=1.0
2025-12-19 00:21:56,002 - INFO - Threshold (Train 96th percentile): 0.000321
2025-12-19 00:21:56,002 - INFO - AUC: 0.9801
2025-12-19 00:21:56,002 - INFO - F1 Score: 0.2609
2025-12-19 00:21:56,002 - INFO - Accuracy: 0.7274
2025-12-19 00:21:56,005 - INFO - 预测结果已保存到: ckpt\oneclass_svm_predictions_p96_nu0.100_kernelrbf_gamma1.0_20251219_002156.csv
2025-12-19 00:21:56,006 - INFO - 
============================================================
2025-12-19 00:21:56,006 - INFO - 网格搜索进度: [25/63]
2025-12-19 00:21:56,006 - INFO - 参数组合: nu=0.100, kernel=linear, gamma=scale
2025-12-19 00:21:56,006 - INFO - ============================================================
2025-12-19 00:21:56,006 - INFO - 训练One-Class SVM: nu=0.1, kernel=linear, gamma=scale
2025-12-19 00:21:56,012 - INFO - One-Class SVM训练完成
2025-12-19 00:21:56,012 - INFO - 在训练集上计算异常分数以确定阈值...
2025-12-19 00:21:56,023 - INFO - 训练集96分位数阈值: 0.000179
2025-12-19 00:21:56,023 - INFO - 训练集分数统计: min=-0.000534, max=0.000398, mean=0.000053, std=0.000079
2025-12-19 00:21:56,023 - INFO - 在测试集上计算异常分数并评估...
2025-12-19 00:21:56,035 - INFO - ==== Evaluation Result ====
2025-12-19 00:21:56,035 - INFO - One-Class SVM参数: nu=0.100, kernel=linear, gamma=scale
2025-12-19 00:21:56,035 - INFO - Threshold (Train 96th percentile): 0.000179
2025-12-19 00:21:56,036 - INFO - AUC: 0.6130
2025-12-19 00:21:56,036 - INFO - F1 Score: 0.0302
2025-12-19 00:21:56,036 - INFO - Accuracy: 0.9002
2025-12-19 00:21:56,040 - INFO - 预测结果已保存到: ckpt\oneclass_svm_predictions_p96_nu0.100_kernellinear_gammascale_20251219_002156.csv
2025-12-19 00:21:56,040 - INFO - 
============================================================
2025-12-19 00:21:56,040 - INFO - 网格搜索进度: [26/63]
2025-12-19 00:21:56,040 - INFO - 参数组合: nu=0.100, kernel=poly, gamma=scale
2025-12-19 00:21:56,040 - INFO - ============================================================
2025-12-19 00:21:56,040 - INFO - 训练One-Class SVM: nu=0.1, kernel=poly, gamma=scale
2025-12-19 00:21:56,546 - INFO - One-Class SVM训练完成
2025-12-19 00:21:56,546 - INFO - 在训练集上计算异常分数以确定阈值...
2025-12-19 00:21:56,561 - INFO - 训练集96分位数阈值: 0.000099
2025-12-19 00:21:56,561 - INFO - 训练集分数统计: min=-6.076740, max=0.000655, mean=-0.007706, std=0.158736
2025-12-19 00:21:56,561 - INFO - 在测试集上计算异常分数并评估...
2025-12-19 00:21:56,579 - INFO - ==== Evaluation Result ====
2025-12-19 00:21:56,579 - INFO - One-Class SVM参数: nu=0.100, kernel=poly, gamma=scale
2025-12-19 00:21:56,579 - INFO - Threshold (Train 96th percentile): 0.000099
2025-12-19 00:21:56,580 - INFO - AUC: 0.0272
2025-12-19 00:21:56,580 - INFO - F1 Score: 0.0105
2025-12-19 00:21:56,580 - INFO - Accuracy: 0.9027
2025-12-19 00:21:56,584 - INFO - 预测结果已保存到: ckpt\oneclass_svm_predictions_p96_nu0.100_kernelpoly_gammascale_20251219_002156.csv
2025-12-19 00:21:56,585 - INFO - 
============================================================
2025-12-19 00:21:56,585 - INFO - 网格搜索进度: [27/63]
2025-12-19 00:21:56,585 - INFO - 参数组合: nu=0.100, kernel=sigmoid, gamma=scale
2025-12-19 00:21:56,585 - INFO - ============================================================
2025-12-19 00:21:56,585 - INFO - 训练One-Class SVM: nu=0.1, kernel=sigmoid, gamma=scale
2025-12-19 00:21:56,603 - INFO - One-Class SVM训练完成
2025-12-19 00:21:56,603 - INFO - 在训练集上计算异常分数以确定阈值...
2025-12-19 00:21:56,620 - INFO - 训练集96分位数阈值: 3.916950
2025-12-19 00:21:56,620 - INFO - 训练集分数统计: min=-40.909490, max=85.051987, mean=-12.017113, std=10.987251
2025-12-19 00:21:56,620 - INFO - 在测试集上计算异常分数并评估...
2025-12-19 00:21:56,640 - INFO - ==== Evaluation Result ====
2025-12-19 00:21:56,640 - INFO - One-Class SVM参数: nu=0.100, kernel=sigmoid, gamma=scale
2025-12-19 00:21:56,640 - INFO - Threshold (Train 96th percentile): 3.916950
2025-12-19 00:21:56,640 - INFO - AUC: 0.8296
2025-12-19 00:21:56,641 - INFO - F1 Score: 0.6063
2025-12-19 00:21:56,641 - INFO - Accuracy: 0.9550
2025-12-19 00:21:56,644 - INFO - 预测结果已保存到: ckpt\oneclass_svm_predictions_p96_nu0.100_kernelsigmoid_gammascale_20251219_002156.csv
2025-12-19 00:21:56,644 - INFO - 
============================================================
2025-12-19 00:21:56,645 - INFO - 网格搜索进度: [28/63]
2025-12-19 00:21:56,645 - INFO - 参数组合: nu=0.150, kernel=rbf, gamma=scale
2025-12-19 00:21:56,645 - INFO - ============================================================
2025-12-19 00:21:56,645 - INFO - 训练One-Class SVM: nu=0.15, kernel=rbf, gamma=scale
2025-12-19 00:21:56,661 - INFO - One-Class SVM训练完成
2025-12-19 00:21:56,662 - INFO - 在训练集上计算异常分数以确定阈值...
2025-12-19 00:21:56,710 - INFO - 训练集96分位数阈值: 11.081689
2025-12-19 00:21:56,711 - INFO - 训练集分数统计: min=-12.549946, max=26.011935, mean=-4.557852, std=6.371561
2025-12-19 00:21:56,711 - INFO - 在测试集上计算异常分数并评估...
2025-12-19 00:21:56,767 - INFO - ==== Evaluation Result ====
2025-12-19 00:21:56,767 - INFO - One-Class SVM参数: nu=0.150, kernel=rbf, gamma=scale
2025-12-19 00:21:56,767 - INFO - Threshold (Train 96th percentile): 11.081689
2025-12-19 00:21:56,767 - INFO - AUC: 0.9754
2025-12-19 00:21:56,767 - INFO - F1 Score: 0.6543
2025-12-19 00:21:56,767 - INFO - Accuracy: 0.9519
2025-12-19 00:21:56,770 - INFO - 预测结果已保存到: ckpt\oneclass_svm_predictions_p96_nu0.150_kernelrbf_gammascale_20251219_002156.csv
2025-12-19 00:21:56,770 - INFO - 
============================================================
2025-12-19 00:21:56,771 - INFO - 网格搜索进度: [29/63]
2025-12-19 00:21:56,771 - INFO - 参数组合: nu=0.150, kernel=rbf, gamma=auto
2025-12-19 00:21:56,771 - INFO - ============================================================
2025-12-19 00:21:56,771 - INFO - 训练One-Class SVM: nu=0.15, kernel=rbf, gamma=auto
2025-12-19 00:21:56,789 - INFO - One-Class SVM训练完成
2025-12-19 00:21:56,789 - INFO - 在训练集上计算异常分数以确定阈值...
2025-12-19 00:21:56,838 - INFO - 训练集96分位数阈值: 11.081689
2025-12-19 00:21:56,839 - INFO - 训练集分数统计: min=-12.549946, max=26.011936, mean=-4.557852, std=6.371561
2025-12-19 00:21:56,839 - INFO - 在测试集上计算异常分数并评估...
2025-12-19 00:21:56,893 - INFO - ==== Evaluation Result ====
2025-12-19 00:21:56,893 - INFO - One-Class SVM参数: nu=0.150, kernel=rbf, gamma=auto
2025-12-19 00:21:56,893 - INFO - Threshold (Train 96th percentile): 11.081689
2025-12-19 00:21:56,894 - INFO - AUC: 0.9754
2025-12-19 00:21:56,894 - INFO - F1 Score: 0.6543
2025-12-19 00:21:56,894 - INFO - Accuracy: 0.9519
2025-12-19 00:21:56,897 - INFO - 预测结果已保存到: ckpt\oneclass_svm_predictions_p96_nu0.150_kernelrbf_gammaauto_20251219_002156.csv
2025-12-19 00:21:56,897 - INFO - 
============================================================
2025-12-19 00:21:56,897 - INFO - 网格搜索进度: [30/63]
2025-12-19 00:21:56,898 - INFO - 参数组合: nu=0.150, kernel=rbf, gamma=0.001
2025-12-19 00:21:56,898 - INFO - ============================================================
2025-12-19 00:21:56,898 - INFO - 训练One-Class SVM: nu=0.15, kernel=rbf, gamma=0.001
2025-12-19 00:21:56,914 - INFO - One-Class SVM训练完成
2025-12-19 00:21:56,914 - INFO - 在训练集上计算异常分数以确定阈值...
2025-12-19 00:21:56,962 - INFO - 训练集96分位数阈值: 2.857200
2025-12-19 00:21:56,963 - INFO - 训练集分数统计: min=-2.310696, max=73.769258, mean=-0.606362, std=3.552907
2025-12-19 00:21:56,963 - INFO - 在测试集上计算异常分数并评估...
2025-12-19 00:21:57,016 - INFO - ==== Evaluation Result ====
2025-12-19 00:21:57,016 - INFO - One-Class SVM参数: nu=0.150, kernel=rbf, gamma=0.001
2025-12-19 00:21:57,017 - INFO - Threshold (Train 96th percentile): 2.857200
2025-12-19 00:21:57,017 - INFO - AUC: 0.9783
2025-12-19 00:21:57,017 - INFO - F1 Score: 0.6489
2025-12-19 00:21:57,017 - INFO - Accuracy: 0.9524
2025-12-19 00:21:57,021 - INFO - 预测结果已保存到: ckpt\oneclass_svm_predictions_p96_nu0.150_kernelrbf_gamma0.001_20251219_002157.csv
2025-12-19 00:21:57,021 - INFO - 
============================================================
2025-12-19 00:21:57,021 - INFO - 网格搜索进度: [31/63]
2025-12-19 00:21:57,021 - INFO - 参数组合: nu=0.150, kernel=rbf, gamma=0.01
2025-12-19 00:21:57,021 - INFO - ============================================================
2025-12-19 00:21:57,022 - INFO - 训练One-Class SVM: nu=0.15, kernel=rbf, gamma=0.01
2025-12-19 00:21:57,039 - INFO - One-Class SVM训练完成
2025-12-19 00:21:57,040 - INFO - 在训练集上计算异常分数以确定阈值...
2025-12-19 00:21:57,087 - INFO - 训练集96分位数阈值: 20.382763
2025-12-19 00:21:57,088 - INFO - 训练集分数统计: min=-16.386894, max=197.533716, mean=-5.069926, std=16.293841
2025-12-19 00:21:57,088 - INFO - 在测试集上计算异常分数并评估...
2025-12-19 00:21:57,141 - INFO - ==== Evaluation Result ====
2025-12-19 00:21:57,142 - INFO - One-Class SVM参数: nu=0.150, kernel=rbf, gamma=0.01
2025-12-19 00:21:57,142 - INFO - Threshold (Train 96th percentile): 20.382763
2025-12-19 00:21:57,142 - INFO - AUC: 0.9778
2025-12-19 00:21:57,142 - INFO - F1 Score: 0.6489
2025-12-19 00:21:57,142 - INFO - Accuracy: 0.9524
2025-12-19 00:21:57,145 - INFO - 预测结果已保存到: ckpt\oneclass_svm_predictions_p96_nu0.150_kernelrbf_gamma0.01_20251219_002157.csv
2025-12-19 00:21:57,146 - INFO - 
============================================================
2025-12-19 00:21:57,146 - INFO - 网格搜索进度: [32/63]
2025-12-19 00:21:57,146 - INFO - 参数组合: nu=0.150, kernel=rbf, gamma=0.1
2025-12-19 00:21:57,146 - INFO - ============================================================
2025-12-19 00:21:57,146 - INFO - 训练One-Class SVM: nu=0.15, kernel=rbf, gamma=0.1
2025-12-19 00:21:57,162 - INFO - One-Class SVM训练完成
2025-12-19 00:21:57,163 - INFO - 在训练集上计算异常分数以确定阈值...
2025-12-19 00:21:57,211 - INFO - 训练集96分位数阈值: 18.480863
2025-12-19 00:21:57,211 - INFO - 训练集分数统计: min=-20.485824, max=49.240932, mean=-7.684416, std=11.056024
2025-12-19 00:21:57,211 - INFO - 在测试集上计算异常分数并评估...
2025-12-19 00:21:57,266 - INFO - ==== Evaluation Result ====
2025-12-19 00:21:57,266 - INFO - One-Class SVM参数: nu=0.150, kernel=rbf, gamma=0.1
2025-12-19 00:21:57,266 - INFO - Threshold (Train 96th percentile): 18.480863
2025-12-19 00:21:57,266 - INFO - AUC: 0.9763
2025-12-19 00:21:57,266 - INFO - F1 Score: 0.6566
2025-12-19 00:21:57,266 - INFO - Accuracy: 0.9529
2025-12-19 00:21:57,269 - INFO - 预测结果已保存到: ckpt\oneclass_svm_predictions_p96_nu0.150_kernelrbf_gamma0.1_20251219_002157.csv
2025-12-19 00:21:57,269 - INFO - 
============================================================
2025-12-19 00:21:57,269 - INFO - 网格搜索进度: [33/63]
2025-12-19 00:21:57,271 - INFO - 参数组合: nu=0.150, kernel=rbf, gamma=1.0
2025-12-19 00:21:57,271 - INFO - ============================================================
2025-12-19 00:21:57,271 - INFO - 训练One-Class SVM: nu=0.15, kernel=rbf, gamma=1.0
2025-12-19 00:21:57,297 - INFO - One-Class SVM训练完成
2025-12-19 00:21:57,297 - INFO - 在训练集上计算异常分数以确定阈值...
2025-12-19 00:21:57,379 - INFO - 训练集96分位数阈值: 0.343798
2025-12-19 00:21:57,380 - INFO - 训练集分数统计: min=-0.517953, max=0.808691, mean=-0.098146, std=0.191023
2025-12-19 00:21:57,380 - INFO - 在测试集上计算异常分数并评估...
2025-12-19 00:21:57,473 - INFO - ==== Evaluation Result ====
2025-12-19 00:21:57,473 - INFO - One-Class SVM参数: nu=0.150, kernel=rbf, gamma=1.0
2025-12-19 00:21:57,473 - INFO - Threshold (Train 96th percentile): 0.343798
2025-12-19 00:21:57,473 - INFO - AUC: 0.9803
2025-12-19 00:21:57,474 - INFO - F1 Score: 0.3983
2025-12-19 00:21:57,474 - INFO - Accuracy: 0.8562
2025-12-19 00:21:57,478 - INFO - 预测结果已保存到: ckpt\oneclass_svm_predictions_p96_nu0.150_kernelrbf_gamma1.0_20251219_002157.csv
2025-12-19 00:21:57,478 - INFO - 
============================================================
2025-12-19 00:21:57,478 - INFO - 网格搜索进度: [34/63]
2025-12-19 00:21:57,478 - INFO - 参数组合: nu=0.150, kernel=linear, gamma=scale
2025-12-19 00:21:57,478 - INFO - ============================================================
2025-12-19 00:21:57,478 - INFO - 训练One-Class SVM: nu=0.15, kernel=linear, gamma=scale
2025-12-19 00:21:57,486 - INFO - One-Class SVM训练完成
2025-12-19 00:21:57,487 - INFO - 在训练集上计算异常分数以确定阈值...
2025-12-19 00:21:57,499 - INFO - 训练集96分位数阈值: 0.000020
2025-12-19 00:21:57,499 - INFO - 训练集分数统计: min=-0.000112, max=0.000321, mean=-0.000012, std=0.000025
2025-12-19 00:21:57,500 - INFO - 在测试集上计算异常分数并评估...
2025-12-19 00:21:57,516 - INFO - ==== Evaluation Result ====
2025-12-19 00:21:57,516 - INFO - One-Class SVM参数: nu=0.150, kernel=linear, gamma=scale
2025-12-19 00:21:57,516 - INFO - Threshold (Train 96th percentile): 0.000020
2025-12-19 00:21:57,516 - INFO - AUC: 0.7157
2025-12-19 00:21:57,517 - INFO - F1 Score: 0.2708
2025-12-19 00:21:57,517 - INFO - Accuracy: 0.9276
2025-12-19 00:21:57,521 - INFO - 预测结果已保存到: ckpt\oneclass_svm_predictions_p96_nu0.150_kernellinear_gammascale_20251219_002157.csv
2025-12-19 00:21:57,521 - INFO - 
============================================================
2025-12-19 00:21:57,521 - INFO - 网格搜索进度: [35/63]
2025-12-19 00:21:57,521 - INFO - 参数组合: nu=0.150, kernel=poly, gamma=scale
2025-12-19 00:21:57,521 - INFO - ============================================================
2025-12-19 00:21:57,521 - INFO - 训练One-Class SVM: nu=0.15, kernel=poly, gamma=scale
2025-12-19 00:21:58,152 - INFO - One-Class SVM训练完成
2025-12-19 00:21:58,152 - INFO - 在训练集上计算异常分数以确定阈值...
2025-12-19 00:21:58,172 - INFO - 训练集96分位数阈值: 0.000119
2025-12-19 00:21:58,172 - INFO - 训练集分数统计: min=-6.556205, max=0.000804, mean=-0.008267, std=0.170499
2025-12-19 00:21:58,172 - INFO - 在测试集上计算异常分数并评估...
2025-12-19 00:21:58,194 - INFO - ==== Evaluation Result ====
2025-12-19 00:21:58,195 - INFO - One-Class SVM参数: nu=0.150, kernel=poly, gamma=scale
2025-12-19 00:21:58,195 - INFO - Threshold (Train 96th percentile): 0.000119
2025-12-19 00:21:58,195 - INFO - AUC: 0.0282
2025-12-19 00:21:58,195 - INFO - F1 Score: 0.0098
2025-12-19 00:21:58,195 - INFO - Accuracy: 0.8950
2025-12-19 00:21:58,199 - INFO - 预测结果已保存到: ckpt\oneclass_svm_predictions_p96_nu0.150_kernelpoly_gammascale_20251219_002158.csv
2025-12-19 00:21:58,199 - INFO - 
============================================================
2025-12-19 00:21:58,199 - INFO - 网格搜索进度: [36/63]
2025-12-19 00:21:58,199 - INFO - 参数组合: nu=0.150, kernel=sigmoid, gamma=scale
2025-12-19 00:21:58,199 - INFO - ============================================================
2025-12-19 00:21:58,199 - INFO - 训练One-Class SVM: nu=0.15, kernel=sigmoid, gamma=scale
2025-12-19 00:21:58,222 - INFO - One-Class SVM训练完成
2025-12-19 00:21:58,223 - INFO - 在训练集上计算异常分数以确定阈值...
2025-12-19 00:21:58,247 - INFO - 训练集96分位数阈值: 13.311444
2025-12-19 00:21:58,247 - INFO - 训练集分数统计: min=-48.977847, max=130.664426, mean=-10.300098, std=14.127621
2025-12-19 00:21:58,247 - INFO - 在测试集上计算异常分数并评估...
2025-12-19 00:21:58,277 - INFO - ==== Evaluation Result ====
2025-12-19 00:21:58,277 - INFO - One-Class SVM参数: nu=0.150, kernel=sigmoid, gamma=scale
2025-12-19 00:21:58,277 - INFO - Threshold (Train 96th percentile): 13.311444
2025-12-19 00:21:58,277 - INFO - AUC: 0.8415
2025-12-19 00:21:58,277 - INFO - F1 Score: 0.5826
2025-12-19 00:21:58,277 - INFO - Accuracy: 0.9503
2025-12-19 00:21:58,281 - INFO - 预测结果已保存到: ckpt\oneclass_svm_predictions_p96_nu0.150_kernelsigmoid_gammascale_20251219_002158.csv
2025-12-19 00:21:58,281 - INFO - 
============================================================
2025-12-19 00:21:58,281 - INFO - 网格搜索进度: [37/63]
2025-12-19 00:21:58,281 - INFO - 参数组合: nu=0.200, kernel=rbf, gamma=scale
2025-12-19 00:21:58,281 - INFO - ============================================================
2025-12-19 00:21:58,281 - INFO - 训练One-Class SVM: nu=0.2, kernel=rbf, gamma=scale
2025-12-19 00:21:58,303 - INFO - One-Class SVM训练完成
2025-12-19 00:21:58,303 - INFO - 在训练集上计算异常分数以确定阈值...
2025-12-19 00:21:58,371 - INFO - 训练集96分位数阈值: 25.333295
2025-12-19 00:21:58,371 - INFO - 训练集分数统计: min=-20.008371, max=45.590616, mean=-5.609960, std=12.118216
2025-12-19 00:21:58,371 - INFO - 在测试集上计算异常分数并评估...
2025-12-19 00:21:58,442 - INFO - ==== Evaluation Result ====
2025-12-19 00:21:58,442 - INFO - One-Class SVM参数: nu=0.200, kernel=rbf, gamma=scale
2025-12-19 00:21:58,442 - INFO - Threshold (Train 96th percentile): 25.333295
2025-12-19 00:21:58,442 - INFO - AUC: 0.9759
2025-12-19 00:21:58,442 - INFO - F1 Score: 0.6566
2025-12-19 00:21:58,443 - INFO - Accuracy: 0.9529
2025-12-19 00:21:58,446 - INFO - 预测结果已保存到: ckpt\oneclass_svm_predictions_p96_nu0.200_kernelrbf_gammascale_20251219_002158.csv
2025-12-19 00:21:58,446 - INFO - 
============================================================
2025-12-19 00:21:58,446 - INFO - 网格搜索进度: [38/63]
2025-12-19 00:21:58,446 - INFO - 参数组合: nu=0.200, kernel=rbf, gamma=auto
2025-12-19 00:21:58,447 - INFO - ============================================================
2025-12-19 00:21:58,447 - INFO - 训练One-Class SVM: nu=0.2, kernel=rbf, gamma=auto
2025-12-19 00:21:58,469 - INFO - One-Class SVM训练完成
2025-12-19 00:21:58,469 - INFO - 在训练集上计算异常分数以确定阈值...
2025-12-19 00:21:58,534 - INFO - 训练集96分位数阈值: 25.333296
2025-12-19 00:21:58,534 - INFO - 训练集分数统计: min=-20.008371, max=45.590616, mean=-5.609960, std=12.118216
2025-12-19 00:21:58,534 - INFO - 在测试集上计算异常分数并评估...
2025-12-19 00:21:58,606 - INFO - ==== Evaluation Result ====
2025-12-19 00:21:58,607 - INFO - One-Class SVM参数: nu=0.200, kernel=rbf, gamma=auto
2025-12-19 00:21:58,607 - INFO - Threshold (Train 96th percentile): 25.333296
2025-12-19 00:21:58,607 - INFO - AUC: 0.9759
2025-12-19 00:21:58,607 - INFO - F1 Score: 0.6566
2025-12-19 00:21:58,607 - INFO - Accuracy: 0.9529
2025-12-19 00:21:58,611 - INFO - 预测结果已保存到: ckpt\oneclass_svm_predictions_p96_nu0.200_kernelrbf_gammaauto_20251219_002158.csv
2025-12-19 00:21:58,611 - INFO - 
============================================================
2025-12-19 00:21:58,611 - INFO - 网格搜索进度: [39/63]
2025-12-19 00:21:58,611 - INFO - 参数组合: nu=0.200, kernel=rbf, gamma=0.001
2025-12-19 00:21:58,611 - INFO - ============================================================
2025-12-19 00:21:58,611 - INFO - 训练One-Class SVM: nu=0.2, kernel=rbf, gamma=0.001
2025-12-19 00:21:58,634 - INFO - One-Class SVM训练完成
2025-12-19 00:21:58,634 - INFO - 在训练集上计算异常分数以确定阈值...
2025-12-19 00:21:58,699 - INFO - 训练集96分位数阈值: 4.795238
2025-12-19 00:21:58,700 - INFO - 训练集分数统计: min=-2.427971, max=101.057830, mean=-0.239162, std=4.863503
2025-12-19 00:21:58,700 - INFO - 在测试集上计算异常分数并评估...
2025-12-19 00:21:58,767 - INFO - ==== Evaluation Result ====
2025-12-19 00:21:58,768 - INFO - One-Class SVM参数: nu=0.200, kernel=rbf, gamma=0.001
2025-12-19 00:21:58,768 - INFO - Threshold (Train 96th percentile): 4.795238
2025-12-19 00:21:58,768 - INFO - AUC: 0.9780
2025-12-19 00:21:58,768 - INFO - F1 Score: 0.6538
2025-12-19 00:21:58,768 - INFO - Accuracy: 0.9534
2025-12-19 00:21:58,772 - INFO - 预测结果已保存到: ckpt\oneclass_svm_predictions_p96_nu0.200_kernelrbf_gamma0.001_20251219_002158.csv
2025-12-19 00:21:58,772 - INFO - 
============================================================
2025-12-19 00:21:58,772 - INFO - 网格搜索进度: [40/63]
2025-12-19 00:21:58,772 - INFO - 参数组合: nu=0.200, kernel=rbf, gamma=0.01
2025-12-19 00:21:58,772 - INFO - ============================================================
2025-12-19 00:21:58,772 - INFO - 训练One-Class SVM: nu=0.2, kernel=rbf, gamma=0.01
2025-12-19 00:21:58,794 - INFO - One-Class SVM训练完成
2025-12-19 00:21:58,794 - INFO - 在训练集上计算异常分数以确定阈值...
2025-12-19 00:21:58,858 - INFO - 训练集96分位数阈值: 34.620921
2025-12-19 00:21:58,859 - INFO - 训练集分数统计: min=-18.532022, max=278.079884, mean=-3.275662, std=23.111241
2025-12-19 00:21:58,859 - INFO - 在测试集上计算异常分数并评估...
2025-12-19 00:21:58,930 - INFO - ==== Evaluation Result ====
2025-12-19 00:21:58,930 - INFO - One-Class SVM参数: nu=0.200, kernel=rbf, gamma=0.01
2025-12-19 00:21:58,931 - INFO - Threshold (Train 96th percentile): 34.620921
2025-12-19 00:21:58,931 - INFO - AUC: 0.9776
2025-12-19 00:21:58,931 - INFO - F1 Score: 0.6462
2025-12-19 00:21:58,931 - INFO - Accuracy: 0.9524
2025-12-19 00:21:58,935 - INFO - 预测结果已保存到: ckpt\oneclass_svm_predictions_p96_nu0.200_kernelrbf_gamma0.01_20251219_002158.csv
2025-12-19 00:21:58,935 - INFO - 
============================================================
2025-12-19 00:21:58,935 - INFO - 网格搜索进度: [41/63]
2025-12-19 00:21:58,935 - INFO - 参数组合: nu=0.200, kernel=rbf, gamma=0.1
2025-12-19 00:21:58,935 - INFO - ============================================================
2025-12-19 00:21:58,936 - INFO - 训练One-Class SVM: nu=0.2, kernel=rbf, gamma=0.1
2025-12-19 00:21:58,957 - INFO - One-Class SVM训练完成
2025-12-19 00:21:58,957 - INFO - 在训练集上计算异常分数以确定阈值...
2025-12-19 00:21:59,022 - INFO - 训练集96分位数阈值: 39.501679
2025-12-19 00:21:59,022 - INFO - 训练集分数统计: min=-32.107585, max=82.234837, mean=-9.042125, std=19.758948
2025-12-19 00:21:59,022 - INFO - 在测试集上计算异常分数并评估...
2025-12-19 00:21:59,095 - INFO - ==== Evaluation Result ====
2025-12-19 00:21:59,095 - INFO - One-Class SVM参数: nu=0.200, kernel=rbf, gamma=0.1
2025-12-19 00:21:59,095 - INFO - Threshold (Train 96th percentile): 39.501679
2025-12-19 00:21:59,095 - INFO - AUC: 0.9763
2025-12-19 00:21:59,096 - INFO - F1 Score: 0.6565
2025-12-19 00:21:59,096 - INFO - Accuracy: 0.9534
2025-12-19 00:21:59,100 - INFO - 预测结果已保存到: ckpt\oneclass_svm_predictions_p96_nu0.200_kernelrbf_gamma0.1_20251219_002159.csv
2025-12-19 00:21:59,100 - INFO - 
============================================================
2025-12-19 00:21:59,100 - INFO - 网格搜索进度: [42/63]
2025-12-19 00:21:59,100 - INFO - 参数组合: nu=0.200, kernel=rbf, gamma=1.0
2025-12-19 00:21:59,100 - INFO - ============================================================
2025-12-19 00:21:59,100 - INFO - 训练One-Class SVM: nu=0.2, kernel=rbf, gamma=1.0
2025-12-19 00:21:59,129 - INFO - One-Class SVM训练完成
2025-12-19 00:21:59,130 - INFO - 在训练集上计算异常分数以确定阈值...
2025-12-19 00:21:59,219 - INFO - 训练集96分位数阈值: 1.293164
2025-12-19 00:21:59,219 - INFO - 训练集分数统计: min=-0.865378, max=2.000248, mean=-0.092922, std=0.490143
2025-12-19 00:21:59,219 - INFO - 在测试集上计算异常分数并评估...
2025-12-19 00:21:59,310 - INFO - ==== Evaluation Result ====
2025-12-19 00:21:59,310 - INFO - One-Class SVM参数: nu=0.200, kernel=rbf, gamma=1.0
2025-12-19 00:21:59,311 - INFO - Threshold (Train 96th percentile): 1.293164
2025-12-19 00:21:59,311 - INFO - AUC: 0.9804
2025-12-19 00:21:59,311 - INFO - F1 Score: 0.5097
2025-12-19 00:21:59,311 - INFO - Accuracy: 0.9084
2025-12-19 00:21:59,315 - INFO - 预测结果已保存到: ckpt\oneclass_svm_predictions_p96_nu0.200_kernelrbf_gamma1.0_20251219_002159.csv
2025-12-19 00:21:59,315 - INFO - 
============================================================
2025-12-19 00:21:59,315 - INFO - 网格搜索进度: [43/63]
2025-12-19 00:21:59,315 - INFO - 参数组合: nu=0.200, kernel=linear, gamma=scale
2025-12-19 00:21:59,315 - INFO - ============================================================
2025-12-19 00:21:59,315 - INFO - 训练One-Class SVM: nu=0.2, kernel=linear, gamma=scale
2025-12-19 00:21:59,325 - INFO - One-Class SVM训练完成
2025-12-19 00:21:59,325 - INFO - 在训练集上计算异常分数以确定阈值...
2025-12-19 00:21:59,344 - INFO - 训练集96分位数阈值: 0.000080
2025-12-19 00:21:59,345 - INFO - 训练集分数统计: min=-0.000602, max=0.000350, mean=0.000032, std=0.000035
2025-12-19 00:21:59,345 - INFO - 在测试集上计算异常分数并评估...
2025-12-19 00:21:59,365 - INFO - ==== Evaluation Result ====
2025-12-19 00:21:59,365 - INFO - One-Class SVM参数: nu=0.200, kernel=linear, gamma=scale
2025-12-19 00:21:59,365 - INFO - Threshold (Train 96th percentile): 0.000080
2025-12-19 00:21:59,365 - INFO - AUC: 0.9775
2025-12-19 00:21:59,365 - INFO - F1 Score: 0.6042
2025-12-19 00:21:59,365 - INFO - Accuracy: 0.9410
2025-12-19 00:21:59,369 - INFO - 预测结果已保存到: ckpt\oneclass_svm_predictions_p96_nu0.200_kernellinear_gammascale_20251219_002159.csv
2025-12-19 00:21:59,370 - INFO - 
============================================================
2025-12-19 00:21:59,370 - INFO - 网格搜索进度: [44/63]
2025-12-19 00:21:59,370 - INFO - 参数组合: nu=0.200, kernel=poly, gamma=scale
2025-12-19 00:21:59,370 - INFO - ============================================================
2025-12-19 00:21:59,370 - INFO - 训练One-Class SVM: nu=0.2, kernel=poly, gamma=scale
2025-12-19 00:21:59,962 - INFO - One-Class SVM训练完成
2025-12-19 00:21:59,962 - INFO - 在训练集上计算异常分数以确定阈值...
2025-12-19 00:21:59,983 - INFO - 训练集96分位数阈值: 0.000173
2025-12-19 00:21:59,983 - INFO - 训练集分数统计: min=-7.435377, max=0.000926, mean=-0.009655, std=0.195455
2025-12-19 00:21:59,984 - INFO - 在测试集上计算异常分数并评估...
2025-12-19 00:22:00,010 - INFO - ==== Evaluation Result ====
2025-12-19 00:22:00,011 - INFO - One-Class SVM参数: nu=0.200, kernel=poly, gamma=scale
2025-12-19 00:22:00,011 - INFO - Threshold (Train 96th percentile): 0.000173
2025-12-19 00:22:00,011 - INFO - AUC: 0.0288
2025-12-19 00:22:00,012 - INFO - F1 Score: 0.0091
2025-12-19 00:22:00,012 - INFO - Accuracy: 0.8872
2025-12-19 00:22:00,016 - INFO - 预测结果已保存到: ckpt\oneclass_svm_predictions_p96_nu0.200_kernelpoly_gammascale_20251219_002200.csv
2025-12-19 00:22:00,016 - INFO - 
============================================================
2025-12-19 00:22:00,016 - INFO - 网格搜索进度: [45/63]
2025-12-19 00:22:00,016 - INFO - 参数组合: nu=0.200, kernel=sigmoid, gamma=scale
2025-12-19 00:22:00,017 - INFO - ============================================================
2025-12-19 00:22:00,017 - INFO - 训练One-Class SVM: nu=0.2, kernel=sigmoid, gamma=scale
2025-12-19 00:22:00,048 - INFO - One-Class SVM训练完成
2025-12-19 00:22:00,049 - INFO - 在训练集上计算异常分数以确定阈值...
2025-12-19 00:22:00,082 - INFO - 训练集96分位数阈值: 21.594622
2025-12-19 00:22:00,082 - INFO - 训练集分数统计: min=-59.857907, max=165.281348, mean=-8.176945, std=16.755413
2025-12-19 00:22:00,083 - INFO - 在测试集上计算异常分数并评估...
2025-12-19 00:22:00,119 - INFO - ==== Evaluation Result ====
2025-12-19 00:22:00,119 - INFO - One-Class SVM参数: nu=0.200, kernel=sigmoid, gamma=scale
2025-12-19 00:22:00,119 - INFO - Threshold (Train 96th percentile): 21.594622
2025-12-19 00:22:00,119 - INFO - AUC: 0.8326
2025-12-19 00:22:00,119 - INFO - F1 Score: 0.5702
2025-12-19 00:22:00,119 - INFO - Accuracy: 0.9493
2025-12-19 00:22:00,123 - INFO - 预测结果已保存到: ckpt\oneclass_svm_predictions_p96_nu0.200_kernelsigmoid_gammascale_20251219_002200.csv
2025-12-19 00:22:00,123 - INFO - 
============================================================
2025-12-19 00:22:00,123 - INFO - 网格搜索进度: [46/63]
2025-12-19 00:22:00,124 - INFO - 参数组合: nu=0.250, kernel=rbf, gamma=scale
2025-12-19 00:22:00,124 - INFO - ============================================================
2025-12-19 00:22:00,124 - INFO - 训练One-Class SVM: nu=0.25, kernel=rbf, gamma=scale
2025-12-19 00:22:00,148 - INFO - One-Class SVM训练完成
2025-12-19 00:22:00,149 - INFO - 在训练集上计算异常分数以确定阈值...
2025-12-19 00:22:00,228 - INFO - 训练集96分位数阈值: 44.540579
2025-12-19 00:22:00,229 - INFO - 训练集分数统计: min=-29.506764, max=69.818661, mean=-5.667268, std=19.549508
2025-12-19 00:22:00,229 - INFO - 在测试集上计算异常分数并评估...
2025-12-19 00:22:00,315 - INFO - ==== Evaluation Result ====
2025-12-19 00:22:00,316 - INFO - One-Class SVM参数: nu=0.250, kernel=rbf, gamma=scale
2025-12-19 00:22:00,316 - INFO - Threshold (Train 96th percentile): 44.540579
2025-12-19 00:22:00,316 - INFO - AUC: 0.9759
2025-12-19 00:22:00,316 - INFO - F1 Score: 0.6642
2025-12-19 00:22:00,316 - INFO - Accuracy: 0.9540
2025-12-19 00:22:00,320 - INFO - 预测结果已保存到: ckpt\oneclass_svm_predictions_p96_nu0.250_kernelrbf_gammascale_20251219_002200.csv
2025-12-19 00:22:00,320 - INFO - 
============================================================
2025-12-19 00:22:00,320 - INFO - 网格搜索进度: [47/63]
2025-12-19 00:22:00,320 - INFO - 参数组合: nu=0.250, kernel=rbf, gamma=auto
2025-12-19 00:22:00,321 - INFO - ============================================================
2025-12-19 00:22:00,321 - INFO - 训练One-Class SVM: nu=0.25, kernel=rbf, gamma=auto
2025-12-19 00:22:00,346 - INFO - One-Class SVM训练完成
2025-12-19 00:22:00,346 - INFO - 在训练集上计算异常分数以确定阈值...
2025-12-19 00:22:00,426 - INFO - 训练集96分位数阈值: 44.540579
2025-12-19 00:22:00,426 - INFO - 训练集分数统计: min=-29.506764, max=69.818662, mean=-5.667268, std=19.549508
2025-12-19 00:22:00,426 - INFO - 在测试集上计算异常分数并评估...
2025-12-19 00:22:00,515 - INFO - ==== Evaluation Result ====
2025-12-19 00:22:00,515 - INFO - One-Class SVM参数: nu=0.250, kernel=rbf, gamma=auto
2025-12-19 00:22:00,515 - INFO - Threshold (Train 96th percentile): 44.540579
2025-12-19 00:22:00,515 - INFO - AUC: 0.9759
2025-12-19 00:22:00,516 - INFO - F1 Score: 0.6642
2025-12-19 00:22:00,516 - INFO - Accuracy: 0.9540
2025-12-19 00:22:00,519 - INFO - 预测结果已保存到: ckpt\oneclass_svm_predictions_p96_nu0.250_kernelrbf_gammaauto_20251219_002200.csv
2025-12-19 00:22:00,519 - INFO - 
============================================================
2025-12-19 00:22:00,519 - INFO - 网格搜索进度: [48/63]
2025-12-19 00:22:00,519 - INFO - 参数组合: nu=0.250, kernel=rbf, gamma=0.001
2025-12-19 00:22:00,519 - INFO - ============================================================
2025-12-19 00:22:00,520 - INFO - 训练One-Class SVM: nu=0.25, kernel=rbf, gamma=0.001
2025-12-19 00:22:00,546 - INFO - One-Class SVM训练完成
2025-12-19 00:22:00,546 - INFO - 在训练集上计算异常分数以确定阈值...
2025-12-19 00:22:00,627 - INFO - 训练集96分位数阈值: 6.876740
2025-12-19 00:22:00,628 - INFO - 训练集分数统计: min=-2.548587, max=128.189482, mean=0.130878, std=6.179495
2025-12-19 00:22:00,628 - INFO - 在测试集上计算异常分数并评估...
2025-12-19 00:22:00,716 - INFO - ==== Evaluation Result ====
2025-12-19 00:22:00,716 - INFO - One-Class SVM参数: nu=0.250, kernel=rbf, gamma=0.001
2025-12-19 00:22:00,717 - INFO - Threshold (Train 96th percentile): 6.876740
2025-12-19 00:22:00,717 - INFO - AUC: 0.9776
2025-12-19 00:22:00,717 - INFO - F1 Score: 0.6512
2025-12-19 00:22:00,717 - INFO - Accuracy: 0.9534
2025-12-19 00:22:00,720 - INFO - 预测结果已保存到: ckpt\oneclass_svm_predictions_p96_nu0.250_kernelrbf_gamma0.001_20251219_002200.csv
2025-12-19 00:22:00,720 - INFO - 
============================================================
2025-12-19 00:22:00,721 - INFO - 网格搜索进度: [49/63]
2025-12-19 00:22:00,721 - INFO - 参数组合: nu=0.250, kernel=rbf, gamma=0.01
2025-12-19 00:22:00,721 - INFO - ============================================================
2025-12-19 00:22:00,721 - INFO - 训练One-Class SVM: nu=0.25, kernel=rbf, gamma=0.01
2025-12-19 00:22:00,747 - INFO - One-Class SVM训练完成
2025-12-19 00:22:00,748 - INFO - 在训练集上计算异常分数以确定阈值...
2025-12-19 00:22:00,832 - INFO - 训练集96分位数阈值: 51.754671
2025-12-19 00:22:00,832 - INFO - 训练集分数统计: min=-20.081430, max=360.490012, mean=-0.720390, std=30.238597
2025-12-19 00:22:00,832 - INFO - 在测试集上计算异常分数并评估...
2025-12-19 00:22:00,924 - INFO - ==== Evaluation Result ====
2025-12-19 00:22:00,925 - INFO - One-Class SVM参数: nu=0.250, kernel=rbf, gamma=0.01
2025-12-19 00:22:00,925 - INFO - Threshold (Train 96th percentile): 51.754671
2025-12-19 00:22:00,925 - INFO - AUC: 0.9770
2025-12-19 00:22:00,925 - INFO - F1 Score: 0.6562
2025-12-19 00:22:00,925 - INFO - Accuracy: 0.9545
2025-12-19 00:22:00,929 - INFO - 预测结果已保存到: ckpt\oneclass_svm_predictions_p96_nu0.250_kernelrbf_gamma0.01_20251219_002200.csv
2025-12-19 00:22:00,930 - INFO - 
============================================================
2025-12-19 00:22:00,930 - INFO - 网格搜索进度: [50/63]
2025-12-19 00:22:00,930 - INFO - 参数组合: nu=0.250, kernel=rbf, gamma=0.1
2025-12-19 00:22:00,930 - INFO - ============================================================
2025-12-19 00:22:00,930 - INFO - 训练One-Class SVM: nu=0.25, kernel=rbf, gamma=0.1
2025-12-19 00:22:00,960 - INFO - One-Class SVM训练完成
2025-12-19 00:22:00,960 - INFO - 在训练集上计算异常分数以确定阈值...
2025-12-19 00:22:01,043 - INFO - 训练集96分位数阈值: 68.383447
2025-12-19 00:22:01,044 - INFO - 训练集分数统计: min=-42.820298, max=121.584912, mean=-7.771623, std=29.978835
2025-12-19 00:22:01,044 - INFO - 在测试集上计算异常分数并评估...
2025-12-19 00:22:01,131 - INFO - ==== Evaluation Result ====
2025-12-19 00:22:01,132 - INFO - One-Class SVM参数: nu=0.250, kernel=rbf, gamma=0.1
2025-12-19 00:22:01,132 - INFO - Threshold (Train 96th percentile): 68.383447
2025-12-19 00:22:01,132 - INFO - AUC: 0.9764
2025-12-19 00:22:01,132 - INFO - F1 Score: 0.6667
2025-12-19 00:22:01,132 - INFO - Accuracy: 0.9555
2025-12-19 00:22:01,136 - INFO - 预测结果已保存到: ckpt\oneclass_svm_predictions_p96_nu0.250_kernelrbf_gamma0.1_20251219_002201.csv
2025-12-19 00:22:01,136 - INFO - 
============================================================
2025-12-19 00:22:01,136 - INFO - 网格搜索进度: [51/63]
2025-12-19 00:22:01,136 - INFO - 参数组合: nu=0.250, kernel=rbf, gamma=1.0
2025-12-19 00:22:01,136 - INFO - ============================================================
2025-12-19 00:22:01,136 - INFO - 训练One-Class SVM: nu=0.25, kernel=rbf, gamma=1.0
2025-12-19 00:22:01,167 - INFO - One-Class SVM训练完成
2025-12-19 00:22:01,167 - INFO - 在训练集上计算异常分数以确定阈值...
2025-12-19 00:22:01,271 - INFO - 训练集96分位数阈值: 2.964397
2025-12-19 00:22:01,271 - INFO - 训练集分数统计: min=-1.188409, max=3.744264, mean=0.002024, std=1.006097
2025-12-19 00:22:01,272 - INFO - 在测试集上计算异常分数并评估...
2025-12-19 00:22:01,379 - INFO - ==== Evaluation Result ====
2025-12-19 00:22:01,379 - INFO - One-Class SVM参数: nu=0.250, kernel=rbf, gamma=1.0
2025-12-19 00:22:01,379 - INFO - Threshold (Train 96th percentile): 2.964397
2025-12-19 00:22:01,379 - INFO - AUC: 0.9801
2025-12-19 00:22:01,379 - INFO - F1 Score: 0.5482
2025-12-19 00:22:01,380 - INFO - Accuracy: 0.9224
2025-12-19 00:22:01,385 - INFO - 预测结果已保存到: ckpt\oneclass_svm_predictions_p96_nu0.250_kernelrbf_gamma1.0_20251219_002201.csv
2025-12-19 00:22:01,385 - INFO - 
============================================================
2025-12-19 00:22:01,385 - INFO - 网格搜索进度: [52/63]
2025-12-19 00:22:01,386 - INFO - 参数组合: nu=0.250, kernel=linear, gamma=scale
2025-12-19 00:22:01,386 - INFO - ============================================================
2025-12-19 00:22:01,386 - INFO - 训练One-Class SVM: nu=0.25, kernel=linear, gamma=scale
2025-12-19 00:22:01,405 - INFO - One-Class SVM训练完成
2025-12-19 00:22:01,406 - INFO - 在训练集上计算异常分数以确定阈值...
2025-12-19 00:22:01,438 - INFO - 训练集96分位数阈值: 0.000100
2025-12-19 00:22:01,438 - INFO - 训练集分数统计: min=-0.000678, max=0.000360, mean=-0.000000, std=0.000070
2025-12-19 00:22:01,439 - INFO - 在测试集上计算异常分数并评估...
2025-12-19 00:22:01,476 - INFO - ==== Evaluation Result ====
2025-12-19 00:22:01,477 - INFO - One-Class SVM参数: nu=0.250, kernel=linear, gamma=scale
2025-12-19 00:22:01,477 - INFO - Threshold (Train 96th percentile): 0.000100
2025-12-19 00:22:01,477 - INFO - AUC: 0.9773
2025-12-19 00:22:01,477 - INFO - F1 Score: 0.5821
2025-12-19 00:22:01,477 - INFO - Accuracy: 0.9421
2025-12-19 00:22:01,483 - INFO - 预测结果已保存到: ckpt\oneclass_svm_predictions_p96_nu0.250_kernellinear_gammascale_20251219_002201.csv
2025-12-19 00:22:01,484 - INFO - 
============================================================
2025-12-19 00:22:01,484 - INFO - 网格搜索进度: [53/63]
2025-12-19 00:22:01,484 - INFO - 参数组合: nu=0.250, kernel=poly, gamma=scale
2025-12-19 00:22:01,484 - INFO - ============================================================
2025-12-19 00:22:01,484 - INFO - 训练One-Class SVM: nu=0.25, kernel=poly, gamma=scale
2025-12-19 00:22:02,080 - INFO - One-Class SVM训练完成
2025-12-19 00:22:02,081 - INFO - 在训练集上计算异常分数以确定阈值...
2025-12-19 00:22:02,106 - INFO - 训练集96分位数阈值: 0.000188
2025-12-19 00:22:02,106 - INFO - 训练集分数统计: min=-7.648642, max=0.001037, mean=-0.010152, std=0.201852
2025-12-19 00:22:02,106 - INFO - 在测试集上计算异常分数并评估...
2025-12-19 00:22:02,134 - INFO - ==== Evaluation Result ====
2025-12-19 00:22:02,134 - INFO - One-Class SVM参数: nu=0.250, kernel=poly, gamma=scale
2025-12-19 00:22:02,134 - INFO - Threshold (Train 96th percentile): 0.000188
2025-12-19 00:22:02,134 - INFO - AUC: 0.0291
2025-12-19 00:22:02,134 - INFO - F1 Score: 0.0085
2025-12-19 00:22:02,135 - INFO - Accuracy: 0.8795
2025-12-19 00:22:02,138 - INFO - 预测结果已保存到: ckpt\oneclass_svm_predictions_p96_nu0.250_kernelpoly_gammascale_20251219_002202.csv
2025-12-19 00:22:02,138 - INFO - 
============================================================
2025-12-19 00:22:02,138 - INFO - 网格搜索进度: [54/63]
2025-12-19 00:22:02,139 - INFO - 参数组合: nu=0.250, kernel=sigmoid, gamma=scale
2025-12-19 00:22:02,139 - INFO - ============================================================
2025-12-19 00:22:02,139 - INFO - 训练One-Class SVM: nu=0.25, kernel=sigmoid, gamma=scale
2025-12-19 00:22:02,178 - INFO - One-Class SVM训练完成
2025-12-19 00:22:02,178 - INFO - 在训练集上计算异常分数以确定阈值...
2025-12-19 00:22:02,219 - INFO - 训练集96分位数阈值: 35.230172
2025-12-19 00:22:02,220 - INFO - 训练集分数统计: min=-72.046921, max=203.443384, mean=-5.133161, std=19.553008
2025-12-19 00:22:02,220 - INFO - 在测试集上计算异常分数并评估...
2025-12-19 00:22:02,264 - INFO - ==== Evaluation Result ====
2025-12-19 00:22:02,264 - INFO - One-Class SVM参数: nu=0.250, kernel=sigmoid, gamma=scale
2025-12-19 00:22:02,264 - INFO - Threshold (Train 96th percentile): 35.230172
2025-12-19 00:22:02,264 - INFO - AUC: 0.8346
2025-12-19 00:22:02,264 - INFO - F1 Score: 0.5664
2025-12-19 00:22:02,265 - INFO - Accuracy: 0.9493
2025-12-19 00:22:02,268 - INFO - 预测结果已保存到: ckpt\oneclass_svm_predictions_p96_nu0.250_kernelsigmoid_gammascale_20251219_002202.csv
2025-12-19 00:22:02,268 - INFO - 
============================================================
2025-12-19 00:22:02,268 - INFO - 网格搜索进度: [55/63]
2025-12-19 00:22:02,268 - INFO - 参数组合: nu=0.300, kernel=rbf, gamma=scale
2025-12-19 00:22:02,269 - INFO - ============================================================
2025-12-19 00:22:02,269 - INFO - 训练One-Class SVM: nu=0.3, kernel=rbf, gamma=scale
2025-12-19 00:22:02,300 - INFO - One-Class SVM训练完成
2025-12-19 00:22:02,300 - INFO - 在训练集上计算异常分数以确定阈值...
2025-12-19 00:22:02,394 - INFO - 训练集96分位数阈值: 70.911211
2025-12-19 00:22:02,394 - INFO - 训练集分数统计: min=-40.041619, max=99.636765, mean=-4.020702, std=29.020941
2025-12-19 00:22:02,395 - INFO - 在测试集上计算异常分数并评估...
2025-12-19 00:22:02,498 - INFO - ==== Evaluation Result ====
2025-12-19 00:22:02,498 - INFO - One-Class SVM参数: nu=0.300, kernel=rbf, gamma=scale
2025-12-19 00:22:02,498 - INFO - Threshold (Train 96th percentile): 70.911211
2025-12-19 00:22:02,498 - INFO - AUC: 0.9756
2025-12-19 00:22:02,498 - INFO - F1 Score: 0.6589
2025-12-19 00:22:02,499 - INFO - Accuracy: 0.9545
2025-12-19 00:22:02,502 - INFO - 预测结果已保存到: ckpt\oneclass_svm_predictions_p96_nu0.300_kernelrbf_gammascale_20251219_002202.csv
2025-12-19 00:22:02,502 - INFO - 
============================================================
2025-12-19 00:22:02,502 - INFO - 网格搜索进度: [56/63]
2025-12-19 00:22:02,502 - INFO - 参数组合: nu=0.300, kernel=rbf, gamma=auto
2025-12-19 00:22:02,502 - INFO - ============================================================
2025-12-19 00:22:02,502 - INFO - 训练One-Class SVM: nu=0.3, kernel=rbf, gamma=auto
2025-12-19 00:22:02,533 - INFO - One-Class SVM训练完成
2025-12-19 00:22:02,533 - INFO - 在训练集上计算异常分数以确定阈值...
2025-12-19 00:22:02,631 - INFO - 训练集96分位数阈值: 70.911211
2025-12-19 00:22:02,632 - INFO - 训练集分数统计: min=-40.041619, max=99.636765, mean=-4.020702, std=29.020941
2025-12-19 00:22:02,632 - INFO - 在测试集上计算异常分数并评估...
2025-12-19 00:22:02,737 - INFO - ==== Evaluation Result ====
2025-12-19 00:22:02,737 - INFO - One-Class SVM参数: nu=0.300, kernel=rbf, gamma=auto
2025-12-19 00:22:02,737 - INFO - Threshold (Train 96th percentile): 70.911211
2025-12-19 00:22:02,737 - INFO - AUC: 0.9756
2025-12-19 00:22:02,738 - INFO - F1 Score: 0.6589
2025-12-19 00:22:02,738 - INFO - Accuracy: 0.9545
2025-12-19 00:22:02,741 - INFO - 预测结果已保存到: ckpt\oneclass_svm_predictions_p96_nu0.300_kernelrbf_gammaauto_20251219_002202.csv
2025-12-19 00:22:02,741 - INFO - 
============================================================
2025-12-19 00:22:02,741 - INFO - 网格搜索进度: [57/63]
2025-12-19 00:22:02,741 - INFO - 参数组合: nu=0.300, kernel=rbf, gamma=0.001
2025-12-19 00:22:02,742 - INFO - ============================================================
2025-12-19 00:22:02,742 - INFO - 训练One-Class SVM: nu=0.3, kernel=rbf, gamma=0.001
2025-12-19 00:22:02,771 - INFO - One-Class SVM训练完成
2025-12-19 00:22:02,772 - INFO - 在训练集上计算异常分数以确定阈值...
2025-12-19 00:22:02,865 - INFO - 训练集96分位数阈值: 8.861992
2025-12-19 00:22:02,866 - INFO - 训练集分数统计: min=-2.633639, max=155.338770, mean=0.555171, std=7.517585
2025-12-19 00:22:02,866 - INFO - 在测试集上计算异常分数并评估...
2025-12-19 00:22:02,969 - INFO - ==== Evaluation Result ====
2025-12-19 00:22:02,970 - INFO - One-Class SVM参数: nu=0.300, kernel=rbf, gamma=0.001
2025-12-19 00:22:02,970 - INFO - Threshold (Train 96th percentile): 8.861992
2025-12-19 00:22:02,970 - INFO - AUC: 0.9770
2025-12-19 00:22:02,970 - INFO - F1 Score: 0.6512
2025-12-19 00:22:02,970 - INFO - Accuracy: 0.9534
2025-12-19 00:22:02,974 - INFO - 预测结果已保存到: ckpt\oneclass_svm_predictions_p96_nu0.300_kernelrbf_gamma0.001_20251219_002202.csv
2025-12-19 00:22:02,974 - INFO - 
============================================================
2025-12-19 00:22:02,974 - INFO - 网格搜索进度: [58/63]
2025-12-19 00:22:02,974 - INFO - 参数组合: nu=0.300, kernel=rbf, gamma=0.01
2025-12-19 00:22:02,974 - INFO - ============================================================
2025-12-19 00:22:02,975 - INFO - 训练One-Class SVM: nu=0.3, kernel=rbf, gamma=0.01
2025-12-19 00:22:03,005 - INFO - One-Class SVM训练完成
2025-12-19 00:22:03,005 - INFO - 在训练集上计算异常分数以确定阈值...
2025-12-19 00:22:03,101 - INFO - 训练集96分位数阈值: 68.038742
2025-12-19 00:22:03,102 - INFO - 训练集分数统计: min=-21.043262, max=444.213595, mean=2.470415, std=37.440290
2025-12-19 00:22:03,102 - INFO - 在测试集上计算异常分数并评估...
2025-12-19 00:22:03,207 - INFO - ==== Evaluation Result ====
2025-12-19 00:22:03,207 - INFO - One-Class SVM参数: nu=0.300, kernel=rbf, gamma=0.01
2025-12-19 00:22:03,208 - INFO - Threshold (Train 96th percentile): 68.038742
2025-12-19 00:22:03,208 - INFO - AUC: 0.9766
2025-12-19 00:22:03,208 - INFO - F1 Score: 0.6537
2025-12-19 00:22:03,208 - INFO - Accuracy: 0.9540
2025-12-19 00:22:03,212 - INFO - 预测结果已保存到: ckpt\oneclass_svm_predictions_p96_nu0.300_kernelrbf_gamma0.01_20251219_002203.csv
2025-12-19 00:22:03,212 - INFO - 
============================================================
2025-12-19 00:22:03,212 - INFO - 网格搜索进度: [59/63]
2025-12-19 00:22:03,212 - INFO - 参数组合: nu=0.300, kernel=rbf, gamma=0.1
2025-12-19 00:22:03,212 - INFO - ============================================================
2025-12-19 00:22:03,212 - INFO - 训练One-Class SVM: nu=0.3, kernel=rbf, gamma=0.1
2025-12-19 00:22:03,241 - INFO - One-Class SVM训练完成
2025-12-19 00:22:03,241 - INFO - 在训练集上计算异常分数以确定阈值...
2025-12-19 00:22:03,336 - INFO - 训练集96分位数阈值: 103.244221
2025-12-19 00:22:03,337 - INFO - 训练集分数统计: min=-54.129048, max=166.812116, mean=-4.784580, std=42.151759
2025-12-19 00:22:03,337 - INFO - 在测试集上计算异常分数并评估...
2025-12-19 00:22:03,441 - INFO - ==== Evaluation Result ====
2025-12-19 00:22:03,442 - INFO - One-Class SVM参数: nu=0.300, kernel=rbf, gamma=0.1
2025-12-19 00:22:03,442 - INFO - Threshold (Train 96th percentile): 103.244221
2025-12-19 00:22:03,442 - INFO - AUC: 0.9759
2025-12-19 00:22:03,442 - INFO - F1 Score: 0.6590
2025-12-19 00:22:03,442 - INFO - Accuracy: 0.9540
2025-12-19 00:22:03,446 - INFO - 预测结果已保存到: ckpt\oneclass_svm_predictions_p96_nu0.300_kernelrbf_gamma0.1_20251219_002203.csv
2025-12-19 00:22:03,446 - INFO - 
============================================================
2025-12-19 00:22:03,446 - INFO - 网格搜索进度: [60/63]
2025-12-19 00:22:03,446 - INFO - 参数组合: nu=0.300, kernel=rbf, gamma=1.0
2025-12-19 00:22:03,446 - INFO - ============================================================
2025-12-19 00:22:03,446 - INFO - 训练One-Class SVM: nu=0.3, kernel=rbf, gamma=1.0
2025-12-19 00:22:03,482 - INFO - One-Class SVM训练完成
2025-12-19 00:22:03,482 - INFO - 在训练集上计算异常分数以确定阈值...
2025-12-19 00:22:03,592 - INFO - 训练集96分位数阈值: 5.235753
2025-12-19 00:22:03,593 - INFO - 训练集分数统计: min=-1.848790, max=6.051905, mean=0.178872, std=1.783037
2025-12-19 00:22:03,593 - INFO - 在测试集上计算异常分数并评估...
2025-12-19 00:22:03,713 - INFO - ==== Evaluation Result ====
2025-12-19 00:22:03,713 - INFO - One-Class SVM参数: nu=0.300, kernel=rbf, gamma=1.0
2025-12-19 00:22:03,713 - INFO - Threshold (Train 96th percentile): 5.235753
2025-12-19 00:22:03,713 - INFO - AUC: 0.9797
2025-12-19 00:22:03,713 - INFO - F1 Score: 0.5590
2025-12-19 00:22:03,714 - INFO - Accuracy: 0.9265
2025-12-19 00:22:03,718 - INFO - 预测结果已保存到: ckpt\oneclass_svm_predictions_p96_nu0.300_kernelrbf_gamma1.0_20251219_002203.csv
2025-12-19 00:22:03,718 - INFO - 
============================================================
2025-12-19 00:22:03,718 - INFO - 网格搜索进度: [61/63]
2025-12-19 00:22:03,718 - INFO - 参数组合: nu=0.300, kernel=linear, gamma=scale
2025-12-19 00:22:03,718 - INFO - ============================================================
2025-12-19 00:22:03,718 - INFO - 训练One-Class SVM: nu=0.3, kernel=linear, gamma=scale
2025-12-19 00:22:03,732 - INFO - One-Class SVM训练完成
2025-12-19 00:22:03,733 - INFO - 在训练集上计算异常分数以确定阈值...
2025-12-19 00:22:03,759 - INFO - 训练集96分位数阈值: 0.000190
2025-12-19 00:22:03,760 - INFO - 训练集分数统计: min=-0.000580, max=0.000430, mean=0.000092, std=0.000065
2025-12-19 00:22:03,760 - INFO - 在测试集上计算异常分数并评估...
2025-12-19 00:22:03,787 - INFO - ==== Evaluation Result ====
2025-12-19 00:22:03,788 - INFO - One-Class SVM参数: nu=0.300, kernel=linear, gamma=scale
2025-12-19 00:22:03,788 - INFO - Threshold (Train 96th percentile): 0.000190
2025-12-19 00:22:03,788 - INFO - AUC: 0.9561
2025-12-19 00:22:03,788 - INFO - F1 Score: 0.5618
2025-12-19 00:22:03,788 - INFO - Accuracy: 0.9395
2025-12-19 00:22:03,792 - INFO - 预测结果已保存到: ckpt\oneclass_svm_predictions_p96_nu0.300_kernellinear_gammascale_20251219_002203.csv
2025-12-19 00:22:03,792 - INFO - 
============================================================
2025-12-19 00:22:03,792 - INFO - 网格搜索进度: [62/63]
2025-12-19 00:22:03,793 - INFO - 参数组合: nu=0.300, kernel=poly, gamma=scale
2025-12-19 00:22:03,793 - INFO - ============================================================
2025-12-19 00:22:03,793 - INFO - 训练One-Class SVM: nu=0.3, kernel=poly, gamma=scale
2025-12-19 00:22:04,434 - INFO - One-Class SVM训练完成
2025-12-19 00:22:04,434 - INFO - 在训练集上计算异常分数以确定阈值...
2025-12-19 00:22:04,464 - INFO - 训练集96分位数阈值: 0.000234
2025-12-19 00:22:04,464 - INFO - 训练集分数统计: min=-8.806153, max=0.001265, mean=-0.012328, std=0.236376
2025-12-19 00:22:04,464 - INFO - 在测试集上计算异常分数并评估...
2025-12-19 00:22:04,497 - INFO - ==== Evaluation Result ====
2025-12-19 00:22:04,498 - INFO - One-Class SVM参数: nu=0.300, kernel=poly, gamma=scale
2025-12-19 00:22:04,498 - INFO - Threshold (Train 96th percentile): 0.000234
2025-12-19 00:22:04,498 - INFO - AUC: 0.0286
2025-12-19 00:22:04,498 - INFO - F1 Score: 0.0088
2025-12-19 00:22:04,498 - INFO - Accuracy: 0.8841
2025-12-19 00:22:04,502 - INFO - 预测结果已保存到: ckpt\oneclass_svm_predictions_p96_nu0.300_kernelpoly_gammascale_20251219_002204.csv
2025-12-19 00:22:04,502 - INFO - 
============================================================
2025-12-19 00:22:04,502 - INFO - 网格搜索进度: [63/63]
2025-12-19 00:22:04,502 - INFO - 参数组合: nu=0.300, kernel=sigmoid, gamma=scale
2025-12-19 00:22:04,502 - INFO - ============================================================
2025-12-19 00:22:04,503 - INFO - 训练One-Class SVM: nu=0.3, kernel=sigmoid, gamma=scale
2025-12-19 00:22:04,547 - INFO - One-Class SVM训练完成
2025-12-19 00:22:04,547 - INFO - 在训练集上计算异常分数以确定阈值...
2025-12-19 00:22:04,595 - INFO - 训练集96分位数阈值: 44.475743
2025-12-19 00:22:04,596 - INFO - 训练集分数统计: min=-78.134671, max=235.428533, mean=-2.677427, std=22.228219
2025-12-19 00:22:04,596 - INFO - 在测试集上计算异常分数并评估...
2025-12-19 00:22:04,648 - INFO - ==== Evaluation Result ====
2025-12-19 00:22:04,649 - INFO - One-Class SVM参数: nu=0.300, kernel=sigmoid, gamma=scale
2025-12-19 00:22:04,649 - INFO - Threshold (Train 96th percentile): 44.475743
2025-12-19 00:22:04,649 - INFO - AUC: 0.8332
2025-12-19 00:22:04,649 - INFO - F1 Score: 0.5600
2025-12-19 00:22:04,649 - INFO - Accuracy: 0.9488
2025-12-19 00:22:04,653 - INFO - 预测结果已保存到: ckpt\oneclass_svm_predictions_p96_nu0.300_kernelsigmoid_gammascale_20251219_002204.csv
2025-12-19 00:22:04,653 - INFO - 
============================================================
2025-12-19 00:22:04,653 - INFO - 网格搜索完成，汇总结果:
2025-12-19 00:22:04,653 - INFO - ============================================================
2025-12-19 00:22:04,655 - INFO - 网格搜索结果汇总已保存到: ckpt\oneclass_svm_grid_search_summary_p96_20251219_002204.csv
2025-12-19 00:22:04,655 - INFO - 
最佳结果:
2025-12-19 00:22:04,656 - INFO -   nu: 0.250
2025-12-19 00:22:04,656 - INFO -   kernel: rbf
2025-12-19 00:22:04,656 - INFO -   gamma: 0.1
2025-12-19 00:22:04,656 - INFO -   Percentile: 96
2025-12-19 00:22:04,656 - INFO -   Threshold: 68.383447
2025-12-19 00:22:04,656 - INFO -   AUC: 0.9764
2025-12-19 00:22:04,656 - INFO -   F1 Score: 0.6667
2025-12-19 00:22:04,656 - INFO -   Accuracy: 0.9555
2025-12-19 00:22:04,656 - INFO -   预测结果文件: ckpt\oneclass_svm_predictions_p96_nu0.250_kernelrbf_gamma0.1_20251219_002201.csv
2025-12-19 00:22:04,657 - INFO - 
============================================================
2025-12-19 00:22:04,657 - INFO - 清理临时文件...
2025-12-19 00:22:04,688 - INFO - 已删除 62 个临时预测结果文件
2025-12-19 00:22:04,689 - INFO - 保留最佳结果文件: ckpt\oneclass_svm_predictions_p96_nu0.250_kernelrbf_gamma0.1_20251219_002201.csv
2025-12-19 00:22:04,689 - INFO - ============================================================
